  {
    "_time": 1700019089,
    "_raw": "EventID=4648 ComputerName=WORKSTATION-001 AccountName=user007 AccountDomain=CONTOSO LogonType=3 IpAddress=67.186.207.123 IpPort=41555",
    "host": "workstation-001",
    "source": "WinEventLog:Security",
    "sourcetype": "WinEventLog:Security",
    "index": "windows",
    "EventCode": "4648",
    "ComputerName": "WORKSTATION-001",
    "AccountName": "user007",
    "AccountDomain": "CONTOSO",
    "LogonType": "3",
    "src_ip": "89.79.160.134"
  },
  {
    "_time": 1700010920,
    "_raw": "EventID=4688 ComputerName=WORKSTATION-028 AccountName=user016 AccountDomain=CONTOSO LogonType=10 IpAddress=124.194.7.172 IpPort=63083",
    "host": "workstation-028",
    "source": "WinEventLog:Security",
    "sourcetype": "WinEventLog:Security",
    "index": "windows",
    "EventCode": "4688",
    "ComputerName": "WORKSTATION-028",
    "AccountName": "user016",
    "AccountDomain": "CONTOSO",
    "LogonType": "10",
    "src_ip": "10.0.80.53"
  },
  {
    "_time": 1700007288,
    "_raw": "EventID=4634 ComputerName=WORKSTATION-009 AccountName=SYSTEM AccountDomain=CONTOSO LogonType=3 IpAddress=118.6.116.190 IpPort=14297",
    "host": "workstation-009",
    "source": "WinEventLog:Security",
    "sourcetype": "WinEventLog:Security",
    "index": "windows",
    "EventCode": "4634",
    "ComputerName": "WORKSTATION-009",
    "AccountName": "SYSTEM",
    "AccountDomain": "CONTOSO",
    "LogonType": "3",
    "src_ip": "9.204.50.244"
  },
  {
    "_time": 1700010032,
    "_raw": "EventID=4768 ComputerName=WORKSTATION-003 AccountName=user009 AccountDomain=CONTOSO LogonType=10 IpAddress=205.28.228.146 IpPort=35295",
    "host": "workstation-003",
    "source": "WinEventLog:Security",
    "sourcetype": "WinEventLog:Security",
    "index": "windows",
    "EventCode": "4768",
    "ComputerName": "WORKSTATION-003",
    "AccountName": "user009",
    "AccountDomain": "CONTOSO",
    "LogonType": "10",
    "src_ip": "192.168.1.205.190"
  },
  {
    "_time": 1700005478,
    "_raw": "EventID=4776 ComputerName=WORKSTATION-028 AccountName=user008 AccountDomain=CORP LogonType=5 IpAddress=172.16.69.142 IpPort=19208",
    "host": "workstation-028",
    "source": "WinEventLog:Security",
    "sourcetype": "WinEventLog:Security",
    "index": "windows",
    "EventCode": "4776",
    "ComputerName": "WORKSTATION-028",
    "AccountName": "user008",
    "AccountDomain": "CORP",
    "LogonType": "5",
    "src_ip": "10.0.188.213"
  },
  {
    "_time": 1700027420,
    "_raw": "EventID=4625 ComputerName=WORKSTATION-029 AccountName=user005 AccountDomain=CONTOSO LogonType=2 IpAddress=10.0.150.195 IpPort=39118",
    "host": "workstation-029",
    "source": "WinEventLog:Security",
    "sourcetype": "WinEventLog:Security",
    "index": "windows",
    "EventCode": "4625",
    "ComputerName": "WORKSTATION-029",
    "AccountName": "user005",
    "AccountDomain": "CONTOSO",
    "LogonType": "2",
    "src_ip": "26.26.163.203"
  },
  {
    "_time": 1700019215,
    "_raw": "EventID=4625 ComputerName=WORKSTATION-007 AccountName=user016 AccountDomain=CORP LogonType=2 IpAddress=26.110.249.77 IpPort=38335",
    "host": "workstation-007",
    "source": "WinEventLog:Security",
    "sourcetype": "WinEventLog:Security",
    "index": "windows",
    "EventCode": "4625",
    "ComputerName": "WORKSTATION-007",
    "AccountName": "user016",
    "AccountDomain": "CORP",
    "LogonType": "2",
    "src_ip": "192.168.1.221.232"
  },
  {
    "_time": 1700003664,
    "_raw": "EventID=4720 ComputerName=WORKSTATION-025 AccountName=NETWORK SERVICE AccountDomain=CORP LogonType=10 IpAddress=1.128.208.154 IpPort=18767",
    "host": "workstation-025",
    "source": "WinEventLog:Security",
    "sourcetype": "WinEventLog:Security",
    "index": "windows",
    "EventCode": "4720",
    "ComputerName": "WORKSTATION-025",
    "AccountName": "NETWORK SERVICE",
    "AccountDomain": "CORP",
    "LogonType": "10",
    "src_ip": "46.168.247.132"
  },
  {
    "_time": 1700009170,
    "_raw": "EventID=4776 ComputerName=WORKSTATION-010 AccountName=user009 AccountDomain=CONTOSO LogonType=4 IpAddress=172.16.129.80 IpPort=42044",
    "host": "workstation-010",
    "source": "WinEventLog:Security",
    "sourcetype": "WinEventLog:Security",
    "index": "windows",
    "EventCode": "4776",
    "ComputerName": "WORKSTATION-010",
    "AccountName": "user009",
    "AccountDomain": "CONTOSO",
    "LogonType": "4",
    "src_ip": "194.93.249.2"
  },
  {
    "_time": 1700010098,
    "_raw": "EventID=4768 ComputerName=WORKSTATION-016 AccountName=user016 AccountDomain=CORP LogonType=2 IpAddress=173.155.48.237 IpPort=57517",
    "host": "workstation-016",
    "source": "WinEventLog:Security",
    "sourcetype": "WinEventLog:Security",
    "index": "windows",
    "EventCode": "4768",
    "ComputerName": "WORKSTATION-016",
    "AccountName": "user016",
    "AccountDomain": "CORP",
    "LogonType": "2",
    "src_ip": "164.93.99.200"
  },
  {
    "_time": 1700003676,
    "_raw": "EventID=4648 ComputerName=WORKSTATION-007 AccountName=user010 AccountDomain=CONTOSO LogonType=4 IpAddress=121.52.153.238 IpPort=40969",
    "host": "workstation-007",
    "source": "WinEventLog:Security",
    "sourcetype": "WinEventLog:Security",
    "index": "windows",
    "EventCode": "4648",
    "ComputerName": "WORKSTATION-007",
    "AccountName": "user010",
    "AccountDomain": "CONTOSO",
    "LogonType": "4",
    "src_ip": "172.16.40.83"
  },
  {
    "_time": 1700005520,
    "_raw": "EventID=4648 ComputerName=WORKSTATION-025 AccountName=user013 AccountDomain=CORP LogonType=10 IpAddress=84.242.213.200 IpPort=48633",
    "host": "workstation-025",
    "source": "WinEventLog:Security",
    "sourcetype": "WinEventLog:Security",
    "index": "windows",
    "EventCode": "4648",
    "ComputerName": "WORKSTATION-025",
    "AccountName": "user013",
    "AccountDomain": "CORP",
    "LogonType": "10",
    "src_ip": "192.168.1.121.240"
  },
  {
    "_time": 1700025788,
    "_raw": "EventID=4663 ComputerName=WORKSTATION-012 AccountName=user005 AccountDomain=ACME LogonType=4 IpAddress=81.230.157.109 IpPort=37939",
    "host": "workstation-012",
    "source": "WinEventLog:Security",
    "sourcetype": "WinEventLog:Security",
    "index": "windows",
    "EventCode": "4663",
    "ComputerName": "WORKSTATION-012",
    "AccountName": "user005",
    "AccountDomain": "ACME",
    "LogonType": "4",
    "src_ip": "107.2.206.15"
  },
  {
    "_time": 1700012908,
    "_raw": "EventID=4672 ComputerName=WORKSTATION-021 AccountName=user005 AccountDomain=ACME LogonType=2 IpAddress=52.106.131.76 IpPort=55586",
    "host": "workstation-021",
    "source": "WinEventLog:Security",
    "sourcetype": "WinEventLog:Security",
    "index": "windows",
    "EventCode": "4672",
    "ComputerName": "WORKSTATION-021",
    "AccountName": "user005",
    "AccountDomain": "ACME",
    "LogonType": "2",
    "src_ip": "83.218.195.84"
  },
  {
    "_time": 1700016614,
    "_raw": "EventID=4768 ComputerName=WORKSTATION-024 AccountName=user007 AccountDomain=CORP LogonType=10 IpAddress=71.54.38.63 IpPort=11537",
    "host": "workstation-024",
    "source": "WinEventLog:Security",
    "sourcetype": "WinEventLog:Security",
    "index": "windows",
    "EventCode": "4768",
    "ComputerName": "WORKSTATION-024",
    "AccountName": "user007",
    "AccountDomain": "CORP",
    "LogonType": "10",
    "src_ip": "123.240.23.200"
  },
  {
    "_time": 1700020328,
    "_raw": "EventID=4688 ComputerName=WORKSTATION-023 AccountName=user016 AccountDomain=CORP LogonType=10 IpAddress=16.51.28.164 IpPort=23482",
    "host": "workstation-023",
    "source": "WinEventLog:Security",
    "sourcetype": "WinEventLog:Security",
    "index": "windows",
    "EventCode": "4688",
    "ComputerName": "WORKSTATION-023",
    "AccountName": "user016",
    "AccountDomain": "CORP",
    "LogonType": "10",
    "src_ip": "192.168.1.113.237"
  },
  {
    "_time": 1700009250,
    "_raw": "EventID=4625 ComputerName=WORKSTATION-016 AccountName=user005 AccountDomain=CONTOSO LogonType=4 IpAddress=188.211.77.224 IpPort=10881",
    "host": "workstation-016",
    "source": "WinEventLog:Security",
    "sourcetype": "WinEventLog:Security",
    "index": "windows",
    "EventCode": "4625",
    "ComputerName": "WORKSTATION-016",
    "AccountName": "user005",
    "AccountDomain": "CONTOSO",
    "LogonType": "4",
    "src_ip": "147.102.45.113"
  },
  {
    "_time": 1700007408,
    "_raw": "EventID=4672 ComputerName=WORKSTATION-019 AccountName=user018 AccountDomain=CONTOSO LogonType=10 IpAddress=75.11.71.198 IpPort=51480",
    "host": "workstation-019",
    "source": "WinEventLog:Security",
    "sourcetype": "WinEventLog:Security",
    "index": "windows",
    "EventCode": "4672",
    "ComputerName": "WORKSTATION-019",
    "AccountName": "user018",
    "AccountDomain": "CONTOSO",
    "LogonType": "10",
    "src_ip": "172.16.183.190"
  },
  {
    "_time": 1700010197,
    "_raw": "EventID=4672 ComputerName=WORKSTATION-029 AccountName=user015 AccountDomain=CONTOSO LogonType=3 IpAddress=59.235.185.86 IpPort=14064",
    "host": "workstation-029",
    "source": "WinEventLog:Security",
    "sourcetype": "WinEventLog:Security",
    "index": "windows",
    "EventCode": "4672",
    "ComputerName": "WORKSTATION-029",
    "AccountName": "user015",
    "AccountDomain": "CONTOSO",
    "LogonType": "3",
    "src_ip": "181.132.130.155"
  },
  {
    "_time": 1700022272,
    "_raw": "EventID=4624 ComputerName=WORKSTATION-005 AccountName=user004 AccountDomain=CONTOSO LogonType=5 IpAddress=125.24.30.234 IpPort=34595",
    "host": "workstation-005",
    "source": "WinEventLog:Security",
    "sourcetype": "WinEventLog:Security",
    "index": "windows",
    "EventCode": "4624",
    "ComputerName": "WORKSTATION-005",
    "AccountName": "user004",
    "AccountDomain": "CONTOSO",
    "LogonType": "5",
    "src_ip": "145.223.16.246"
  },
  {
    "_time": 1700015793,
    "_raw": "EventID=4672 ComputerName=WORKSTATION-026 AccountName=user018 AccountDomain=ACME LogonType=10 IpAddress=18.38.47.250 IpPort=37612",
    "host": "workstation-026",
    "source": "WinEventLog:Security",
    "sourcetype": "WinEventLog:Security",
    "index": "windows",
    "EventCode": "4672",
    "ComputerName": "WORKSTATION-026",
    "AccountName": "user018",
    "AccountDomain": "ACME",
    "LogonType": "10",
    "src_ip": "137.81.44.147"
  },
  {
    "_time": 1700027900,
    "_raw": "EventID=4720 ComputerName=WORKSTATION-020 AccountName=NETWORK SERVICE AccountDomain=CORP LogonType=5 IpAddress=120.231.77.167 IpPort=22679",
    "host": "workstation-020",
    "source": "WinEventLog:Security",
    "sourcetype": "WinEventLog:Security",
    "index": "windows",
    "EventCode": "4720",
    "ComputerName": "WORKSTATION-020",
    "AccountName": "NETWORK SERVICE",
    "AccountDomain": "CORP",
    "LogonType": "5",
    "src_ip": "172.16.148.87"
  },
  {
    "_time": 1700013965,
    "_raw": "EventID=4768 ComputerName=WORKSTATION-025 AccountName=user014 AccountDomain=CORP LogonType=10 IpAddress=172.16.213.100 IpPort=2260",
    "host": "workstation-025",
    "source": "WinEventLog:Security",
    "sourcetype": "WinEventLog:Security",
    "index": "windows",
    "EventCode": "4768",
    "ComputerName": "WORKSTATION-025",
    "AccountName": "user014",
    "AccountDomain": "CORP",
    "LogonType": "10",
    "src_ip": "192.168.1.110.39"
  },
  {
    "_time": 1700008388,
    "_raw": "EventID=4648 ComputerName=WORKSTATION-019 AccountName=LOCAL SERVICE AccountDomain=ACME LogonType=5 IpAddress=52.181.78.49 IpPort=51682",
    "host": "workstation-019",
    "source": "WinEventLog:Security",
    "sourcetype": "WinEventLog:Security",
    "index": "windows",
    "EventCode": "4648",
    "ComputerName": "WORKSTATION-019",
    "AccountName": "LOCAL SERVICE",
    "AccountDomain": "ACME",
    "LogonType": "5",
    "src_ip": "192.168.1.47.26"
  },
  {
    "_time": 1700000933,
    "_raw": "EventID=4768 ComputerName=WORKSTATION-020 AccountName=user002 AccountDomain=CORP LogonType=4 IpAddress=84.161.117.169 IpPort=14708",
    "host": "workstation-020",
    "source": "WinEventLog:Security",
    "sourcetype": "WinEventLog:Security",
    "index": "windows",
    "EventCode": "4768",
    "ComputerName": "WORKSTATION-020",
    "AccountName": "user002",
    "AccountDomain": "CORP",
    "LogonType": "4",
    "src_ip": "10.0.109.254"
  },
  {
    "_time": 1700008406,
    "_raw": "EventID=4648 ComputerName=WORKSTATION-030 AccountName=user007 AccountDomain=ACME LogonType=3 IpAddress=113.63.192.7 IpPort=30118",
    "host": "workstation-030",
    "source": "WinEventLog:Security",
    "sourcetype": "WinEventLog:Security",
    "index": "windows",
    "EventCode": "4648",
    "ComputerName": "WORKSTATION-030",
    "AccountName": "user007",
    "AccountDomain": "ACME",
    "LogonType": "3",
    "src_ip": "219.106.194.13"
  },
  {
    "_time": 1700014025,
    "_raw": "EventID=4720 ComputerName=WORKSTATION-013 AccountName=user007 AccountDomain=CORP LogonType=10 IpAddress=24.89.62.42 IpPort=50608",
    "host": "workstation-013",
    "source": "WinEventLog:Security",
    "sourcetype": "WinEventLog:Security",
    "index": "windows",
    "EventCode": "4720",
    "ComputerName": "WORKSTATION-013",
    "AccountName": "user007",
    "AccountDomain": "CORP",
    "LogonType": "10",
    "src_ip": "192.168.1.190.155"
  },
  {
    "_time": 1700011232,
    "_raw": "EventID=4672 ComputerName=WORKSTATION-014 AccountName=user007 AccountDomain=CORP LogonType=10 IpAddress=66.57.233.5 IpPort=1499",
    "host": "workstation-014",
    "source": "WinEventLog:Security",
    "sourcetype": "WinEventLog:Security",
    "index": "windows",
    "EventCode": "4672",
    "ComputerName": "WORKSTATION-014",
    "AccountName": "user007",
    "AccountDomain": "CORP",
    "LogonType": "10",
    "src_ip": "108.204.51.91"
  },
  {
    "_time": 1700011244,
    "_raw": "EventID=4663 ComputerName=WORKSTATION-027 AccountName=user003 AccountDomain=ACME LogonType=4 IpAddress=172.16.22.167 IpPort=43201",
    "host": "workstation-027",
    "source": "WinEventLog:Security",
    "sourcetype": "WinEventLog:Security",
    "index": "windows",
    "EventCode": "4663",
    "ComputerName": "WORKSTATION-027",
    "AccountName": "user003",
    "AccountDomain": "ACME",
    "LogonType": "4",
    "src_ip": "121.8.140.187"
  },
  {
    "_time": 1700019698,
    "_raw": "EventID=4672 ComputerName=WORKSTATION-002 AccountName=user005 AccountDomain=CORP LogonType=10 IpAddress=172.16.40.36 IpPort=46576",
    "host": "workstation-002",
    "source": "WinEventLog:Security",
    "sourcetype": "WinEventLog:Security",
    "index": "windows",
    "EventCode": "4672",
    "ComputerName": "WORKSTATION-002",
    "AccountName": "user005",
    "AccountDomain": "CORP",
    "LogonType": "10",
    "src_ip": "10.31.107.222"
  },
  {
    "_time": 1700022536,
    "_raw": "EventID=4776 ComputerName=WORKSTATION-010 AccountName=user012 AccountDomain=CONTOSO LogonType=3 IpAddress=45.77.92.94 IpPort=58635",
    "host": "workstation-010",
    "source": "WinEventLog:Security",
    "sourcetype": "WinEventLog:Security",
    "index": "windows",
    "EventCode": "4776",
    "ComputerName": "WORKSTATION-010",
    "AccountName": "user012",
    "AccountDomain": "CONTOSO",
    "LogonType": "3",
    "src_ip": "202.83.15.128"
  },
  {
    "_time": 1700006580,
    "_raw": "EventID=4663 ComputerName=WORKSTATION-013 AccountName=NETWORK SERVICE AccountDomain=ACME LogonType=10 IpAddress=201.13.169.8 IpPort=59273",
    "host": "workstation-013",
    "source": "WinEventLog:Security",
    "sourcetype": "WinEventLog:Security",
    "index": "windows",
    "EventCode": "4663",
    "ComputerName": "WORKSTATION-013",
    "AccountName": "NETWORK SERVICE",
    "AccountDomain": "ACME",
    "LogonType": "10",
    "src_ip": "189.73.208.12"
  },
  {
    "_time": 1700016938,
    "_raw": "EventID=4688 ComputerName=WORKSTATION-025 AccountName=SYSTEM AccountDomain=CONTOSO LogonType=3 IpAddress=10.0.90.230 IpPort=15618",
    "host": "workstation-025",
    "source": "WinEventLog:Security",
    "sourcetype": "WinEventLog:Security",
    "index": "windows",
    "EventCode": "4688",
    "ComputerName": "WORKSTATION-025",
    "AccountName": "SYSTEM",
    "AccountDomain": "CONTOSO",
    "LogonType": "3",
    "src_ip": "10.0.29.248"
  },
  {
    "_time": 1700015072,
    "_raw": "EventID=4720 ComputerName=WORKSTATION-014 AccountName=user018 AccountDomain=ACME LogonType=10 IpAddress=1.159.243.121 IpPort=59976",
    "host": "workstation-014",
    "source": "WinEventLog:Security",
    "sourcetype": "WinEventLog:Security",
    "index": "windows",
    "EventCode": "4720",
    "ComputerName": "WORKSTATION-014",
    "AccountName": "user018",
    "AccountDomain": "ACME",
    "LogonType": "10",
    "src_ip": "33.165.187.245"
  },
  {
    "_time": 1700018860,
    "_raw": "EventID=4776 ComputerName=WORKSTATION-023 AccountName=user004 AccountDomain=ACME LogonType=10 IpAddress=10.0.132.34 IpPort=53809",
    "host": "workstation-023",
    "source": "WinEventLog:Security",
    "sourcetype": "WinEventLog:Security",
    "index": "windows",
    "EventCode": "4776",
    "ComputerName": "WORKSTATION-023",
    "AccountName": "user004",
    "AccountDomain": "ACME",
    "LogonType": "10",
    "src_ip": "58.42.48.184"
  },
  {
    "_time": 1700012272,
    "_raw": "EventID=4663 ComputerName=WORKSTATION-029 AccountName=SYSTEM AccountDomain=CORP LogonType=3 IpAddress=172.16.169.78 IpPort=22560",
    "host": "workstation-029",
    "source": "WinEventLog:Security",
    "sourcetype": "WinEventLog:Security",
    "index": "windows",
    "EventCode": "4663",
    "ComputerName": "WORKSTATION-029",
    "AccountName": "SYSTEM",
    "AccountDomain": "CORP",
    "LogonType": "3",
    "src_ip": "119.136.67.84"
  },
  {
    "_time": 1700013230,
    "_raw": "EventID=4672 ComputerName=WORKSTATION-022 AccountName=user005 AccountDomain=CONTOSO LogonType=2 IpAddress=205.197.24.204 IpPort=13993",
    "host": "workstation-022",
    "source": "WinEventLog:Security",
    "sourcetype": "WinEventLog:Security",
    "index": "windows",
    "EventCode": "4672",
    "ComputerName": "WORKSTATION-022",
    "AccountName": "user005",
    "AccountDomain": "CONTOSO",
    "LogonType": "2",
    "src_ip": "4.73.17.214"
  },
  {
    "_time": 1700024596,
    "_raw": "EventID=4648 ComputerName=WORKSTATION-006 AccountName=user013 AccountDomain=ACME LogonType=10 IpAddress=220.176.96.161 IpPort=58009",
    "host": "workstation-006",
    "source": "WinEventLog:Security",
    "sourcetype": "WinEventLog:Security",
    "index": "windows",
    "EventCode": "4648",
    "ComputerName": "WORKSTATION-006",
    "AccountName": "user013",
    "AccountDomain": "ACME",
    "LogonType": "10",
    "src_ip": "148.207.231.55"
  },
  {
    "_time": 1700014205,
    "_raw": "EventID=4769 ComputerName=WORKSTATION-009 AccountName=user018 AccountDomain=ACME LogonType=4 IpAddress=132.172.172.229 IpPort=13234",
    "host": "workstation-009",
    "source": "WinEventLog:Security",
    "sourcetype": "WinEventLog:Security",
    "index": "windows",
    "EventCode": "4769",
    "ComputerName": "WORKSTATION-009",
    "AccountName": "user018",
    "AccountDomain": "ACME",
    "LogonType": "4",
    "src_ip": "192.168.1.198.141"
  },
  {
    "_time": 1700014220,
    "_raw": "EventID=4776 ComputerName=WORKSTATION-004 AccountName=LOCAL SERVICE AccountDomain=ACME LogonType=4 IpAddress=192.168.1.110.165 IpPort=2689",
    "host": "workstation-004",
    "source": "WinEventLog:Security",
    "sourcetype": "WinEventLog:Security",
    "index": "windows",
    "EventCode": "4776",
    "ComputerName": "WORKSTATION-004",
    "AccountName": "LOCAL SERVICE",
    "AccountDomain": "ACME",
    "LogonType": "4",
    "src_ip": "33.48.116.250"
  },
  {
    "_time": 1700014235,
    "_raw": "EventID=4625 ComputerName=WORKSTATION-004 AccountName=user018 AccountDomain=CONTOSO LogonType=3 IpAddress=79.231.223.142 IpPort=65531",
    "host": "workstation-004",
    "source": "WinEventLog:Security",
    "sourcetype": "WinEventLog:Security",
    "index": "windows",
    "EventCode": "4625",
    "ComputerName": "WORKSTATION-004",
    "AccountName": "user018",
    "AccountDomain": "CONTOSO",
    "LogonType": "3",
    "src_ip": "222.93.203.210"
  },
  {
    "_time": 1700027550,
    "_raw": "EventID=4768 ComputerName=WORKSTATION-007 AccountName=user005 AccountDomain=CONTOSO LogonType=2 IpAddress=172.16.91.135 IpPort=40406",
    "host": "workstation-007",
    "source": "WinEventLog:Security",
    "sourcetype": "WinEventLog:Security",
    "index": "windows",
    "EventCode": "4768",
    "ComputerName": "WORKSTATION-007",
    "AccountName": "user005",
    "AccountDomain": "CONTOSO",
    "LogonType": "2",
    "src_ip": "145.24.185.139"
  },
  {
    "_time": 1700007608,
    "_raw": "EventID=4768 ComputerName=WORKSTATION-006 AccountName=user012 AccountDomain=CORP LogonType=3 IpAddress=220.115.77.139 IpPort=62771",
    "host": "workstation-006",
    "source": "WinEventLog:Security",
    "sourcetype": "WinEventLog:Security",
    "index": "windows",
    "EventCode": "4768",
    "ComputerName": "WORKSTATION-006",
    "AccountName": "user012",
    "AccountDomain": "CORP",
    "LogonType": "3",
    "src_ip": "109.103.142.13"
  },
  {
    "_time": 1700012376,
    "_raw": "EventID=4663 ComputerName=WORKSTATION-013 AccountName=user017 AccountDomain=ACME LogonType=5 IpAddress=185.153.0.20 IpPort=17495",
    "host": "workstation-013",
    "source": "WinEventLog:Security",
    "sourcetype": "WinEventLog:Security",
    "index": "windows",
    "EventCode": "4663",
    "ComputerName": "WORKSTATION-013",
    "AccountName": "user017",
    "AccountDomain": "ACME",
    "LogonType": "5",
    "src_ip": "172.159.106.237"
  },
  {
    "_time": 1700022872,
    "_raw": "EventID=4769 ComputerName=WORKSTATION-020 AccountName=user003 AccountDomain=CORP LogonType=3 IpAddress=10.0.196.249 IpPort=53910",
    "host": "workstation-020",
    "source": "WinEventLog:Security",
    "sourcetype": "WinEventLog:Security",
    "index": "windows",
    "EventCode": "4769",
    "ComputerName": "WORKSTATION-020",
    "AccountName": "user003",
    "AccountDomain": "CORP",
    "LogonType": "3",
    "src_ip": "63.200.81.166"
  },
  {
    "_time": 1700013356,
    "_raw": "EventID=4688 ComputerName=WORKSTATION-019 AccountName=user007 AccountDomain=CORP LogonType=2 IpAddress=192.168.1.36.229 IpPort=27332",
    "host": "workstation-019",
    "source": "WinEventLog:Security",
    "sourcetype": "WinEventLog:Security",
    "index": "windows",
    "EventCode": "4688",
    "ComputerName": "WORKSTATION-019",
    "AccountName": "user007",
    "AccountDomain": "CORP",
    "LogonType": "2",
    "src_ip": "172.16.150.242"
  },
  {
    "_time": 1700021010,
    "_raw": "EventID=4634 ComputerName=WORKSTATION-007 AccountName=user015 AccountDomain=CORP LogonType=4 IpAddress=3.60.159.135 IpPort=7748",
    "host": "workstation-007",
    "source": "WinEventLog:Security",
    "sourcetype": "WinEventLog:Security",
    "index": "windows",
    "EventCode": "4634",
    "ComputerName": "WORKSTATION-007",
    "AccountName": "user015",
    "AccountDomain": "CORP",
    "LogonType": "4",
    "src_ip": "154.241.118.170"
  },
  {
    "_time": 1700014340,
    "_raw": "EventID=4663 ComputerName=WORKSTATION-027 AccountName=user004 AccountDomain=CONTOSO LogonType=10 IpAddress=19.174.139.244 IpPort=3709",
    "host": "workstation-027",
    "source": "WinEventLog:Security",
    "sourcetype": "WinEventLog:Security",
    "index": "windows",
    "EventCode": "4663",
    "ComputerName": "WORKSTATION-027",
    "AccountName": "user004",
    "AccountDomain": "CONTOSO",
    "LogonType": "10",
    "src_ip": "66.57.238.110"
  },
  {
    "_time": 1700018183,
    "_raw": "EventID=4634 ComputerName=WORKSTATION-029 AccountName=user016 AccountDomain=ACME LogonType=10 IpAddress=172.16.155.246 IpPort=40283",
    "host": "workstation-029",
    "source": "WinEventLog:Security",
    "sourcetype": "WinEventLog:Security",
    "index": "windows",
    "EventCode": "4634",
    "ComputerName": "WORKSTATION-029",
    "AccountName": "user016",
    "AccountDomain": "ACME",
    "LogonType": "10",
    "src_ip": "62.253.221.108"
  },
  {
    "_time": 1700001916,
    "_raw": "EventID=4776 ComputerName=WORKSTATION-004 AccountName=user009 AccountDomain=CONTOSO LogonType=4 IpAddress=164.168.214.171 IpPort=55831",
    "host": "workstation-004",
    "source": "WinEventLog:Security",
    "sourcetype": "WinEventLog:Security",
    "index": "windows",
    "EventCode": "4776",
    "ComputerName": "WORKSTATION-004",
    "AccountName": "user009",
    "AccountDomain": "CONTOSO",
    "LogonType": "4",
    "src_ip": "192.168.1.22.4"
  },
  {
    "_time": 1700003836,
    "_raw": "EventID=4720 ComputerName=WORKSTATION-008 AccountName=user019 AccountDomain=ACME LogonType=10 IpAddress=69.53.249.144 IpPort=40780",
    "host": "workstation-008",
    "source": "WinEventLog:Security",
    "sourcetype": "WinEventLog:Security",
    "index": "windows",
    "EventCode": "4720",
    "ComputerName": "WORKSTATION-008",
    "AccountName": "user019",
    "AccountDomain": "ACME",
    "LogonType": "10",
    "src_ip": "97.195.21.155"
  },
  {
    "_time": 1700003840,
    "_raw": "EventID=4769 ComputerName=WORKSTATION-027 AccountName=NETWORK SERVICE AccountDomain=CORP LogonType=2 IpAddress=10.0.93.149 IpPort=45104",
    "host": "workstation-027",
    "source": "WinEventLog:Security",
    "sourcetype": "WinEventLog:Security",
    "index": "windows",
    "EventCode": "4769",
    "ComputerName": "WORKSTATION-027",
    "AccountName": "NETWORK SERVICE",
    "AccountDomain": "CORP",
    "LogonType": "2",
    "src_ip": "155.215.201.184"
  },
  {
    "_time": 1700023064,
    "_raw": "EventID=4624 ComputerName=WORKSTATION-012 AccountName=NETWORK SERVICE AccountDomain=ACME LogonType=10 IpAddress=10.204.221.172 IpPort=60536",
    "host": "workstation-012",
    "source": "WinEventLog:Security",
    "sourcetype": "WinEventLog:Security",
    "index": "windows",
    "EventCode": "4624",
    "ComputerName": "WORKSTATION-012",
    "AccountName": "NETWORK SERVICE",
    "AccountDomain": "ACME",
    "LogonType": "10",
    "src_ip": "172.16.47.7"
  },
  {
    "_time": 1700020202,
    "_raw": "EventID=4672 ComputerName=WORKSTATION-004 AccountName=user010 AccountDomain=ACME LogonType=5 IpAddress=65.183.176.91 IpPort=64828",
    "host": "workstation-004",
    "source": "WinEventLog:Security",
    "sourcetype": "WinEventLog:Security",
    "index": "windows",
    "EventCode": "4672",
    "ComputerName": "WORKSTATION-004",
    "AccountName": "user010",
    "AccountDomain": "ACME",
    "LogonType": "5",
    "src_ip": "71.228.24.84"
  },
  {
    "_time": 1700014445,
    "_raw": "EventID=4776 ComputerName=WORKSTATION-009 AccountName=user006 AccountDomain=CORP LogonType=10 IpAddress=190.205.178.200 IpPort=54466",
    "host": "workstation-009",
    "source": "WinEventLog:Security",
    "sourcetype": "WinEventLog:Security",
    "index": "windows",
    "EventCode": "4776",
    "ComputerName": "WORKSTATION-009",
    "AccountName": "user006",
    "AccountDomain": "CORP",
    "LogonType": "10",
    "src_ip": "192.168.1.220.23"
  },
  {
    "_time": 1700010604,
    "_raw": "EventID=4672 ComputerName=WORKSTATION-020 AccountName=user018 AccountDomain=CONTOSO LogonType=4 IpAddress=26.46.207.81 IpPort=41774",
    "host": "workstation-020",
    "source": "WinEventLog:Security",
    "sourcetype": "WinEventLog:Security",
    "index": "windows",
    "EventCode": "4672",
    "ComputerName": "WORKSTATION-020",
    "AccountName": "user018",
    "AccountDomain": "CONTOSO",
    "LogonType": "4",
    "src_ip": "48.195.103.68"
  },
  {
    "_time": 1700027020,
    "_raw": "EventID=4720 ComputerName=WORKSTATION-012 AccountName=user011 AccountDomain=ACME LogonType=3 IpAddress=83.8.57.49 IpPort=39155",
    "host": "workstation-012",
    "source": "WinEventLog:Security",
    "sourcetype": "WinEventLog:Security",
    "index": "windows",
    "EventCode": "4720",
    "ComputerName": "WORKSTATION-012",
    "AccountName": "user011",
    "AccountDomain": "ACME",
    "LogonType": "3",
    "src_ip": "130.151.91.102"
  },
  {
    "_time": 1700019320,
    "_raw": "EventID=4625 ComputerName=WORKSTATION-007 AccountName=user003 AccountDomain=CORP LogonType=10 IpAddress=170.207.134.38 IpPort=47940",
    "host": "workstation-007",
    "source": "WinEventLog:Security",
    "sourcetype": "WinEventLog:Security",
    "index": "windows",
    "EventCode": "4625",
    "ComputerName": "WORKSTATION-007",
    "AccountName": "user003",
    "AccountDomain": "CORP",
    "LogonType": "10",
    "src_ip": "91.203.68.236"
  },
  {
    "_time": 1700012571,
    "_raw": "EventID=4625 ComputerName=WORKSTATION-028 AccountName=user010 AccountDomain=CONTOSO LogonType=2 IpAddress=58.226.20.63 IpPort=36936",
    "host": "workstation-028",
    "source": "WinEventLog:Security",
    "sourcetype": "WinEventLog:Security",
    "index": "windows",
    "EventCode": "4625",
    "ComputerName": "WORKSTATION-028",
    "AccountName": "user010",
    "AccountDomain": "CONTOSO",
    "LogonType": "2",
    "src_ip": "192.168.1.7.127"
  },
  {
    "_time": 1700007744,
    "_raw": "EventID=4648 ComputerName=WORKSTATION-008 AccountName=user008 AccountDomain=ACME LogonType=3 IpAddress=192.168.1.63.247 IpPort=2385",
    "host": "workstation-008",
    "source": "WinEventLog:Security",
    "sourcetype": "WinEventLog:Security",
    "index": "windows",
    "EventCode": "4648",
    "ComputerName": "WORKSTATION-008",
    "AccountName": "user008",
    "AccountDomain": "ACME",
    "LogonType": "3",
    "src_ip": "124.224.212.143"
  },
  {
    "_time": 1700017442,
    "_raw": "EventID=4769 ComputerName=WORKSTATION-007 AccountName=user014 AccountDomain=CORP LogonType=10 IpAddress=148.198.133.181 IpPort=53242",
    "host": "workstation-007",
    "source": "WinEventLog:Security",
    "sourcetype": "WinEventLog:Security",
    "index": "windows",
    "EventCode": "4769",
    "ComputerName": "WORKSTATION-007",
    "AccountName": "user014",
    "AccountDomain": "CORP",
    "LogonType": "10",
    "src_ip": "206.134.220.95"
  },
  {
    "_time": 1700011640,
    "_raw": "EventID=4648 ComputerName=WORKSTATION-011 AccountName=user018 AccountDomain=ACME LogonType=3 IpAddress=212.126.65.25 IpPort=65315",
    "host": "workstation-011",
    "source": "WinEventLog:Security",
    "sourcetype": "WinEventLog:Security",
    "index": "windows",
    "EventCode": "4648",
    "ComputerName": "WORKSTATION-011",
    "AccountName": "user018",
    "AccountDomain": "ACME",
    "LogonType": "3",
    "src_ip": "130.243.160.27"
  },
  {
    "_time": 1700025246,
    "_raw": "EventID=4769 ComputerName=WORKSTATION-008 AccountName=user012 AccountDomain=CONTOSO LogonType=10 IpAddress=58.238.137.148 IpPort=55852",
    "host": "workstation-008",
    "source": "WinEventLog:Security",
    "sourcetype": "WinEventLog:Security",
    "index": "windows",
    "EventCode": "4769",
    "ComputerName": "WORKSTATION-008",
    "AccountName": "user012",
    "AccountDomain": "CONTOSO",
    "LogonType": "10",
    "src_ip": "172.16.113.128"
  },
  {
    "_time": 1700018468,
    "_raw": "EventID=4688 ComputerName=WORKSTATION-003 AccountName=user006 AccountDomain=CORP LogonType=5 IpAddress=15.177.244.223 IpPort=47312",
    "host": "workstation-003",
    "source": "WinEventLog:Security",
    "sourcetype": "WinEventLog:Security",
    "index": "windows",
    "EventCode": "4688",
    "ComputerName": "WORKSTATION-003",
    "AccountName": "user006",
    "AccountDomain": "CORP",
    "LogonType": "5",
    "src_ip": "172.16.91.17"
  },
  {
    "_time": 1700023352,
    "_raw": "EventID=4663 ComputerName=WORKSTATION-019 AccountName=user009 AccountDomain=CONTOSO LogonType=10 IpAddress=181.68.202.56 IpPort=44395",
    "host": "workstation-019",
    "source": "WinEventLog:Security",
    "sourcetype": "WinEventLog:Security",
    "index": "windows",
    "EventCode": "4663",
    "ComputerName": "WORKSTATION-019",
    "AccountName": "user009",
    "AccountDomain": "CONTOSO",
    "LogonType": "10",
    "src_ip": "138.155.169.60"
  },
  {
    "_time": 1700018506,
    "_raw": "EventID=4768 ComputerName=WORKSTATION-014 AccountName=user005 AccountDomain=CONTOSO LogonType=10 IpAddress=2.27.183.151 IpPort=8867",
    "host": "workstation-014",
    "source": "WinEventLog:Security",
    "sourcetype": "WinEventLog:Security",
    "index": "windows",
    "EventCode": "4768",
    "ComputerName": "WORKSTATION-014",
    "AccountName": "user005",
    "AccountDomain": "CONTOSO",
    "LogonType": "10",
    "src_ip": "19.32.211.187"
  },
  {
    "_time": 1700005850,
    "_raw": "EventID=4648 ComputerName=WORKSTATION-008 AccountName=SYSTEM AccountDomain=CORP LogonType=2 IpAddress=127.61.169.23 IpPort=7194",
    "host": "workstation-008",
    "source": "WinEventLog:Security",
    "sourcetype": "WinEventLog:Security",
    "index": "windows",
    "EventCode": "4648",
    "ComputerName": "WORKSTATION-008",
    "AccountName": "SYSTEM",
    "AccountDomain": "CORP",
    "LogonType": "2",
    "src_ip": "147.198.208.98"
  },
  {
    "_time": 1700022448,
    "_raw": "EventID=4720 ComputerName=WORKSTATION-005 AccountName=user011 AccountDomain=CORP LogonType=4 IpAddress=182.220.129.128 IpPort=6970",
    "host": "workstation-005",
    "source": "WinEventLog:Security",
    "sourcetype": "WinEventLog:Security",
    "index": "windows",
    "EventCode": "4720",
    "ComputerName": "WORKSTATION-005",
    "AccountName": "user011",
    "AccountDomain": "CORP",
    "LogonType": "4",
    "src_ip": "192.168.1.52.59"
  },
  {
    "_time": 1700011724,
    "_raw": "EventID=4776 ComputerName=WORKSTATION-021 AccountName=user003 AccountDomain=ACME LogonType=2 IpAddress=6.31.30.175 IpPort=25478",
    "host": "workstation-021",
    "source": "WinEventLog:Security",
    "sourcetype": "WinEventLog:Security",
    "index": "windows",
    "EventCode": "4776",
    "ComputerName": "WORKSTATION-021",
    "AccountName": "user003",
    "AccountDomain": "ACME",
    "LogonType": "2",
    "src_ip": "10.0.247.253"
  },
  {
    "_time": 1700016626,
    "_raw": "EventID=4624 ComputerName=WORKSTATION-001 AccountName=user011 AccountDomain=ACME LogonType=2 IpAddress=146.191.35.245 IpPort=12321",
    "host": "workstation-001",
    "source": "WinEventLog:Security",
    "sourcetype": "WinEventLog:Security",
    "index": "windows",
    "EventCode": "4624",
    "ComputerName": "WORKSTATION-001",
    "AccountName": "user011",
    "AccountDomain": "ACME",
    "LogonType": "2",
    "src_ip": "172.16.128.47"
  },
  {
    "_time": 1700017622,
    "_raw": "EventID=4648 ComputerName=WORKSTATION-012 AccountName=user004 AccountDomain=CONTOSO LogonType=10 IpAddress=46.225.90.130 IpPort=10779",
    "host": "workstation-012",
    "source": "WinEventLog:Security",
    "sourcetype": "WinEventLog:Security",
    "index": "windows",
    "EventCode": "4648",
    "ComputerName": "WORKSTATION-012",
    "AccountName": "user004",
    "AccountDomain": "CONTOSO",
    "LogonType": "10",
    "src_ip": "114.15.19.240"
  },
  {
    "_time": 1700017640,
    "_raw": "EventID=4625 ComputerName=WORKSTATION-026 AccountName=user010 AccountDomain=ACME LogonType=4 IpAddress=152.85.51.128 IpPort=13682",
    "host": "workstation-026",
    "source": "WinEventLog:Security",
    "sourcetype": "WinEventLog:Security",
    "index": "windows",
    "EventCode": "4625",
    "ComputerName": "WORKSTATION-026",
    "AccountName": "user010",
    "AccountDomain": "ACME",
    "LogonType": "4",
    "src_ip": "157.172.232.238"
  },
  {
    "_time": 1700021582,
    "_raw": "EventID=4768 ComputerName=WORKSTATION-027 AccountName=user013 AccountDomain=ACME LogonType=10 IpAddress=10.0.94.37 IpPort=16716",
    "host": "workstation-027",
    "source": "WinEventLog:Security",
    "sourcetype": "WinEventLog:Security",
    "index": "windows",
    "EventCode": "4768",
    "ComputerName": "WORKSTATION-027",
    "AccountName": "user013",
    "AccountDomain": "ACME",
    "LogonType": "10",
    "src_ip": "126.96.206.11"
  },
  {
    "_time": 1700011784,
    "_raw": "EventID=4624 ComputerName=WORKSTATION-030 AccountName=user016 AccountDomain=CONTOSO LogonType=10 IpAddress=172.16.24.170 IpPort=43937",
    "host": "workstation-030",
    "source": "WinEventLog:Security",
    "sourcetype": "WinEventLog:Security",
    "index": "windows",
    "EventCode": "4624",
    "ComputerName": "WORKSTATION-030",
    "AccountName": "user016",
    "AccountDomain": "CONTOSO",
    "LogonType": "10",
    "src_ip": "135.201.102.73"
  },
  {
    "_time": 1700010813,
    "_raw": "EventID=4634 ComputerName=WORKSTATION-015 AccountName=user007 AccountDomain=ACME LogonType=5 IpAddress=97.42.251.7 IpPort=33217",
    "host": "workstation-015",
    "source": "WinEventLog:Security",
    "sourcetype": "WinEventLog:Security",
    "index": "windows",
    "EventCode": "4634",
    "ComputerName": "WORKSTATION-015",
    "AccountName": "user007",
    "AccountDomain": "ACME",
    "LogonType": "5",
    "src_ip": "172.16.124.157"
  },
  {
    "_time": 1700012792,
    "_raw": "EventID=4663 ComputerName=WORKSTATION-016 AccountName=user010 AccountDomain=CONTOSO LogonType=2 IpAddress=11.96.45.79 IpPort=59488",
    "host": "workstation-016",
    "source": "WinEventLog:Security",
    "sourcetype": "WinEventLog:Security",
    "index": "windows",
    "EventCode": "4663",
    "ComputerName": "WORKSTATION-016",
    "AccountName": "user010",
    "AccountDomain": "CONTOSO",
    "LogonType": "2",
    "src_ip": "147.88.160.190"
  },
  {
    "_time": 1700001970,
    "_raw": "EventID=4768 ComputerName=WORKSTATION-001 AccountName=user002 AccountDomain=ACME LogonType=3 IpAddress=138.26.222.190 IpPort=34340",
    "host": "workstation-001",
    "source": "WinEventLog:Security",
    "sourcetype": "WinEventLog:Security",
    "index": "windows",
    "EventCode": "4768",
    "ComputerName": "WORKSTATION-001",
    "AccountName": "user002",
    "AccountDomain": "ACME",
    "LogonType": "3",
    "src_ip": "46.189.22.234"
  },
  {
    "_time": 1700006902,
    "_raw": "EventID=4625 ComputerName=WORKSTATION-015 AccountName=user006 AccountDomain=CORP LogonType=4 IpAddress=10.0.127.53 IpPort=38454",
    "host": "workstation-015",
    "source": "WinEventLog:Security",
    "sourcetype": "WinEventLog:Security",
    "index": "windows",
    "EventCode": "4625",
    "ComputerName": "WORKSTATION-015",
    "AccountName": "user006",
    "AccountDomain": "CORP",
    "LogonType": "4",
    "src_ip": "4.23.195.53"
  },
  {
    "_time": 1700028623,
    "_raw": "EventID=4625 ComputerName=WORKSTATION-030 AccountName=user010 AccountDomain=CORP LogonType=4 IpAddress=100.116.190.235 IpPort=55929",
    "host": "workstation-030",
    "source": "WinEventLog:Security",
    "sourcetype": "WinEventLog:Security",
    "index": "windows",
    "EventCode": "4625",
    "ComputerName": "WORKSTATION-030",
    "AccountName": "user010",
    "AccountDomain": "CORP",
    "LogonType": "4",
    "src_ip": "40.72.126.160"
  },
  {
    "_time": 1700021736,
    "_raw": "EventID=4663 ComputerName=WORKSTATION-029 AccountName=user014 AccountDomain=CONTOSO LogonType=4 IpAddress=172.16.189.234 IpPort=18890",
    "host": "workstation-029",
    "source": "WinEventLog:Security",
    "sourcetype": "WinEventLog:Security",
    "index": "windows",
    "EventCode": "4663",
    "ComputerName": "WORKSTATION-029",
    "AccountName": "user014",
    "AccountDomain": "CONTOSO",
    "LogonType": "4",
    "src_ip": "3.212.211.97"
  },
  {
    "_time": 1700008901,
    "_raw": "EventID=4648 ComputerName=WORKSTATION-027 AccountName=user016 AccountDomain=ACME LogonType=2 IpAddress=102.21.229.33 IpPort=44471",
    "host": "workstation-027",
    "source": "WinEventLog:Security",
    "sourcetype": "WinEventLog:Security",
    "index": "windows",
    "EventCode": "4648",
    "ComputerName": "WORKSTATION-027",
    "AccountName": "user016",
    "AccountDomain": "ACME",
    "LogonType": "2",
    "src_ip": "19.58.59.41"
  },
  {
    "_time": 1700028710,
    "_raw": "EventID=4720 ComputerName=WORKSTATION-003 AccountName=user006 AccountDomain=CONTOSO LogonType=3 IpAddress=66.203.145.138 IpPort=19796",
    "host": "workstation-003",
    "source": "WinEventLog:Security",
    "sourcetype": "WinEventLog:Security",
    "index": "windows",
    "EventCode": "4720",
    "ComputerName": "WORKSTATION-003",
    "AccountName": "user006",
    "AccountDomain": "CONTOSO",
    "LogonType": "3",
    "src_ip": "172.16.67.28"
  },
  {
    "_time": 1700024775,
    "_raw": "EventID=4625 ComputerName=WORKSTATION-013 AccountName=user007 AccountDomain=CORP LogonType=5 IpAddress=172.16.10.121 IpPort=32403",
    "host": "workstation-013",
    "source": "WinEventLog:Security",
    "sourcetype": "WinEventLog:Security",
    "index": "windows",
    "EventCode": "4625",
    "ComputerName": "WORKSTATION-013",
    "AccountName": "user007",
    "AccountDomain": "CORP",
    "LogonType": "5",
    "src_ip": "10.0.10.214"
  },
  {
    "_time": 1700012896,
    "_raw": "EventID=4634 ComputerName=WORKSTATION-003 AccountName=user003 AccountDomain=CORP LogonType=10 IpAddress=190.73.226.153 IpPort=51429",
    "host": "workstation-003",
    "source": "WinEventLog:Security",
    "sourcetype": "WinEventLog:Security",
    "index": "windows",
    "EventCode": "4634",
    "ComputerName": "WORKSTATION-003",
    "AccountName": "user003",
    "AccountDomain": "CORP",
    "LogonType": "10",
    "src_ip": "172.16.197.250"
  },
  {
    "_time": 1700006951,
    "_raw": "EventID=4648 ComputerName=WORKSTATION-024 AccountName=user011 AccountDomain=CORP LogonType=2 IpAddress=88.128.89.90 IpPort=31303",
    "host": "workstation-024",
    "source": "WinEventLog:Security",
    "sourcetype": "WinEventLog:Security",
    "index": "windows",
    "EventCode": "4648",
    "ComputerName": "WORKSTATION-024",
    "AccountName": "user011",
    "AccountDomain": "CORP",
    "LogonType": "2",
    "src_ip": "172.16.15.101"
  },
  {
    "_time": 1700012922,
    "_raw": "EventID=4634 ComputerName=WORKSTATION-010 AccountName=user017 AccountDomain=CORP LogonType=3 IpAddress=86.224.12.224 IpPort=29894",
    "host": "workstation-010",
    "source": "WinEventLog:Security",
    "sourcetype": "WinEventLog:Security",
    "index": "windows",
    "EventCode": "4634",
    "ComputerName": "WORKSTATION-010",
    "AccountName": "user017",
    "AccountDomain": "CORP",
    "LogonType": "3",
    "src_ip": "10.0.155.136"
  },
  {
    "_time": 1700009950,
    "_raw": "EventID=4768 ComputerName=WORKSTATION-006 AccountName=user005 AccountDomain=CONTOSO LogonType=2 IpAddress=10.0.105.133 IpPort=36038",
    "host": "workstation-006",
    "source": "WinEventLog:Security",
    "sourcetype": "WinEventLog:Security",
    "index": "windows",
    "EventCode": "4768",
    "ComputerName": "WORKSTATION-006",
    "AccountName": "user005",
    "AccountDomain": "CONTOSO",
    "LogonType": "2",
    "src_ip": "172.16.44.186"
  },
  {
    "_time": 1700029880,
    "_raw": "EventID=4672 ComputerName=WORKSTATION-012 AccountName=user002 AccountDomain=CORP LogonType=3 IpAddress=10.0.145.15 IpPort=54351",
    "host": "workstation-012",
    "source": "WinEventLog:Security",
    "sourcetype": "WinEventLog:Security",
    "index": "windows",
    "EventCode": "4672",
    "ComputerName": "WORKSTATION-012",
    "AccountName": "user002",
    "AccountDomain": "CORP",
    "LogonType": "3",
    "src_ip": "146.61.114.196"
  },
  {
    "_time": 1700020937,
    "_raw": "EventID=4624 ComputerName=WORKSTATION-019 AccountName=user018 AccountDomain=CORP LogonType=5 IpAddress=166.197.144.176 IpPort=41397",
    "host": "workstation-019",
    "source": "WinEventLog:Security",
    "sourcetype": "WinEventLog:Security",
    "index": "windows",
    "EventCode": "4624",
    "ComputerName": "WORKSTATION-019",
    "AccountName": "user018",
    "AccountDomain": "CORP",
    "LogonType": "5",
    "src_ip": "192.121.251.157"
  },
  {
    "_time": 1700008982,
    "_raw": "EventID=4672 ComputerName=WORKSTATION-021 AccountName=user015 AccountDomain=ACME LogonType=5 IpAddress=93.114.73.74 IpPort=42776",
    "host": "workstation-021",
    "source": "WinEventLog:Security",
    "sourcetype": "WinEventLog:Security",
    "index": "windows",
    "EventCode": "4672",
    "ComputerName": "WORKSTATION-021",
    "AccountName": "user015",
    "AccountDomain": "ACME",
    "LogonType": "5",
    "src_ip": "100.131.82.95"
  },
  {
    "_time": 1700023976,
    "_raw": "EventID=4624 ComputerName=WORKSTATION-014 AccountName=user010 AccountDomain=CORP LogonType=5 IpAddress=139.116.205.33 IpPort=56083",
    "host": "workstation-014",
    "source": "WinEventLog:Security",
    "sourcetype": "WinEventLog:Security",
    "index": "windows",
    "EventCode": "4624",
    "ComputerName": "WORKSTATION-014",
    "AccountName": "user010",
    "AccountDomain": "CORP",
    "LogonType": "5",
    "src_ip": "54.207.215.227"
  }
]