  {
    "_time": 1700016160,
    "_raw": "EventID=4720 ComputerName=WORKSTATION-009 AccountName=user003 AccountDomain=CORP LogonType=10 IpAddress=172.16.142.54 IpPort=9068",
    "host": "workstation-009",
    "source": "WinEventLog:Security",
    "sourcetype": "WinEventLog:Security",
    "index": "windows",
    "EventCode": "4720",
    "ComputerName": "WORKSTATION-009",
    "AccountName": "user003",
    "AccountDomain": "CORP",
    "LogonType": "10",
    "src_ip": "209.72.18.251"
  },
  {
    "_time": 1700006472,
    "_raw": "EventID=4720 ComputerName=WORKSTATION-021 AccountName=user015 AccountDomain=CORP LogonType=5 IpAddress=70.142.196.77 IpPort=55233",
    "host": "workstation-021",
    "source": "WinEventLog:Security",
    "sourcetype": "WinEventLog:Security",
    "index": "windows",
    "EventCode": "4720",
    "ComputerName": "WORKSTATION-021",
    "AccountName": "user015",
    "AccountDomain": "CORP",
    "LogonType": "5",
    "src_ip": "16.142.196.127"
  },
  {
    "_time": 1700000810,
    "_raw": "EventID=4688 ComputerName=WORKSTATION-013 AccountName=user015 AccountDomain=CORP LogonType=3 IpAddress=169.220.26.170 IpPort=21022",
    "host": "workstation-013",
    "source": "WinEventLog:Security",
    "sourcetype": "WinEventLog:Security",
    "index": "windows",
    "EventCode": "4688",
    "ComputerName": "WORKSTATION-013",
    "AccountName": "user015",
    "AccountDomain": "CORP",
    "LogonType": "3",
    "src_ip": "192.168.1.240.7"
  },
  {
    "_time": 1700024330,
    "_raw": "EventID=4769 ComputerName=WORKSTATION-025 AccountName=user011 AccountDomain=ACME LogonType=3 IpAddress=88.222.218.201 IpPort=48814",
    "host": "workstation-025",
    "source": "WinEventLog:Security",
    "sourcetype": "WinEventLog:Security",
    "index": "windows",
    "EventCode": "4769",
    "ComputerName": "WORKSTATION-025",
    "AccountName": "user011",
    "AccountDomain": "ACME",
    "LogonType": "3",
    "src_ip": "193.29.55.142"
  },
  {
    "_time": 1700010556,
    "_raw": "EventID=4776 ComputerName=WORKSTATION-010 AccountName=user018 AccountDomain=ACME LogonType=10 IpAddress=197.133.83.246 IpPort=26012",
    "host": "workstation-010",
    "source": "WinEventLog:Security",
    "sourcetype": "WinEventLog:Security",
    "index": "windows",
    "EventCode": "4776",
    "ComputerName": "WORKSTATION-010",
    "AccountName": "user018",
    "AccountDomain": "ACME",
    "LogonType": "10",
    "src_ip": "61.67.7.72"
  },
  {
    "_time": 1700021138,
    "_raw": "EventID=4776 ComputerName=WORKSTATION-009 AccountName=user003 AccountDomain=CORP LogonType=4 IpAddress=102.19.140.93 IpPort=18636",
    "host": "workstation-009",
    "source": "WinEventLog:Security",
    "sourcetype": "WinEventLog:Security",
    "index": "windows",
    "EventCode": "4776",
    "ComputerName": "WORKSTATION-009",
    "AccountName": "user003",
    "AccountDomain": "CORP",
    "LogonType": "4",
    "src_ip": "201.6.63.79"
  },
  {
    "_time": 1700015466,
    "_raw": "EventID=4776 ComputerName=WORKSTATION-011 AccountName=user009 AccountDomain=CORP LogonType=5 IpAddress=10.0.120.10 IpPort=64324",
    "host": "workstation-011",
    "source": "WinEventLog:Security",
    "sourcetype": "WinEventLog:Security",
    "index": "windows",
    "EventCode": "4776",
    "ComputerName": "WORKSTATION-011",
    "AccountName": "user009",
    "AccountDomain": "CORP",
    "LogonType": "5",
    "src_ip": "164.111.209.15"
  },
  {
    "_time": 1700015485,
    "_raw": "EventID=4625 ComputerName=WORKSTATION-009 AccountName=SYSTEM AccountDomain=CONTOSO LogonType=2 IpAddress=67.141.132.223 IpPort=33459",
    "host": "workstation-009",
    "source": "WinEventLog:Security",
    "sourcetype": "WinEventLog:Security",
    "index": "windows",
    "EventCode": "4625",
    "ComputerName": "WORKSTATION-009",
    "AccountName": "SYSTEM",
    "AccountDomain": "CONTOSO",
    "LogonType": "2",
    "src_ip": "172.16.45.38"
  },
  {
    "_time": 1700022848,
    "_raw": "EventID=4769 ComputerName=WORKSTATION-021 AccountName=user002 AccountDomain=CORP LogonType=2 IpAddress=172.16.221.113 IpPort=39027",
    "host": "workstation-021",
    "source": "WinEventLog:Security",
    "sourcetype": "WinEventLog:Security",
    "index": "windows",
    "EventCode": "4769",
    "ComputerName": "WORKSTATION-021",
    "AccountName": "user002",
    "AccountDomain": "CORP",
    "LogonType": "2",
    "src_ip": "142.116.31.244"
  },
  {
    "_time": 1700018791,
    "_raw": "EventID=4663 ComputerName=WORKSTATION-009 AccountName=user001 AccountDomain=CONTOSO LogonType=10 IpAddress=154.120.179.28 IpPort=6101",
    "host": "workstation-009",
    "source": "WinEventLog:Security",
    "sourcetype": "WinEventLog:Security",
    "index": "windows",
    "EventCode": "4663",
    "ComputerName": "WORKSTATION-009",
    "AccountName": "user001",
    "AccountDomain": "CONTOSO",
    "LogonType": "10",
    "src_ip": "29.39.121.53"
  },
  {
    "_time": 1700008998,
    "_raw": "EventID=4769 ComputerName=WORKSTATION-012 AccountName=LOCAL SERVICE AccountDomain=ACME LogonType=5 IpAddress=37.12.167.156 IpPort=52677",
    "host": "workstation-012",
    "source": "WinEventLog:Security",
    "sourcetype": "WinEventLog:Security",
    "index": "windows",
    "EventCode": "4769",
    "ComputerName": "WORKSTATION-012",
    "AccountName": "LOCAL SERVICE",
    "AccountDomain": "ACME",
    "LogonType": "5",
    "src_ip": "105.191.240.242"
  },
  {
    "_time": 1700008190,
    "_raw": "EventID=4769 ComputerName=WORKSTATION-001 AccountName=user006 AccountDomain=ACME LogonType=4 IpAddress=152.13.54.156 IpPort=14883",
    "host": "workstation-001",
    "source": "WinEventLog:Security",
    "sourcetype": "WinEventLog:Security",
    "index": "windows",
    "EventCode": "4769",
    "ComputerName": "WORKSTATION-001",
    "AccountName": "user006",
    "AccountDomain": "ACME",
    "LogonType": "4",
    "src_ip": "131.176.110.97"
  },
  {
    "_time": 1700022140,
    "_raw": "EventID=4769 ComputerName=WORKSTATION-002 AccountName=LOCAL SERVICE AccountDomain=CONTOSO LogonType=5 IpAddress=167.40.39.246 IpPort=62334",
    "host": "workstation-002",
    "source": "WinEventLog:Security",
    "sourcetype": "WinEventLog:Security",
    "index": "windows",
    "EventCode": "4769",
    "ComputerName": "WORKSTATION-002",
    "AccountName": "LOCAL SERVICE",
    "AccountDomain": "CONTOSO",
    "LogonType": "5",
    "src_ip": "145.214.62.217"
  },
  {
    "_time": 1700023809,
    "_raw": "EventID=4768 ComputerName=WORKSTATION-026 AccountName=user002 AccountDomain=CONTOSO LogonType=10 IpAddress=82.137.99.215 IpPort=38723",
    "host": "workstation-026",
    "source": "WinEventLog:Security",
    "sourcetype": "WinEventLog:Security",
    "index": "windows",
    "EventCode": "4768",
    "ComputerName": "WORKSTATION-026",
    "AccountName": "user002",
    "AccountDomain": "CONTOSO",
    "LogonType": "10",
    "src_ip": "10.0.85.63"
  },
  {
    "_time": 1700021372,
    "_raw": "EventID=4672 ComputerName=WORKSTATION-008 AccountName=user015 AccountDomain=ACME LogonType=2 IpAddress=114.209.185.21 IpPort=24091",
    "host": "workstation-008",
    "source": "WinEventLog:Security",
    "sourcetype": "WinEventLog:Security",
    "index": "windows",
    "EventCode": "4672",
    "ComputerName": "WORKSTATION-008",
    "AccountName": "user015",
    "AccountDomain": "ACME",
    "LogonType": "2",
    "src_ip": "20.185.247.155"
  },
  {
    "_time": 1700006584,
    "_raw": "EventID=4720 ComputerName=WORKSTATION-026 AccountName=user014 AccountDomain=CORP LogonType=3 IpAddress=63.208.70.156 IpPort=18081",
    "host": "workstation-026",
    "source": "WinEventLog:Security",
    "sourcetype": "WinEventLog:Security",
    "index": "windows",
    "EventCode": "4720",
    "ComputerName": "WORKSTATION-026",
    "AccountName": "user014",
    "AccountDomain": "CORP",
    "LogonType": "3",
    "src_ip": "88.160.60.21"
  },
  {
    "_time": 1700011536,
    "_raw": "EventID=4688 ComputerName=WORKSTATION-017 AccountName=user005 AccountDomain=CONTOSO LogonType=3 IpAddress=117.7.85.31 IpPort=28459",
    "host": "workstation-017",
    "source": "WinEventLog:Security",
    "sourcetype": "WinEventLog:Security",
    "index": "windows",
    "EventCode": "4688",
    "ComputerName": "WORKSTATION-017",
    "AccountName": "user005",
    "AccountDomain": "CONTOSO",
    "LogonType": "3",
    "src_ip": "172.16.183.239"
  },
  {
    "_time": 1700013200,
    "_raw": "EventID=4625 ComputerName=WORKSTATION-005 AccountName=user002 AccountDomain=ACME LogonType=3 IpAddress=34.198.216.91 IpPort=9376",
    "host": "workstation-005",
    "source": "WinEventLog:Security",
    "sourcetype": "WinEventLog:Security",
    "index": "windows",
    "EventCode": "4625",
    "ComputerName": "WORKSTATION-005",
    "AccountName": "user002",
    "AccountDomain": "ACME",
    "LogonType": "3",
    "src_ip": "143.123.150.31"
  },
  {
    "_time": 1700009086,
    "_raw": "EventID=4672 ComputerName=WORKSTATION-019 AccountName=SYSTEM AccountDomain=CONTOSO LogonType=2 IpAddress=192.168.1.244.115 IpPort=60705",
    "host": "workstation-019",
    "source": "WinEventLog:Security",
    "sourcetype": "WinEventLog:Security",
    "index": "windows",
    "EventCode": "4672",
    "ComputerName": "WORKSTATION-019",
    "AccountName": "SYSTEM",
    "AccountDomain": "CONTOSO",
    "LogonType": "2",
    "src_ip": "116.223.148.194"
  },
  {
    "_time": 1700013232,
    "_raw": "EventID=4634 ComputerName=WORKSTATION-024 AccountName=user006 AccountDomain=CONTOSO LogonType=10 IpAddress=10.0.152.152 IpPort=25264",
    "host": "workstation-024",
    "source": "WinEventLog:Security",
    "sourcetype": "WinEventLog:Security",
    "index": "windows",
    "EventCode": "4634",
    "ComputerName": "WORKSTATION-024",
    "AccountName": "user006",
    "AccountDomain": "CONTOSO",
    "LogonType": "10",
    "src_ip": "117.194.164.113"
  },
  {
    "_time": 1700004968,
    "_raw": "EventID=4768 ComputerName=WORKSTATION-024 AccountName=user019 AccountDomain=ACME LogonType=3 IpAddress=192.168.1.13.145 IpPort=34950",
    "host": "workstation-024",
    "source": "WinEventLog:Security",
    "sourcetype": "WinEventLog:Security",
    "index": "windows",
    "EventCode": "4768",
    "ComputerName": "WORKSTATION-024",
    "AccountName": "user019",
    "AccountDomain": "ACME",
    "LogonType": "3",
    "src_ip": "149.218.146.83"
  },
  {
    "_time": 1700010777,
    "_raw": "EventID=4672 ComputerName=WORKSTATION-025 AccountName=user006 AccountDomain=CORP LogonType=3 IpAddress=72.160.50.89 IpPort=19688",
    "host": "workstation-025",
    "source": "WinEventLog:Security",
    "sourcetype": "WinEventLog:Security",
    "index": "windows",
    "EventCode": "4672",
    "ComputerName": "WORKSTATION-025",
    "AccountName": "user006",
    "AccountDomain": "CORP",
    "LogonType": "3",
    "src_ip": "192.168.1.71.125"
  },
  {
    "_time": 1700012450,
    "_raw": "EventID=4648 ComputerName=WORKSTATION-029 AccountName=user006 AccountDomain=ACME LogonType=10 IpAddress=60.142.72.25 IpPort=14579",
    "host": "workstation-029",
    "source": "WinEventLog:Security",
    "sourcetype": "WinEventLog:Security",
    "index": "windows",
    "EventCode": "4648",
    "ComputerName": "WORKSTATION-029",
    "AccountName": "user006",
    "AccountDomain": "ACME",
    "LogonType": "10",
    "src_ip": "131.86.14.154"
  },
  {
    "_time": 1700024099,
    "_raw": "EventID=4624 ComputerName=WORKSTATION-029 AccountName=user018 AccountDomain=CONTOSO LogonType=2 IpAddress=211.13.189.53 IpPort=19494",
    "host": "workstation-029",
    "source": "WinEventLog:Security",
    "sourcetype": "WinEventLog:Security",
    "index": "windows",
    "EventCode": "4624",
    "ComputerName": "WORKSTATION-029",
    "AccountName": "user018",
    "AccountDomain": "CONTOSO",
    "LogonType": "2",
    "src_ip": "147.218.227.134"
  },
  {
    "_time": 1700004160,
    "_raw": "EventID=4720 ComputerName=WORKSTATION-010 AccountName=user004 AccountDomain=CONTOSO LogonType=2 IpAddress=111.252.134.23 IpPort=57680",
    "host": "workstation-010",
    "source": "WinEventLog:Security",
    "sourcetype": "WinEventLog:Security",
    "index": "windows",
    "EventCode": "4720",
    "ComputerName": "WORKSTATION-010",
    "AccountName": "user004",
    "AccountDomain": "CONTOSO",
    "LogonType": "2",
    "src_ip": "192.168.1.188.172"
  },
  {
    "_time": 1700003332,
    "_raw": "EventID=4672 ComputerName=WORKSTATION-026 AccountName=user003 AccountDomain=CONTOSO LogonType=2 IpAddress=130.171.141.117 IpPort=42352",
    "host": "workstation-026",
    "source": "WinEventLog:Security",
    "sourcetype": "WinEventLog:Security",
    "index": "windows",
    "EventCode": "4672",
    "ComputerName": "WORKSTATION-026",
    "AccountName": "user003",
    "AccountDomain": "CONTOSO",
    "LogonType": "2",
    "src_ip": "173.37.161.229"
  },
  {
    "_time": 1700025020,
    "_raw": "EventID=4624 ComputerName=WORKSTATION-014 AccountName=user004 AccountDomain=CONTOSO LogonType=4 IpAddress=172.16.170.215 IpPort=58536",
    "host": "workstation-014",
    "source": "WinEventLog:Security",
    "sourcetype": "WinEventLog:Security",
    "index": "windows",
    "EventCode": "4624",
    "ComputerName": "WORKSTATION-014",
    "AccountName": "user004",
    "AccountDomain": "CONTOSO",
    "LogonType": "4",
    "src_ip": "163.4.125.36"
  },
  {
    "_time": 1700015865,
    "_raw": "EventID=4688 ComputerName=WORKSTATION-028 AccountName=user008 AccountDomain=CONTOSO LogonType=4 IpAddress=125.95.254.73 IpPort=9661",
    "host": "workstation-028",
    "source": "WinEventLog:Security",
    "sourcetype": "WinEventLog:Security",
    "index": "windows",
    "EventCode": "4688",
    "ComputerName": "WORKSTATION-028",
    "AccountName": "user008",
    "AccountDomain": "CONTOSO",
    "LogonType": "4",
    "src_ip": "10.0.244.133"
  },
  {
    "_time": 1700023408,
    "_raw": "EventID=4648 ComputerName=WORKSTATION-001 AccountName=user014 AccountDomain=CORP LogonType=10 IpAddress=182.91.19.108 IpPort=46111",
    "host": "workstation-001",
    "source": "WinEventLog:Security",
    "sourcetype": "WinEventLog:Security",
    "index": "windows",
    "EventCode": "4648",
    "ComputerName": "WORKSTATION-001",
    "AccountName": "user014",
    "AccountDomain": "CORP",
    "LogonType": "10",
    "src_ip": "192.168.1.162.150"
  },
  {
    "_time": 1700006696,
    "_raw": "EventID=4776 ComputerName=WORKSTATION-012 AccountName=user016 AccountDomain=CONTOSO LogonType=3 IpAddress=216.118.149.172 IpPort=32812",
    "host": "workstation-012",
    "source": "WinEventLog:Security",
    "sourcetype": "WinEventLog:Security",
    "index": "windows",
    "EventCode": "4776",
    "ComputerName": "WORKSTATION-012",
    "AccountName": "user016",
    "AccountDomain": "CONTOSO",
    "LogonType": "3",
    "src_ip": "162.200.182.140"
  },
  {
    "_time": 1700013408,
    "_raw": "EventID=4663 ComputerName=WORKSTATION-004 AccountName=user008 AccountDomain=CORP LogonType=5 IpAddress=84.126.217.30 IpPort=12571",
    "host": "workstation-004",
    "source": "WinEventLog:Security",
    "sourcetype": "WinEventLog:Security",
    "index": "windows",
    "EventCode": "4663",
    "ComputerName": "WORKSTATION-004",
    "AccountName": "user008",
    "AccountDomain": "CORP",
    "LogonType": "5",
    "src_ip": "82.58.177.179"
  },
  {
    "_time": 1700010907,
    "_raw": "EventID=4634 ComputerName=WORKSTATION-025 AccountName=user016 AccountDomain=ACME LogonType=5 IpAddress=8.148.137.130 IpPort=15121",
    "host": "workstation-025",
    "source": "WinEventLog:Security",
    "sourcetype": "WinEventLog:Security",
    "index": "windows",
    "EventCode": "4634",
    "ComputerName": "WORKSTATION-025",
    "AccountName": "user016",
    "AccountDomain": "ACME",
    "LogonType": "5",
    "src_ip": "201.209.31.144"
  },
  {
    "_time": 1700021000,
    "_raw": "EventID=4672 ComputerName=WORKSTATION-009 AccountName=LOCAL SERVICE AccountDomain=ACME LogonType=5 IpAddress=109.204.133.234 IpPort=4604",
    "host": "workstation-009",
    "source": "WinEventLog:Security",
    "sourcetype": "WinEventLog:Security",
    "index": "windows",
    "EventCode": "4672",
    "ComputerName": "WORKSTATION-009",
    "AccountName": "LOCAL SERVICE",
    "AccountDomain": "ACME",
    "LogonType": "5",
    "src_ip": "172.16.57.87"
  },
  {
    "_time": 1700017661,
    "_raw": "EventID=4624 ComputerName=WORKSTATION-010 AccountName=user015 AccountDomain=ACME LogonType=10 IpAddress=138.105.56.243 IpPort=64479",
    "host": "workstation-010",
    "source": "WinEventLog:Security",
    "sourcetype": "WinEventLog:Security",
    "index": "windows",
    "EventCode": "4624",
    "ComputerName": "WORKSTATION-010",
    "AccountName": "user015",
    "AccountDomain": "ACME",
    "LogonType": "10",
    "src_ip": "85.66.10.244"
  },
  {
    "_time": 1700020208,
    "_raw": "EventID=4624 ComputerName=WORKSTATION-026 AccountName=user013 AccountDomain=CORP LogonType=4 IpAddress=197.32.25.133 IpPort=14816",
    "host": "workstation-026",
    "source": "WinEventLog:Security",
    "sourcetype": "WinEventLog:Security",
    "index": "windows",
    "EventCode": "4624",
    "ComputerName": "WORKSTATION-026",
    "AccountName": "user013",
    "AccountDomain": "CORP",
    "LogonType": "4",
    "src_ip": "51.80.202.221"
  },
  {
    "_time": 1700019389,
    "_raw": "EventID=4648 ComputerName=WORKSTATION-010 AccountName=user006 AccountDomain=ACME LogonType=5 IpAddress=172.16.64.241 IpPort=1917",
    "host": "workstation-010",
    "source": "WinEventLog:Security",
    "sourcetype": "WinEventLog:Security",
    "index": "windows",
    "EventCode": "4648",
    "ComputerName": "WORKSTATION-010",
    "AccountName": "user006",
    "AccountDomain": "ACME",
    "LogonType": "5",
    "src_ip": "10.0.194.241"
  },
  {
    "_time": 1700014348,
    "_raw": "EventID=4625 ComputerName=WORKSTATION-017 AccountName=user013 AccountDomain=ACME LogonType=3 IpAddress=10.0.59.162 IpPort=51644",
    "host": "workstation-017",
    "source": "WinEventLog:Security",
    "sourcetype": "WinEventLog:Security",
    "index": "windows",
    "EventCode": "4625",
    "ComputerName": "WORKSTATION-017",
    "AccountName": "user013",
    "AccountDomain": "ACME",
    "LogonType": "3",
    "src_ip": "9.139.63.209"
  },
  {
    "_time": 1700021970,
    "_raw": "EventID=4688 ComputerName=WORKSTATION-021 AccountName=user013 AccountDomain=CORP LogonType=4 IpAddress=20.37.212.6 IpPort=1990",
    "host": "workstation-021",
    "source": "WinEventLog:Security",
    "sourcetype": "WinEventLog:Security",
    "index": "windows",
    "EventCode": "4688",
    "ComputerName": "WORKSTATION-021",
    "AccountName": "user013",
    "AccountDomain": "CORP",
    "LogonType": "4",
    "src_ip": "139.77.48.189"
  },
  {
    "_time": 1700016074,
    "_raw": "EventID=4688 ComputerName=WORKSTATION-007 AccountName=SYSTEM AccountDomain=ACME LogonType=5 IpAddress=6.154.140.118 IpPort=14305",
    "host": "workstation-007",
    "source": "WinEventLog:Security",
    "sourcetype": "WinEventLog:Security",
    "index": "windows",
    "EventCode": "4688",
    "ComputerName": "WORKSTATION-007",
    "AccountName": "SYSTEM",
    "AccountDomain": "ACME",
    "LogonType": "5",
    "src_ip": "172.16.148.121"
  },
  {
    "_time": 1700011011,
    "_raw": "EventID=4663 ComputerName=WORKSTATION-014 AccountName=user003 AccountDomain=CORP LogonType=10 IpAddress=192.168.1.233.180 IpPort=35968",
    "host": "workstation-014",
    "source": "WinEventLog:Security",
    "sourcetype": "WinEventLog:Security",
    "index": "windows",
    "EventCode": "4663",
    "ComputerName": "WORKSTATION-014",
    "AccountName": "user003",
    "AccountDomain": "CORP",
    "LogonType": "10",
    "src_ip": "98.8.254.187"
  },
  {
    "_time": 1700011024,
    "_raw": "EventID=4672 ComputerName=WORKSTATION-025 AccountName=user018 AccountDomain=CONTOSO LogonType=5 IpAddress=10.0.102.198 IpPort=16235",
    "host": "workstation-025",
    "source": "WinEventLog:Security",
    "sourcetype": "WinEventLog:Security",
    "index": "windows",
    "EventCode": "4672",
    "ComputerName": "WORKSTATION-025",
    "AccountName": "user018",
    "AccountDomain": "CONTOSO",
    "LogonType": "5",
    "src_ip": "123.55.159.86"
  },
  {
    "_time": 1700004245,
    "_raw": "EventID=4776 ComputerName=WORKSTATION-003 AccountName=user004 AccountDomain=CONTOSO LogonType=3 IpAddress=126.127.42.37 IpPort=27447",
    "host": "workstation-003",
    "source": "WinEventLog:Security",
    "sourcetype": "WinEventLog:Security",
    "index": "windows",
    "EventCode": "4776",
    "ComputerName": "WORKSTATION-003",
    "AccountName": "user004",
    "AccountDomain": "CONTOSO",
    "LogonType": "3",
    "src_ip": "122.119.30.197"
  },
  {
    "_time": 1700013600,
    "_raw": "EventID=4663 ComputerName=WORKSTATION-014 AccountName=user010 AccountDomain=CONTOSO LogonType=3 IpAddress=172.16.145.154 IpPort=27666",
    "host": "workstation-014",
    "source": "WinEventLog:Security",
    "sourcetype": "WinEventLog:Security",
    "index": "windows",
    "EventCode": "4663",
    "ComputerName": "WORKSTATION-014",
    "AccountName": "user010",
    "AccountDomain": "CONTOSO",
    "LogonType": "3",
    "src_ip": "69.107.250.140"
  },
  {
    "_time": 1700013616,
    "_raw": "EventID=4672 ComputerName=WORKSTATION-021 AccountName=user008 AccountDomain=ACME LogonType=5 IpAddress=220.41.53.109 IpPort=46850",
    "host": "workstation-021",
    "source": "WinEventLog:Security",
    "sourcetype": "WinEventLog:Security",
    "index": "windows",
    "EventCode": "4672",
    "ComputerName": "WORKSTATION-021",
    "AccountName": "user008",
    "AccountDomain": "ACME",
    "LogonType": "5",
    "src_ip": "10.0.194.4"
  },
  {
    "_time": 1700005112,
    "_raw": "EventID=4768 ComputerName=WORKSTATION-024 AccountName=user004 AccountDomain=CORP LogonType=5 IpAddress=30.19.217.127 IpPort=12212",
    "host": "workstation-024",
    "source": "WinEventLog:Security",
    "sourcetype": "WinEventLog:Security",
    "index": "windows",
    "EventCode": "4768",
    "ComputerName": "WORKSTATION-024",
    "AccountName": "user004",
    "AccountDomain": "CORP",
    "LogonType": "5",
    "src_ip": "135.249.71.192"
  },
  {
    "_time": 1700023884,
    "_raw": "EventID=4768 ComputerName=WORKSTATION-014 AccountName=user013 AccountDomain=CORP LogonType=2 IpAddress=76.138.165.158 IpPort=59321",
    "host": "workstation-014",
    "source": "WinEventLog:Security",
    "sourcetype": "WinEventLog:Security",
    "index": "windows",
    "EventCode": "4768",
    "ComputerName": "WORKSTATION-014",
    "AccountName": "user013",
    "AccountDomain": "CORP",
    "LogonType": "2",
    "src_ip": "167.84.72.75"
  },
  {
    "_time": 1700014518,
    "_raw": "EventID=4776 ComputerName=WORKSTATION-007 AccountName=SYSTEM AccountDomain=CONTOSO LogonType=10 IpAddress=121.236.107.240 IpPort=22662",
    "host": "workstation-007",
    "source": "WinEventLog:Security",
    "sourcetype": "WinEventLog:Security",
    "index": "windows",
    "EventCode": "4776",
    "ComputerName": "WORKSTATION-007",
    "AccountName": "SYSTEM",
    "AccountDomain": "CONTOSO",
    "LogonType": "10",
    "src_ip": "185.69.84.135"
  },
  {
    "_time": 1700019665,
    "_raw": "EventID=4720 ComputerName=WORKSTATION-001 AccountName=user011 AccountDomain=ACME LogonType=3 IpAddress=2.159.96.52 IpPort=46508",
    "host": "workstation-001",
    "source": "WinEventLog:Security",
    "sourcetype": "WinEventLog:Security",
    "index": "windows",
    "EventCode": "4720",
    "ComputerName": "WORKSTATION-001",
    "AccountName": "user011",
    "AccountDomain": "ACME",
    "LogonType": "3",
    "src_ip": "192.168.1.85.25"
  },
  {
    "_time": 1700001712,
    "_raw": "EventID=4769 ComputerName=WORKSTATION-015 AccountName=SYSTEM AccountDomain=CORP LogonType=4 IpAddress=58.176.7.238 IpPort=13648",
    "host": "workstation-015",
    "source": "WinEventLog:Security",
    "sourcetype": "WinEventLog:Security",
    "index": "windows",
    "EventCode": "4769",
    "ComputerName": "WORKSTATION-015",
    "AccountName": "SYSTEM",
    "AccountDomain": "CORP",
    "LogonType": "4",
    "src_ip": "192.168.1.150.187"
  },
  {
    "_time": 1700008570,
    "_raw": "EventID=4672 ComputerName=WORKSTATION-020 AccountName=user013 AccountDomain=ACME LogonType=10 IpAddress=52.39.78.27 IpPort=48908",
    "host": "workstation-020",
    "source": "WinEventLog:Security",
    "sourcetype": "WinEventLog:Security",
    "index": "windows",
    "EventCode": "4672",
    "ComputerName": "WORKSTATION-020",
    "AccountName": "user013",
    "AccountDomain": "ACME",
    "LogonType": "10",
    "src_ip": "10.0.68.145"
  },
  {
    "_time": 1700003432,
    "_raw": "EventID=4634 ComputerName=WORKSTATION-026 AccountName=user017 AccountDomain=CONTOSO LogonType=5 IpAddress=198.141.242.54 IpPort=12040",
    "host": "workstation-026",
    "source": "WinEventLog:Security",
    "sourcetype": "WinEventLog:Security",
    "index": "windows",
    "EventCode": "4634",
    "ComputerName": "WORKSTATION-026",
    "AccountName": "user017",
    "AccountDomain": "CONTOSO",
    "LogonType": "5",
    "src_ip": "10.0.254.56"
  },
  {
    "_time": 1700002577,
    "_raw": "EventID=4769 ComputerName=WORKSTATION-005 AccountName=user005 AccountDomain=CORP LogonType=2 IpAddress=14.70.225.109 IpPort=44595",
    "host": "workstation-005",
    "source": "WinEventLog:Security",
    "sourcetype": "WinEventLog:Security",
    "index": "windows",
    "EventCode": "4769",
    "ComputerName": "WORKSTATION-005",
    "AccountName": "user005",
    "AccountDomain": "CORP",
    "LogonType": "2",
    "src_ip": "78.60.123.144"
  },
  {
    "_time": 1700011180,
    "_raw": "EventID=4688 ComputerName=WORKSTATION-025 AccountName=user013 AccountDomain=CONTOSO LogonType=4 IpAddress=134.162.40.227 IpPort=40698",
    "host": "workstation-025",
    "source": "WinEventLog:Security",
    "sourcetype": "WinEventLog:Security",
    "index": "windows",
    "EventCode": "4688",
    "ComputerName": "WORKSTATION-025",
    "AccountName": "user013",
    "AccountDomain": "CONTOSO",
    "LogonType": "4",
    "src_ip": "43.142.73.216"
  },
  {
    "_time": 1700012054,
    "_raw": "EventID=4768 ComputerName=WORKSTATION-015 AccountName=user016 AccountDomain=CONTOSO LogonType=2 IpAddress=112.178.91.7 IpPort=57787",
    "host": "workstation-015",
    "source": "WinEventLog:Security",
    "sourcetype": "WinEventLog:Security",
    "index": "windows",
    "EventCode": "4768",
    "ComputerName": "WORKSTATION-015",
    "AccountName": "user016",
    "AccountDomain": "CONTOSO",
    "LogonType": "2",
    "src_ip": "120.177.217.55"
  },
  {
    "_time": 1700017240,
    "_raw": "EventID=4768 ComputerName=WORKSTATION-029 AccountName=user007 AccountDomain=ACME LogonType=3 IpAddress=3.100.226.93 IpPort=35496",
    "host": "workstation-029",
    "source": "WinEventLog:Security",
    "sourcetype": "WinEventLog:Security",
    "index": "windows",
    "EventCode": "4768",
    "ComputerName": "WORKSTATION-029",
    "AccountName": "user007",
    "AccountDomain": "ACME",
    "LogonType": "3",
    "src_ip": "172.16.80.85"
  },
  {
    "_time": 1700003452,
    "_raw": "EventID=4672 ComputerName=WORKSTATION-030 AccountName=user009 AccountDomain=CONTOSO LogonType=10 IpAddress=172.16.71.165 IpPort=32398",
    "host": "workstation-030",
    "source": "WinEventLog:Security",
    "sourcetype": "WinEventLog:Security",
    "index": "windows",
    "EventCode": "4672",
    "ComputerName": "WORKSTATION-030",
    "AccountName": "user009",
    "AccountDomain": "CONTOSO",
    "LogonType": "10",
    "src_ip": "179.129.140.161"
  },
  {
    "_time": 1700001728,
    "_raw": "EventID=4769 ComputerName=WORKSTATION-027 AccountName=user001 AccountDomain=CONTOSO LogonType=10 IpAddress=126.88.242.192 IpPort=58363",
    "host": "workstation-027",
    "source": "WinEventLog:Security",
    "sourcetype": "WinEventLog:Security",
    "index": "windows",
    "EventCode": "4769",
    "ComputerName": "WORKSTATION-027",
    "AccountName": "user001",
    "AccountDomain": "CONTOSO",
    "LogonType": "10",
    "src_ip": "140.53.19.95"
  },
  {
    "_time": 1700000865,
    "_raw": "EventID=4769 ComputerName=WORKSTATION-029 AccountName=user005 AccountDomain=CONTOSO LogonType=3 IpAddress=34.42.214.214 IpPort=56454",
    "host": "workstation-029",
    "source": "WinEventLog:Security",
    "sourcetype": "WinEventLog:Security",
    "index": "windows",
    "EventCode": "4769",
    "ComputerName": "WORKSTATION-029",
    "AccountName": "user005",
    "AccountDomain": "CONTOSO",
    "LogonType": "3",
    "src_ip": "192.168.1.164.182"
  },
  {
    "_time": 1700001732,
    "_raw": "EventID=4672 ComputerName=WORKSTATION-004 AccountName=user018 AccountDomain=ACME LogonType=10 IpAddress=86.162.86.232 IpPort=39483",
    "host": "workstation-004",
    "source": "WinEventLog:Security",
    "sourcetype": "WinEventLog:Security",
    "index": "windows",
    "EventCode": "4672",
    "ComputerName": "WORKSTATION-004",
    "AccountName": "user018",
    "AccountDomain": "ACME",
    "LogonType": "10",
    "src_ip": "94.7.206.107"
  },
  {
    "_time": 1700023409,
    "_raw": "EventID=4776 ComputerName=WORKSTATION-022 AccountName=user002 AccountDomain=CORP LogonType=10 IpAddress=192.168.1.22.45 IpPort=30082",
    "host": "workstation-022",
    "source": "WinEventLog:Security",
    "sourcetype": "WinEventLog:Security",
    "index": "windows",
    "EventCode": "4776",
    "ComputerName": "WORKSTATION-022",
    "AccountName": "user002",
    "AccountDomain": "CORP",
    "LogonType": "10",
    "src_ip": "172.16.51.177"
  },
  {
    "_time": 1700014756,
    "_raw": "EventID=4688 ComputerName=WORKSTATION-006 AccountName=NETWORK SERVICE AccountDomain=CONTOSO LogonType=4 IpAddress=192.168.1.31.88 IpPort=31580",
    "host": "workstation-006",
    "source": "WinEventLog:Security",
    "sourcetype": "WinEventLog:Security",
    "index": "windows",
    "EventCode": "4688",
    "ComputerName": "WORKSTATION-006",
    "AccountName": "NETWORK SERVICE",
    "AccountDomain": "CONTOSO",
    "LogonType": "4",
    "src_ip": "179.44.237.23"
  },
  {
    "_time": 1700003476,
    "_raw": "EventID=4625 ComputerName=WORKSTATION-006 AccountName=user003 AccountDomain=CORP LogonType=10 IpAddress=6.86.5.56 IpPort=42832",
    "host": "workstation-006",
    "source": "WinEventLog:Security",
    "sourcetype": "WinEventLog:Security",
    "index": "windows",
    "EventCode": "4625",
    "ComputerName": "WORKSTATION-006",
    "AccountName": "user003",
    "AccountDomain": "CORP",
    "LogonType": "10",
    "src_ip": "21.126.157.215"
  },
  {
    "_time": 1700019140,
    "_raw": "EventID=4776 ComputerName=WORKSTATION-029 AccountName=user007 AccountDomain=CONTOSO LogonType=3 IpAddress=98.146.91.72 IpPort=10226",
    "host": "workstation-029",
    "source": "WinEventLog:Security",
    "sourcetype": "WinEventLog:Security",
    "index": "windows",
    "EventCode": "4776",
    "ComputerName": "WORKSTATION-029",
    "AccountName": "user007",
    "AccountDomain": "CONTOSO",
    "LogonType": "3",
    "src_ip": "106.115.96.70"
  },
  {
    "_time": 1700025259,
    "_raw": "EventID=4648 ComputerName=WORKSTATION-006 AccountName=user010 AccountDomain=ACME LogonType=5 IpAddress=192.168.1.91.149 IpPort=24853",
    "host": "workstation-006",
    "source": "WinEventLog:Security",
    "sourcetype": "WinEventLog:Security",
    "index": "windows",
    "EventCode": "4648",
    "ComputerName": "WORKSTATION-006",
    "AccountName": "user010",
    "AccountDomain": "ACME",
    "LogonType": "5",
    "src_ip": "165.230.87.10"
  },
  {
    "_time": 1700023544,
    "_raw": "EventID=4769 ComputerName=WORKSTATION-013 AccountName=user005 AccountDomain=CONTOSO LogonType=3 IpAddress=112.177.147.54 IpPort=23449",
    "host": "workstation-013",
    "source": "WinEventLog:Security",
    "sourcetype": "WinEventLog:Security",
    "index": "windows",
    "EventCode": "4769",
    "ComputerName": "WORKSTATION-013",
    "AccountName": "user005",
    "AccountDomain": "CONTOSO",
    "LogonType": "3",
    "src_ip": "129.137.46.132"
  },
  {
    "_time": 1700021825,
    "_raw": "EventID=4648 ComputerName=WORKSTATION-009 AccountName=user007 AccountDomain=ACME LogonType=2 IpAddress=133.95.243.36 IpPort=31645",
    "host": "workstation-009",
    "source": "WinEventLog:Security",
    "sourcetype": "WinEventLog:Security",
    "index": "windows",
    "EventCode": "4648",
    "ComputerName": "WORKSTATION-009",
    "AccountName": "user007",
    "AccountDomain": "ACME",
    "LogonType": "2",
    "src_ip": "96.193.17.83"
  },
  {
    "_time": 1700020102,
    "_raw": "EventID=4625 ComputerName=WORKSTATION-021 AccountName=user012 AccountDomain=CORP LogonType=5 IpAddress=87.51.95.234 IpPort=24486",
    "host": "workstation-021",
    "source": "WinEventLog:Security",
    "sourcetype": "WinEventLog:Security",
    "index": "windows",
    "EventCode": "4625",
    "ComputerName": "WORKSTATION-021",
    "AccountName": "user012",
    "AccountDomain": "CORP",
    "LogonType": "5",
    "src_ip": "120.95.11.113"
  },
  {
    "_time": 1700022750,
    "_raw": "EventID=4769 ComputerName=WORKSTATION-015 AccountName=user019 AccountDomain=CONTOSO LogonType=5 IpAddress=122.124.129.186 IpPort=25483",
    "host": "workstation-015",
    "source": "WinEventLog:Security",
    "sourcetype": "WinEventLog:Security",
    "index": "windows",
    "EventCode": "4769",
    "ComputerName": "WORKSTATION-015",
    "AccountName": "user019",
    "AccountDomain": "CONTOSO",
    "LogonType": "5",
    "src_ip": "124.205.153.11"
  },
  {
    "_time": 1700026280,
    "_raw": "EventID=4648 ComputerName=WORKSTATION-025 AccountName=user017 AccountDomain=CORP LogonType=5 IpAddress=148.205.14.42 IpPort=34591",
    "host": "workstation-025",
    "source": "WinEventLog:Security",
    "sourcetype": "WinEventLog:Security",
    "index": "windows",
    "EventCode": "4648",
    "ComputerName": "WORKSTATION-025",
    "AccountName": "user017",
    "AccountDomain": "CORP",
    "LogonType": "5",
    "src_ip": "192.168.1.227.153"
  },
  {
    "_time": 1700020171,
    "_raw": "EventID=4768 ComputerName=WORKSTATION-007 AccountName=user019 AccountDomain=CORP LogonType=4 IpAddress=14.46.158.203 IpPort=51212",
    "host": "workstation-007",
    "source": "WinEventLog:Security",
    "sourcetype": "WinEventLog:Security",
    "index": "windows",
    "EventCode": "4768",
    "ComputerName": "WORKSTATION-007",
    "AccountName": "user019",
    "AccountDomain": "CORP",
    "LogonType": "4",
    "src_ip": "192.168.1.118.102"
  },
  {
    "_time": 1700005268,
    "_raw": "EventID=4720 ComputerName=WORKSTATION-001 AccountName=LOCAL SERVICE AccountDomain=CORP LogonType=3 IpAddress=21.94.120.220 IpPort=14348",
    "host": "workstation-001",
    "source": "WinEventLog:Security",
    "sourcetype": "WinEventLog:Security",
    "index": "windows",
    "EventCode": "4720",
    "ComputerName": "WORKSTATION-001",
    "AccountName": "LOCAL SERVICE",
    "AccountDomain": "CORP",
    "LogonType": "3",
    "src_ip": "186.125.78.176"
  },
  {
    "_time": 1700015822,
    "_raw": "EventID=4672 ComputerName=WORKSTATION-001 AccountName=user016 AccountDomain=CORP LogonType=2 IpAddress=176.201.108.234 IpPort=31977",
    "host": "workstation-001",
    "source": "WinEventLog:Security",
    "sourcetype": "WinEventLog:Security",
    "index": "windows",
    "EventCode": "4672",
    "ComputerName": "WORKSTATION-001",
    "AccountName": "user016",
    "AccountDomain": "CORP",
    "LogonType": "2",
    "src_ip": "213.237.124.196"
  },
  {
    "_time": 1700026400,
    "_raw": "EventID=4625 ComputerName=WORKSTATION-013 AccountName=user005 AccountDomain=ACME LogonType=5 IpAddress=73.217.201.137 IpPort=5720",
    "host": "workstation-013",
    "source": "WinEventLog:Security",
    "sourcetype": "WinEventLog:Security",
    "index": "windows",
    "EventCode": "4625",
    "ComputerName": "WORKSTATION-013",
    "AccountName": "user005",
    "AccountDomain": "ACME",
    "LogonType": "5",
    "src_ip": "172.13.113.227"
  },
  {
    "_time": 1700017620,
    "_raw": "EventID=4634 ComputerName=WORKSTATION-025 AccountName=user008 AccountDomain=ACME LogonType=4 IpAddress=1.203.39.166 IpPort=16102",
    "host": "workstation-025",
    "source": "WinEventLog:Security",
    "sourcetype": "WinEventLog:Security",
    "index": "windows",
    "EventCode": "4634",
    "ComputerName": "WORKSTATION-025",
    "AccountName": "user008",
    "AccountDomain": "ACME",
    "LogonType": "4",
    "src_ip": "10.0.12.55"
  },
  {
    "_time": 1700008820,
    "_raw": "EventID=4688 ComputerName=WORKSTATION-003 AccountName=user011 AccountDomain=ACME LogonType=3 IpAddress=73.159.198.173 IpPort=54847",
    "host": "workstation-003",
    "source": "WinEventLog:Security",
    "sourcetype": "WinEventLog:Security",
    "index": "windows",
    "EventCode": "4688",
    "ComputerName": "WORKSTATION-003",
    "AccountName": "user011",
    "AccountDomain": "ACME",
    "LogonType": "3",
    "src_ip": "67.215.91.42"
  },
  {
    "_time": 1700011479,
    "_raw": "EventID=4776 ComputerName=WORKSTATION-017 AccountName=user004 AccountDomain=ACME LogonType=4 IpAddress=26.207.6.42 IpPort=21931",
    "host": "workstation-017",
    "source": "WinEventLog:Security",
    "sourcetype": "WinEventLog:Security",
    "index": "windows",
    "EventCode": "4776",
    "ComputerName": "WORKSTATION-017",
    "AccountName": "user004",
    "AccountDomain": "ACME",
    "LogonType": "4",
    "src_ip": "172.16.99.176"
  },
  {
    "_time": 1700013260,
    "_raw": "EventID=4624 ComputerName=WORKSTATION-016 AccountName=NETWORK SERVICE AccountDomain=CONTOSO LogonType=5 IpAddress=78.217.132.190 IpPort=42581",
    "host": "workstation-016",
    "source": "WinEventLog:Security",
    "sourcetype": "WinEventLog:Security",
    "index": "windows",
    "EventCode": "4624",
    "ComputerName": "WORKSTATION-016",
    "AccountName": "NETWORK SERVICE",
    "AccountDomain": "CONTOSO",
    "LogonType": "5",
    "src_ip": "192.168.1.129.96"
  },
  {
    "_time": 1700022125,
    "_raw": "EventID=4720 ComputerName=WORKSTATION-023 AccountName=user011 AccountDomain=CONTOSO LogonType=2 IpAddress=109.196.40.39 IpPort=1479",
    "host": "workstation-023",
    "source": "WinEventLog:Security",
    "sourcetype": "WinEventLog:Security",
    "index": "windows",
    "EventCode": "4720",
    "ComputerName": "WORKSTATION-023",
    "AccountName": "user011",
    "AccountDomain": "CONTOSO",
    "LogonType": "2",
    "src_ip": "182.132.101.132"
  },
  {
    "_time": 1700023922,
    "_raw": "EventID=4769 ComputerName=WORKSTATION-024 AccountName=user015 AccountDomain=ACME LogonType=5 IpAddress=10.0.223.126 IpPort=31186",
    "host": "workstation-024",
    "source": "WinEventLog:Security",
    "sourcetype": "WinEventLog:Security",
    "index": "windows",
    "EventCode": "4769",
    "ComputerName": "WORKSTATION-024",
    "AccountName": "user015",
    "AccountDomain": "ACME",
    "LogonType": "5",
    "src_ip": "154.189.129.109"
  },
  {
    "_time": 1700009757,
    "_raw": "EventID=4776 ComputerName=WORKSTATION-010 AccountName=user001 AccountDomain=CONTOSO LogonType=3 IpAddress=192.168.1.5.115 IpPort=22299",
    "host": "workstation-010",
    "source": "WinEventLog:Security",
    "sourcetype": "WinEventLog:Security",
    "index": "windows",
    "EventCode": "4776",
    "ComputerName": "WORKSTATION-010",
    "AccountName": "user001",
    "AccountDomain": "CONTOSO",
    "LogonType": "3",
    "src_ip": "10.0.153.29"
  },
  {
    "_time": 1700010656,
    "_raw": "EventID=4624 ComputerName=WORKSTATION-018 AccountName=user013 AccountDomain=CORP LogonType=2 IpAddress=33.74.252.111 IpPort=59529",
    "host": "workstation-018",
    "source": "WinEventLog:Security",
    "sourcetype": "WinEventLog:Security",
    "index": "windows",
    "EventCode": "4624",
    "ComputerName": "WORKSTATION-018",
    "AccountName": "user013",
    "AccountDomain": "CORP",
    "LogonType": "2",
    "src_ip": "192.168.1.177.159"
  },
  {
    "_time": 1700007112,
    "_raw": "EventID=4768 ComputerName=WORKSTATION-019 AccountName=user015 AccountDomain=CORP LogonType=4 IpAddress=38.51.195.132 IpPort=65266",
    "host": "workstation-019",
    "source": "WinEventLog:Security",
    "sourcetype": "WinEventLog:Security",
    "index": "windows",
    "EventCode": "4768",
    "ComputerName": "WORKSTATION-019",
    "AccountName": "user015",
    "AccountDomain": "CORP",
    "LogonType": "4",
    "src_ip": "87.154.216.103"
  },
  {
    "_time": 1700000890,
    "_raw": "EventID=4634 ComputerName=WORKSTATION-024 AccountName=user009 AccountDomain=CONTOSO LogonType=2 IpAddress=111.59.98.147 IpPort=18127",
    "host": "workstation-024",
    "source": "WinEventLog:Security",
    "sourcetype": "WinEventLog:Security",
    "index": "windows",
    "EventCode": "4634",
    "ComputerName": "WORKSTATION-024",
    "AccountName": "user009",
    "AccountDomain": "CONTOSO",
    "LogonType": "2",
    "src_ip": "158.124.25.96"
  },
  {
    "_time": 1700016929,
    "_raw": "EventID=4720 ComputerName=WORKSTATION-007 AccountName=user014 AccountDomain=ACME LogonType=3 IpAddress=172.16.12.155 IpPort=27151",
    "host": "workstation-007",
    "source": "WinEventLog:Security",
    "sourcetype": "WinEventLog:Security",
    "index": "windows",
    "EventCode": "4720",
    "ComputerName": "WORKSTATION-007",
    "AccountName": "user014",
    "AccountDomain": "ACME",
    "LogonType": "3",
    "src_ip": "174.145.139.2"
  },
  {
    "_time": 1700012488,
    "_raw": "EventID=4648 ComputerName=WORKSTATION-001 AccountName=user014 AccountDomain=CONTOSO LogonType=4 IpAddress=172.16.203.250 IpPort=42629",
    "host": "workstation-001",
    "source": "WinEventLog:Security",
    "sourcetype": "WinEventLog:Security",
    "index": "windows",
    "EventCode": "4648",
    "ComputerName": "WORKSTATION-001",
    "AccountName": "user014",
    "AccountDomain": "CONTOSO",
    "LogonType": "4",
    "src_ip": "57.115.9.182"
  },
  {
    "_time": 1700009823,
    "_raw": "EventID=4648 ComputerName=WORKSTATION-003 AccountName=SYSTEM AccountDomain=ACME LogonType=10 IpAddress=151.215.168.139 IpPort=26520",
    "host": "workstation-003",
    "source": "WinEventLog:Security",
    "sourcetype": "WinEventLog:Security",
    "index": "windows",
    "EventCode": "4648",
    "ComputerName": "WORKSTATION-003",
    "AccountName": "SYSTEM",
    "AccountDomain": "ACME",
    "LogonType": "10",
    "src_ip": "143.6.175.88"
  },
  {
    "_time": 1700009834,
    "_raw": "EventID=4672 ComputerName=WORKSTATION-027 AccountName=user015 AccountDomain=CORP LogonType=5 IpAddress=172.16.44.173 IpPort=26587",
    "host": "workstation-027",
    "source": "WinEventLog:Security",
    "sourcetype": "WinEventLog:Security",
    "index": "windows",
    "EventCode": "4672",
    "ComputerName": "WORKSTATION-027",
    "AccountName": "user015",
    "AccountDomain": "CORP",
    "LogonType": "5",
    "src_ip": "10.0.170.219"
  },
  {
    "_time": 1700017005,
    "_raw": "EventID=4625 ComputerName=WORKSTATION-021 AccountName=user016 AccountDomain=CONTOSO LogonType=2 IpAddress=172.16.95.78 IpPort=20148",
    "host": "workstation-021",
    "source": "WinEventLog:Security",
    "sourcetype": "WinEventLog:Security",
    "index": "windows",
    "EventCode": "4625",
    "ComputerName": "WORKSTATION-021",
    "AccountName": "user016",
    "AccountDomain": "CONTOSO",
    "LogonType": "2",
    "src_ip": "116.239.15.40"
  },
  {
    "_time": 1700017920,
    "_raw": "EventID=4769 ComputerName=WORKSTATION-006 AccountName=SYSTEM AccountDomain=ACME LogonType=5 IpAddress=196.11.145.143 IpPort=49786",
    "host": "workstation-006",
    "source": "WinEventLog:Security",
    "sourcetype": "WinEventLog:Security",
    "index": "windows",
    "EventCode": "4769",
    "ComputerName": "WORKSTATION-006",
    "AccountName": "SYSTEM",
    "AccountDomain": "ACME",
    "LogonType": "5",
    "src_ip": "61.192.67.97"
  },
  {
    "_time": 1700017940,
    "_raw": "EventID=4625 ComputerName=WORKSTATION-004 AccountName=user013 AccountDomain=CORP LogonType=2 IpAddress=46.81.205.141 IpPort=27796",
    "host": "workstation-004",
    "source": "WinEventLog:Security",
    "sourcetype": "WinEventLog:Security",
    "index": "windows",
    "EventCode": "4625",
    "ComputerName": "WORKSTATION-004",
    "AccountName": "user013",
    "AccountDomain": "CORP",
    "LogonType": "2",
    "src_ip": "56.214.142.82"
  },
  {
    "_time": 1700022450,
    "_raw": "EventID=4672 ComputerName=WORKSTATION-021 AccountName=user004 AccountDomain=CONTOSO LogonType=4 IpAddress=137.200.115.220 IpPort=27498",
    "host": "workstation-021",
    "source": "WinEventLog:Security",
    "sourcetype": "WinEventLog:Security",
    "index": "windows",
    "EventCode": "4672",
    "ComputerName": "WORKSTATION-021",
    "AccountName": "user004",
    "AccountDomain": "CONTOSO",
    "LogonType": "4",
    "src_ip": "119.146.230.41"
  },
  {
    "_time": 1700026970,
    "_raw": "EventID=4634 ComputerName=WORKSTATION-013 AccountName=user010 AccountDomain=CORP LogonType=4 IpAddress=168.88.50.99 IpPort=39045",
    "host": "workstation-013",
    "source": "WinEventLog:Security",
    "sourcetype": "WinEventLog:Security",
    "index": "windows",
    "EventCode": "4634",
    "ComputerName": "WORKSTATION-013",
    "AccountName": "user010",
    "AccountDomain": "CORP",
    "LogonType": "4",
    "src_ip": "108.210.96.163"
  },
  {
    "_time": 1700000900,
    "_raw": "EventID=4769 ComputerName=WORKSTATION-008 AccountName=user005 AccountDomain=CONTOSO LogonType=10 IpAddress=154.209.11.84 IpPort=40988",
    "host": "workstation-008",
    "source": "WinEventLog:Security",
    "sourcetype": "WinEventLog:Security",
    "index": "windows",
    "EventCode": "4769",
    "ComputerName": "WORKSTATION-008",
    "AccountName": "user005",
    "AccountDomain": "CONTOSO",
    "LogonType": "10",
    "src_ip": "172.16.161.121"
  },
  {
    "_time": 1700019822,
    "_raw": "EventID=4625 ComputerName=WORKSTATION-012 AccountName=user001 AccountDomain=CONTOSO LogonType=5 IpAddress=222.98.82.118 IpPort=25210",
    "host": "workstation-012",
    "source": "WinEventLog:Security",
    "sourcetype": "WinEventLog:Security",
    "index": "windows",
    "EventCode": "4625",
    "ComputerName": "WORKSTATION-012",
    "AccountName": "user001",
    "AccountDomain": "CONTOSO",
    "LogonType": "5",
    "src_ip": "62.89.241.240"
  },
  {
    "_time": 1700020746,
    "_raw": "EventID=4648 ComputerName=WORKSTATION-011 AccountName=user005 AccountDomain=ACME LogonType=2 IpAddress=192.168.1.118.63 IpPort=45829",
    "host": "workstation-011",
    "source": "WinEventLog:Security",
    "sourcetype": "WinEventLog:Security",
    "index": "windows",
    "EventCode": "4648",
    "ComputerName": "WORKSTATION-011",
    "AccountName": "user005",
    "AccountDomain": "ACME",
    "LogonType": "2",
    "src_ip": "62.90.236.129"
  },
  {
    "_time": 1700018963,
    "_raw": "EventID=4625 ComputerName=WORKSTATION-026 AccountName=SYSTEM AccountDomain=ACME LogonType=3 IpAddress=18.3.16.175 IpPort=45383",
    "host": "workstation-026",
    "source": "WinEventLog:Security",
    "sourcetype": "WinEventLog:Security",
    "index": "windows",
    "EventCode": "4625",
    "ComputerName": "WORKSTATION-026",
    "AccountName": "SYSTEM",
    "AccountDomain": "ACME",
    "LogonType": "3",
    "src_ip": "134.240.197.19"
  },
  {
    "_time": 1700023504,
    "_raw": "EventID=4688 ComputerName=WORKSTATION-009 AccountName=user018 AccountDomain=CORP LogonType=10 IpAddress=137.12.224.124 IpPort=55271",
    "host": "workstation-009",
    "source": "WinEventLog:Security",
    "sourcetype": "WinEventLog:Security",
    "index": "windows",
    "EventCode": "4688",
    "ComputerName": "WORKSTATION-009",
    "AccountName": "user018",
    "AccountDomain": "CORP",
    "LogonType": "10",
    "src_ip": "75.203.20.94"
  },
  {
    "_time": 1700011765,
    "_raw": "EventID=4768 ComputerName=WORKSTATION-021 AccountName=NETWORK SERVICE AccountDomain=ACME LogonType=2 IpAddress=192.168.1.195.212 IpPort=39022",
    "host": "workstation-021",
    "source": "WinEventLog:Security",
    "sourcetype": "WinEventLog:Security",
    "index": "windows",
    "EventCode": "4768",
    "ComputerName": "WORKSTATION-021",
    "AccountName": "NETWORK SERVICE",
    "AccountDomain": "ACME",
    "LogonType": "2",
    "src_ip": "29.86.187.106"
  },
  {
    "_time": 1700019932,
    "_raw": "EventID=4672 ComputerName=WORKSTATION-005 AccountName=user008 AccountDomain=ACME LogonType=4 IpAddress=172.16.178.19 IpPort=31055",
    "host": "workstation-005",
    "source": "WinEventLog:Security",
    "sourcetype": "WinEventLog:Security",
    "index": "windows",
    "EventCode": "4672",
    "ComputerName": "WORKSTATION-005",
    "AccountName": "user008",
    "AccountDomain": "ACME",
    "LogonType": "4",
    "src_ip": "126.125.133.88"
  },
  {
    "_time": 1700009070,
    "_raw": "EventID=4720 ComputerName=WORKSTATION-011 AccountName=user015 AccountDomain=CONTOSO LogonType=10 IpAddress=10.0.195.36 IpPort=10724",
    "host": "workstation-011",
    "source": "WinEventLog:Security",
    "sourcetype": "WinEventLog:Security",
    "index": "windows",
    "EventCode": "4720",
    "ComputerName": "WORKSTATION-011",
    "AccountName": "user015",
    "AccountDomain": "CONTOSO",
    "LogonType": "10",
    "src_ip": "7.113.189.145"
  },
  {
    "_time": 1700010896,
    "_raw": "EventID=4663 ComputerName=WORKSTATION-010 AccountName=user006 AccountDomain=CONTOSO LogonType=4 IpAddress=113.150.79.191 IpPort=53793",
    "host": "workstation-010",
    "source": "WinEventLog:Security",
    "sourcetype": "WinEventLog:Security",
    "index": "windows",
    "EventCode": "4663",
    "ComputerName": "WORKSTATION-010",
    "AccountName": "user006",
    "AccountDomain": "CONTOSO",
    "LogonType": "4",
    "src_ip": "38.149.196.66"
  },
