  {
    "_time": 1700002828,
    "_raw": "EventID=4648 ComputerName=WORKSTATION-016 AccountName=user009 AccountDomain=ACME LogonType=4 IpAddress=34.248.175.229 IpPort=45755",
    "host": "workstation-016",
    "source": "WinEventLog:Security",
    "sourcetype": "WinEventLog:Security",
    "index": "windows",
    "EventCode": "4648",
    "ComputerName": "WORKSTATION-016",
    "AccountName": "user009",
    "AccountDomain": "ACME",
    "LogonType": "4",
    "src_ip": "12.50.235.5"
  },
  {
    "_time": 1700000812,
    "_raw": "EventID=4634 ComputerName=WORKSTATION-015 AccountName=user015 AccountDomain=CORP LogonType=3 IpAddress=34.154.81.224 IpPort=62151",
    "host": "workstation-015",
    "source": "WinEventLog:Security",
    "sourcetype": "WinEventLog:Security",
    "index": "windows",
    "EventCode": "4634",
    "ComputerName": "WORKSTATION-015",
    "AccountName": "user015",
    "AccountDomain": "CORP",
    "LogonType": "3",
    "src_ip": "24.184.128.22"
  },
  {
    "_time": 1700002448,
    "_raw": "EventID=4776 ComputerName=WORKSTATION-029 AccountName=NETWORK SERVICE AccountDomain=CORP LogonType=5 IpAddress=186.119.219.168 IpPort=7000",
    "host": "workstation-029",
    "source": "WinEventLog:Security",
    "sourcetype": "WinEventLog:Security",
    "index": "windows",
    "EventCode": "4776",
    "ComputerName": "WORKSTATION-029",
    "AccountName": "NETWORK SERVICE",
    "AccountDomain": "CORP",
    "LogonType": "5",
    "src_ip": "1.109.244.20"
  },
  {
    "_time": 1700001025,
    "_raw": "EventID=4769 ComputerName=WORKSTATION-008 AccountName=user017 AccountDomain=CONTOSO LogonType=2 IpAddress=192.168.1.210.31 IpPort=57407",
    "host": "workstation-008",
    "source": "WinEventLog:Security",
    "sourcetype": "WinEventLog:Security",
    "index": "windows",
    "EventCode": "4769",
    "ComputerName": "WORKSTATION-008",
    "AccountName": "user017",
    "AccountDomain": "CONTOSO",
    "LogonType": "2",
    "src_ip": "34.244.36.59"
  },
  {
    "_time": 1700002678,
    "_raw": "EventID=4625 ComputerName=WORKSTATION-024 AccountName=user004 AccountDomain=CORP LogonType=4 IpAddress=36.195.68.165 IpPort=45400",
    "host": "workstation-024",
    "source": "WinEventLog:Security",
    "sourcetype": "WinEventLog:Security",
    "index": "windows",
    "EventCode": "4625",
    "ComputerName": "WORKSTATION-024",
    "AccountName": "user004",
    "AccountDomain": "CORP",
    "LogonType": "4",
    "src_ip": "172.16.145.3"
  },
  {
    "_time": 1700004140,
    "_raw": "EventID=4776 ComputerName=WORKSTATION-006 AccountName=user015 AccountDomain=ACME LogonType=3 IpAddress=39.210.226.221 IpPort=15261",
    "host": "workstation-006",
    "source": "WinEventLog:Security",
    "sourcetype": "WinEventLog:Security",
    "index": "windows",
    "EventCode": "4776",
    "ComputerName": "WORKSTATION-006",
    "AccountName": "user015",
    "AccountDomain": "ACME",
    "LogonType": "3",
    "src_ip": "10.0.36.193"
  },
  {
    "_time": 1700000832,
    "_raw": "EventID=4769 ComputerName=WORKSTATION-024 AccountName=user013 AccountDomain=ACME LogonType=4 IpAddress=64.141.43.64 IpPort=37291",
    "host": "workstation-024",
    "source": "WinEventLog:Security",
    "sourcetype": "WinEventLog:Security",
    "index": "windows",
    "EventCode": "4769",
    "ComputerName": "WORKSTATION-024",
    "AccountName": "user013",
    "AccountDomain": "ACME",
    "LogonType": "4",
    "src_ip": "185.145.13.218"
  },
  {
    "_time": 1700005852,
    "_raw": "EventID=4776 ComputerName=WORKSTATION-029 AccountName=user010 AccountDomain=CORP LogonType=10 IpAddress=192.200.151.166 IpPort=4600",
    "host": "workstation-029",
    "source": "WinEventLog:Security",
    "sourcetype": "WinEventLog:Security",
    "index": "windows",
    "EventCode": "4776",
    "ComputerName": "WORKSTATION-029",
    "AccountName": "user010",
    "AccountDomain": "CORP",
    "LogonType": "10",
    "src_ip": "204.122.253.99"
  },
  {
    "_time": 1700000840,
    "_raw": "EventID=4648 ComputerName=WORKSTATION-016 AccountName=NETWORK SERVICE AccountDomain=CONTOSO LogonType=10 IpAddress=4.184.162.34 IpPort=26375",
    "host": "workstation-016",
    "source": "WinEventLog:Security",
    "sourcetype": "WinEventLog:Security",
    "index": "windows",
    "EventCode": "4648",
    "ComputerName": "WORKSTATION-016",
    "AccountName": "NETWORK SERVICE",
    "AccountDomain": "CONTOSO",
    "LogonType": "10",
    "src_ip": "146.215.187.140"
  },
  {
    "_time": 1700004642,
    "_raw": "EventID=4634 ComputerName=WORKSTATION-025 AccountName=user016 AccountDomain=CORP LogonType=10 IpAddress=192.168.1.56.11 IpPort=61486",
    "host": "workstation-025",
    "source": "WinEventLog:Security",
    "sourcetype": "WinEventLog:Security",
    "index": "windows",
    "EventCode": "4634",
    "ComputerName": "WORKSTATION-025",
    "AccountName": "user016",
    "AccountDomain": "CORP",
    "LogonType": "10",
    "src_ip": "192.168.1.130.74"
  },
  {
    "_time": 1700004452,
    "_raw": "EventID=4768 ComputerName=WORKSTATION-025 AccountName=user014 AccountDomain=ACME LogonType=5 IpAddress=172.16.138.158 IpPort=11030",
    "host": "workstation-025",
    "source": "WinEventLog:Security",
    "sourcetype": "WinEventLog:Security",
    "index": "windows",
    "EventCode": "4768",
    "ComputerName": "WORKSTATION-025",
    "AccountName": "user014",
    "AccountDomain": "ACME",
    "LogonType": "5",
    "src_ip": "192.168.1.21.131"
  },
  {
    "_time": 1700006390,
    "_raw": "EventID=4648 ComputerName=WORKSTATION-026 AccountName=user005 AccountDomain=CONTOSO LogonType=5 IpAddress=196.33.158.179 IpPort=29695",
    "host": "workstation-026",
    "source": "WinEventLog:Security",
    "sourcetype": "WinEventLog:Security",
    "index": "windows",
    "EventCode": "4648",
    "ComputerName": "WORKSTATION-026",
    "AccountName": "user005",
    "AccountDomain": "CONTOSO",
    "LogonType": "5",
    "src_ip": "217.122.29.63"
  },
  {
    "_time": 1700000642,
    "_raw": "EventID=4688 ComputerName=WORKSTATION-004 AccountName=user015 AccountDomain=CONTOSO LogonType=2 IpAddress=190.89.61.4 IpPort=47416",
    "host": "workstation-004",
    "source": "WinEventLog:Security",
    "sourcetype": "WinEventLog:Security",
    "index": "windows",
    "EventCode": "4688",
    "ComputerName": "WORKSTATION-004",
    "AccountName": "user015",
    "AccountDomain": "CONTOSO",
    "LogonType": "2",
    "src_ip": "10.0.42.128"
  },
  {
    "_time": 1700002580,
    "_raw": "EventID=4768 ComputerName=WORKSTATION-017 AccountName=user009 AccountDomain=CORP LogonType=3 IpAddress=69.60.15.86 IpPort=53918",
    "host": "workstation-017",
    "source": "WinEventLog:Security",
    "sourcetype": "WinEventLog:Security",
    "index": "windows",
    "EventCode": "4768",
    "ComputerName": "WORKSTATION-017",
    "AccountName": "user009",
    "AccountDomain": "CORP",
    "LogonType": "3",
    "src_ip": "135.32.134.183"
  },
  {
    "_time": 1700004104,
    "_raw": "EventID=4776 ComputerName=WORKSTATION-003 AccountName=user016 AccountDomain=ACME LogonType=4 IpAddress=172.16.43.95 IpPort=11333",
    "host": "workstation-003",
    "source": "WinEventLog:Security",
    "sourcetype": "WinEventLog:Security",
    "index": "windows",
    "EventCode": "4776",
    "ComputerName": "WORKSTATION-003",
    "AccountName": "user016",
    "AccountDomain": "ACME",
    "LogonType": "4",
    "src_ip": "10.0.229.147"
  },
  {
    "_time": 1700004774,
    "_raw": "EventID=4625 ComputerName=WORKSTATION-008 AccountName=user017 AccountDomain=CORP LogonType=2 IpAddress=192.168.1.94.99 IpPort=61331",
    "host": "workstation-008",
    "source": "WinEventLog:Security",
    "sourcetype": "WinEventLog:Security",
    "index": "windows",
    "EventCode": "4625",
    "ComputerName": "WORKSTATION-008",
    "AccountName": "user017",
    "AccountDomain": "CORP",
    "LogonType": "2",
    "src_ip": "10.0.142.206"
  },
  {
    "_time": 1700006540,
    "_raw": "EventID=4776 ComputerName=WORKSTATION-014 AccountName=user008 AccountDomain=ACME LogonType=5 IpAddress=82.138.39.147 IpPort=25456",
    "host": "workstation-014",
    "source": "WinEventLog:Security",
    "sourcetype": "WinEventLog:Security",
    "index": "windows",
    "EventCode": "4776",
    "ComputerName": "WORKSTATION-014",
    "AccountName": "user008",
    "AccountDomain": "ACME",
    "LogonType": "5",
    "src_ip": "172.16.231.14"
  },
  {
    "_time": 1700001314,
    "_raw": "EventID=4648 ComputerName=WORKSTATION-026 AccountName=user017 AccountDomain=CORP LogonType=2 IpAddress=222.144.159.84 IpPort=6685",
    "host": "workstation-026",
    "source": "WinEventLog:Security",
    "sourcetype": "WinEventLog:Security",
    "index": "windows",
    "EventCode": "4648",
    "ComputerName": "WORKSTATION-026",
    "AccountName": "user017",
    "AccountDomain": "CORP",
    "LogonType": "2",
    "src_ip": "3.188.102.75"
  },
  {
    "_time": 1700004180,
    "_raw": "EventID=4663 ComputerName=WORKSTATION-024 AccountName=SYSTEM AccountDomain=CORP LogonType=4 IpAddress=127.100.125.39 IpPort=1441",
    "host": "workstation-024",
    "source": "WinEventLog:Security",
    "sourcetype": "WinEventLog:Security",
    "index": "windows",
    "EventCode": "4663",
    "ComputerName": "WORKSTATION-024",
    "AccountName": "SYSTEM",
    "AccountDomain": "CORP",
    "LogonType": "4",
    "src_ip": "7.119.177.163"
  },
  {
    "_time": 1700005967,
    "_raw": "EventID=4624 ComputerName=WORKSTATION-011 AccountName=user001 AccountDomain=CONTOSO LogonType=4 IpAddress=172.16.252.61 IpPort=28537",
    "host": "workstation-011",
    "source": "WinEventLog:Security",
    "sourcetype": "WinEventLog:Security",
    "index": "windows",
    "EventCode": "4624",
    "ComputerName": "WORKSTATION-011",
    "AccountName": "user001",
    "AccountDomain": "CONTOSO",
    "LogonType": "4",
    "src_ip": "16.72.143.24"
  },
  {
    "_time": 1700000444,
    "_raw": "EventID=4648 ComputerName=WORKSTATION-029 AccountName=user017 AccountDomain=ACME LogonType=4 IpAddress=192.43.48.130 IpPort=9773",
    "host": "workstation-029",
    "source": "WinEventLog:Security",
    "sourcetype": "WinEventLog:Security",
    "index": "windows",
    "EventCode": "4648",
    "ComputerName": "WORKSTATION-029",
    "AccountName": "user017",
    "AccountDomain": "ACME",
    "LogonType": "4",
    "src_ip": "101.38.31.112"
  },
  {
    "_time": 1700004906,
    "_raw": "EventID=4634 ComputerName=WORKSTATION-008 AccountName=user010 AccountDomain=ACME LogonType=5 IpAddress=189.167.162.116 IpPort=18846",
    "host": "workstation-008",
    "source": "WinEventLog:Security",
    "sourcetype": "WinEventLog:Security",
    "index": "windows",
    "EventCode": "4634",
    "ComputerName": "WORKSTATION-008",
    "AccountName": "user010",
    "AccountDomain": "ACME",
    "LogonType": "5",
    "src_ip": "10.0.35.200"
  },
  {
    "_time": 1700005600,
    "_raw": "EventID=4769 ComputerName=WORKSTATION-004 AccountName=user005 AccountDomain=CORP LogonType=5 IpAddress=105.61.183.247 IpPort=51508",
    "host": "workstation-004",
    "source": "WinEventLog:Security",
    "sourcetype": "WinEventLog:Security",
    "index": "windows",
    "EventCode": "4769",
    "ComputerName": "WORKSTATION-004",
    "AccountName": "user005",
    "AccountDomain": "CORP",
    "LogonType": "5",
    "src_ip": "192.168.1.119.68"
  },
  {
    "_time": 1700006300,
    "_raw": "EventID=4625 ComputerName=WORKSTATION-003 AccountName=user006 AccountDomain=CONTOSO LogonType=10 IpAddress=192.168.1.38.24 IpPort=47630",
    "host": "workstation-003",
    "source": "WinEventLog:Security",
    "sourcetype": "WinEventLog:Security",
    "index": "windows",
    "EventCode": "4625",
    "ComputerName": "WORKSTATION-003",
    "AccountName": "user006",
    "AccountDomain": "CONTOSO",
    "LogonType": "10",
    "src_ip": "192.168.1.102.132"
  },
  {
    "_time": 1700000452,
    "_raw": "EventID=4776 ComputerName=WORKSTATION-010 AccountName=user009 AccountDomain=CORP LogonType=5 IpAddress=143.127.48.119 IpPort=7702",
    "host": "workstation-010",
    "source": "WinEventLog:Security",
    "sourcetype": "WinEventLog:Security",
    "index": "windows",
    "EventCode": "4776",
    "ComputerName": "WORKSTATION-010",
    "AccountName": "user009",
    "AccountDomain": "CORP",
    "LogonType": "5",
    "src_ip": "36.62.6.16"
  },
  {
    "_time": 1700006129,
    "_raw": "EventID=4648 ComputerName=WORKSTATION-005 AccountName=user007 AccountDomain=ACME LogonType=2 IpAddress=67.38.11.17 IpPort=13983",
    "host": "workstation-005",
    "source": "WinEventLog:Security",
    "sourcetype": "WinEventLog:Security",
    "index": "windows",
    "EventCode": "4648",
    "ComputerName": "WORKSTATION-005",
    "AccountName": "user007",
    "AccountDomain": "ACME",
    "LogonType": "2",
    "src_ip": "114.65.47.232"
  },
  {
    "_time": 1700006384,
    "_raw": "EventID=4672 ComputerName=WORKSTATION-004 AccountName=user002 AccountDomain=ACME LogonType=3 IpAddress=111.202.254.8 IpPort=26106",
    "host": "workstation-004",
    "source": "WinEventLog:Security",
    "sourcetype": "WinEventLog:Security",
    "index": "windows",
    "EventCode": "4672",
    "ComputerName": "WORKSTATION-004",
    "AccountName": "user002",
    "AccountDomain": "ACME",
    "LogonType": "3",
    "src_ip": "45.181.109.233"
  },
  {
    "_time": 1700001374,
    "_raw": "EventID=4663 ComputerName=WORKSTATION-009 AccountName=user015 AccountDomain=CORP LogonType=10 IpAddress=63.151.255.106 IpPort=58877",
    "host": "workstation-009",
    "source": "WinEventLog:Security",
    "sourcetype": "WinEventLog:Security",
    "index": "windows",
    "EventCode": "4663",
    "ComputerName": "WORKSTATION-009",
    "AccountName": "user015",
    "AccountDomain": "CORP",
    "LogonType": "10",
    "src_ip": "16.44.143.99"
  },
  {
    "_time": 1700001150,
    "_raw": "EventID=4688 ComputerName=WORKSTATION-007 AccountName=NETWORK SERVICE AccountDomain=CONTOSO LogonType=10 IpAddress=98.183.245.140 IpPort=52236",
    "host": "workstation-007",
    "source": "WinEventLog:Security",
    "sourcetype": "WinEventLog:Security",
    "index": "windows",
    "EventCode": "4688",
    "ComputerName": "WORKSTATION-007",
    "AccountName": "NETWORK SERVICE",
    "AccountDomain": "CONTOSO",
    "LogonType": "10",
    "src_ip": "145.164.198.70"
  },
  {
    "_time": 1700001386,
    "_raw": "EventID=4624 ComputerName=WORKSTATION-011 AccountName=SYSTEM AccountDomain=CORP LogonType=4 IpAddress=192.168.1.136.92 IpPort=51279",
    "host": "workstation-011",
    "source": "WinEventLog:Security",
    "sourcetype": "WinEventLog:Security",
    "index": "windows",
    "EventCode": "4624",
    "ComputerName": "WORKSTATION-011",
    "AccountName": "SYSTEM",
    "AccountDomain": "CORP",
    "LogonType": "4",
    "src_ip": "60.81.51.64"
  },
  {
    "_time": 1700005104,
    "_raw": "EventID=4648 ComputerName=WORKSTATION-009 AccountName=user018 AccountDomain=CONTOSO LogonType=3 IpAddress=205.198.181.240 IpPort=56023",
    "host": "workstation-009",
    "source": "WinEventLog:Security",
    "sourcetype": "WinEventLog:Security",
    "index": "windows",
    "EventCode": "4648",
    "ComputerName": "WORKSTATION-009",
    "AccountName": "user018",
    "AccountDomain": "CONTOSO",
    "LogonType": "3",
    "src_ip": "45.90.121.152"
  },
  {
    "_time": 1700002563,
    "_raw": "EventID=4672 ComputerName=WORKSTATION-030 AccountName=user019 AccountDomain=CORP LogonType=4 IpAddress=145.72.96.215 IpPort=54134",
    "host": "workstation-030",
    "source": "WinEventLog:Security",
    "sourcetype": "WinEventLog:Security",
    "index": "windows",
    "EventCode": "4672",
    "ComputerName": "WORKSTATION-030",
    "AccountName": "user019",
    "AccountDomain": "CORP",
    "LogonType": "4",
    "src_ip": "127.158.89.126"
  },
  {
    "_time": 1700000468,
    "_raw": "EventID=4625 ComputerName=WORKSTATION-002 AccountName=user008 AccountDomain=CONTOSO LogonType=2 IpAddress=1.169.103.207 IpPort=9575",
    "host": "workstation-002",
    "source": "WinEventLog:Security",
    "sourcetype": "WinEventLog:Security",
    "index": "windows",
    "EventCode": "4625",
    "ComputerName": "WORKSTATION-002",
    "AccountName": "user008",
    "AccountDomain": "CONTOSO",
    "LogonType": "2",
    "src_ip": "46.165.30.6"
  },
  {
    "_time": 1700001175,
    "_raw": "EventID=4769 ComputerName=WORKSTATION-023 AccountName=user005 AccountDomain=CORP LogonType=4 IpAddress=96.202.51.87 IpPort=20800",
    "host": "workstation-023",
    "source": "WinEventLog:Security",
    "sourcetype": "WinEventLog:Security",
    "index": "windows",
    "EventCode": "4769",
    "ComputerName": "WORKSTATION-023",
    "AccountName": "user005",
    "AccountDomain": "CORP",
    "LogonType": "4",
    "src_ip": "41.223.249.167"
  },
  {
    "_time": 1700002596,
    "_raw": "EventID=4634 ComputerName=WORKSTATION-023 AccountName=user018 AccountDomain=CONTOSO LogonType=4 IpAddress=172.16.209.45 IpPort=25821",
    "host": "workstation-023",
    "source": "WinEventLog:Security",
    "sourcetype": "WinEventLog:Security",
    "index": "windows",
    "EventCode": "4634",
    "ComputerName": "WORKSTATION-023",
    "AccountName": "user018",
    "AccountDomain": "CONTOSO",
    "LogonType": "4",
    "src_ip": "177.150.65.46"
  },
  {
    "_time": 1700005688,
    "_raw": "EventID=4624 ComputerName=WORKSTATION-023 AccountName=user019 AccountDomain=ACME LogonType=2 IpAddress=192.168.1.236.208 IpPort=64432",
    "host": "workstation-023",
    "source": "WinEventLog:Security",
    "sourcetype": "WinEventLog:Security",
    "index": "windows",
    "EventCode": "4624",
    "ComputerName": "WORKSTATION-023",
    "AccountName": "user019",
    "AccountDomain": "ACME",
    "LogonType": "2",
    "src_ip": "164.53.254.37"
  },
  {
    "_time": 1700002618,
    "_raw": "EventID=4625 ComputerName=WORKSTATION-008 AccountName=user012 AccountDomain=ACME LogonType=2 IpAddress=172.171.228.3 IpPort=18404",
    "host": "workstation-008",
    "source": "WinEventLog:Security",
    "sourcetype": "WinEventLog:Security",
    "index": "windows",
    "EventCode": "4625",
    "ComputerName": "WORKSTATION-008",
    "AccountName": "user012",
    "AccountDomain": "ACME",
    "LogonType": "2",
    "src_ip": "172.16.18.90"
  },
  {
    "_time": 1700002151,
    "_raw": "EventID=4625 ComputerName=WORKSTATION-024 AccountName=user001 AccountDomain=CORP LogonType=5 IpAddress=43.211.252.226 IpPort=25843",
    "host": "workstation-024",
    "source": "WinEventLog:Security",
    "sourcetype": "WinEventLog:Security",
    "index": "windows",
    "EventCode": "4625",
    "ComputerName": "WORKSTATION-024",
    "AccountName": "user001",
    "AccountDomain": "CORP",
    "LogonType": "5",
    "src_ip": "97.51.245.202"
  },
  {
    "_time": 1700006720,
    "_raw": "EventID=4769 ComputerName=WORKSTATION-021 AccountName=LOCAL SERVICE AccountDomain=CORP LogonType=5 IpAddress=10.0.76.6 IpPort=21911",
    "host": "workstation-021",
    "source": "WinEventLog:Security",
    "sourcetype": "WinEventLog:Security",
    "index": "windows",
    "EventCode": "4769",
    "ComputerName": "WORKSTATION-021",
    "AccountName": "LOCAL SERVICE",
    "AccountDomain": "CORP",
    "LogonType": "5",
    "src_ip": "10.0.19.88"
  },
  {
    "_time": 1700001446,
    "_raw": "EventID=4688 ComputerName=WORKSTATION-006 AccountName=user003 AccountDomain=CONTOSO LogonType=4 IpAddress=158.247.15.111 IpPort=62787",
    "host": "workstation-006",
    "source": "WinEventLog:Security",
    "sourcetype": "WinEventLog:Security",
    "index": "windows",
    "EventCode": "4688",
    "ComputerName": "WORKSTATION-006",
    "AccountName": "user003",
    "AccountDomain": "CONTOSO",
    "LogonType": "4",
    "src_ip": "156.222.80.14"
  },
  {
    "_time": 1700000968,
    "_raw": "EventID=4672 ComputerName=WORKSTATION-007 AccountName=user007 AccountDomain=ACME LogonType=10 IpAddress=187.135.144.77 IpPort=16591",
    "host": "workstation-007",
    "source": "WinEventLog:Security",
    "sourcetype": "WinEventLog:Security",
    "index": "windows",
    "EventCode": "4672",
    "ComputerName": "WORKSTATION-007",
    "AccountName": "user007",
    "AccountDomain": "ACME",
    "LogonType": "10",
    "src_ip": "192.168.1.147.141"
  },
  {
    "_time": 1700006561,
    "_raw": "EventID=4720 ComputerName=WORKSTATION-005 AccountName=user002 AccountDomain=ACME LogonType=5 IpAddress=172.16.161.154 IpPort=32502",
    "host": "workstation-005",
    "source": "WinEventLog:Security",
    "sourcetype": "WinEventLog:Security",
    "index": "windows",
    "EventCode": "4720",
    "ComputerName": "WORKSTATION-005",
    "AccountName": "user002",
    "AccountDomain": "ACME",
    "LogonType": "5",
    "src_ip": "10.0.53.44"
  },
  {
    "_time": 1700005124,
    "_raw": "EventID=4663 ComputerName=WORKSTATION-003 AccountName=user016 AccountDomain=CORP LogonType=5 IpAddress=170.135.46.165 IpPort=36683",
    "host": "workstation-003",
    "source": "WinEventLog:Security",
    "sourcetype": "WinEventLog:Security",
    "index": "windows",
    "EventCode": "4663",
    "ComputerName": "WORKSTATION-003",
    "AccountName": "user016",
    "AccountDomain": "CORP",
    "LogonType": "5",
    "src_ip": "95.195.189.48"
  },
  {
    "_time": 1700003675,
    "_raw": "EventID=4624 ComputerName=WORKSTATION-009 AccountName=user015 AccountDomain=ACME LogonType=3 IpAddress=145.31.77.193 IpPort=46667",
    "host": "workstation-009",
    "source": "WinEventLog:Security",
    "sourcetype": "WinEventLog:Security",
    "index": "windows",
    "EventCode": "4624",
    "ComputerName": "WORKSTATION-009",
    "AccountName": "user015",
    "AccountDomain": "ACME",
    "LogonType": "3",
    "src_ip": "22.176.211.249"
  },
  {
    "_time": 1700006150,
    "_raw": "EventID=4769 ComputerName=WORKSTATION-008 AccountName=user018 AccountDomain=CORP LogonType=10 IpAddress=138.243.120.122 IpPort=20609",
    "host": "workstation-008",
    "source": "WinEventLog:Security",
    "sourcetype": "WinEventLog:Security",
    "index": "windows",
    "EventCode": "4769",
    "ComputerName": "WORKSTATION-008",
    "AccountName": "user018",
    "AccountDomain": "CORP",
    "LogonType": "10",
    "src_ip": "172.16.9.129"
  },
  {
    "_time": 1700004693,
    "_raw": "EventID=4768 ComputerName=WORKSTATION-026 AccountName=user019 AccountDomain=CONTOSO LogonType=3 IpAddress=192.168.1.45.243 IpPort=65535",
    "host": "workstation-026",
    "source": "WinEventLog:Security",
    "sourcetype": "WinEventLog:Security",
    "index": "windows",
    "EventCode": "4768",
    "ComputerName": "WORKSTATION-026",
    "AccountName": "user019",
    "AccountDomain": "CONTOSO",
    "LogonType": "3",
    "src_ip": "10.0.207.50"
  },
  {
    "_time": 1700001240,
    "_raw": "EventID=4624 ComputerName=WORKSTATION-014 AccountName=user003 AccountDomain=CONTOSO LogonType=3 IpAddress=161.75.132.82 IpPort=60714",
    "host": "workstation-014",
    "source": "WinEventLog:Security",
    "sourcetype": "WinEventLog:Security",
    "index": "windows",
    "EventCode": "4624",
    "ComputerName": "WORKSTATION-014",
    "AccountName": "user003",
    "AccountDomain": "CONTOSO",
    "LogonType": "3",
    "src_ip": "207.34.44.100"
  },
  {
    "_time": 1700004482,
    "_raw": "EventID=4688 ComputerName=WORKSTATION-018 AccountName=user011 AccountDomain=ACME LogonType=5 IpAddress=4.214.57.107 IpPort=10830",
    "host": "workstation-018",
    "source": "WinEventLog:Security",
    "sourcetype": "WinEventLog:Security",
    "index": "windows",
    "EventCode": "4688",
    "ComputerName": "WORKSTATION-018",
    "AccountName": "user011",
    "AccountDomain": "ACME",
    "LogonType": "5",
    "src_ip": "172.16.150.195"
  },
  {
    "_time": 1700001000,
    "_raw": "EventID=4625 ComputerName=WORKSTATION-019 AccountName=user004 AccountDomain=ACME LogonType=4 IpAddress=68.196.248.147 IpPort=40932",
    "host": "workstation-019",
    "source": "WinEventLog:Security",
    "sourcetype": "WinEventLog:Security",
    "index": "windows",
    "EventCode": "4625",
    "ComputerName": "WORKSTATION-019",
    "AccountName": "user004",
    "AccountDomain": "ACME",
    "LogonType": "4",
    "src_ip": "45.141.206.37"
  },
  {
    "_time": 1700005020,
    "_raw": "EventID=4769 ComputerName=WORKSTATION-022 AccountName=user013 AccountDomain=CORP LogonType=4 IpAddress=13.243.137.230 IpPort=25432",
    "host": "workstation-022",
    "source": "WinEventLog:Security",
    "sourcetype": "WinEventLog:Security",
    "index": "windows",
    "EventCode": "4769",
    "ComputerName": "WORKSTATION-022",
    "AccountName": "user013",
    "AccountDomain": "CORP",
    "LogonType": "4",
    "src_ip": "192.168.1.80.72"
  },
  {
    "_time": 1700006804,
    "_raw": "EventID=4720 ComputerName=WORKSTATION-028 AccountName=LOCAL SERVICE AccountDomain=CORP LogonType=3 IpAddress=191.226.164.69 IpPort=48786",
    "host": "workstation-028",
    "source": "WinEventLog:Security",
    "sourcetype": "WinEventLog:Security",
    "index": "windows",
    "EventCode": "4720",
    "ComputerName": "WORKSTATION-028",
    "AccountName": "LOCAL SERVICE",
    "AccountDomain": "CORP",
    "LogonType": "3",
    "src_ip": "166.45.96.114"
  },
  {
    "_time": 1700001771,
    "_raw": "EventID=4688 ComputerName=WORKSTATION-024 AccountName=user016 AccountDomain=CONTOSO LogonType=2 IpAddress=41.33.159.182 IpPort=34237",
    "host": "workstation-024",
    "source": "WinEventLog:Security",
    "sourcetype": "WinEventLog:Security",
    "index": "windows",
    "EventCode": "4688",
    "ComputerName": "WORKSTATION-024",
    "AccountName": "user016",
    "AccountDomain": "CONTOSO",
    "LogonType": "2",
    "src_ip": "200.14.88.50"
  },
  {
    "_time": 1700007366,
    "_raw": "EventID=4648 ComputerName=WORKSTATION-027 AccountName=user002 AccountDomain=CORP LogonType=5 IpAddress=192.168.1.181.51 IpPort=18979",
    "host": "workstation-027",
    "source": "WinEventLog:Security",
    "sourcetype": "WinEventLog:Security",
    "index": "windows",
    "EventCode": "4648",
    "ComputerName": "WORKSTATION-027",
    "AccountName": "user002",
    "AccountDomain": "CORP",
    "LogonType": "5",
    "src_ip": "119.203.63.175"
  },
  {
    "_time": 1700000255,
    "_raw": "EventID=4648 ComputerName=WORKSTATION-012 AccountName=user016 AccountDomain=CONTOSO LogonType=3 IpAddress=122.179.176.42 IpPort=55920",
    "host": "workstation-012",
    "source": "WinEventLog:Security",
    "sourcetype": "WinEventLog:Security",
    "index": "windows",
    "EventCode": "4648",
    "ComputerName": "WORKSTATION-012",
    "AccountName": "user016",
    "AccountDomain": "CONTOSO",
    "LogonType": "3",
    "src_ip": "192.46.145.8"
  },
  {
    "_time": 1700003328,
    "_raw": "EventID=4624 ComputerName=WORKSTATION-006 AccountName=user019 AccountDomain=CORP LogonType=3 IpAddress=69.209.10.222 IpPort=52161",
    "host": "workstation-006",
    "source": "WinEventLog:Security",
    "sourcetype": "WinEventLog:Security",
    "index": "windows",
    "EventCode": "4624",
    "ComputerName": "WORKSTATION-006",
    "AccountName": "user019",
    "AccountDomain": "CORP",
    "LogonType": "3",
    "src_ip": "175.4.242.234"
  },
  {
    "_time": 1700001285,
    "_raw": "EventID=4776 ComputerName=WORKSTATION-006 AccountName=SYSTEM AccountDomain=CORP LogonType=4 IpAddress=79.140.216.230 IpPort=25696",
    "host": "workstation-006",
    "source": "WinEventLog:Security",
    "sourcetype": "WinEventLog:Security",
    "index": "windows",
    "EventCode": "4776",
    "ComputerName": "WORKSTATION-006",
    "AccountName": "SYSTEM",
    "AccountDomain": "CORP",
    "LogonType": "4",
    "src_ip": "118.129.111.120"
  },
  {
    "_time": 1700002580,
    "_raw": "EventID=4776 ComputerName=WORKSTATION-017 AccountName=SYSTEM AccountDomain=ACME LogonType=2 IpAddress=172.16.248.216 IpPort=56033",
    "host": "workstation-017",
    "source": "WinEventLog:Security",
    "sourcetype": "WinEventLog:Security",
    "index": "windows",
    "EventCode": "4776",
    "ComputerName": "WORKSTATION-017",
    "AccountName": "SYSTEM",
    "AccountDomain": "ACME",
    "LogonType": "2",
    "src_ip": "166.144.152.176"
  },
  {
    "_time": 1700001036,
    "_raw": "EventID=4720 ComputerName=WORKSTATION-003 AccountName=user011 AccountDomain=ACME LogonType=4 IpAddress=67.152.96.39 IpPort=34925",
    "host": "workstation-003",
    "source": "WinEventLog:Security",
    "sourcetype": "WinEventLog:Security",
    "index": "windows",
    "EventCode": "4720",
    "ComputerName": "WORKSTATION-003",
    "AccountName": "user011",
    "AccountDomain": "ACME",
    "LogonType": "4",
    "src_ip": "15.206.163.175"
  },
  {
    "_time": 1700001300,
    "_raw": "EventID=4624 ComputerName=WORKSTATION-021 AccountName=user016 AccountDomain=ACME LogonType=5 IpAddress=189.18.97.88 IpPort=48639",
    "host": "workstation-021",
    "source": "WinEventLog:Security",
    "sourcetype": "WinEventLog:Security",
    "index": "windows",
    "EventCode": "4624",
    "ComputerName": "WORKSTATION-021",
    "AccountName": "user016",
    "AccountDomain": "ACME",
    "LogonType": "5",
    "src_ip": "176.243.183.130"
  },
  {
    "_time": 1700002610,
    "_raw": "EventID=4634 ComputerName=WORKSTATION-027 AccountName=LOCAL SERVICE AccountDomain=CONTOSO LogonType=4 IpAddress=10.0.190.67 IpPort=48549",
    "host": "workstation-027",
    "source": "WinEventLog:Security",
    "sourcetype": "WinEventLog:Security",
    "index": "windows",
    "EventCode": "4634",
    "ComputerName": "WORKSTATION-027",
    "AccountName": "LOCAL SERVICE",
    "AccountDomain": "CONTOSO",
    "LogonType": "4",
    "src_ip": "196.93.171.168"
  },
  {
    "_time": 1700000786,
    "_raw": "EventID=4648 ComputerName=WORKSTATION-012 AccountName=user008 AccountDomain=CONTOSO LogonType=5 IpAddress=85.190.133.150 IpPort=20294",
    "host": "workstation-012",
    "source": "WinEventLog:Security",
    "sourcetype": "WinEventLog:Security",
    "index": "windows",
    "EventCode": "4648",
    "ComputerName": "WORKSTATION-012",
    "AccountName": "user008",
    "AccountDomain": "CONTOSO",
    "LogonType": "5",
    "src_ip": "31.240.27.222"
  },
  {
    "_time": 1700005523,
    "_raw": "EventID=4769 ComputerName=WORKSTATION-019 AccountName=SYSTEM AccountDomain=CORP LogonType=3 IpAddress=223.195.152.106 IpPort=4567",
    "host": "workstation-019",
    "source": "WinEventLog:Security",
    "sourcetype": "WinEventLog:Security",
    "index": "windows",
    "EventCode": "4769",
    "ComputerName": "WORKSTATION-019",
    "AccountName": "SYSTEM",
    "AccountDomain": "CORP",
    "LogonType": "3",
    "src_ip": "39.70.102.88"
  },
  {
    "_time": 1700003696,
    "_raw": "EventID=4769 ComputerName=WORKSTATION-029 AccountName=user015 AccountDomain=CORP LogonType=3 IpAddress=125.170.90.81 IpPort=42606",
    "host": "workstation-029",
    "source": "WinEventLog:Security",
    "sourcetype": "WinEventLog:Security",
    "index": "windows",
    "EventCode": "4769",
    "ComputerName": "WORKSTATION-029",
    "AccountName": "user015",
    "AccountDomain": "CORP",
    "LogonType": "3",
    "src_ip": "192.168.1.71.54"
  },
  {
    "_time": 1700006625,
    "_raw": "EventID=4634 ComputerName=WORKSTATION-019 AccountName=user006 AccountDomain=ACME LogonType=3 IpAddress=163.219.206.110 IpPort=64287",
    "host": "workstation-019",
    "source": "WinEventLog:Security",
    "sourcetype": "WinEventLog:Security",
    "index": "windows",
    "EventCode": "4634",
    "ComputerName": "WORKSTATION-019",
    "AccountName": "user006",
    "AccountDomain": "ACME",
    "LogonType": "3",
    "src_ip": "2.19.102.188"
  },
  {
    "_time": 1700003192,
    "_raw": "EventID=4624 ComputerName=WORKSTATION-029 AccountName=user011 AccountDomain=CONTOSO LogonType=2 IpAddress=161.127.115.178 IpPort=58498",
    "host": "workstation-029",
    "source": "WinEventLog:Security",
    "sourcetype": "WinEventLog:Security",
    "index": "windows",
    "EventCode": "4624",
    "ComputerName": "WORKSTATION-029",
    "AccountName": "user011",
    "AccountDomain": "CONTOSO",
    "LogonType": "2",
    "src_ip": "34.52.196.129"
  },
  {
    "_time": 1700005073,
    "_raw": "EventID=4663 ComputerName=WORKSTATION-006 AccountName=user003 AccountDomain=CORP LogonType=4 IpAddress=134.172.222.228 IpPort=46032",
    "host": "workstation-006",
    "source": "WinEventLog:Security",
    "sourcetype": "WinEventLog:Security",
    "index": "windows",
    "EventCode": "4663",
    "ComputerName": "WORKSTATION-006",
    "AccountName": "user003",
    "AccountDomain": "CORP",
    "LogonType": "4",
    "src_ip": "88.250.183.193"
  },
  {
    "_time": 1700001876,
    "_raw": "EventID=4634 ComputerName=WORKSTATION-030 AccountName=user013 AccountDomain=CORP LogonType=3 IpAddress=34.108.11.151 IpPort=34095",
    "host": "workstation-030",
    "source": "WinEventLog:Security",
    "sourcetype": "WinEventLog:Security",
    "index": "windows",
    "EventCode": "4634",
    "ComputerName": "WORKSTATION-030",
    "AccountName": "user013",
    "AccountDomain": "CORP",
    "LogonType": "3",
    "src_ip": "192.168.1.183.167"
  },
  {
    "_time": 1700006994,
    "_raw": "EventID=4624 ComputerName=WORKSTATION-013 AccountName=NETWORK SERVICE AccountDomain=ACME LogonType=10 IpAddress=10.0.170.28 IpPort=43856",
    "host": "workstation-013",
    "source": "WinEventLog:Security",
    "sourcetype": "WinEventLog:Security",
    "index": "windows",
    "EventCode": "4624",
    "ComputerName": "WORKSTATION-013",
    "AccountName": "NETWORK SERVICE",
    "AccountDomain": "ACME",
    "LogonType": "10",
    "src_ip": "13.59.213.114"
  },
  {
    "_time": 1700003510,
    "_raw": "EventID=4625 ComputerName=WORKSTATION-018 AccountName=user009 AccountDomain=ACME LogonType=3 IpAddress=172.16.162.3 IpPort=20757",
    "host": "workstation-018",
    "source": "WinEventLog:Security",
    "sourcetype": "WinEventLog:Security",
    "index": "windows",
    "EventCode": "4625",
    "ComputerName": "WORKSTATION-018",
    "AccountName": "user009",
    "AccountDomain": "ACME",
    "LogonType": "3",
    "src_ip": "26.138.70.108"
  },
  {
    "_time": 1700007317,
    "_raw": "EventID=4625 ComputerName=WORKSTATION-017 AccountName=SYSTEM AccountDomain=CORP LogonType=2 IpAddress=128.101.102.200 IpPort=18259",
    "host": "workstation-017",
    "source": "WinEventLog:Security",
    "sourcetype": "WinEventLog:Security",
    "index": "windows",
    "EventCode": "4625",
    "ComputerName": "WORKSTATION-017",
    "AccountName": "SYSTEM",
    "AccountDomain": "CORP",
    "LogonType": "2",
    "src_ip": "52.183.209.76"
  },
  {
    "_time": 1700001632,
    "_raw": "EventID=4624 ComputerName=WORKSTATION-018 AccountName=user016 AccountDomain=CORP LogonType=5 IpAddress=1.6.45.233 IpPort=8261",
    "host": "workstation-018",
    "source": "WinEventLog:Security",
    "sourcetype": "WinEventLog:Security",
    "index": "windows",
    "EventCode": "4624",
    "ComputerName": "WORKSTATION-018",
    "AccountName": "user016",
    "AccountDomain": "CORP",
    "LogonType": "5",
    "src_ip": "172.252.76.244"
  },
  {
    "_time": 1700000819,
    "_raw": "EventID=4768 ComputerName=WORKSTATION-003 AccountName=user004 AccountDomain=ACME LogonType=3 IpAddress=76.135.237.13 IpPort=7565",
    "host": "workstation-003",
    "source": "WinEventLog:Security",
    "sourcetype": "WinEventLog:Security",
    "index": "windows",
    "EventCode": "4768",
    "ComputerName": "WORKSTATION-003",
    "AccountName": "user004",
    "AccountDomain": "ACME",
    "LogonType": "3",
    "src_ip": "11.148.184.206"
  },
  {
    "_time": 1700006028,
    "_raw": "EventID=4672 ComputerName=WORKSTATION-014 AccountName=user004 AccountDomain=CORP LogonType=2 IpAddress=170.87.168.92 IpPort=59647",
    "host": "workstation-014",
    "source": "WinEventLog:Security",
    "sourcetype": "WinEventLog:Security",
    "index": "windows",
    "EventCode": "4672",
    "ComputerName": "WORKSTATION-014",
    "AccountName": "user004",
    "AccountDomain": "CORP",
    "LogonType": "2",
    "src_ip": "160.137.47.96"
  },
  {
    "_time": 1700007425,
    "_raw": "EventID=4672 ComputerName=WORKSTATION-006 AccountName=user004 AccountDomain=ACME LogonType=5 IpAddress=192.168.1.177.218 IpPort=32366",
    "host": "workstation-006",
    "source": "WinEventLog:Security",
    "sourcetype": "WinEventLog:Security",
    "index": "windows",
    "EventCode": "4672",
    "ComputerName": "WORKSTATION-006",
    "AccountName": "user004",
    "AccountDomain": "ACME",
    "LogonType": "5",
    "src_ip": "167.85.57.34"
  },
  {
    "_time": 1700006348,
    "_raw": "EventID=4624 ComputerName=WORKSTATION-028 AccountName=user006 AccountDomain=CORP LogonType=10 IpAddress=146.224.92.157 IpPort=25911",
    "host": "workstation-028",
    "source": "WinEventLog:Security",
    "sourcetype": "WinEventLog:Security",
    "index": "windows",
    "EventCode": "4624",
    "ComputerName": "WORKSTATION-028",
    "AccountName": "user006",
    "AccountDomain": "CORP",
    "LogonType": "10",
    "src_ip": "157.14.66.124"
  },
  {
    "_time": 1700008310,
    "_raw": "EventID=4720 ComputerName=WORKSTATION-004 AccountName=user014 AccountDomain=ACME LogonType=2 IpAddress=192.168.1.4.181 IpPort=57931",
    "host": "workstation-004",
    "source": "WinEventLog:Security",
    "sourcetype": "WinEventLog:Security",
    "index": "windows",
    "EventCode": "4720",
    "ComputerName": "WORKSTATION-004",
    "AccountName": "user014",
    "AccountDomain": "ACME",
    "LogonType": "2",
    "src_ip": "197.114.173.133"
  },
  {
    "_time": 1700004726,
    "_raw": "EventID=4769 ComputerName=WORKSTATION-004 AccountName=user014 AccountDomain=CONTOSO LogonType=3 IpAddress=170.197.76.215 IpPort=55185",
    "host": "workstation-004",
    "source": "WinEventLog:Security",
    "sourcetype": "WinEventLog:Security",
    "index": "windows",
    "EventCode": "4769",
    "ComputerName": "WORKSTATION-004",
    "AccountName": "user014",
    "AccountDomain": "CONTOSO",
    "LogonType": "3",
    "src_ip": "157.27.5.165"
  },
  {
    "_time": 1700008370,
    "_raw": "EventID=4634 ComputerName=WORKSTATION-017 AccountName=user016 AccountDomain=ACME LogonType=2 IpAddress=83.123.169.249 IpPort=19253",
    "host": "workstation-017",
    "source": "WinEventLog:Security",
    "sourcetype": "WinEventLog:Security",
    "index": "windows",
    "EventCode": "4634",
    "ComputerName": "WORKSTATION-017",
    "AccountName": "user016",
    "AccountDomain": "ACME",
    "LogonType": "2",
    "src_ip": "10.0.141.165"
  },
  {
    "_time": 1700003640,
    "_raw": "EventID=4688 ComputerName=WORKSTATION-027 AccountName=user008 AccountDomain=CORP LogonType=5 IpAddress=115.45.255.115 IpPort=21737",
    "host": "workstation-027",
    "source": "WinEventLog:Security",
    "sourcetype": "WinEventLog:Security",
    "index": "windows",
    "EventCode": "4688",
    "ComputerName": "WORKSTATION-027",
    "AccountName": "user008",
    "AccountDomain": "CORP",
    "LogonType": "5",
    "src_ip": "192.168.1.191.168"
  },
  {
    "_time": 1700000281,
    "_raw": "EventID=4625 ComputerName=WORKSTATION-013 AccountName=user014 AccountDomain=CORP LogonType=10 IpAddress=10.0.203.155 IpPort=64146",
    "host": "workstation-013",
    "source": "WinEventLog:Security",
    "sourcetype": "WinEventLog:Security",
    "index": "windows",
    "EventCode": "4625",
    "ComputerName": "WORKSTATION-013",
    "AccountName": "user014",
    "AccountDomain": "CORP",
    "LogonType": "10",
    "src_ip": "78.105.233.244"
  },
  {
    "_time": 1700003102,
    "_raw": "EventID=4672 ComputerName=WORKSTATION-027 AccountName=user002 AccountDomain=CORP LogonType=4 IpAddress=159.242.186.184 IpPort=30681",
    "host": "workstation-027",
    "source": "WinEventLog:Security",
    "sourcetype": "WinEventLog:Security",
    "index": "windows",
    "EventCode": "4672",
    "ComputerName": "WORKSTATION-027",
    "AccountName": "user002",
    "AccountDomain": "CORP",
    "LogonType": "4",
    "src_ip": "172.16.57.1"
  },
  {
    "_time": 1700003113,
    "_raw": "EventID=4672 ComputerName=WORKSTATION-027 AccountName=NETWORK SERVICE AccountDomain=ACME LogonType=10 IpAddress=28.23.84.127 IpPort=10228",
    "host": "workstation-027",
    "source": "WinEventLog:Security",
    "sourcetype": "WinEventLog:Security",
    "index": "windows",
    "EventCode": "4672",
    "ComputerName": "WORKSTATION-027",
    "AccountName": "NETWORK SERVICE",
    "AccountDomain": "ACME",
    "LogonType": "10",
    "src_ip": "191.209.54.66"
  },
  {
    "_time": 1700005680,
    "_raw": "EventID=4648 ComputerName=WORKSTATION-007 AccountName=user004 AccountDomain=ACME LogonType=5 IpAddress=49.173.55.194 IpPort=28186",
    "host": "workstation-007",
    "source": "WinEventLog:Security",
    "sourcetype": "WinEventLog:Security",
    "index": "windows",
    "EventCode": "4648",
    "ComputerName": "WORKSTATION-007",
    "AccountName": "user004",
    "AccountDomain": "ACME",
    "LogonType": "5",
    "src_ip": "172.16.215.173"
  },
  {
    "_time": 1700005415,
    "_raw": "EventID=4625 ComputerName=WORKSTATION-025 AccountName=user015 AccountDomain=ACME LogonType=10 IpAddress=35.255.2.136 IpPort=49272",
    "host": "workstation-025",
    "source": "WinEventLog:Security",
    "sourcetype": "WinEventLog:Security",
    "index": "windows",
    "EventCode": "4625",
    "ComputerName": "WORKSTATION-025",
    "AccountName": "user015",
    "AccountDomain": "ACME",
    "LogonType": "10",
    "src_ip": "192.168.1.215.150"
  },
  {
    "_time": 1700004576,
    "_raw": "EventID=4768 ComputerName=WORKSTATION-025 AccountName=user006 AccountDomain=CONTOSO LogonType=3 IpAddress=33.53.198.169 IpPort=40381",
    "host": "workstation-025",
    "source": "WinEventLog:Security",
    "sourcetype": "WinEventLog:Security",
    "index": "windows",
    "EventCode": "4768",
    "ComputerName": "WORKSTATION-025",
    "AccountName": "user006",
    "AccountDomain": "CONTOSO",
    "LogonType": "3",
    "src_ip": "83.196.214.251"
  },
  {
    "_time": 1700005740,
    "_raw": "EventID=4648 ComputerName=WORKSTATION-009 AccountName=user013 AccountDomain=ACME LogonType=5 IpAddress=36.211.153.216 IpPort=46997",
    "host": "workstation-009",
    "source": "WinEventLog:Security",
    "sourcetype": "WinEventLog:Security",
    "index": "windows",
    "EventCode": "4648",
    "ComputerName": "WORKSTATION-009",
    "AccountName": "user013",
    "AccountDomain": "ACME",
    "LogonType": "5",
    "src_ip": "81.111.102.54"
  },
  {
    "_time": 1700005760,
    "_raw": "EventID=4663 ComputerName=WORKSTATION-022 AccountName=user012 AccountDomain=CONTOSO LogonType=3 IpAddress=178.165.59.195 IpPort=24108",
    "host": "workstation-022",
    "source": "WinEventLog:Security",
    "sourcetype": "WinEventLog:Security",
    "index": "windows",
    "EventCode": "4663",
    "ComputerName": "WORKSTATION-022",
    "AccountName": "user012",
    "AccountDomain": "CONTOSO",
    "LogonType": "3",
    "src_ip": "150.213.146.225"
  },
  {
    "_time": 1700008092,
    "_raw": "EventID=4688 ComputerName=WORKSTATION-026 AccountName=user001 AccountDomain=CONTOSO LogonType=2 IpAddress=14.28.102.69 IpPort=50188",
    "host": "workstation-026",
    "source": "WinEventLog:Security",
    "sourcetype": "WinEventLog:Security",
    "index": "windows",
    "EventCode": "4688",
    "ComputerName": "WORKSTATION-026",
    "AccountName": "user001",
    "AccountDomain": "CONTOSO",
    "LogonType": "2",
    "src_ip": "74.128.74.215"
  },
  {
    "_time": 1700000580,
    "_raw": "EventID=4663 ComputerName=WORKSTATION-007 AccountName=user018 AccountDomain=CORP LogonType=5 IpAddress=172.16.190.144 IpPort=57702",
    "host": "workstation-007",
    "source": "WinEventLog:Security",
    "sourcetype": "WinEventLog:Security",
    "index": "windows",
    "EventCode": "4663",
    "ComputerName": "WORKSTATION-007",
    "AccountName": "user018",
    "AccountDomain": "CORP",
    "LogonType": "5",
    "src_ip": "172.16.144.100"
  },
  {
    "_time": 1700002328,
    "_raw": "EventID=4768 ComputerName=WORKSTATION-026 AccountName=user010 AccountDomain=CONTOSO LogonType=2 IpAddress=100.213.160.248 IpPort=37208",
    "host": "workstation-026",
    "source": "WinEventLog:Security",
    "sourcetype": "WinEventLog:Security",
    "index": "windows",
    "EventCode": "4768",
    "ComputerName": "WORKSTATION-026",
    "AccountName": "user010",
    "AccountDomain": "CONTOSO",
    "LogonType": "2",
    "src_ip": "172.16.65.52"
  },
  {
    "_time": 1700005840,
    "_raw": "EventID=4720 ComputerName=WORKSTATION-027 AccountName=user008 AccountDomain=CONTOSO LogonType=4 IpAddress=140.100.99.76 IpPort=30437",
    "host": "workstation-027",
    "source": "WinEventLog:Security",
    "sourcetype": "WinEventLog:Security",
    "index": "windows",
    "EventCode": "4720",
    "ComputerName": "WORKSTATION-027",
    "AccountName": "user008",
    "AccountDomain": "CONTOSO",
    "LogonType": "4",
    "src_ip": "172.16.20.48"
  },
  {
    "_time": 1700001758,
    "_raw": "EventID=4768 ComputerName=WORKSTATION-004 AccountName=user013 AccountDomain=CORP LogonType=4 IpAddress=34.82.130.2 IpPort=22687",
    "host": "workstation-004",
    "source": "WinEventLog:Security",
    "sourcetype": "WinEventLog:Security",
    "index": "windows",
    "EventCode": "4768",
    "ComputerName": "WORKSTATION-004",
    "AccountName": "user013",
    "AccountDomain": "CORP",
    "LogonType": "4",
    "src_ip": "40.20.78.238"
  },
  {
    "_time": 1700003234,
    "_raw": "EventID=4769 ComputerName=WORKSTATION-002 AccountName=NETWORK SERVICE AccountDomain=CONTOSO LogonType=4 IpAddress=147.183.37.201 IpPort=47402",
    "host": "workstation-002",
    "source": "WinEventLog:Security",
    "sourcetype": "WinEventLog:Security",
    "index": "windows",
    "EventCode": "4769",
    "ComputerName": "WORKSTATION-002",
    "AccountName": "NETWORK SERVICE",
    "AccountDomain": "CONTOSO",
    "LogonType": "4",
    "src_ip": "57.94.34.202"
  },
  {
    "_time": 1700005015,
    "_raw": "EventID=4634 ComputerName=WORKSTATION-014 AccountName=user018 AccountDomain=CONTOSO LogonType=2 IpAddress=55.169.169.93 IpPort=20263",
    "host": "workstation-014",
    "source": "WinEventLog:Security",
    "sourcetype": "WinEventLog:Security",
    "index": "windows",
    "EventCode": "4634",
    "ComputerName": "WORKSTATION-014",
    "AccountName": "user018",
    "AccountDomain": "CONTOSO",
    "LogonType": "2",
    "src_ip": "172.16.136.122"
  },
  {
    "_time": 1700005328,
    "_raw": "EventID=4776 ComputerName=WORKSTATION-001 AccountName=user004 AccountDomain=CONTOSO LogonType=5 IpAddress=172.16.158.236 IpPort=41730",
    "host": "workstation-001",
    "source": "WinEventLog:Security",
    "sourcetype": "WinEventLog:Security",
    "index": "windows",
    "EventCode": "4776",
    "ComputerName": "WORKSTATION-001",
    "AccountName": "user004",
    "AccountDomain": "CONTOSO",
    "LogonType": "5",
    "src_ip": "10.0.175.227"
  },
  {
    "_time": 1700003267,
    "_raw": "EventID=4688 ComputerName=WORKSTATION-030 AccountName=user004 AccountDomain=ACME LogonType=10 IpAddress=7.191.228.125 IpPort=3897",
    "host": "workstation-030",
    "source": "WinEventLog:Security",
    "sourcetype": "WinEventLog:Security",
    "index": "windows",
    "EventCode": "4688",
    "ComputerName": "WORKSTATION-030",
    "AccountName": "user004",
    "AccountDomain": "ACME",
    "LogonType": "10",
    "src_ip": "172.16.50.83"
  },
  {
    "_time": 1700005066,
    "_raw": "EventID=4625 ComputerName=WORKSTATION-004 AccountName=user006 AccountDomain=CONTOSO LogonType=2 IpAddress=54.109.217.214 IpPort=7834",
    "host": "workstation-004",
    "source": "WinEventLog:Security",
    "sourcetype": "WinEventLog:Security",
    "index": "windows",
    "EventCode": "4625",
    "ComputerName": "WORKSTATION-004",
    "AccountName": "user006",
    "AccountDomain": "CONTOSO",
    "LogonType": "2",
    "src_ip": "172.16.225.250"
  },
  {
    "_time": 1700007176,
    "_raw": "EventID=4688 ComputerName=WORKSTATION-021 AccountName=user003 AccountDomain=CONTOSO LogonType=3 IpAddress=172.16.85.10 IpPort=6759",
    "host": "workstation-021",
    "source": "WinEventLog:Security",
    "sourcetype": "WinEventLog:Security",
    "index": "windows",
    "EventCode": "4688",
    "ComputerName": "WORKSTATION-021",
    "AccountName": "user003",
    "AccountDomain": "CONTOSO",
    "LogonType": "3",
    "src_ip": "10.0.204.65"
  },
  {
    "_time": 1700005400,
    "_raw": "EventID=4625 ComputerName=WORKSTATION-019 AccountName=user008 AccountDomain=ACME LogonType=5 IpAddress=104.221.161.5 IpPort=26550",
    "host": "workstation-019",
    "source": "WinEventLog:Security",
    "sourcetype": "WinEventLog:Security",
    "index": "windows",
    "EventCode": "4625",
    "ComputerName": "WORKSTATION-019",
    "AccountName": "user008",
    "AccountDomain": "ACME",
    "LogonType": "5",
    "src_ip": "137.3.32.194"
  },
  {
    "_time": 1700007224,
    "_raw": "EventID=4769 ComputerName=WORKSTATION-002 AccountName=user003 AccountDomain=ACME LogonType=2 IpAddress=172.16.78.156 IpPort=6693",
    "host": "workstation-002",
    "source": "WinEventLog:Security",
    "sourcetype": "WinEventLog:Security",
    "index": "windows",
    "EventCode": "4769",
    "ComputerName": "WORKSTATION-002",
    "AccountName": "user003",
    "AccountDomain": "ACME",
    "LogonType": "2",
    "src_ip": "192.168.1.98.102"
  },
  {
    "_time": 1700008154,
    "_raw": "EventID=4776 ComputerName=WORKSTATION-001 AccountName=user016 AccountDomain=CORP LogonType=3 IpAddress=192.168.1.204.205 IpPort=56694",
    "host": "workstation-001",
    "source": "WinEventLog:Security",
    "sourcetype": "WinEventLog:Security",
    "index": "windows",
    "EventCode": "4776",
    "ComputerName": "WORKSTATION-001",
    "AccountName": "user016",
    "AccountDomain": "CORP",
    "LogonType": "3",
    "src_ip": "163.73.152.174"
  },
