  {
    "_time": 1700016968,
    "_raw": "EventID=4768 ComputerName=WORKSTATION-001 AccountName=user012 AccountDomain=CORP LogonType=3 IpAddress=189.4.255.208 IpPort=44202",
    "host": "workstation-001",
    "source": "WinEventLog:Security",
    "sourcetype": "WinEventLog:Security",
    "index": "windows",
    "EventCode": "4768",
    "ComputerName": "WORKSTATION-001",
    "AccountName": "user012",
    "AccountDomain": "CORP",
    "LogonType": "3",
    "src_ip": "87.115.214.109"
  },
  {
    "_time": 1700013354,
    "_raw": "EventID=4688 ComputerName=WORKSTATION-025 AccountName=user018 AccountDomain=ACME LogonType=10 IpAddress=10.0.237.36 IpPort=11096",
    "host": "workstation-025",
    "source": "WinEventLog:Security",
    "sourcetype": "WinEventLog:Security",
    "index": "windows",
    "EventCode": "4688",
    "ComputerName": "WORKSTATION-025",
    "AccountName": "user018",
    "AccountDomain": "ACME",
    "LogonType": "10",
    "src_ip": "85.200.195.53"
  },
  {
    "_time": 1700007904,
    "_raw": "EventID=4625 ComputerName=WORKSTATION-018 AccountName=user013 AccountDomain=CORP LogonType=2 IpAddress=116.155.47.44 IpPort=7860",
    "host": "workstation-018",
    "source": "WinEventLog:Security",
    "sourcetype": "WinEventLog:Security",
    "index": "windows",
    "EventCode": "4625",
    "ComputerName": "WORKSTATION-018",
    "AccountName": "user013",
    "AccountDomain": "CORP",
    "LogonType": "2",
    "src_ip": "46.16.250.7"
  },
  {
    "_time": 1700003654,
    "_raw": "EventID=4648 ComputerName=WORKSTATION-003 AccountName=user013 AccountDomain=ACME LogonType=3 IpAddress=172.16.18.117 IpPort=4789",
    "host": "workstation-003",
    "source": "WinEventLog:Security",
    "sourcetype": "WinEventLog:Security",
    "index": "windows",
    "EventCode": "4648",
    "ComputerName": "WORKSTATION-003",
    "AccountName": "user013",
    "AccountDomain": "ACME",
    "LogonType": "3",
    "src_ip": "3.87.167.221"
  },
  {
    "_time": 1700018300,
    "_raw": "EventID=4688 ComputerName=WORKSTATION-013 AccountName=user006 AccountDomain=CORP LogonType=10 IpAddress=191.35.199.245 IpPort=60241",
    "host": "workstation-013",
    "source": "WinEventLog:Security",
    "sourcetype": "WinEventLog:Security",
    "index": "windows",
    "EventCode": "4688",
    "ComputerName": "WORKSTATION-013",
    "AccountName": "user006",
    "AccountDomain": "CORP",
    "LogonType": "10",
    "src_ip": "34.105.158.111"
  },
  {
    "_time": 1700016497,
    "_raw": "EventID=4776 ComputerName=WORKSTATION-016 AccountName=user006 AccountDomain=CONTOSO LogonType=4 IpAddress=129.234.141.52 IpPort=1511",
    "host": "workstation-016",
    "source": "WinEventLog:Security",
    "sourcetype": "WinEventLog:Security",
    "index": "windows",
    "EventCode": "4776",
    "ComputerName": "WORKSTATION-016",
    "AccountName": "user006",
    "AccountDomain": "CONTOSO",
    "LogonType": "4",
    "src_ip": "115.32.204.155"
  },
  {
    "_time": 1700015912,
    "_raw": "EventID=4648 ComputerName=WORKSTATION-017 AccountName=user011 AccountDomain=CONTOSO LogonType=5 IpAddress=11.46.147.166 IpPort=58760",
    "host": "workstation-017",
    "source": "WinEventLog:Security",
    "sourcetype": "WinEventLog:Security",
    "index": "windows",
    "EventCode": "4648",
    "ComputerName": "WORKSTATION-017",
    "AccountName": "user011",
    "AccountDomain": "CONTOSO",
    "LogonType": "5",
    "src_ip": "89.152.200.157"
  },
  {
    "_time": 1700016551,
    "_raw": "EventID=4634 ComputerName=WORKSTATION-014 AccountName=user008 AccountDomain=CORP LogonType=5 IpAddress=169.93.48.101 IpPort=46810",
    "host": "workstation-014",
    "source": "WinEventLog:Security",
    "sourcetype": "WinEventLog:Security",
    "index": "windows",
    "EventCode": "4634",
    "ComputerName": "WORKSTATION-014",
    "AccountName": "user008",
    "AccountDomain": "CORP",
    "LogonType": "5",
    "src_ip": "62.80.140.226"
  },
  {
    "_time": 1700012894,
    "_raw": "EventID=4768 ComputerName=WORKSTATION-010 AccountName=LOCAL SERVICE AccountDomain=CORP LogonType=3 IpAddress=106.62.188.20 IpPort=50529",
    "host": "workstation-010",
    "source": "WinEventLog:Security",
    "sourcetype": "WinEventLog:Security",
    "index": "windows",
    "EventCode": "4768",
    "ComputerName": "WORKSTATION-010",
    "AccountName": "LOCAL SERVICE",
    "AccountDomain": "CORP",
    "LogonType": "3",
    "src_ip": "192.168.1.105.116"
  },
  {
    "_time": 1700003690,
    "_raw": "EventID=4663 ComputerName=WORKSTATION-007 AccountName=user017 AccountDomain=CORP LogonType=2 IpAddress=172.16.173.192 IpPort=31295",
    "host": "workstation-007",
    "source": "WinEventLog:Security",
    "sourcetype": "WinEventLog:Security",
    "index": "windows",
    "EventCode": "4663",
    "ComputerName": "WORKSTATION-007",
    "AccountName": "user017",
    "AccountDomain": "CORP",
    "LogonType": "2",
    "src_ip": "191.204.99.102"
  },
  {
    "_time": 1700001232,
    "_raw": "EventID=4624 ComputerName=WORKSTATION-009 AccountName=user004 AccountDomain=CONTOSO LogonType=4 IpAddress=119.248.236.18 IpPort=6433",
    "host": "workstation-009",
    "source": "WinEventLog:Security",
    "sourcetype": "WinEventLog:Security",
    "index": "windows",
    "EventCode": "4624",
    "ComputerName": "WORKSTATION-009",
    "AccountName": "user004",
    "AccountDomain": "CONTOSO",
    "LogonType": "4",
    "src_ip": "63.224.71.121"
  },
  {
    "_time": 1700016659,
    "_raw": "EventID=4663 ComputerName=WORKSTATION-027 AccountName=user006 AccountDomain=CORP LogonType=10 IpAddress=192.168.1.32.137 IpPort=49615",
    "host": "workstation-027",
    "source": "WinEventLog:Security",
    "sourcetype": "WinEventLog:Security",
    "index": "windows",
    "EventCode": "4663",
    "ComputerName": "WORKSTATION-027",
    "AccountName": "user006",
    "AccountDomain": "CORP",
    "LogonType": "10",
    "src_ip": "20.5.139.40"
  },
  {
    "_time": 1700009270,
    "_raw": "EventID=4672 ComputerName=WORKSTATION-006 AccountName=user007 AccountDomain=CONTOSO LogonType=10 IpAddress=172.16.13.215 IpPort=42625",
    "host": "workstation-006",
    "source": "WinEventLog:Security",
    "sourcetype": "WinEventLog:Security",
    "index": "windows",
    "EventCode": "4672",
    "ComputerName": "WORKSTATION-006",
    "AccountName": "user007",
    "AccountDomain": "CONTOSO",
    "LogonType": "10",
    "src_ip": "165.52.199.177"
  },
  {
    "_time": 1700006190,
    "_raw": "EventID=4720 ComputerName=WORKSTATION-002 AccountName=SYSTEM AccountDomain=CORP LogonType=5 IpAddress=64.191.122.52 IpPort=7013",
    "host": "workstation-002",
    "source": "WinEventLog:Security",
    "sourcetype": "WinEventLog:Security",
    "index": "windows",
    "EventCode": "4720",
    "ComputerName": "WORKSTATION-002",
    "AccountName": "SYSTEM",
    "AccountDomain": "CORP",
    "LogonType": "5",
    "src_ip": "10.0.254.4"
  },
  {
    "_time": 1700006820,
    "_raw": "EventID=4648 ComputerName=WORKSTATION-022 AccountName=LOCAL SERVICE AccountDomain=CORP LogonType=2 IpAddress=213.85.85.12 IpPort=28266",
    "host": "workstation-022",
    "source": "WinEventLog:Security",
    "sourcetype": "WinEventLog:Security",
    "index": "windows",
    "EventCode": "4648",
    "ComputerName": "WORKSTATION-022",
    "AccountName": "LOCAL SERVICE",
    "AccountDomain": "CORP",
    "LogonType": "2",
    "src_ip": "209.167.165.144"
  },
  {
    "_time": 1700013041,
    "_raw": "EventID=4648 ComputerName=WORKSTATION-020 AccountName=user007 AccountDomain=CONTOSO LogonType=5 IpAddress=10.0.28.92 IpPort=22216",
    "host": "workstation-020",
    "source": "WinEventLog:Security",
    "sourcetype": "WinEventLog:Security",
    "index": "windows",
    "EventCode": "4648",
    "ComputerName": "WORKSTATION-020",
    "AccountName": "user007",
    "AccountDomain": "CONTOSO",
    "LogonType": "5",
    "src_ip": "192.168.1.168.81"
  },
  {
    "_time": 1700000622,
    "_raw": "EventID=4688 ComputerName=WORKSTATION-007 AccountName=user015 AccountDomain=CORP LogonType=4 IpAddress=95.22.34.227 IpPort=15347",
    "host": "workstation-007",
    "source": "WinEventLog:Security",
    "sourcetype": "WinEventLog:Security",
    "index": "windows",
    "EventCode": "4688",
    "ComputerName": "WORKSTATION-007",
    "AccountName": "user015",
    "AccountDomain": "CORP",
    "LogonType": "4",
    "src_ip": "197.255.52.183"
  },
  {
    "_time": 1700011214,
    "_raw": "EventID=4769 ComputerName=WORKSTATION-006 AccountName=user009 AccountDomain=CORP LogonType=4 IpAddress=179.198.68.86 IpPort=12514",
    "host": "workstation-006",
    "source": "WinEventLog:Security",
    "sourcetype": "WinEventLog:Security",
    "index": "windows",
    "EventCode": "4769",
    "ComputerName": "WORKSTATION-006",
    "AccountName": "user009",
    "AccountDomain": "CORP",
    "LogonType": "4",
    "src_ip": "177.162.246.18"
  },
  {
    "_time": 1700006864,
    "_raw": "EventID=4624 ComputerName=WORKSTATION-020 AccountName=user019 AccountDomain=ACME LogonType=10 IpAddress=60.6.119.6 IpPort=41417",
    "host": "workstation-020",
    "source": "WinEventLog:Security",
    "sourcetype": "WinEventLog:Security",
    "index": "windows",
    "EventCode": "4624",
    "ComputerName": "WORKSTATION-020",
    "AccountName": "user019",
    "AccountDomain": "ACME",
    "LogonType": "10",
    "src_ip": "32.158.121.189"
  },
  {
    "_time": 1700008750,
    "_raw": "EventID=4648 ComputerName=WORKSTATION-020 AccountName=user003 AccountDomain=CORP LogonType=4 IpAddress=52.77.192.53 IpPort=43100",
    "host": "workstation-020",
    "source": "WinEventLog:Security",
    "sourcetype": "WinEventLog:Security",
    "index": "windows",
    "EventCode": "4648",
    "ComputerName": "WORKSTATION-020",
    "AccountName": "user003",
    "AccountDomain": "CORP",
    "LogonType": "4",
    "src_ip": "172.16.154.254"
  },
  {
    "_time": 1700009390,
    "_raw": "EventID=4672 ComputerName=WORKSTATION-005 AccountName=user009 AccountDomain=ACME LogonType=2 IpAddress=107.147.12.59 IpPort=56528",
    "host": "workstation-005",
    "source": "WinEventLog:Security",
    "sourcetype": "WinEventLog:Security",
    "index": "windows",
    "EventCode": "4672",
    "ComputerName": "WORKSTATION-005",
    "AccountName": "user009",
    "AccountDomain": "ACME",
    "LogonType": "2",
    "src_ip": "88.124.105.139"
  },
  {
    "_time": 1700001254,
    "_raw": "EventID=4776 ComputerName=WORKSTATION-008 AccountName=LOCAL SERVICE AccountDomain=CONTOSO LogonType=3 IpAddress=98.164.93.114 IpPort=42297",
    "host": "workstation-008",
    "source": "WinEventLog:Security",
    "sourcetype": "WinEventLog:Security",
    "index": "windows",
    "EventCode": "4776",
    "ComputerName": "WORKSTATION-008",
    "AccountName": "LOCAL SERVICE",
    "AccountDomain": "CONTOSO",
    "LogonType": "3",
    "src_ip": "192.168.1.18.245"
  },
  {
    "_time": 1700004396,
    "_raw": "EventID=4624 ComputerName=WORKSTATION-021 AccountName=user005 AccountDomain=CORP LogonType=2 IpAddress=172.16.213.204 IpPort=62091",
    "host": "workstation-021",
    "source": "WinEventLog:Security",
    "sourcetype": "WinEventLog:Security",
    "index": "windows",
    "EventCode": "4624",
    "ComputerName": "WORKSTATION-021",
    "AccountName": "user005",
    "AccountDomain": "CORP",
    "LogonType": "2",
    "src_ip": "172.16.21.110"
  },
  {
    "_time": 1700015096,
    "_raw": "EventID=4720 ComputerName=WORKSTATION-010 AccountName=user006 AccountDomain=CONTOSO LogonType=3 IpAddress=156.127.155.74 IpPort=38800",
    "host": "workstation-010",
    "source": "WinEventLog:Security",
    "sourcetype": "WinEventLog:Security",
    "index": "windows",
    "EventCode": "4720",
    "ComputerName": "WORKSTATION-010",
    "AccountName": "user006",
    "AccountDomain": "CONTOSO",
    "LogonType": "3",
    "src_ip": "163.103.139.221"
  },
  {
    "_time": 1700016380,
    "_raw": "EventID=4720 ComputerName=WORKSTATION-003 AccountName=user012 AccountDomain=ACME LogonType=3 IpAddress=109.221.79.210 IpPort=63529",
    "host": "workstation-003",
    "source": "WinEventLog:Security",
    "sourcetype": "WinEventLog:Security",
    "index": "windows",
    "EventCode": "4720",
    "ComputerName": "WORKSTATION-003",
    "AccountName": "user012",
    "AccountDomain": "ACME",
    "LogonType": "3",
    "src_ip": "6.195.218.219"
  },
  {
    "_time": 1700001893,
    "_raw": "EventID=4663 ComputerName=WORKSTATION-020 AccountName=user018 AccountDomain=CORP LogonType=3 IpAddress=192.168.1.79.117 IpPort=19585",
    "host": "workstation-020",
    "source": "WinEventLog:Security",
    "sourcetype": "WinEventLog:Security",
    "index": "windows",
    "EventCode": "4663",
    "ComputerName": "WORKSTATION-020",
    "AccountName": "user018",
    "AccountDomain": "CORP",
    "LogonType": "3",
    "src_ip": "156.246.36.86"
  },
  {
    "_time": 1700003160,
    "_raw": "EventID=4720 ComputerName=WORKSTATION-007 AccountName=user005 AccountDomain=CORP LogonType=2 IpAddress=187.191.251.104 IpPort=61690",
    "host": "workstation-007",
    "source": "WinEventLog:Security",
    "sourcetype": "WinEventLog:Security",
    "index": "windows",
    "EventCode": "4720",
    "ComputerName": "WORKSTATION-007",
    "AccountName": "user005",
    "AccountDomain": "CORP",
    "LogonType": "2",
    "src_ip": "102.191.196.126"
  },
  {
    "_time": 1700006330,
    "_raw": "EventID=4776 ComputerName=WORKSTATION-019 AccountName=user003 AccountDomain=ACME LogonType=2 IpAddress=145.83.99.196 IpPort=29617",
    "host": "workstation-019",
    "source": "WinEventLog:Security",
    "sourcetype": "WinEventLog:Security",
    "index": "windows",
    "EventCode": "4776",
    "ComputerName": "WORKSTATION-019",
    "AccountName": "user003",
    "AccountDomain": "ACME",
    "LogonType": "2",
    "src_ip": "198.178.250.163"
  },
  {
    "_time": 1700014582,
    "_raw": "EventID=4672 ComputerName=WORKSTATION-023 AccountName=user002 AccountDomain=CONTOSO LogonType=5 IpAddress=63.244.17.236 IpPort=54313",
    "host": "workstation-023",
    "source": "WinEventLog:Security",
    "sourcetype": "WinEventLog:Security",
    "index": "windows",
    "EventCode": "4672",
    "ComputerName": "WORKSTATION-023",
    "AccountName": "user002",
    "AccountDomain": "CONTOSO",
    "LogonType": "5",
    "src_ip": "181.14.75.67"
  },
  {
    "_time": 1700012700,
    "_raw": "EventID=4720 ComputerName=WORKSTATION-022 AccountName=user005 AccountDomain=ACME LogonType=10 IpAddress=170.82.6.30 IpPort=51550",
    "host": "workstation-022",
    "source": "WinEventLog:Security",
    "sourcetype": "WinEventLog:Security",
    "index": "windows",
    "EventCode": "4720",
    "ComputerName": "WORKSTATION-022",
    "AccountName": "user005",
    "AccountDomain": "ACME",
    "LogonType": "10",
    "src_ip": "172.16.235.99"
  },
  {
    "_time": 1700008268,
    "_raw": "EventID=4769 ComputerName=WORKSTATION-029 AccountName=user003 AccountDomain=CONTOSO LogonType=5 IpAddress=192.168.1.65.178 IpPort=20830",
    "host": "workstation-029",
    "source": "WinEventLog:Security",
    "sourcetype": "WinEventLog:Security",
    "index": "windows",
    "EventCode": "4769",
    "ComputerName": "WORKSTATION-029",
    "AccountName": "user003",
    "AccountDomain": "CONTOSO",
    "LogonType": "5",
    "src_ip": "137.195.157.188"
  },
  {
    "_time": 1700008918,
    "_raw": "EventID=4625 ComputerName=WORKSTATION-004 AccountName=NETWORK SERVICE AccountDomain=CONTOSO LogonType=3 IpAddress=10.0.239.192 IpPort=27105",
    "host": "workstation-004",
    "source": "WinEventLog:Security",
    "sourcetype": "WinEventLog:Security",
    "index": "windows",
    "EventCode": "4625",
    "ComputerName": "WORKSTATION-004",
    "AccountName": "NETWORK SERVICE",
    "AccountDomain": "CONTOSO",
    "LogonType": "3",
    "src_ip": "2.86.251.1"
  },
  {
    "_time": 1700002552,
    "_raw": "EventID=4625 ComputerName=WORKSTATION-025 AccountName=user014 AccountDomain=CONTOSO LogonType=4 IpAddress=44.90.191.48 IpPort=47164",
    "host": "workstation-025",
    "source": "WinEventLog:Security",
    "sourcetype": "WinEventLog:Security",
    "index": "windows",
    "EventCode": "4625",
    "ComputerName": "WORKSTATION-025",
    "AccountName": "user014",
    "AccountDomain": "CONTOSO",
    "LogonType": "4",
    "src_ip": "192.168.1.47.129"
  },
  {
    "_time": 1700002556,
    "_raw": "EventID=4720 ComputerName=WORKSTATION-019 AccountName=user007 AccountDomain=CORP LogonType=2 IpAddress=208.98.132.252 IpPort=60155",
    "host": "workstation-019",
    "source": "WinEventLog:Security",
    "sourcetype": "WinEventLog:Security",
    "index": "windows",
    "EventCode": "4720",
    "ComputerName": "WORKSTATION-019",
    "AccountName": "user007",
    "AccountDomain": "CORP",
    "LogonType": "2",
    "src_ip": "113.55.85.21"
  },
  {
    "_time": 1700006400,
    "_raw": "EventID=4625 ComputerName=WORKSTATION-013 AccountName=user004 AccountDomain=ACME LogonType=4 IpAddress=10.0.123.125 IpPort=45116",
    "host": "workstation-013",
    "source": "WinEventLog:Security",
    "sourcetype": "WinEventLog:Security",
    "index": "windows",
    "EventCode": "4625",
    "ComputerName": "WORKSTATION-013",
    "AccountName": "user004",
    "AccountDomain": "ACME",
    "LogonType": "4",
    "src_ip": "3.31.136.193"
  },
  {
    "_time": 1700000641,
    "_raw": "EventID=4776 ComputerName=WORKSTATION-019 AccountName=user002 AccountDomain=CORP LogonType=10 IpAddress=97.136.248.122 IpPort=50628",
    "host": "workstation-019",
    "source": "WinEventLog:Security",
    "sourcetype": "WinEventLog:Security",
    "index": "windows",
    "EventCode": "4776",
    "ComputerName": "WORKSTATION-019",
    "AccountName": "user002",
    "AccountDomain": "CORP",
    "LogonType": "10",
    "src_ip": "110.172.189.175"
  },
  {
    "_time": 1700018618,
    "_raw": "EventID=4672 ComputerName=WORKSTATION-011 AccountName=user008 AccountDomain=ACME LogonType=5 IpAddress=15.182.169.207 IpPort=7589",
    "host": "workstation-011",
    "source": "WinEventLog:Security",
    "sourcetype": "WinEventLog:Security",
    "index": "windows",
    "EventCode": "4672",
    "ComputerName": "WORKSTATION-011",
    "AccountName": "user008",
    "AccountDomain": "ACME",
    "LogonType": "5",
    "src_ip": "172.16.103.186"
  },
  {
    "_time": 1700017361,
    "_raw": "EventID=4634 ComputerName=WORKSTATION-001 AccountName=SYSTEM AccountDomain=CORP LogonType=4 IpAddress=193.127.188.116 IpPort=41548",
    "host": "workstation-001",
    "source": "WinEventLog:Security",
    "sourcetype": "WinEventLog:Security",
    "index": "windows",
    "EventCode": "4634",
    "ComputerName": "WORKSTATION-001",
    "AccountName": "SYSTEM",
    "AccountDomain": "CORP",
    "LogonType": "4",
    "src_ip": "223.243.211.170"
  },
  {
    "_time": 1700004508,
    "_raw": "EventID=4624 ComputerName=WORKSTATION-021 AccountName=user011 AccountDomain=CORP LogonType=4 IpAddress=207.166.227.60 IpPort=40788",
    "host": "workstation-021",
    "source": "WinEventLog:Security",
    "sourcetype": "WinEventLog:Security",
    "index": "windows",
    "EventCode": "4624",
    "ComputerName": "WORKSTATION-021",
    "AccountName": "user011",
    "AccountDomain": "CORP",
    "LogonType": "4",
    "src_ip": "190.41.178.110"
  },
  {
    "_time": 1700019350,
    "_raw": "EventID=4720 ComputerName=WORKSTATION-022 AccountName=user004 AccountDomain=CONTOSO LogonType=4 IpAddress=183.73.16.33 IpPort=33656",
    "host": "workstation-022",
    "source": "WinEventLog:Security",
    "sourcetype": "WinEventLog:Security",
    "index": "windows",
    "EventCode": "4720",
    "ComputerName": "WORKSTATION-022",
    "AccountName": "user004",
    "AccountDomain": "CONTOSO",
    "LogonType": "4",
    "src_ip": "78.239.86.230"
  },
  {
    "_time": 1700009690,
    "_raw": "EventID=4625 ComputerName=WORKSTATION-016 AccountName=LOCAL SERVICE AccountDomain=CONTOSO LogonType=3 IpAddress=172.16.180.23 IpPort=7936",
    "host": "workstation-016",
    "source": "WinEventLog:Security",
    "sourcetype": "WinEventLog:Security",
    "index": "windows",
    "EventCode": "4625",
    "ComputerName": "WORKSTATION-016",
    "AccountName": "LOCAL SERVICE",
    "AccountDomain": "CONTOSO",
    "LogonType": "3",
    "src_ip": "184.14.82.238"
  },
  {
    "_time": 1700019410,
    "_raw": "EventID=4672 ComputerName=WORKSTATION-029 AccountName=user013 AccountDomain=ACME LogonType=4 IpAddress=172.63.69.237 IpPort=36055",
    "host": "workstation-029",
    "source": "WinEventLog:Security",
    "sourcetype": "WinEventLog:Security",
    "index": "windows",
    "EventCode": "4672",
    "ComputerName": "WORKSTATION-029",
    "AccountName": "user013",
    "AccountDomain": "ACME",
    "LogonType": "4",
    "src_ip": "126.46.170.224"
  },
  {
    "_time": 1700005184,
    "_raw": "EventID=4769 ComputerName=WORKSTATION-025 AccountName=SYSTEM AccountDomain=CORP LogonType=4 IpAddress=184.195.223.207 IpPort=16317",
    "host": "workstation-025",
    "source": "WinEventLog:Security",
    "sourcetype": "WinEventLog:Security",
    "index": "windows",
    "EventCode": "4769",
    "ComputerName": "WORKSTATION-025",
    "AccountName": "SYSTEM",
    "AccountDomain": "CORP",
    "LogonType": "4",
    "src_ip": "10.0.75.23"
  },
  {
    "_time": 1700002596,
    "_raw": "EventID=4625 ComputerName=WORKSTATION-011 AccountName=user019 AccountDomain=CORP LogonType=2 IpAddress=33.160.194.148 IpPort=49318",
    "host": "workstation-011",
    "source": "WinEventLog:Security",
    "sourcetype": "WinEventLog:Security",
    "index": "windows",
    "EventCode": "4625",
    "ComputerName": "WORKSTATION-011",
    "AccountName": "user019",
    "AccountDomain": "CORP",
    "LogonType": "2",
    "src_ip": "10.0.152.138"
  },
  {
    "_time": 1700004550,
    "_raw": "EventID=4688 ComputerName=WORKSTATION-014 AccountName=user011 AccountDomain=ACME LogonType=3 IpAddress=155.113.54.102 IpPort=1626",
    "host": "workstation-014",
    "source": "WinEventLog:Security",
    "sourcetype": "WinEventLog:Security",
    "index": "windows",
    "EventCode": "4688",
    "ComputerName": "WORKSTATION-014",
    "AccountName": "user011",
    "AccountDomain": "ACME",
    "LogonType": "3",
    "src_ip": "118.161.74.209"
  },
  {
    "_time": 1700006510,
    "_raw": "EventID=4648 ComputerName=WORKSTATION-016 AccountName=LOCAL SERVICE AccountDomain=ACME LogonType=10 IpAddress=172.16.171.218 IpPort=53537",
    "host": "workstation-016",
    "source": "WinEventLog:Security",
    "sourcetype": "WinEventLog:Security",
    "index": "windows",
    "EventCode": "4648",
    "ComputerName": "WORKSTATION-016",
    "AccountName": "LOCAL SERVICE",
    "AccountDomain": "ACME",
    "LogonType": "10",
    "src_ip": "9.163.158.129"
  },
  {
    "_time": 1700014996,
    "_raw": "EventID=4625 ComputerName=WORKSTATION-009 AccountName=user019 AccountDomain=ACME LogonType=3 IpAddress=181.192.30.252 IpPort=54121",
    "host": "workstation-009",
    "source": "WinEventLog:Security",
    "sourcetype": "WinEventLog:Security",
    "index": "windows",
    "EventCode": "4625",
    "ComputerName": "WORKSTATION-009",
    "AccountName": "user019",
    "AccountDomain": "ACME",
    "LogonType": "3",
    "src_ip": "212.107.115.180"
  },
  {
    "_time": 1700015672,
    "_raw": "EventID=4624 ComputerName=WORKSTATION-030 AccountName=user006 AccountDomain=ACME LogonType=5 IpAddress=172.16.234.218 IpPort=11456",
    "host": "workstation-030",
    "source": "WinEventLog:Security",
    "sourcetype": "WinEventLog:Security",
    "index": "windows",
    "EventCode": "4624",
    "ComputerName": "WORKSTATION-030",
    "AccountName": "user006",
    "AccountDomain": "ACME",
    "LogonType": "5",
    "src_ip": "141.200.172.109"
  },
  {
    "_time": 1700014388,
    "_raw": "EventID=4720 ComputerName=WORKSTATION-012 AccountName=user013 AccountDomain=ACME LogonType=10 IpAddress=73.99.201.25 IpPort=9602",
    "host": "workstation-012",
    "source": "WinEventLog:Security",
    "sourcetype": "WinEventLog:Security",
    "index": "windows",
    "EventCode": "4720",
    "ComputerName": "WORKSTATION-012",
    "AccountName": "user013",
    "AccountDomain": "ACME",
    "LogonType": "10",
    "src_ip": "203.27.155.118"
  },
  {
    "_time": 1700013755,
    "_raw": "EventID=4634 ComputerName=WORKSTATION-019 AccountName=user005 AccountDomain=ACME LogonType=5 IpAddress=10.0.54.56 IpPort=53738",
    "host": "workstation-019",
    "source": "WinEventLog:Security",
    "sourcetype": "WinEventLog:Security",
    "index": "windows",
    "EventCode": "4634",
    "ComputerName": "WORKSTATION-019",
    "AccountName": "user005",
    "AccountDomain": "ACME",
    "LogonType": "5",
    "src_ip": "189.4.185.186"
  },
  {
    "_time": 1700018368,
    "_raw": "EventID=4769 ComputerName=WORKSTATION-004 AccountName=LOCAL SERVICE AccountDomain=CORP LogonType=5 IpAddress=44.28.49.92 IpPort=64866",
    "host": "workstation-004",
    "source": "WinEventLog:Security",
    "sourcetype": "WinEventLog:Security",
    "index": "windows",
    "EventCode": "4769",
    "ComputerName": "WORKSTATION-004",
    "AccountName": "LOCAL SERVICE",
    "AccountDomain": "CORP",
    "LogonType": "5",
    "src_ip": "14.60.173.152"
  },
  {
    "_time": 1700009198,
    "_raw": "EventID=4634 ComputerName=WORKSTATION-021 AccountName=user013 AccountDomain=CORP LogonType=2 IpAddress=192.168.1.78.177 IpPort=40093",
    "host": "workstation-021",
    "source": "WinEventLog:Security",
    "sourcetype": "WinEventLog:Security",
    "index": "windows",
    "EventCode": "4634",
    "ComputerName": "WORKSTATION-021",
    "AccountName": "user013",
    "AccountDomain": "CORP",
    "LogonType": "2",
    "src_ip": "168.192.45.200"
  },
  {
    "_time": 1700009870,
    "_raw": "EventID=4776 ComputerName=WORKSTATION-013 AccountName=user009 AccountDomain=CONTOSO LogonType=5 IpAddress=31.59.42.32 IpPort=33085",
    "host": "workstation-013",
    "source": "WinEventLog:Security",
    "sourcetype": "WinEventLog:Security",
    "index": "windows",
    "EventCode": "4776",
    "ComputerName": "WORKSTATION-013",
    "AccountName": "user009",
    "AccountDomain": "CONTOSO",
    "LogonType": "5",
    "src_ip": "131.115.11.151"
  },
  {
    "_time": 1700012521,
    "_raw": "EventID=4769 ComputerName=WORKSTATION-016 AccountName=user009 AccountDomain=CONTOSO LogonType=2 IpAddress=47.196.247.166 IpPort=47078",
    "host": "workstation-016",
    "source": "WinEventLog:Security",
    "sourcetype": "WinEventLog:Security",
    "index": "windows",
    "EventCode": "4769",
    "ComputerName": "WORKSTATION-016",
    "AccountName": "user009",
    "AccountDomain": "CONTOSO",
    "LogonType": "2",
    "src_ip": "147.64.50.84"
  },
  {
    "_time": 1700001980,
    "_raw": "EventID=4768 ComputerName=WORKSTATION-006 AccountName=user013 AccountDomain=CONTOSO LogonType=5 IpAddress=138.250.32.133 IpPort=55887",
    "host": "workstation-006",
    "source": "WinEventLog:Security",
    "sourcetype": "WinEventLog:Security",
    "index": "windows",
    "EventCode": "4768",
    "ComputerName": "WORKSTATION-006",
    "AccountName": "user013",
    "AccountDomain": "CONTOSO",
    "LogonType": "5",
    "src_ip": "183.63.106.248"
  },
  {
    "_time": 1700014542,
    "_raw": "EventID=4625 ComputerName=WORKSTATION-006 AccountName=SYSTEM AccountDomain=CONTOSO LogonType=2 IpAddress=205.160.62.11 IpPort=9466",
    "host": "workstation-006",
    "source": "WinEventLog:Security",
    "sourcetype": "WinEventLog:Security",
    "index": "windows",
    "EventCode": "4625",
    "ComputerName": "WORKSTATION-006",
    "AccountName": "SYSTEM",
    "AccountDomain": "CONTOSO",
    "LogonType": "2",
    "src_ip": "168.82.44.144"
  },
  {
    "_time": 1700005958,
    "_raw": "EventID=4624 ComputerName=WORKSTATION-003 AccountName=user004 AccountDomain=CONTOSO LogonType=4 IpAddress=44.216.0.64 IpPort=20724",
    "host": "workstation-003",
    "source": "WinEventLog:Security",
    "sourcetype": "WinEventLog:Security",
    "index": "windows",
    "EventCode": "4624",
    "ComputerName": "WORKSTATION-003",
    "AccountName": "user004",
    "AccountDomain": "CONTOSO",
    "LogonType": "4",
    "src_ip": "172.16.232.201"
  },
  {
    "_time": 1700006630,
    "_raw": "EventID=4776 ComputerName=WORKSTATION-018 AccountName=user015 AccountDomain=CORP LogonType=5 IpAddress=134.180.107.177 IpPort=7512",
    "host": "workstation-018",
    "source": "WinEventLog:Security",
    "sourcetype": "WinEventLog:Security",
    "index": "windows",
    "EventCode": "4776",
    "ComputerName": "WORKSTATION-018",
    "AccountName": "user015",
    "AccountDomain": "CORP",
    "LogonType": "5",
    "src_ip": "12.121.18.49"
  },
  {
    "_time": 1700003320,
    "_raw": "EventID=4663 ComputerName=WORKSTATION-028 AccountName=user007 AccountDomain=CORP LogonType=10 IpAddress=192.168.1.72.33 IpPort=48806",
    "host": "workstation-028",
    "source": "WinEventLog:Security",
    "sourcetype": "WinEventLog:Security",
    "index": "windows",
    "EventCode": "4663",
    "ComputerName": "WORKSTATION-028",
    "AccountName": "user007",
    "AccountDomain": "CORP",
    "LogonType": "10",
    "src_ip": "20.130.133.98"
  },
  {
    "_time": 1700013965,
    "_raw": "EventID=4634 ComputerName=WORKSTATION-013 AccountName=user015 AccountDomain=CORP LogonType=5 IpAddress=37.104.36.162 IpPort=49040",
    "host": "workstation-013",
    "source": "WinEventLog:Security",
    "sourcetype": "WinEventLog:Security",
    "index": "windows",
    "EventCode": "4634",
    "ComputerName": "WORKSTATION-013",
    "AccountName": "user015",
    "AccountDomain": "CORP",
    "LogonType": "5",
    "src_ip": "172.16.179.166"
  },
  {
    "_time": 1700004662,
    "_raw": "EventID=4672 ComputerName=WORKSTATION-019 AccountName=LOCAL SERVICE AccountDomain=CONTOSO LogonType=10 IpAddress=10.0.81.202 IpPort=29442",
    "host": "workstation-019",
    "source": "WinEventLog:Security",
    "sourcetype": "WinEventLog:Security",
    "index": "windows",
    "EventCode": "4672",
    "ComputerName": "WORKSTATION-019",
    "AccountName": "LOCAL SERVICE",
    "AccountDomain": "CONTOSO",
    "LogonType": "10",
    "src_ip": "155.126.39.70"
  },
  {
    "_time": 1700002668,
    "_raw": "EventID=4768 ComputerName=WORKSTATION-004 AccountName=LOCAL SERVICE AccountDomain=CONTOSO LogonType=2 IpAddress=23.185.170.200 IpPort=18931",
    "host": "workstation-004",
    "source": "WinEventLog:Security",
    "sourcetype": "WinEventLog:Security",
    "index": "windows",
    "EventCode": "4768",
    "ComputerName": "WORKSTATION-004",
    "AccountName": "LOCAL SERVICE",
    "AccountDomain": "CONTOSO",
    "LogonType": "2",
    "src_ip": "10.0.71.3"
  },
  {
    "_time": 1700002672,
    "_raw": "EventID=4688 ComputerName=WORKSTATION-008 AccountName=user013 AccountDomain=CORP LogonType=3 IpAddress=79.250.48.136 IpPort=23889",
    "host": "workstation-008",
    "source": "WinEventLog:Security",
    "sourcetype": "WinEventLog:Security",
    "index": "windows",
    "EventCode": "4688",
    "ComputerName": "WORKSTATION-008",
    "AccountName": "user013",
    "AccountDomain": "CORP",
    "LogonType": "3",
    "src_ip": "222.144.138.156"
  },
  {
    "_time": 1700002676,
    "_raw": "EventID=4624 ComputerName=WORKSTATION-006 AccountName=user011 AccountDomain=ACME LogonType=4 IpAddress=174.206.244.152 IpPort=9384",
    "host": "workstation-006",
    "source": "WinEventLog:Security",
    "sourcetype": "WinEventLog:Security",
    "index": "windows",
    "EventCode": "4624",
    "ComputerName": "WORKSTATION-006",
    "AccountName": "user011",
    "AccountDomain": "ACME",
    "LogonType": "4",
    "src_ip": "172.16.132.183"
  },
  {
    "_time": 1700003350,
    "_raw": "EventID=4776 ComputerName=WORKSTATION-005 AccountName=user005 AccountDomain=ACME LogonType=4 IpAddress=172.16.164.250 IpPort=25282",
    "host": "workstation-005",
    "source": "WinEventLog:Security",
    "sourcetype": "WinEventLog:Security",
    "index": "windows",
    "EventCode": "4776",
    "ComputerName": "WORKSTATION-005",
    "AccountName": "user005",
    "AccountDomain": "ACME",
    "LogonType": "4",
    "src_ip": "64.214.234.47"
  },
  {
    "_time": 1700010065,
    "_raw": "EventID=4672 ComputerName=WORKSTATION-026 AccountName=user015 AccountDomain=CONTOSO LogonType=4 IpAddress=134.117.156.163 IpPort=57248",
    "host": "workstation-026",
    "source": "WinEventLog:Security",
    "sourcetype": "WinEventLog:Security",
    "index": "windows",
    "EventCode": "4672",
    "ComputerName": "WORKSTATION-026",
    "AccountName": "user015",
    "AccountDomain": "CONTOSO",
    "LogonType": "4",
    "src_ip": "192.168.1.105.198"
  },
  {
    "_time": 1700007392,
    "_raw": "EventID=4625 ComputerName=WORKSTATION-021 AccountName=user003 AccountDomain=CORP LogonType=3 IpAddress=43.29.43.191 IpPort=19757",
    "host": "workstation-021",
    "source": "WinEventLog:Security",
    "sourcetype": "WinEventLog:Security",
    "index": "windows",
    "EventCode": "4625",
    "ComputerName": "WORKSTATION-021",
    "AccountName": "user003",
    "AccountDomain": "CORP",
    "LogonType": "3",
    "src_ip": "127.5.217.174"
  },
  {
    "_time": 1700011441,
    "_raw": "EventID=4634 ComputerName=WORKSTATION-016 AccountName=user016 AccountDomain=CONTOSO LogonType=10 IpAddress=104.7.97.234 IpPort=55510",
    "host": "workstation-016",
    "source": "WinEventLog:Security",
    "sourcetype": "WinEventLog:Security",
    "index": "windows",
    "EventCode": "4634",
    "ComputerName": "WORKSTATION-016",
    "AccountName": "user016",
    "AccountDomain": "CONTOSO",
    "LogonType": "10",
    "src_ip": "183.217.176.63"
  },
  {
    "_time": 1700016176,
    "_raw": "EventID=4776 ComputerName=WORKSTATION-030 AccountName=user017 AccountDomain=CONTOSO LogonType=2 IpAddress=44.115.89.20 IpPort=25079",
    "host": "workstation-030",
    "source": "WinEventLog:Security",
    "sourcetype": "WinEventLog:Security",
    "index": "windows",
    "EventCode": "4776",
    "ComputerName": "WORKSTATION-030",
    "AccountName": "user017",
    "AccountDomain": "CONTOSO",
    "LogonType": "2",
    "src_ip": "132.180.26.109"
  },
  {
    "_time": 1700010800,
    "_raw": "EventID=4688 ComputerName=WORKSTATION-006 AccountName=user012 AccountDomain=CORP LogonType=3 IpAddress=218.60.148.77 IpPort=32686",
    "host": "workstation-006",
    "source": "WinEventLog:Security",
    "sourcetype": "WinEventLog:Security",
    "index": "windows",
    "EventCode": "4688",
    "ComputerName": "WORKSTATION-006",
    "AccountName": "user012",
    "AccountDomain": "CORP",
    "LogonType": "3",
    "src_ip": "10.0.1.189"
  },
  {
    "_time": 1700014196,
    "_raw": "EventID=4769 ComputerName=WORKSTATION-013 AccountName=user007 AccountDomain=ACME LogonType=10 IpAddress=10.237.249.15 IpPort=24338",
    "host": "workstation-013",
    "source": "WinEventLog:Security",
    "sourcetype": "WinEventLog:Security",
    "index": "windows",
    "EventCode": "4769",
    "ComputerName": "WORKSTATION-013",
    "AccountName": "user007",
    "AccountDomain": "ACME",
    "LogonType": "10",
    "src_ip": "192.168.1.85.77"
  },
  {
    "_time": 1700008124,
    "_raw": "EventID=4625 ComputerName=WORKSTATION-001 AccountName=user012 AccountDomain=CONTOSO LogonType=5 IpAddress=26.220.251.51 IpPort=6577",
    "host": "workstation-001",
    "source": "WinEventLog:Security",
    "sourcetype": "WinEventLog:Security",
    "index": "windows",
    "EventCode": "4625",
    "ComputerName": "WORKSTATION-001",
    "AccountName": "user012",
    "AccountDomain": "CONTOSO",
    "LogonType": "5",
    "src_ip": "40.210.63.234"
  },
  {
    "_time": 1700010848,
    "_raw": "EventID=4624 ComputerName=WORKSTATION-005 AccountName=LOCAL SERVICE AccountDomain=ACME LogonType=5 IpAddress=77.186.219.229 IpPort=12963",
    "host": "workstation-005",
    "source": "WinEventLog:Security",
    "sourcetype": "WinEventLog:Security",
    "index": "windows",
    "EventCode": "4624",
    "ComputerName": "WORKSTATION-005",
    "AccountName": "LOCAL SERVICE",
    "AccountDomain": "ACME",
    "LogonType": "5",
    "src_ip": "69.55.224.169"
  },
  {
    "_time": 1700018333,
    "_raw": "EventID=4720 ComputerName=WORKSTATION-006 AccountName=user005 AccountDomain=ACME LogonType=5 IpAddress=172.16.51.29 IpPort=13447",
    "host": "workstation-006",
    "source": "WinEventLog:Security",
    "sourcetype": "WinEventLog:Security",
    "index": "windows",
    "EventCode": "4720",
    "ComputerName": "WORKSTATION-006",
    "AccountName": "user005",
    "AccountDomain": "ACME",
    "LogonType": "5",
    "src_ip": "10.0.102.108"
  },
  {
    "_time": 1700016320,
    "_raw": "EventID=4672 ComputerName=WORKSTATION-029 AccountName=user002 AccountDomain=CORP LogonType=3 IpAddress=171.136.60.108 IpPort=33075",
    "host": "workstation-029",
    "source": "WinEventLog:Security",
    "sourcetype": "WinEventLog:Security",
    "index": "windows",
    "EventCode": "4672",
    "ComputerName": "WORKSTATION-029",
    "AccountName": "user002",
    "AccountDomain": "CORP",
    "LogonType": "3",
    "src_ip": "205.65.166.193"
  },
  {
    "_time": 1700017025,
    "_raw": "EventID=4688 ComputerName=WORKSTATION-017 AccountName=user013 AccountDomain=CORP LogonType=2 IpAddress=33.79.176.129 IpPort=1918",
    "host": "workstation-017",
    "source": "WinEventLog:Security",
    "sourcetype": "WinEventLog:Security",
    "index": "windows",
    "EventCode": "4688",
    "ComputerName": "WORKSTATION-017",
    "AccountName": "user013",
    "AccountDomain": "CORP",
    "LogonType": "2",
    "src_ip": "61.26.175.110"
  },
  {
    "_time": 1700013640,
    "_raw": "EventID=4624 ComputerName=WORKSTATION-014 AccountName=user016 AccountDomain=ACME LogonType=5 IpAddress=192.168.1.64.159 IpPort=11017",
    "host": "workstation-014",
    "source": "WinEventLog:Security",
    "sourcetype": "WinEventLog:Security",
    "index": "windows",
    "EventCode": "4624",
    "ComputerName": "WORKSTATION-014",
    "AccountName": "user016",
    "AccountDomain": "ACME",
    "LogonType": "5",
    "src_ip": "48.127.143.197"
  },
  {
    "_time": 1700002732,
    "_raw": "EventID=4663 ComputerName=WORKSTATION-023 AccountName=user008 AccountDomain=CONTOSO LogonType=3 IpAddress=201.52.92.49 IpPort=57048",
    "host": "workstation-023",
    "source": "WinEventLog:Security",
    "sourcetype": "WinEventLog:Security",
    "index": "windows",
    "EventCode": "4663",
    "ComputerName": "WORKSTATION-023",
    "AccountName": "user008",
    "AccountDomain": "CONTOSO",
    "LogonType": "3",
    "src_ip": "163.76.117.31"
  },
  {
    "_time": 1700003420,
    "_raw": "EventID=4688 ComputerName=WORKSTATION-002 AccountName=user009 AccountDomain=CORP LogonType=5 IpAddress=10.0.24.222 IpPort=4363",
    "host": "workstation-002",
    "source": "WinEventLog:Security",
    "sourcetype": "WinEventLog:Security",
    "index": "windows",
    "EventCode": "4688",
    "ComputerName": "WORKSTATION-002",
    "AccountName": "user009",
    "AccountDomain": "CORP",
    "LogonType": "5",
    "src_ip": "135.156.118.57"
  },
  {
    "_time": 1700007535,
    "_raw": "EventID=4688 ComputerName=WORKSTATION-016 AccountName=user002 AccountDomain=CONTOSO LogonType=2 IpAddress=69.186.143.242 IpPort=24028",
    "host": "workstation-016",
    "source": "WinEventLog:Security",
    "sourcetype": "WinEventLog:Security",
    "index": "windows",
    "EventCode": "4688",
    "ComputerName": "WORKSTATION-016",
    "AccountName": "user002",
    "AccountDomain": "CONTOSO",
    "LogonType": "2",
    "src_ip": "64.163.24.47"
  },
  {
    "_time": 1700001372,
    "_raw": "EventID=4624 ComputerName=WORKSTATION-002 AccountName=LOCAL SERVICE AccountDomain=CONTOSO LogonType=3 IpAddress=192.168.1.233.156 IpPort=7627",
    "host": "workstation-002",
    "source": "WinEventLog:Security",
    "sourcetype": "WinEventLog:Security",
    "index": "windows",
    "EventCode": "4624",
    "ComputerName": "WORKSTATION-002",
    "AccountName": "LOCAL SERVICE",
    "AccountDomain": "CONTOSO",
    "LogonType": "3",
    "src_ip": "65.251.186.86"
  },
  {
    "_time": 1700006870,
    "_raw": "EventID=4625 ComputerName=WORKSTATION-004 AccountName=LOCAL SERVICE AccountDomain=CORP LogonType=10 IpAddress=34.169.184.190 IpPort=54110",
    "host": "workstation-004",
    "source": "WinEventLog:Security",
    "sourcetype": "WinEventLog:Security",
    "index": "windows",
    "EventCode": "4625",
    "ComputerName": "WORKSTATION-004",
    "AccountName": "LOCAL SERVICE",
    "AccountDomain": "CORP",
    "LogonType": "10",
    "src_ip": "200.190.121.167"
  },
  {
    "_time": 1700006192,
    "_raw": "EventID=4648 ComputerName=WORKSTATION-019 AccountName=user013 AccountDomain=CORP LogonType=3 IpAddress=155.61.21.151 IpPort=64484",
    "host": "workstation-019",
    "source": "WinEventLog:Security",
    "sourcetype": "WinEventLog:Security",
    "index": "windows",
    "EventCode": "4648",
    "ComputerName": "WORKSTATION-019",
    "AccountName": "user013",
    "AccountDomain": "CORP",
    "LogonType": "3",
    "src_ip": "168.97.98.181"
  },
  {
    "_time": 1700010335,
    "_raw": "EventID=4625 ComputerName=WORKSTATION-003 AccountName=user018 AccountDomain=CONTOSO LogonType=4 IpAddress=195.103.78.12 IpPort=9401",
    "host": "workstation-003",
    "source": "WinEventLog:Security",
    "sourcetype": "WinEventLog:Security",
    "index": "windows",
    "EventCode": "4625",
    "ComputerName": "WORKSTATION-003",
    "AccountName": "user018",
    "AccountDomain": "CONTOSO",
    "LogonType": "4",
    "src_ip": "172.16.183.65"
  },
  {
    "_time": 1700020010,
    "_raw": "EventID=4768 ComputerName=WORKSTATION-012 AccountName=user012 AccountDomain=ACME LogonType=2 IpAddress=18.247.214.135 IpPort=62059",
    "host": "workstation-012",
    "source": "WinEventLog:Security",
    "sourcetype": "WinEventLog:Security",
    "index": "windows",
    "EventCode": "4768",
    "ComputerName": "WORKSTATION-012",
    "AccountName": "user012",
    "AccountDomain": "ACME",
    "LogonType": "2",
    "src_ip": "203.11.85.154"
  },
  {
    "_time": 1700006219,
    "_raw": "EventID=4634 ComputerName=WORKSTATION-010 AccountName=user002 AccountDomain=CONTOSO LogonType=3 IpAddress=102.253.38.43 IpPort=29712",
    "host": "workstation-010",
    "source": "WinEventLog:Security",
    "sourcetype": "WinEventLog:Security",
    "index": "windows",
    "EventCode": "4634",
    "ComputerName": "WORKSTATION-010",
    "AccountName": "user002",
    "AccountDomain": "CONTOSO",
    "LogonType": "3",
    "src_ip": "99.199.205.156"
  },
  {
    "_time": 1700006228,
    "_raw": "EventID=4648 ComputerName=WORKSTATION-006 AccountName=user001 AccountDomain=CORP LogonType=3 IpAddress=3.233.132.78 IpPort=56891",
    "host": "workstation-006",
    "source": "WinEventLog:Security",
    "sourcetype": "WinEventLog:Security",
    "index": "windows",
    "EventCode": "4648",
    "ComputerName": "WORKSTATION-006",
    "AccountName": "user001",
    "AccountDomain": "CORP",
    "LogonType": "3",
    "src_ip": "172.16.69.142"
  },
  {
    "_time": 1700002772,
    "_raw": "EventID=4634 ComputerName=WORKSTATION-008 AccountName=user002 AccountDomain=CONTOSO LogonType=4 IpAddress=10.0.242.227 IpPort=19227",
    "host": "workstation-008",
    "source": "WinEventLog:Security",
    "sourcetype": "WinEventLog:Security",
    "index": "windows",
    "EventCode": "4634",
    "ComputerName": "WORKSTATION-008",
    "AccountName": "user002",
    "AccountDomain": "CONTOSO",
    "LogonType": "4",
    "src_ip": "70.26.127.254"
  },
  {
    "_time": 1700018738,
    "_raw": "EventID=4648 ComputerName=WORKSTATION-018 AccountName=user004 AccountDomain=CORP LogonType=4 IpAddress=95.166.42.243 IpPort=47257",
    "host": "workstation-018",
    "source": "WinEventLog:Security",
    "sourcetype": "WinEventLog:Security",
    "index": "windows",
    "EventCode": "4648",
    "ComputerName": "WORKSTATION-018",
    "AccountName": "user004",
    "AccountDomain": "CORP",
    "LogonType": "4",
    "src_ip": "68.68.209.230"
  },
  {
    "_time": 1700013900,
    "_raw": "EventID=4663 ComputerName=WORKSTATION-011 AccountName=user002 AccountDomain=CONTOSO LogonType=4 IpAddress=192.168.1.46.66 IpPort=64699",
    "host": "workstation-011",
    "source": "WinEventLog:Security",
    "sourcetype": "WinEventLog:Security",
    "index": "windows",
    "EventCode": "4663",
    "ComputerName": "WORKSTATION-011",
    "AccountName": "user002",
    "AccountDomain": "CONTOSO",
    "LogonType": "4",
    "src_ip": "172.16.251.223"
  },
  {
    "_time": 1700017400,
    "_raw": "EventID=4769 ComputerName=WORKSTATION-004 AccountName=user013 AccountDomain=CONTOSO LogonType=10 IpAddress=210.226.112.84 IpPort=18639",
    "host": "workstation-004",
    "source": "WinEventLog:Security",
    "sourcetype": "WinEventLog:Security",
    "index": "windows",
    "EventCode": "4769",
    "ComputerName": "WORKSTATION-004",
    "AccountName": "user013",
    "AccountDomain": "CONTOSO",
    "LogonType": "10",
    "src_ip": "172.16.207.220"
  },
  {
    "_time": 1700017425,
    "_raw": "EventID=4688 ComputerName=WORKSTATION-005 AccountName=user015 AccountDomain=CORP LogonType=5 IpAddress=123.47.253.47 IpPort=31130",
    "host": "workstation-005",
    "source": "WinEventLog:Security",
    "sourcetype": "WinEventLog:Security",
    "index": "windows",
    "EventCode": "4688",
    "ComputerName": "WORKSTATION-005",
    "AccountName": "user015",
    "AccountDomain": "CORP",
    "LogonType": "5",
    "src_ip": "10.0.49.146"
  },
  {
    "_time": 1700011168,
    "_raw": "EventID=4634 ComputerName=WORKSTATION-021 AccountName=user010 AccountDomain=CORP LogonType=3 IpAddress=210.201.96.18 IpPort=10429",
    "host": "workstation-021",
    "source": "WinEventLog:Security",
    "sourcetype": "WinEventLog:Security",
    "index": "windows",
    "EventCode": "4634",
    "ComputerName": "WORKSTATION-021",
    "AccountName": "user010",
    "AccountDomain": "CORP",
    "LogonType": "3",
    "src_ip": "10.0.117.233"
  },
  {
    "_time": 1700014679,
    "_raw": "EventID=4688 ComputerName=WORKSTATION-004 AccountName=user017 AccountDomain=CORP LogonType=2 IpAddress=97.196.10.29 IpPort=55193",
    "host": "workstation-004",
    "source": "WinEventLog:Security",
    "sourcetype": "WinEventLog:Security",
    "index": "windows",
    "EventCode": "4688",
    "ComputerName": "WORKSTATION-004",
    "AccountName": "user017",
    "AccountDomain": "CORP",
    "LogonType": "2",
    "src_ip": "172.16.240.12"
  },
  {
    "_time": 1700003500,
    "_raw": "EventID=4648 ComputerName=WORKSTATION-025 AccountName=user003 AccountDomain=ACME LogonType=10 IpAddress=10.0.246.203 IpPort=7993",
    "host": "workstation-025",
    "source": "WinEventLog:Security",
    "sourcetype": "WinEventLog:Security",
    "index": "windows",
    "EventCode": "4648",
    "ComputerName": "WORKSTATION-025",
    "AccountName": "user003",
    "AccountDomain": "ACME",
    "LogonType": "10",
    "src_ip": "210.173.43.52"
  },
  {
    "_time": 1700003505,
    "_raw": "EventID=4720 ComputerName=WORKSTATION-025 AccountName=user019 AccountDomain=ACME LogonType=4 IpAddress=40.124.28.140 IpPort=46377",
    "host": "workstation-025",
    "source": "WinEventLog:Security",
    "sourcetype": "WinEventLog:Security",
    "index": "windows",
    "EventCode": "4720",
    "ComputerName": "WORKSTATION-025",
    "AccountName": "user019",
    "AccountDomain": "ACME",
    "LogonType": "4",
    "src_ip": "172.16.32.6"
  },
  {
    "_time": 1700018954,
    "_raw": "EventID=4624 ComputerName=WORKSTATION-004 AccountName=user018 AccountDomain=ACME LogonType=10 IpAddress=107.72.0.234 IpPort=15724",
    "host": "workstation-004",
    "source": "WinEventLog:Security",
    "sourcetype": "WinEventLog:Security",
    "index": "windows",
    "EventCode": "4624",
    "ComputerName": "WORKSTATION-004",
    "AccountName": "user018",
    "AccountDomain": "ACME",
    "LogonType": "10",
    "src_ip": "192.168.1.99.38"
  },
  {
    "_time": 1700008436,
    "_raw": "EventID=4776 ComputerName=WORKSTATION-010 AccountName=user008 AccountDomain=CONTOSO LogonType=2 IpAddress=29.114.52.245 IpPort=63666",
    "host": "workstation-010",
    "source": "WinEventLog:Security",
    "sourcetype": "WinEventLog:Security",
    "index": "windows",
    "EventCode": "4776",
    "ComputerName": "WORKSTATION-010",
    "AccountName": "user008",
    "AccountDomain": "CONTOSO",
    "LogonType": "2",
    "src_ip": "10.0.158.86"
  },
  {
    "_time": 1700002816,
    "_raw": "EventID=4672 ComputerName=WORKSTATION-030 AccountName=user003 AccountDomain=CORP LogonType=3 IpAddress=172.16.86.154 IpPort=12909",
    "host": "workstation-030",
    "source": "WinEventLog:Security",
    "sourcetype": "WinEventLog:Security",
    "index": "windows",
    "EventCode": "4672",
    "ComputerName": "WORKSTATION-030",
    "AccountName": "user003",
    "AccountDomain": "CORP",
    "LogonType": "3",
    "src_ip": "39.154.146.90"
  },
  {
    "_time": 1700020445,
    "_raw": "EventID=4625 ComputerName=WORKSTATION-009 AccountName=user016 AccountDomain=CONTOSO LogonType=4 IpAddress=183.39.1.221 IpPort=62175",
    "host": "workstation-009",
    "source": "WinEventLog:Security",
    "sourcetype": "WinEventLog:Security",
    "index": "windows",
    "EventCode": "4625",
    "ComputerName": "WORKSTATION-009",
    "AccountName": "user016",
    "AccountDomain": "CONTOSO",
    "LogonType": "4",
    "src_ip": "200.75.163.38"
  },
  {
    "_time": 1700009178,
    "_raw": "EventID=4720 ComputerName=WORKSTATION-024 AccountName=user016 AccountDomain=CORP LogonType=10 IpAddress=187.142.74.24 IpPort=22195",
    "host": "workstation-024",
    "source": "WinEventLog:Security",
    "sourcetype": "WinEventLog:Security",
    "index": "windows",
    "EventCode": "4720",
    "ComputerName": "WORKSTATION-024",
    "AccountName": "user016",
    "AccountDomain": "CORP",
    "LogonType": "10",
    "src_ip": "47.197.180.82"
  },
