  {
    "_time": 1700002020,
    "_raw": "EventID=4768 ComputerName=WORKSTATION-013 AccountName=user015 AccountDomain=CONTOSO LogonType=2 IpAddress=208.96.164.155 IpPort=32194",
    "host": "workstation-013",
    "source": "WinEventLog:Security",
    "sourcetype": "WinEventLog:Security",
    "index": "windows",
    "EventCode": "4768",
    "ComputerName": "WORKSTATION-013",
    "AccountName": "user015",
    "AccountDomain": "CONTOSO",
    "LogonType": "2",
    "src_ip": "16.230.52.208"
  },
  {
    "_time": 1700002958,
    "_raw": "EventID=4672 ComputerName=WORKSTATION-023 AccountName=user003 AccountDomain=CONTOSO LogonType=3 IpAddress=172.16.113.254 IpPort=29821",
    "host": "workstation-023",
    "source": "WinEventLog:Security",
    "sourcetype": "WinEventLog:Security",
    "index": "windows",
    "EventCode": "4672",
    "ComputerName": "WORKSTATION-023",
    "AccountName": "user003",
    "AccountDomain": "CONTOSO",
    "LogonType": "3",
    "src_ip": "157.81.186.96"
  },
  {
    "_time": 1700003090,
    "_raw": "EventID=4663 ComputerName=WORKSTATION-013 AccountName=user014 AccountDomain=ACME LogonType=10 IpAddress=172.16.166.86 IpPort=5343",
    "host": "workstation-013",
    "source": "WinEventLog:Security",
    "sourcetype": "WinEventLog:Security",
    "index": "windows",
    "EventCode": "4663",
    "ComputerName": "WORKSTATION-013",
    "AccountName": "user014",
    "AccountDomain": "ACME",
    "LogonType": "10",
    "src_ip": "143.197.145.65"
  },
  {
    "_time": 1700002496,
    "_raw": "EventID=4776 ComputerName=WORKSTATION-030 AccountName=SYSTEM AccountDomain=CORP LogonType=2 IpAddress=37.179.158.248 IpPort=44019",
    "host": "workstation-030",
    "source": "WinEventLog:Security",
    "sourcetype": "WinEventLog:Security",
    "index": "windows",
    "EventCode": "4776",
    "ComputerName": "WORKSTATION-030",
    "AccountName": "SYSTEM",
    "AccountDomain": "CORP",
    "LogonType": "2",
    "src_ip": "101.66.43.80"
  },
  {
    "_time": 1700001890,
    "_raw": "EventID=4688 ComputerName=WORKSTATION-021 AccountName=user011 AccountDomain=CORP LogonType=10 IpAddress=172.16.109.131 IpPort=24736",
    "host": "workstation-021",
    "source": "WinEventLog:Security",
    "sourcetype": "WinEventLog:Security",
    "index": "windows",
    "EventCode": "4688",
    "ComputerName": "WORKSTATION-021",
    "AccountName": "user011",
    "AccountDomain": "CORP",
    "LogonType": "10",
    "src_ip": "192.168.1.47.244"
  },
  {
    "_time": 1700000742,
    "_raw": "EventID=4672 ComputerName=WORKSTATION-025 AccountName=user016 AccountDomain=CORP LogonType=3 IpAddress=192.168.1.217.202 IpPort=7652",
    "host": "workstation-025",
    "source": "WinEventLog:Security",
    "sourcetype": "WinEventLog:Security",
    "index": "windows",
    "EventCode": "4672",
    "ComputerName": "WORKSTATION-025",
    "AccountName": "user016",
    "AccountDomain": "CORP",
    "LogonType": "3",
    "src_ip": "139.19.172.225"
  },
  {
    "_time": 1700002675,
    "_raw": "EventID=4769 ComputerName=WORKSTATION-005 AccountName=SYSTEM AccountDomain=ACME LogonType=3 IpAddress=172.16.198.160 IpPort=54045",
    "host": "workstation-005",
    "source": "WinEventLog:Security",
    "sourcetype": "WinEventLog:Security",
    "index": "windows",
    "EventCode": "4769",
    "ComputerName": "WORKSTATION-005",
    "AccountName": "SYSTEM",
    "AccountDomain": "ACME",
    "LogonType": "3",
    "src_ip": "185.224.22.106"
  },
  {
    "_time": 1700001296,
    "_raw": "EventID=4776 ComputerName=WORKSTATION-024 AccountName=user008 AccountDomain=ACME LogonType=4 IpAddress=201.229.119.137 IpPort=16698",
    "host": "workstation-024",
    "source": "WinEventLog:Security",
    "sourcetype": "WinEventLog:Security",
    "index": "windows",
    "EventCode": "4776",
    "ComputerName": "WORKSTATION-024",
    "AccountName": "user008",
    "AccountDomain": "ACME",
    "LogonType": "4",
    "src_ip": "208.240.99.95"
  },
  {
    "_time": 1700002398,
    "_raw": "EventID=4769 ComputerName=WORKSTATION-015 AccountName=user015 AccountDomain=ACME LogonType=10 IpAddress=42.102.70.224 IpPort=17408",
    "host": "workstation-015",
    "source": "WinEventLog:Security",
    "sourcetype": "WinEventLog:Security",
    "index": "windows",
    "EventCode": "4769",
    "ComputerName": "WORKSTATION-015",
    "AccountName": "user015",
    "AccountDomain": "ACME",
    "LogonType": "10",
    "src_ip": "192.168.1.224.96"
  },
  {
    "_time": 1700001980,
    "_raw": "EventID=4625 ComputerName=WORKSTATION-023 AccountName=user017 AccountDomain=CORP LogonType=2 IpAddress=70.230.75.213 IpPort=29694",
    "host": "workstation-023",
    "source": "WinEventLog:Security",
    "sourcetype": "WinEventLog:Security",
    "index": "windows",
    "EventCode": "4625",
    "ComputerName": "WORKSTATION-023",
    "AccountName": "user017",
    "AccountDomain": "CORP",
    "LogonType": "2",
    "src_ip": "10.0.210.116"
  },
  {
    "_time": 1700003219,
    "_raw": "EventID=4672 ComputerName=WORKSTATION-030 AccountName=user001 AccountDomain=ACME LogonType=5 IpAddress=61.197.41.96 IpPort=15739",
    "host": "workstation-030",
    "source": "WinEventLog:Security",
    "sourcetype": "WinEventLog:Security",
    "index": "windows",
    "EventCode": "4672",
    "ComputerName": "WORKSTATION-030",
    "AccountName": "user001",
    "AccountDomain": "ACME",
    "LogonType": "5",
    "src_ip": "10.0.215.183"
  },
  {
    "_time": 1700002352,
    "_raw": "EventID=4672 ComputerName=WORKSTATION-026 AccountName=user005 AccountDomain=CORP LogonType=4 IpAddress=121.71.240.115 IpPort=41351",
    "host": "workstation-026",
    "source": "WinEventLog:Security",
    "sourcetype": "WinEventLog:Security",
    "index": "windows",
    "EventCode": "4672",
    "ComputerName": "WORKSTATION-026",
    "AccountName": "user005",
    "AccountDomain": "CORP",
    "LogonType": "4",
    "src_ip": "10.0.5.66"
  },
  {
    "_time": 1700000791,
    "_raw": "EventID=4634 ComputerName=WORKSTATION-018 AccountName=SYSTEM AccountDomain=CONTOSO LogonType=2 IpAddress=61.154.62.13 IpPort=16650",
    "host": "workstation-018",
    "source": "WinEventLog:Security",
    "sourcetype": "WinEventLog:Security",
    "index": "windows",
    "EventCode": "4634",
    "ComputerName": "WORKSTATION-018",
    "AccountName": "SYSTEM",
    "AccountDomain": "CONTOSO",
    "LogonType": "2",
    "src_ip": "204.234.32.29"
  },
  {
    "_time": 1700003078,
    "_raw": "EventID=4720 ComputerName=WORKSTATION-020 AccountName=user018 AccountDomain=CORP LogonType=10 IpAddress=184.73.149.110 IpPort=1126",
    "host": "workstation-020",
    "source": "WinEventLog:Security",
    "sourcetype": "WinEventLog:Security",
    "index": "windows",
    "EventCode": "4720",
    "ComputerName": "WORKSTATION-020",
    "AccountName": "user018",
    "AccountDomain": "CORP",
    "LogonType": "10",
    "src_ip": "62.213.95.171"
  },
  {
    "_time": 1700002530,
    "_raw": "EventID=4625 ComputerName=WORKSTATION-017 AccountName=user012 AccountDomain=CORP LogonType=10 IpAddress=130.10.199.224 IpPort=31834",
    "host": "workstation-017",
    "source": "WinEventLog:Security",
    "sourcetype": "WinEventLog:Security",
    "index": "windows",
    "EventCode": "4625",
    "ComputerName": "WORKSTATION-017",
    "AccountName": "user012",
    "AccountDomain": "CORP",
    "LogonType": "10",
    "src_ip": "192.168.1.252.96"
  },
  {
    "_time": 1700001044,
    "_raw": "EventID=4624 ComputerName=WORKSTATION-012 AccountName=user003 AccountDomain=ACME LogonType=2 IpAddress=189.170.68.12 IpPort=24112",
    "host": "workstation-012",
    "source": "WinEventLog:Security",
    "sourcetype": "WinEventLog:Security",
    "index": "windows",
    "EventCode": "4624",
    "ComputerName": "WORKSTATION-012",
    "AccountName": "user003",
    "AccountDomain": "ACME",
    "LogonType": "2",
    "src_ip": "209.89.237.252"
  },
  {
    "_time": 1700002691,
    "_raw": "EventID=4720 ComputerName=WORKSTATION-021 AccountName=user006 AccountDomain=CORP LogonType=5 IpAddress=10.0.12.203 IpPort=14096",
    "host": "workstation-021",
    "source": "WinEventLog:Security",
    "sourcetype": "WinEventLog:Security",
    "index": "windows",
    "EventCode": "4720",
    "ComputerName": "WORKSTATION-021",
    "AccountName": "user006",
    "AccountDomain": "CORP",
    "LogonType": "5",
    "src_ip": "81.158.203.254"
  },
  {
    "_time": 1700003186,
    "_raw": "EventID=4768 ComputerName=WORKSTATION-016 AccountName=user009 AccountDomain=CORP LogonType=3 IpAddress=10.0.222.168 IpPort=22777",
    "host": "workstation-016",
    "source": "WinEventLog:Security",
    "sourcetype": "WinEventLog:Security",
    "index": "windows",
    "EventCode": "4768",
    "ComputerName": "WORKSTATION-016",
    "AccountName": "user009",
    "AccountDomain": "CORP",
    "LogonType": "3",
    "src_ip": "192.168.1.112.228"
  },
  {
    "_time": 1700001547,
    "_raw": "EventID=4720 ComputerName=WORKSTATION-029 AccountName=user013 AccountDomain=ACME LogonType=5 IpAddress=95.136.42.187 IpPort=28844",
    "host": "workstation-029",
    "source": "WinEventLog:Security",
    "sourcetype": "WinEventLog:Security",
    "index": "windows",
    "EventCode": "4720",
    "ComputerName": "WORKSTATION-029",
    "AccountName": "user013",
    "AccountDomain": "ACME",
    "LogonType": "5",
    "src_ip": "172.16.211.47"
  },
  {
    "_time": 1700002160,
    "_raw": "EventID=4663 ComputerName=WORKSTATION-011 AccountName=user004 AccountDomain=CORP LogonType=4 IpAddress=155.218.85.177 IpPort=30115",
    "host": "workstation-011",
    "source": "WinEventLog:Security",
    "sourcetype": "WinEventLog:Security",
    "index": "windows",
    "EventCode": "4663",
    "ComputerName": "WORKSTATION-011",
    "AccountName": "user004",
    "AccountDomain": "CORP",
    "LogonType": "4",
    "src_ip": "11.180.222.71"
  },
  {
    "_time": 1700002541,
    "_raw": "EventID=4624 ComputerName=WORKSTATION-003 AccountName=LOCAL SERVICE AccountDomain=CONTOSO LogonType=4 IpAddress=192.81.15.37 IpPort=56642",
    "host": "workstation-003",
    "source": "WinEventLog:Security",
    "sourcetype": "WinEventLog:Security",
    "index": "windows",
    "EventCode": "4624",
    "ComputerName": "WORKSTATION-003",
    "AccountName": "LOCAL SERVICE",
    "AccountDomain": "CONTOSO",
    "LogonType": "4",
    "src_ip": "201.224.17.33"
  },
  {
    "_time": 1700000366,
    "_raw": "EventID=4648 ComputerName=WORKSTATION-025 AccountName=NETWORK SERVICE AccountDomain=ACME LogonType=5 IpAddress=9.78.230.243 IpPort=25335",
    "host": "workstation-025",
    "source": "WinEventLog:Security",
    "sourcetype": "WinEventLog:Security",
    "index": "windows",
    "EventCode": "4648",
    "ComputerName": "WORKSTATION-025",
    "AccountName": "NETWORK SERVICE",
    "AccountDomain": "ACME",
    "LogonType": "5",
    "src_ip": "196.39.70.136"
  },
  {
    "_time": 1700001476,
    "_raw": "EventID=4688 ComputerName=WORKSTATION-011 AccountName=NETWORK SERVICE AccountDomain=ACME LogonType=2 IpAddress=10.0.128.133 IpPort=26385",
    "host": "workstation-011",
    "source": "WinEventLog:Security",
    "sourcetype": "WinEventLog:Security",
    "index": "windows",
    "EventCode": "4688",
    "ComputerName": "WORKSTATION-011",
    "AccountName": "NETWORK SERVICE",
    "AccountDomain": "ACME",
    "LogonType": "2",
    "src_ip": "31.134.133.181"
  },
  {
    "_time": 1700001860,
    "_raw": "EventID=4648 ComputerName=WORKSTATION-020 AccountName=user010 AccountDomain=CONTOSO LogonType=3 IpAddress=10.0.116.45 IpPort=59919",
    "host": "workstation-020",
    "source": "WinEventLog:Security",
    "sourcetype": "WinEventLog:Security",
    "index": "windows",
    "EventCode": "4648",
    "ComputerName": "WORKSTATION-020",
    "AccountName": "user010",
    "AccountDomain": "CONTOSO",
    "LogonType": "3",
    "src_ip": "23.163.177.182"
  },
  {
    "_time": 1700000375,
    "_raw": "EventID=4768 ComputerName=WORKSTATION-018 AccountName=user010 AccountDomain=ACME LogonType=3 IpAddress=131.114.62.253 IpPort=14195",
    "host": "workstation-018",
    "source": "WinEventLog:Security",
    "sourcetype": "WinEventLog:Security",
    "index": "windows",
    "EventCode": "4768",
    "ComputerName": "WORKSTATION-018",
    "AccountName": "user010",
    "AccountDomain": "ACME",
    "LogonType": "3",
    "src_ip": "61.252.13.93"
  },
  {
    "_time": 1700002268,
    "_raw": "EventID=4769 ComputerName=WORKSTATION-012 AccountName=user015 AccountDomain=CONTOSO LogonType=10 IpAddress=17.158.203.184 IpPort=48135",
    "host": "workstation-012",
    "source": "WinEventLog:Security",
    "sourcetype": "WinEventLog:Security",
    "index": "windows",
    "EventCode": "4769",
    "ComputerName": "WORKSTATION-012",
    "AccountName": "user015",
    "AccountDomain": "CONTOSO",
    "LogonType": "10",
    "src_ip": "106.209.37.33"
  },
  {
    "_time": 1700001397,
    "_raw": "EventID=4776 ComputerName=WORKSTATION-003 AccountName=user015 AccountDomain=ACME LogonType=10 IpAddress=213.93.66.111 IpPort=33979",
    "host": "workstation-003",
    "source": "WinEventLog:Security",
    "sourcetype": "WinEventLog:Security",
    "index": "windows",
    "EventCode": "4776",
    "ComputerName": "WORKSTATION-003",
    "AccountName": "user015",
    "AccountDomain": "ACME",
    "LogonType": "10",
    "src_ip": "15.63.78.78"
  },
  {
    "_time": 1700000768,
    "_raw": "EventID=4634 ComputerName=WORKSTATION-011 AccountName=user008 AccountDomain=ACME LogonType=4 IpAddress=65.100.140.33 IpPort=41985",
    "host": "workstation-011",
    "source": "WinEventLog:Security",
    "sourcetype": "WinEventLog:Security",
    "index": "windows",
    "EventCode": "4634",
    "ComputerName": "WORKSTATION-011",
    "AccountName": "user008",
    "AccountDomain": "ACME",
    "LogonType": "4",
    "src_ip": "137.47.86.152"
  },
  {
    "_time": 1700002451,
    "_raw": "EventID=4634 ComputerName=WORKSTATION-006 AccountName=LOCAL SERVICE AccountDomain=CONTOSO LogonType=10 IpAddress=145.21.14.21 IpPort=4003",
    "host": "workstation-006",
    "source": "WinEventLog:Security",
    "sourcetype": "WinEventLog:Security",
    "index": "windows",
    "EventCode": "4634",
    "ComputerName": "WORKSTATION-006",
    "AccountName": "LOCAL SERVICE",
    "AccountDomain": "CONTOSO",
    "LogonType": "10",
    "src_ip": "198.135.107.197"
  },
  {
    "_time": 1700002470,
    "_raw": "EventID=4688 ComputerName=WORKSTATION-020 AccountName=NETWORK SERVICE AccountDomain=CORP LogonType=10 IpAddress=192.168.1.124.63 IpPort=53760",
    "host": "workstation-020",
    "source": "WinEventLog:Security",
    "sourcetype": "WinEventLog:Security",
    "index": "windows",
    "EventCode": "4688",
    "ComputerName": "WORKSTATION-020",
    "AccountName": "NETWORK SERVICE",
    "AccountDomain": "CORP",
    "LogonType": "10",
    "src_ip": "104.152.232.19"
  },
  {
    "_time": 1700003013,
    "_raw": "EventID=4624 ComputerName=WORKSTATION-006 AccountName=user015 AccountDomain=ACME LogonType=5 IpAddress=172.16.37.81 IpPort=57482",
    "host": "workstation-006",
    "source": "WinEventLog:Security",
    "sourcetype": "WinEventLog:Security",
    "index": "windows",
    "EventCode": "4624",
    "ComputerName": "WORKSTATION-006",
    "AccountName": "user015",
    "AccountDomain": "ACME",
    "LogonType": "5",
    "src_ip": "188.176.204.34"
  },
  {
    "_time": 1700003300,
    "_raw": "EventID=4672 ComputerName=WORKSTATION-017 AccountName=user018 AccountDomain=CORP LogonType=3 IpAddress=69.230.126.37 IpPort=7368",
    "host": "workstation-017",
    "source": "WinEventLog:Security",
    "sourcetype": "WinEventLog:Security",
    "index": "windows",
    "EventCode": "4672",
    "ComputerName": "WORKSTATION-017",
    "AccountName": "user018",
    "AccountDomain": "CORP",
    "LogonType": "3",
    "src_ip": "192.168.1.222.158"
  },
  {
    "_time": 1700001862,
    "_raw": "EventID=4648 ComputerName=WORKSTATION-028 AccountName=user006 AccountDomain=ACME LogonType=4 IpAddress=10.0.128.132 IpPort=31617",
    "host": "workstation-028",
    "source": "WinEventLog:Security",
    "sourcetype": "WinEventLog:Security",
    "index": "windows",
    "EventCode": "4648",
    "ComputerName": "WORKSTATION-028",
    "AccountName": "user006",
    "AccountDomain": "ACME",
    "LogonType": "4",
    "src_ip": "79.254.11.24"
  },
  {
    "_time": 1700001742,
    "_raw": "EventID=4768 ComputerName=WORKSTATION-015 AccountName=user008 AccountDomain=CORP LogonType=4 IpAddress=192.168.1.127.153 IpPort=58848",
    "host": "workstation-015",
    "source": "WinEventLog:Security",
    "sourcetype": "WinEventLog:Security",
    "index": "windows",
    "EventCode": "4768",
    "ComputerName": "WORKSTATION-015",
    "AccountName": "user008",
    "AccountDomain": "CORP",
    "LogonType": "4",
    "src_ip": "173.240.146.138"
  },
  {
    "_time": 1700000135,
    "_raw": "EventID=4625 ComputerName=WORKSTATION-014 AccountName=user005 AccountDomain=ACME LogonType=4 IpAddress=94.23.205.14 IpPort=38397",
    "host": "workstation-014",
    "source": "WinEventLog:Security",
    "sourcetype": "WinEventLog:Security",
    "index": "windows",
    "EventCode": "4625",
    "ComputerName": "WORKSTATION-014",
    "AccountName": "user005",
    "AccountDomain": "ACME",
    "LogonType": "4",
    "src_ip": "93.147.37.99"
  },
  {
    "_time": 1700002312,
    "_raw": "EventID=4720 ComputerName=WORKSTATION-025 AccountName=user018 AccountDomain=ACME LogonType=10 IpAddress=10.0.101.96 IpPort=53118",
    "host": "workstation-025",
    "source": "WinEventLog:Security",
    "sourcetype": "WinEventLog:Security",
    "index": "windows",
    "EventCode": "4720",
    "ComputerName": "WORKSTATION-025",
    "AccountName": "user018",
    "AccountDomain": "ACME",
    "LogonType": "10",
    "src_ip": "143.187.73.51"
  },
  {
    "_time": 1700002740,
    "_raw": "EventID=4768 ComputerName=WORKSTATION-013 AccountName=user017 AccountDomain=CORP LogonType=2 IpAddress=192.168.1.206.122 IpPort=35058",
    "host": "workstation-013",
    "source": "WinEventLog:Security",
    "sourcetype": "WinEventLog:Security",
    "index": "windows",
    "EventCode": "4768",
    "ComputerName": "WORKSTATION-013",
    "AccountName": "user017",
    "AccountDomain": "CORP",
    "LogonType": "2",
    "src_ip": "156.71.167.239"
  },
  {
    "_time": 1700002760,
    "_raw": "EventID=4672 ComputerName=WORKSTATION-006 AccountName=user013 AccountDomain=CONTOSO LogonType=4 IpAddress=130.250.153.122 IpPort=54484",
    "host": "workstation-006",
    "source": "WinEventLog:Security",
    "sourcetype": "WinEventLog:Security",
    "index": "windows",
    "EventCode": "4672",
    "ComputerName": "WORKSTATION-006",
    "AccountName": "user013",
    "AccountDomain": "CONTOSO",
    "LogonType": "4",
    "src_ip": "192.168.1.173.29"
  },
  {
    "_time": 1700001946,
    "_raw": "EventID=4769 ComputerName=WORKSTATION-010 AccountName=NETWORK SERVICE AccountDomain=CORP LogonType=5 IpAddress=172.16.201.249 IpPort=51890",
    "host": "workstation-010",
    "source": "WinEventLog:Security",
    "sourcetype": "WinEventLog:Security",
    "index": "windows",
    "EventCode": "4769",
    "ComputerName": "WORKSTATION-010",
    "AccountName": "NETWORK SERVICE",
    "AccountDomain": "CORP",
    "LogonType": "5",
    "src_ip": "59.26.245.44"
  },
  {
    "_time": 1700002380,
    "_raw": "EventID=4776 ComputerName=WORKSTATION-024 AccountName=SYSTEM AccountDomain=ACME LogonType=3 IpAddress=172.16.29.49 IpPort=2265",
    "host": "workstation-024",
    "source": "WinEventLog:Security",
    "sourcetype": "WinEventLog:Security",
    "index": "windows",
    "EventCode": "4776",
    "ComputerName": "WORKSTATION-024",
    "AccountName": "SYSTEM",
    "AccountDomain": "ACME",
    "LogonType": "3",
    "src_ip": "108.77.211.177"
  },
  {
    "_time": 1700000987,
    "_raw": "EventID=4688 ComputerName=WORKSTATION-017 AccountName=SYSTEM AccountDomain=ACME LogonType=2 IpAddress=133.106.166.170 IpPort=32374",
    "host": "workstation-017",
    "source": "WinEventLog:Security",
    "sourcetype": "WinEventLog:Security",
    "index": "windows",
    "EventCode": "4688",
    "ComputerName": "WORKSTATION-017",
    "AccountName": "SYSTEM",
    "AccountDomain": "ACME",
    "LogonType": "2",
    "src_ip": "81.88.235.234"
  },
  {
    "_time": 1700002556,
    "_raw": "EventID=4672 ComputerName=WORKSTATION-018 AccountName=user012 AccountDomain=CONTOSO LogonType=4 IpAddress=50.126.142.143 IpPort=20586",
    "host": "workstation-018",
    "source": "WinEventLog:Security",
    "sourcetype": "WinEventLog:Security",
    "index": "windows",
    "EventCode": "4672",
    "ComputerName": "WORKSTATION-018",
    "AccountName": "user012",
    "AccountDomain": "CONTOSO",
    "LogonType": "4",
    "src_ip": "192.168.1.198.74"
  },
  {
    "_time": 1700003289,
    "_raw": "EventID=4648 ComputerName=WORKSTATION-023 AccountName=user016 AccountDomain=ACME LogonType=4 IpAddress=204.140.147.32 IpPort=38607",
    "host": "workstation-023",
    "source": "WinEventLog:Security",
    "sourcetype": "WinEventLog:Security",
    "index": "windows",
    "EventCode": "4648",
    "ComputerName": "WORKSTATION-023",
    "AccountName": "user016",
    "AccountDomain": "ACME",
    "LogonType": "4",
    "src_ip": "98.202.176.245"
  },
  {
    "_time": 1700003600,
    "_raw": "EventID=4634 ComputerName=WORKSTATION-010 AccountName=user002 AccountDomain=ACME LogonType=2 IpAddress=114.131.245.55 IpPort=14266",
    "host": "workstation-010",
    "source": "WinEventLog:Security",
    "sourcetype": "WinEventLog:Security",
    "index": "windows",
    "EventCode": "4634",
    "ComputerName": "WORKSTATION-010",
    "AccountName": "user002",
    "AccountDomain": "ACME",
    "LogonType": "2",
    "src_ip": "70.139.70.28"
  },
  {
    "_time": 1700002900,
    "_raw": "EventID=4769 ComputerName=WORKSTATION-008 AccountName=user008 AccountDomain=CORP LogonType=10 IpAddress=10.0.14.26 IpPort=28110",
    "host": "workstation-008",
    "source": "WinEventLog:Security",
    "sourcetype": "WinEventLog:Security",
    "index": "windows",
    "EventCode": "4769",
    "ComputerName": "WORKSTATION-008",
    "AccountName": "user008",
    "AccountDomain": "CORP",
    "LogonType": "10",
    "src_ip": "121.51.70.2"
  },
  {
    "_time": 1700002628,
    "_raw": "EventID=4634 ComputerName=WORKSTATION-014 AccountName=NETWORK SERVICE AccountDomain=ACME LogonType=3 IpAddress=74.164.146.166 IpPort=4901",
    "host": "workstation-014",
    "source": "WinEventLog:Security",
    "sourcetype": "WinEventLog:Security",
    "index": "windows",
    "EventCode": "4634",
    "ComputerName": "WORKSTATION-014",
    "AccountName": "NETWORK SERVICE",
    "AccountDomain": "ACME",
    "LogonType": "3",
    "src_ip": "23.118.19.234"
  },
  {
    "_time": 1700004410,
    "_raw": "EventID=4634 ComputerName=WORKSTATION-014 AccountName=user006 AccountDomain=CORP LogonType=5 IpAddress=172.16.247.224 IpPort=61712",
    "host": "workstation-014",
    "source": "WinEventLog:Security",
    "sourcetype": "WinEventLog:Security",
    "index": "windows",
    "EventCode": "4634",
    "ComputerName": "WORKSTATION-014",
    "AccountName": "user006",
    "AccountDomain": "CORP",
    "LogonType": "5",
    "src_ip": "10.0.3.77"
  },
  {
    "_time": 1700002812,
    "_raw": "EventID=4769 ComputerName=WORKSTATION-004 AccountName=user011 AccountDomain=ACME LogonType=10 IpAddress=35.239.139.50 IpPort=54030",
    "host": "workstation-004",
    "source": "WinEventLog:Security",
    "sourcetype": "WinEventLog:Security",
    "index": "windows",
    "EventCode": "4769",
    "ComputerName": "WORKSTATION-004",
    "AccountName": "user011",
    "AccountDomain": "ACME",
    "LogonType": "10",
    "src_ip": "10.0.188.118"
  },
  {
    "_time": 1700003129,
    "_raw": "EventID=4663 ComputerName=WORKSTATION-023 AccountName=user006 AccountDomain=CORP LogonType=4 IpAddress=146.98.89.157 IpPort=57132",
    "host": "workstation-023",
    "source": "WinEventLog:Security",
    "sourcetype": "WinEventLog:Security",
    "index": "windows",
    "EventCode": "4663",
    "ComputerName": "WORKSTATION-023",
    "AccountName": "user006",
    "AccountDomain": "CORP",
    "LogonType": "4",
    "src_ip": "104.218.167.23"
  },
  {
    "_time": 1700001950,
    "_raw": "EventID=4776 ComputerName=WORKSTATION-004 AccountName=user006 AccountDomain=CORP LogonType=4 IpAddress=2.133.196.61 IpPort=30301",
    "host": "workstation-004",
    "source": "WinEventLog:Security",
    "sourcetype": "WinEventLog:Security",
    "index": "windows",
    "EventCode": "4776",
    "ComputerName": "WORKSTATION-004",
    "AccountName": "user006",
    "AccountDomain": "CORP",
    "LogonType": "4",
    "src_ip": "85.154.5.67"
  },
  {
    "_time": 1700003171,
    "_raw": "EventID=4672 ComputerName=WORKSTATION-023 AccountName=user008 AccountDomain=CORP LogonType=2 IpAddress=41.207.159.177 IpPort=8718",
    "host": "workstation-023",
    "source": "WinEventLog:Security",
    "sourcetype": "WinEventLog:Security",
    "index": "windows",
    "EventCode": "4672",
    "ComputerName": "WORKSTATION-023",
    "AccountName": "user008",
    "AccountDomain": "CORP",
    "LogonType": "2",
    "src_ip": "76.188.113.57"
  },
  {
    "_time": 1700000760,
    "_raw": "EventID=4720 ComputerName=WORKSTATION-005 AccountName=user015 AccountDomain=CONTOSO LogonType=4 IpAddress=141.241.111.196 IpPort=17241",
    "host": "workstation-005",
    "source": "WinEventLog:Security",
    "sourcetype": "WinEventLog:Security",
    "index": "windows",
    "EventCode": "4720",
    "ComputerName": "WORKSTATION-005",
    "AccountName": "user015",
    "AccountDomain": "CONTOSO",
    "LogonType": "4",
    "src_ip": "153.41.228.136"
  },
  {
    "_time": 1700003519,
    "_raw": "EventID=4672 ComputerName=WORKSTATION-003 AccountName=user019 AccountDomain=CORP LogonType=10 IpAddress=52.76.84.84 IpPort=57023",
    "host": "workstation-003",
    "source": "WinEventLog:Security",
    "sourcetype": "WinEventLog:Security",
    "index": "windows",
    "EventCode": "4672",
    "ComputerName": "WORKSTATION-003",
    "AccountName": "user019",
    "AccountDomain": "CORP",
    "LogonType": "10",
    "src_ip": "30.105.250.24"
  },
  {
    "_time": 1700004466,
    "_raw": "EventID=4768 ComputerName=WORKSTATION-015 AccountName=user002 AccountDomain=ACME LogonType=10 IpAddress=145.29.236.173 IpPort=53906",
    "host": "workstation-015",
    "source": "WinEventLog:Security",
    "sourcetype": "WinEventLog:Security",
    "index": "windows",
    "EventCode": "4768",
    "ComputerName": "WORKSTATION-015",
    "AccountName": "user002",
    "AccountDomain": "ACME",
    "LogonType": "10",
    "src_ip": "6.202.130.210"
  },
  {
    "_time": 1700000155,
    "_raw": "EventID=4648 ComputerName=WORKSTATION-019 AccountName=user003 AccountDomain=CORP LogonType=4 IpAddress=139.30.35.253 IpPort=62219",
    "host": "workstation-019",
    "source": "WinEventLog:Security",
    "sourcetype": "WinEventLog:Security",
    "index": "windows",
    "EventCode": "4648",
    "ComputerName": "WORKSTATION-019",
    "AccountName": "user003",
    "AccountDomain": "CORP",
    "LogonType": "4",
    "src_ip": "74.209.92.197"
  },
  {
    "_time": 1700000780,
    "_raw": "EventID=4776 ComputerName=WORKSTATION-024 AccountName=NETWORK SERVICE AccountDomain=ACME LogonType=5 IpAddress=97.192.41.175 IpPort=64210",
    "host": "workstation-024",
    "source": "WinEventLog:Security",
    "sourcetype": "WinEventLog:Security",
    "index": "windows",
    "EventCode": "4776",
    "ComputerName": "WORKSTATION-024",
    "AccountName": "NETWORK SERVICE",
    "AccountDomain": "ACME",
    "LogonType": "5",
    "src_ip": "139.68.178.31"
  },
  {
    "_time": 1700000942,
    "_raw": "EventID=4768 ComputerName=WORKSTATION-013 AccountName=user017 AccountDomain=CORP LogonType=3 IpAddress=194.11.152.119 IpPort=45162",
    "host": "workstation-013",
    "source": "WinEventLog:Security",
    "sourcetype": "WinEventLog:Security",
    "index": "windows",
    "EventCode": "4768",
    "ComputerName": "WORKSTATION-013",
    "AccountName": "user017",
    "AccountDomain": "CORP",
    "LogonType": "3",
    "src_ip": "109.194.117.64"
  },
  {
    "_time": 1700002370,
    "_raw": "EventID=4672 ComputerName=WORKSTATION-005 AccountName=user009 AccountDomain=CORP LogonType=2 IpAddress=172.16.108.158 IpPort=51228",
    "host": "workstation-005",
    "source": "WinEventLog:Security",
    "sourcetype": "WinEventLog:Security",
    "index": "windows",
    "EventCode": "4672",
    "ComputerName": "WORKSTATION-005",
    "AccountName": "user009",
    "AccountDomain": "CORP",
    "LogonType": "2",
    "src_ip": "5.123.105.18"
  },
  {
    "_time": 1700000636,
    "_raw": "EventID=4769 ComputerName=WORKSTATION-002 AccountName=user015 AccountDomain=CONTOSO LogonType=2 IpAddress=10.0.103.113 IpPort=16381",
    "host": "workstation-002",
    "source": "WinEventLog:Security",
    "sourcetype": "WinEventLog:Security",
    "index": "windows",
    "EventCode": "4769",
    "ComputerName": "WORKSTATION-002",
    "AccountName": "user015",
    "AccountDomain": "CONTOSO",
    "LogonType": "2",
    "src_ip": "194.28.71.129"
  },
  {
    "_time": 1700001600,
    "_raw": "EventID=4648 ComputerName=WORKSTATION-027 AccountName=user019 AccountDomain=ACME LogonType=10 IpAddress=210.164.121.78 IpPort=58450",
    "host": "workstation-027",
    "source": "WinEventLog:Security",
    "sourcetype": "WinEventLog:Security",
    "index": "windows",
    "EventCode": "4648",
    "ComputerName": "WORKSTATION-027",
    "AccountName": "user019",
    "AccountDomain": "ACME",
    "LogonType": "10",
    "src_ip": "172.16.134.57"
  },
  {
    "_time": 1700002254,
    "_raw": "EventID=4663 ComputerName=WORKSTATION-009 AccountName=user002 AccountDomain=CONTOSO LogonType=3 IpAddress=110.253.24.249 IpPort=23595",
    "host": "workstation-009",
    "source": "WinEventLog:Security",
    "sourcetype": "WinEventLog:Security",
    "index": "windows",
    "EventCode": "4663",
    "ComputerName": "WORKSTATION-009",
    "AccountName": "user002",
    "AccountDomain": "CONTOSO",
    "LogonType": "3",
    "src_ip": "172.195.163.179"
  },
  {
    "_time": 1700002268,
    "_raw": "EventID=4688 ComputerName=WORKSTATION-005 AccountName=user010 AccountDomain=ACME LogonType=10 IpAddress=218.115.153.220 IpPort=47395",
    "host": "workstation-005",
    "source": "WinEventLog:Security",
    "sourcetype": "WinEventLog:Security",
    "index": "windows",
    "EventCode": "4688",
    "ComputerName": "WORKSTATION-005",
    "AccountName": "user010",
    "AccountDomain": "ACME",
    "LogonType": "10",
    "src_ip": "192.168.1.235.15"
  },
  {
    "_time": 1700002934,
    "_raw": "EventID=4688 ComputerName=WORKSTATION-014 AccountName=user018 AccountDomain=CONTOSO LogonType=5 IpAddress=10.0.85.166 IpPort=6205",
    "host": "workstation-014",
    "source": "WinEventLog:Security",
    "sourcetype": "WinEventLog:Security",
    "index": "windows",
    "EventCode": "4688",
    "ComputerName": "WORKSTATION-014",
    "AccountName": "user018",
    "AccountDomain": "CONTOSO",
    "LogonType": "5",
    "src_ip": "217.189.47.138"
  },
  {
    "_time": 1700003936,
    "_raw": "EventID=4648 ComputerName=WORKSTATION-002 AccountName=user009 AccountDomain=ACME LogonType=10 IpAddress=19.96.111.123 IpPort=14713",
    "host": "workstation-002",
    "source": "WinEventLog:Security",
    "sourcetype": "WinEventLog:Security",
    "index": "windows",
    "EventCode": "4648",
    "ComputerName": "WORKSTATION-002",
    "AccountName": "user009",
    "AccountDomain": "ACME",
    "LogonType": "10",
    "src_ip": "86.155.7.55"
  },
  {
    "_time": 1700004950,
    "_raw": "EventID=4648 ComputerName=WORKSTATION-024 AccountName=user004 AccountDomain=CONTOSO LogonType=3 IpAddress=181.104.203.235 IpPort=16708",
    "host": "workstation-024",
    "source": "WinEventLog:Security",
    "sourcetype": "WinEventLog:Security",
    "index": "windows",
    "EventCode": "4648",
    "ComputerName": "WORKSTATION-024",
    "AccountName": "user004",
    "AccountDomain": "CONTOSO",
    "LogonType": "3",
    "src_ip": "199.144.194.120"
  },
  {
    "_time": 1700002988,
    "_raw": "EventID=4776 ComputerName=WORKSTATION-012 AccountName=user010 AccountDomain=ACME LogonType=10 IpAddress=120.50.240.195 IpPort=56056",
    "host": "workstation-012",
    "source": "WinEventLog:Security",
    "sourcetype": "WinEventLog:Security",
    "index": "windows",
    "EventCode": "4776",
    "ComputerName": "WORKSTATION-012",
    "AccountName": "user010",
    "AccountDomain": "ACME",
    "LogonType": "10",
    "src_ip": "53.189.160.106"
  },
  {
    "_time": 1700000334,
    "_raw": "EventID=4769 ComputerName=WORKSTATION-028 AccountName=user008 AccountDomain=CONTOSO LogonType=2 IpAddress=172.16.149.185 IpPort=28390",
    "host": "workstation-028",
    "source": "WinEventLog:Security",
    "sourcetype": "WinEventLog:Security",
    "index": "windows",
    "EventCode": "4769",
    "ComputerName": "WORKSTATION-028",
    "AccountName": "user008",
    "AccountDomain": "CONTOSO",
    "LogonType": "2",
    "src_ip": "10.0.85.59"
  },
  {
    "_time": 1700002184,
    "_raw": "EventID=4769 ComputerName=WORKSTATION-027 AccountName=user008 AccountDomain=ACME LogonType=4 IpAddress=192.168.1.248.186 IpPort=43078",
    "host": "workstation-027",
    "source": "WinEventLog:Security",
    "sourcetype": "WinEventLog:Security",
    "index": "windows",
    "EventCode": "4769",
    "ComputerName": "WORKSTATION-027",
    "AccountName": "user008",
    "AccountDomain": "ACME",
    "LogonType": "4",
    "src_ip": "118.86.180.44"
  },
  {
    "_time": 1700000845,
    "_raw": "EventID=4768 ComputerName=WORKSTATION-016 AccountName=user006 AccountDomain=CONTOSO LogonType=2 IpAddress=215.38.24.196 IpPort=1442",
    "host": "workstation-016",
    "source": "WinEventLog:Security",
    "sourcetype": "WinEventLog:Security",
    "index": "windows",
    "EventCode": "4768",
    "ComputerName": "WORKSTATION-016",
    "AccountName": "user006",
    "AccountDomain": "CONTOSO",
    "LogonType": "2",
    "src_ip": "216.118.34.182"
  },
  {
    "_time": 1700000850,
    "_raw": "EventID=4624 ComputerName=WORKSTATION-007 AccountName=user017 AccountDomain=ACME LogonType=2 IpAddress=171.247.249.5 IpPort=1457",
    "host": "workstation-007",
    "source": "WinEventLog:Security",
    "sourcetype": "WinEventLog:Security",
    "index": "windows",
    "EventCode": "4624",
    "ComputerName": "WORKSTATION-007",
    "AccountName": "user017",
    "AccountDomain": "ACME",
    "LogonType": "2",
    "src_ip": "106.6.8.136"
  },
  {
    "_time": 1700004104,
    "_raw": "EventID=4663 ComputerName=WORKSTATION-018 AccountName=user010 AccountDomain=CORP LogonType=5 IpAddress=46.54.49.135 IpPort=10782",
    "host": "workstation-018",
    "source": "WinEventLog:Security",
    "sourcetype": "WinEventLog:Security",
    "index": "windows",
    "EventCode": "4663",
    "ComputerName": "WORKSTATION-018",
    "AccountName": "user010",
    "AccountDomain": "CORP",
    "LogonType": "5",
    "src_ip": "172.16.135.65"
  },
  {
    "_time": 1700004644,
    "_raw": "EventID=4672 ComputerName=WORKSTATION-009 AccountName=user013 AccountDomain=CORP LogonType=5 IpAddress=63.115.153.176 IpPort=55291",
    "host": "workstation-009",
    "source": "WinEventLog:Security",
    "sourcetype": "WinEventLog:Security",
    "index": "windows",
    "EventCode": "4672",
    "ComputerName": "WORKSTATION-009",
    "AccountName": "user013",
    "AccountDomain": "CORP",
    "LogonType": "5",
    "src_ip": "168.16.47.104"
  },
  {
    "_time": 1700002249,
    "_raw": "EventID=4688 ComputerName=WORKSTATION-018 AccountName=user016 AccountDomain=CORP LogonType=2 IpAddress=22.255.222.166 IpPort=52428",
    "host": "workstation-018",
    "source": "WinEventLog:Security",
    "sourcetype": "WinEventLog:Security",
    "index": "windows",
    "EventCode": "4688",
    "ComputerName": "WORKSTATION-018",
    "AccountName": "user016",
    "AccountDomain": "CORP",
    "LogonType": "2",
    "src_ip": "220.48.21.59"
  },
  {
    "_time": 1700001218,
    "_raw": "EventID=4769 ComputerName=WORKSTATION-016 AccountName=user009 AccountDomain=CORP LogonType=4 IpAddress=145.16.91.238 IpPort=56757",
    "host": "workstation-016",
    "source": "WinEventLog:Security",
    "sourcetype": "WinEventLog:Security",
    "index": "windows",
    "EventCode": "4769",
    "ComputerName": "WORKSTATION-016",
    "AccountName": "user009",
    "AccountDomain": "CORP",
    "LogonType": "4",
    "src_ip": "54.73.203.238"
  },
  {
    "_time": 1700000525,
    "_raw": "EventID=4663 ComputerName=WORKSTATION-006 AccountName=user019 AccountDomain=CORP LogonType=5 IpAddress=139.169.196.194 IpPort=49503",
    "host": "workstation-006",
    "source": "WinEventLog:Security",
    "sourcetype": "WinEventLog:Security",
    "index": "windows",
    "EventCode": "4663",
    "ComputerName": "WORKSTATION-006",
    "AccountName": "user019",
    "AccountDomain": "CORP",
    "LogonType": "5",
    "src_ip": "172.16.186.21"
  },
  {
    "_time": 1700002992,
    "_raw": "EventID=4672 ComputerName=WORKSTATION-002 AccountName=user004 AccountDomain=ACME LogonType=2 IpAddress=197.203.167.8 IpPort=42581",
    "host": "workstation-002",
    "source": "WinEventLog:Security",
    "sourcetype": "WinEventLog:Security",
    "index": "windows",
    "EventCode": "4672",
    "ComputerName": "WORKSTATION-002",
    "AccountName": "user004",
    "AccountDomain": "ACME",
    "LogonType": "2",
    "src_ip": "192.168.1.126.59"
  },
  {
    "_time": 1700002124,
    "_raw": "EventID=4768 ComputerName=WORKSTATION-013 AccountName=user014 AccountDomain=CORP LogonType=10 IpAddress=22.151.126.183 IpPort=5841",
    "host": "workstation-013",
    "source": "WinEventLog:Security",
    "sourcetype": "WinEventLog:Security",
    "index": "windows",
    "EventCode": "4768",
    "ComputerName": "WORKSTATION-013",
    "AccountName": "user014",
    "AccountDomain": "CORP",
    "LogonType": "10",
    "src_ip": "10.0.98.183"
  },
  {
    "_time": 1700004628,
    "_raw": "EventID=4776 ComputerName=WORKSTATION-005 AccountName=user013 AccountDomain=ACME LogonType=2 IpAddress=192.168.1.114.93 IpPort=50919",
    "host": "workstation-005",
    "source": "WinEventLog:Security",
    "sourcetype": "WinEventLog:Security",
    "index": "windows",
    "EventCode": "4776",
    "ComputerName": "WORKSTATION-005",
    "AccountName": "user013",
    "AccountDomain": "ACME",
    "LogonType": "2",
    "src_ip": "10.0.23.48"
  },
  {
    "_time": 1700002506,
    "_raw": "EventID=4720 ComputerName=WORKSTATION-018 AccountName=user018 AccountDomain=CONTOSO LogonType=2 IpAddress=192.168.1.142.24 IpPort=40144",
    "host": "workstation-018",
    "source": "WinEventLog:Security",
    "sourcetype": "WinEventLog:Security",
    "index": "windows",
    "EventCode": "4720",
    "ComputerName": "WORKSTATION-018",
    "AccountName": "user018",
    "AccountDomain": "CONTOSO",
    "LogonType": "2",
    "src_ip": "84.197.6.75"
  },
  {
    "_time": 1700002520,
    "_raw": "EventID=4688 ComputerName=WORKSTATION-025 AccountName=user003 AccountDomain=CONTOSO LogonType=3 IpAddress=44.194.86.36 IpPort=18647",
    "host": "workstation-025",
    "source": "WinEventLog:Security",
    "sourcetype": "WinEventLog:Security",
    "index": "windows",
    "EventCode": "4688",
    "ComputerName": "WORKSTATION-025",
    "AccountName": "user003",
    "AccountDomain": "CONTOSO",
    "LogonType": "3",
    "src_ip": "127.74.32.43"
  },
  {
    "_time": 1700002534,
    "_raw": "EventID=4663 ComputerName=WORKSTATION-014 AccountName=user010 AccountDomain=ACME LogonType=4 IpAddress=10.0.185.161 IpPort=33516",
    "host": "workstation-014",
    "source": "WinEventLog:Security",
    "sourcetype": "WinEventLog:Security",
    "index": "windows",
    "EventCode": "4663",
    "ComputerName": "WORKSTATION-014",
    "AccountName": "user010",
    "AccountDomain": "ACME",
    "LogonType": "4",
    "src_ip": "51.234.54.35"
  },
  {
    "_time": 1700001820,
    "_raw": "EventID=4624 ComputerName=WORKSTATION-013 AccountName=user011 AccountDomain=CONTOSO LogonType=4 IpAddress=111.69.153.83 IpPort=40556",
    "host": "workstation-013",
    "source": "WinEventLog:Security",
    "sourcetype": "WinEventLog:Security",
    "index": "windows",
    "EventCode": "4624",
    "ComputerName": "WORKSTATION-013",
    "AccountName": "user011",
    "AccountDomain": "CONTOSO",
    "LogonType": "4",
    "src_ip": "52.245.160.46"
  },
  {
    "_time": 1700002379,
    "_raw": "EventID=4672 ComputerName=WORKSTATION-010 AccountName=NETWORK SERVICE AccountDomain=ACME LogonType=3 IpAddress=72.201.186.30 IpPort=62107",
    "host": "workstation-010",
    "source": "WinEventLog:Security",
    "sourcetype": "WinEventLog:Security",
    "index": "windows",
    "EventCode": "4672",
    "ComputerName": "WORKSTATION-010",
    "AccountName": "NETWORK SERVICE",
    "AccountDomain": "ACME",
    "LogonType": "3",
    "src_ip": "152.92.13.244"
  },
  {
    "_time": 1700004416,
    "_raw": "EventID=4720 ComputerName=WORKSTATION-023 AccountName=user007 AccountDomain=ACME LogonType=2 IpAddress=204.209.255.36 IpPort=42530",
    "host": "workstation-023",
    "source": "WinEventLog:Security",
    "sourcetype": "WinEventLog:Security",
    "index": "windows",
    "EventCode": "4720",
    "ComputerName": "WORKSTATION-023",
    "AccountName": "user007",
    "AccountDomain": "ACME",
    "LogonType": "2",
    "src_ip": "65.78.216.203"
  },
  {
    "_time": 1700002405,
    "_raw": "EventID=4625 ComputerName=WORKSTATION-015 AccountName=SYSTEM AccountDomain=ACME LogonType=5 IpAddress=223.214.18.203 IpPort=64490",
    "host": "workstation-015",
    "source": "WinEventLog:Security",
    "sourcetype": "WinEventLog:Security",
    "index": "windows",
    "EventCode": "4625",
    "ComputerName": "WORKSTATION-015",
    "AccountName": "SYSTEM",
    "AccountDomain": "ACME",
    "LogonType": "5",
    "src_ip": "208.43.55.197"
  },
  {
    "_time": 1700001488,
    "_raw": "EventID=4776 ComputerName=WORKSTATION-022 AccountName=user012 AccountDomain=CORP LogonType=10 IpAddress=172.16.174.166 IpPort=27213",
    "host": "workstation-022",
    "source": "WinEventLog:Security",
    "sourcetype": "WinEventLog:Security",
    "index": "windows",
    "EventCode": "4776",
    "ComputerName": "WORKSTATION-022",
    "AccountName": "user012",
    "AccountDomain": "CORP",
    "LogonType": "10",
    "src_ip": "85.220.54.3"
  },
  {
    "_time": 1700000748,
    "_raw": "EventID=4663 ComputerName=WORKSTATION-008 AccountName=user017 AccountDomain=CONTOSO LogonType=10 IpAddress=148.113.228.96 IpPort=26657",
    "host": "workstation-008",
    "source": "WinEventLog:Security",
    "sourcetype": "WinEventLog:Security",
    "index": "windows",
    "EventCode": "4663",
    "ComputerName": "WORKSTATION-008",
    "AccountName": "user017",
    "AccountDomain": "CONTOSO",
    "LogonType": "10",
    "src_ip": "174.77.176.7"
  },
  {
    "_time": 1700003008,
    "_raw": "EventID=4625 ComputerName=WORKSTATION-010 AccountName=user014 AccountDomain=CORP LogonType=3 IpAddress=88.233.105.134 IpPort=32673",
    "host": "workstation-010",
    "source": "WinEventLog:Security",
    "sourcetype": "WinEventLog:Security",
    "index": "windows",
    "EventCode": "4625",
    "ComputerName": "WORKSTATION-010",
    "AccountName": "user014",
    "AccountDomain": "CORP",
    "LogonType": "3",
    "src_ip": "25.224.231.82"
  },
  {
    "_time": 1700000567,
    "_raw": "EventID=4663 ComputerName=WORKSTATION-002 AccountName=user004 AccountDomain=CORP LogonType=2 IpAddress=43.124.89.142 IpPort=11518",
    "host": "workstation-002",
    "source": "WinEventLog:Security",
    "sourcetype": "WinEventLog:Security",
    "index": "windows",
    "EventCode": "4663",
    "ComputerName": "WORKSTATION-002",
    "AccountName": "user004",
    "AccountDomain": "CORP",
    "LogonType": "2",
    "src_ip": "110.236.118.205"
  },
  {
    "_time": 1700002470,
    "_raw": "EventID=4776 ComputerName=WORKSTATION-006 AccountName=user006 AccountDomain=CONTOSO LogonType=5 IpAddress=189.101.230.152 IpPort=29175",
    "host": "workstation-006",
    "source": "WinEventLog:Security",
    "sourcetype": "WinEventLog:Security",
    "index": "windows",
    "EventCode": "4776",
    "ComputerName": "WORKSTATION-006",
    "AccountName": "user006",
    "AccountDomain": "CONTOSO",
    "LogonType": "5",
    "src_ip": "181.109.105.72"
  },
  {
    "_time": 1700004775,
    "_raw": "EventID=4625 ComputerName=WORKSTATION-019 AccountName=user004 AccountDomain=CONTOSO LogonType=4 IpAddress=118.58.134.172 IpPort=57557",
    "host": "workstation-019",
    "source": "WinEventLog:Security",
    "sourcetype": "WinEventLog:Security",
    "index": "windows",
    "EventCode": "4625",
    "ComputerName": "WORKSTATION-019",
    "AccountName": "user004",
    "AccountDomain": "CONTOSO",
    "LogonType": "4",
    "src_ip": "164.160.198.157"
  },
  {
    "_time": 1700002496,
    "_raw": "EventID=4769 ComputerName=WORKSTATION-004 AccountName=user012 AccountDomain=ACME LogonType=10 IpAddress=172.16.181.205 IpPort=20517",
    "host": "workstation-004",
    "source": "WinEventLog:Security",
    "sourcetype": "WinEventLog:Security",
    "index": "windows",
    "EventCode": "4769",
    "ComputerName": "WORKSTATION-004",
    "AccountName": "user012",
    "AccountDomain": "ACME",
    "LogonType": "10",
    "src_ip": "152.43.68.81"
  },
  {
    "_time": 1700000772,
    "_raw": "EventID=4648 ComputerName=WORKSTATION-010 AccountName=user004 AccountDomain=CORP LogonType=3 IpAddress=108.70.196.109 IpPort=13197",
    "host": "workstation-010",
    "source": "WinEventLog:Security",
    "sourcetype": "WinEventLog:Security",
    "index": "windows",
    "EventCode": "4648",
    "ComputerName": "WORKSTATION-010",
    "AccountName": "user004",
    "AccountDomain": "CORP",
    "LogonType": "3",
    "src_ip": "138.88.85.126"
  },
  {
    "_time": 1700001940,
    "_raw": "EventID=4634 ComputerName=WORKSTATION-006 AccountName=user011 AccountDomain=ACME LogonType=2 IpAddress=3.248.69.50 IpPort=54449",
    "host": "workstation-006",
    "source": "WinEventLog:Security",
    "sourcetype": "WinEventLog:Security",
    "index": "windows",
    "EventCode": "4634",
    "ComputerName": "WORKSTATION-006",
    "AccountName": "user011",
    "AccountDomain": "ACME",
    "LogonType": "2",
    "src_ip": "144.253.209.176"
  },
  {
    "_time": 1700003120,
    "_raw": "EventID=4688 ComputerName=WORKSTATION-023 AccountName=user015 AccountDomain=ACME LogonType=2 IpAddress=204.112.149.9 IpPort=19036",
    "host": "workstation-023",
    "source": "WinEventLog:Security",
    "sourcetype": "WinEventLog:Security",
    "index": "windows",
    "EventCode": "4688",
    "ComputerName": "WORKSTATION-023",
    "AccountName": "user015",
    "AccountDomain": "ACME",
    "LogonType": "2",
    "src_ip": "192.168.1.44.200"
  },
  {
    "_time": 1700002940,
    "_raw": "EventID=4769 ComputerName=WORKSTATION-024 AccountName=user016 AccountDomain=CONTOSO LogonType=2 IpAddress=69.187.21.195 IpPort=48143",
    "host": "workstation-024",
    "source": "WinEventLog:Security",
    "sourcetype": "WinEventLog:Security",
    "index": "windows",
    "EventCode": "4769",
    "ComputerName": "WORKSTATION-024",
    "AccountName": "user016",
    "AccountDomain": "CONTOSO",
    "LogonType": "2",
    "src_ip": "56.217.52.189"
  },
  {
    "_time": 1700005319,
    "_raw": "EventID=4776 ComputerName=WORKSTATION-025 AccountName=user008 AccountDomain=ACME LogonType=5 IpAddress=10.0.113.222 IpPort=8717",
    "host": "workstation-025",
    "source": "WinEventLog:Security",
    "sourcetype": "WinEventLog:Security",
    "index": "windows",
    "EventCode": "4776",
    "ComputerName": "WORKSTATION-025",
    "AccountName": "user008",
    "AccountDomain": "ACME",
    "LogonType": "5",
    "src_ip": "61.107.179.221"
  },
  {
    "_time": 1700004554,
    "_raw": "EventID=4769 ComputerName=WORKSTATION-021 AccountName=user014 AccountDomain=CORP LogonType=3 IpAddress=209.105.30.146 IpPort=24015",
    "host": "workstation-021",
    "source": "WinEventLog:Security",
    "sourcetype": "WinEventLog:Security",
    "index": "windows",
    "EventCode": "4769",
    "ComputerName": "WORKSTATION-021",
    "AccountName": "user014",
    "AccountDomain": "CORP",
    "LogonType": "3",
    "src_ip": "153.86.165.251"
  },
  {
    "_time": 1700004577,
    "_raw": "EventID=4663 ComputerName=WORKSTATION-010 AccountName=user019 AccountDomain=ACME LogonType=2 IpAddress=192.168.1.236.16 IpPort=19198",
    "host": "workstation-010",
    "source": "WinEventLog:Security",
    "sourcetype": "WinEventLog:Security",
    "index": "windows",
    "EventCode": "4663",
    "ComputerName": "WORKSTATION-010",
    "AccountName": "user019",
    "AccountDomain": "ACME",
    "LogonType": "2",
    "src_ip": "33.67.127.38"
  },
  {
    "_time": 1700004600,
    "_raw": "EventID=4672 ComputerName=WORKSTATION-027 AccountName=user008 AccountDomain=CONTOSO LogonType=5 IpAddress=172.16.69.161 IpPort=28170",
    "host": "workstation-027",
    "source": "WinEventLog:Security",
    "sourcetype": "WinEventLog:Security",
    "index": "windows",
    "EventCode": "4672",
    "ComputerName": "WORKSTATION-027",
    "AccountName": "user008",
    "AccountDomain": "CONTOSO",
    "LogonType": "5",
    "src_ip": "20.47.206.132"
  },
  {
    "_time": 1700004824,
    "_raw": "EventID=4663 ComputerName=WORKSTATION-023 AccountName=user012 AccountDomain=ACME LogonType=4 IpAddress=223.47.234.163 IpPort=44549",
    "host": "workstation-023",
    "source": "WinEventLog:Security",
    "sourcetype": "WinEventLog:Security",
    "index": "windows",
    "EventCode": "4663",
    "ComputerName": "WORKSTATION-023",
    "AccountName": "user012",
    "AccountDomain": "ACME",
    "LogonType": "4",
    "src_ip": "218.32.203.56"
  },
