  {
    "_time": 1700008787,
    "_raw": "EventID=4776 ComputerName=WORKSTATION-012 AccountName=user001 AccountDomain=CONTOSO LogonType=3 IpAddress=10.0.147.153 IpPort=26850",
    "host": "workstation-012",
    "source": "WinEventLog:Security",
    "sourcetype": "WinEventLog:Security",
    "index": "windows",
    "EventCode": "4776",
    "ComputerName": "WORKSTATION-012",
    "AccountName": "user001",
    "AccountDomain": "CONTOSO",
    "LogonType": "3",
    "src_ip": "22.156.107.192"
  },
  {
    "_time": 1700007296,
    "_raw": "EventID=4672 ComputerName=WORKSTATION-007 AccountName=user014 AccountDomain=CONTOSO LogonType=3 IpAddress=10.0.158.214 IpPort=17587",
    "host": "workstation-007",
    "source": "WinEventLog:Security",
    "sourcetype": "WinEventLog:Security",
    "index": "windows",
    "EventCode": "4672",
    "ComputerName": "WORKSTATION-007",
    "AccountName": "user014",
    "AccountDomain": "CONTOSO",
    "LogonType": "3",
    "src_ip": "10.0.172.205"
  },
  {
    "_time": 1700005795,
    "_raw": "EventID=4624 ComputerName=WORKSTATION-028 AccountName=user018 AccountDomain=ACME LogonType=10 IpAddress=172.16.18.65 IpPort=7459",
    "host": "workstation-028",
    "source": "WinEventLog:Security",
    "sourcetype": "WinEventLog:Security",
    "index": "windows",
    "EventCode": "4624",
    "ComputerName": "WORKSTATION-028",
    "AccountName": "user018",
    "AccountDomain": "ACME",
    "LogonType": "10",
    "src_ip": "172.16.125.244"
  },
  {
    "_time": 1700003366,
    "_raw": "EventID=4672 ComputerName=WORKSTATION-005 AccountName=LOCAL SERVICE AccountDomain=CONTOSO LogonType=2 IpAddress=10.0.231.50 IpPort=21850",
    "host": "workstation-005",
    "source": "WinEventLog:Security",
    "sourcetype": "WinEventLog:Security",
    "index": "windows",
    "EventCode": "4672",
    "ComputerName": "WORKSTATION-005",
    "AccountName": "LOCAL SERVICE",
    "AccountDomain": "CONTOSO",
    "LogonType": "2",
    "src_ip": "85.156.78.145"
  },
  {
    "_time": 1700005833,
    "_raw": "EventID=4672 ComputerName=WORKSTATION-026 AccountName=user011 AccountDomain=ACME LogonType=2 IpAddress=202.113.223.71 IpPort=56081",
    "host": "workstation-026",
    "source": "WinEventLog:Security",
    "sourcetype": "WinEventLog:Security",
    "index": "windows",
    "EventCode": "4672",
    "ComputerName": "WORKSTATION-026",
    "AccountName": "user011",
    "AccountDomain": "ACME",
    "LogonType": "2",
    "src_ip": "174.169.245.119"
  },
  {
    "_time": 1700004620,
    "_raw": "EventID=4672 ComputerName=WORKSTATION-025 AccountName=user010 AccountDomain=ACME LogonType=2 IpAddress=172.16.21.216 IpPort=19414",
    "host": "workstation-025",
    "source": "WinEventLog:Security",
    "sourcetype": "WinEventLog:Security",
    "index": "windows",
    "EventCode": "4672",
    "ComputerName": "WORKSTATION-025",
    "AccountName": "user010",
    "AccountDomain": "ACME",
    "LogonType": "2",
    "src_ip": "36.100.134.188"
  },
  {
    "_time": 1700008961,
    "_raw": "EventID=4776 ComputerName=WORKSTATION-003 AccountName=user003 AccountDomain=CORP LogonType=2 IpAddress=149.207.108.233 IpPort=3426",
    "host": "workstation-003",
    "source": "WinEventLog:Security",
    "sourcetype": "WinEventLog:Security",
    "index": "windows",
    "EventCode": "4776",
    "ComputerName": "WORKSTATION-003",
    "AccountName": "user003",
    "AccountDomain": "CORP",
    "LogonType": "2",
    "src_ip": "140.241.76.94"
  },
  {
    "_time": 1700004030,
    "_raw": "EventID=4648 ComputerName=WORKSTATION-029 AccountName=user019 AccountDomain=CONTOSO LogonType=3 IpAddress=131.46.203.94 IpPort=33934",
    "host": "workstation-029",
    "source": "WinEventLog:Security",
    "sourcetype": "WinEventLog:Security",
    "index": "windows",
    "EventCode": "4648",
    "ComputerName": "WORKSTATION-029",
    "AccountName": "user019",
    "AccountDomain": "CONTOSO",
    "LogonType": "3",
    "src_ip": "10.0.218.247"
  },
  {
    "_time": 1700008086,
    "_raw": "EventID=4769 ComputerName=WORKSTATION-022 AccountName=user006 AccountDomain=CONTOSO LogonType=5 IpAddress=172.16.243.145 IpPort=44239",
    "host": "workstation-022",
    "source": "WinEventLog:Security",
    "sourcetype": "WinEventLog:Security",
    "index": "windows",
    "EventCode": "4769",
    "ComputerName": "WORKSTATION-022",
    "AccountName": "user006",
    "AccountDomain": "CONTOSO",
    "LogonType": "5",
    "src_ip": "38.247.183.11"
  },
  {
    "_time": 1700002496,
    "_raw": "EventID=4720 ComputerName=WORKSTATION-008 AccountName=user003 AccountDomain=ACME LogonType=3 IpAddress=10.0.133.233 IpPort=52893",
    "host": "workstation-008",
    "source": "WinEventLog:Security",
    "sourcetype": "WinEventLog:Security",
    "index": "windows",
    "EventCode": "4720",
    "ComputerName": "WORKSTATION-008",
    "AccountName": "user003",
    "AccountDomain": "ACME",
    "LogonType": "3",
    "src_ip": "121.232.23.11"
  },
  {
    "_time": 1700006573,
    "_raw": "EventID=4672 ComputerName=WORKSTATION-004 AccountName=user017 AccountDomain=CONTOSO LogonType=4 IpAddress=146.89.192.168 IpPort=25830",
    "host": "workstation-004",
    "source": "WinEventLog:Security",
    "sourcetype": "WinEventLog:Security",
    "index": "windows",
    "EventCode": "4672",
    "ComputerName": "WORKSTATION-004",
    "AccountName": "user017",
    "AccountDomain": "CONTOSO",
    "LogonType": "4",
    "src_ip": "168.39.128.97"
  },
  {
    "_time": 1700009420,
    "_raw": "EventID=4648 ComputerName=WORKSTATION-017 AccountName=user013 AccountDomain=ACME LogonType=5 IpAddress=155.3.71.113 IpPort=11877",
    "host": "workstation-017",
    "source": "WinEventLog:Security",
    "sourcetype": "WinEventLog:Security",
    "index": "windows",
    "EventCode": "4648",
    "ComputerName": "WORKSTATION-017",
    "AccountName": "user013",
    "AccountDomain": "ACME",
    "LogonType": "5",
    "src_ip": "172.16.165.72"
  },
  {
    "_time": 1700002205,
    "_raw": "EventID=4634 ComputerName=WORKSTATION-006 AccountName=user006 AccountDomain=ACME LogonType=2 IpAddress=107.169.58.124 IpPort=45275",
    "host": "workstation-006",
    "source": "WinEventLog:Security",
    "sourcetype": "WinEventLog:Security",
    "index": "windows",
    "EventCode": "4634",
    "ComputerName": "WORKSTATION-006",
    "AccountName": "user006",
    "AccountDomain": "ACME",
    "LogonType": "2",
    "src_ip": "54.82.210.6"
  },
  {
    "_time": 1700002528,
    "_raw": "EventID=4624 ComputerName=WORKSTATION-005 AccountName=user019 AccountDomain=CONTOSO LogonType=3 IpAddress=11.75.28.43 IpPort=17949",
    "host": "workstation-005",
    "source": "WinEventLog:Security",
    "sourcetype": "WinEventLog:Security",
    "index": "windows",
    "EventCode": "4624",
    "ComputerName": "WORKSTATION-005",
    "AccountName": "user019",
    "AccountDomain": "CONTOSO",
    "LogonType": "3",
    "src_ip": "133.207.9.225"
  },
  {
    "_time": 1700007608,
    "_raw": "EventID=4776 ComputerName=WORKSTATION-027 AccountName=user010 AccountDomain=CORP LogonType=5 IpAddress=121.246.87.57 IpPort=55442",
    "host": "workstation-027",
    "source": "WinEventLog:Security",
    "sourcetype": "WinEventLog:Security",
    "index": "windows",
    "EventCode": "4776",
    "ComputerName": "WORKSTATION-027",
    "AccountName": "user010",
    "AccountDomain": "CORP",
    "LogonType": "5",
    "src_ip": "37.93.135.43"
  },
  {
    "_time": 1700007632,
    "_raw": "EventID=4776 ComputerName=WORKSTATION-011 AccountName=user015 AccountDomain=CONTOSO LogonType=2 IpAddress=192.168.1.34.28 IpPort=2109",
    "host": "workstation-011",
    "source": "WinEventLog:Security",
    "sourcetype": "WinEventLog:Security",
    "index": "windows",
    "EventCode": "4776",
    "ComputerName": "WORKSTATION-011",
    "AccountName": "user015",
    "AccountDomain": "CONTOSO",
    "LogonType": "2",
    "src_ip": "172.16.176.108"
  },
  {
    "_time": 1700008613,
    "_raw": "EventID=4634 ComputerName=WORKSTATION-020 AccountName=user004 AccountDomain=CORP LogonType=10 IpAddress=201.60.47.124 IpPort=44237",
    "host": "workstation-020",
    "source": "WinEventLog:Security",
    "sourcetype": "WinEventLog:Security",
    "index": "windows",
    "EventCode": "4634",
    "ComputerName": "WORKSTATION-020",
    "AccountName": "user004",
    "AccountDomain": "CORP",
    "LogonType": "10",
    "src_ip": "172.16.139.212"
  },
  {
    "_time": 1700000320,
    "_raw": "EventID=4776 ComputerName=WORKSTATION-021 AccountName=user014 AccountDomain=CONTOSO LogonType=4 IpAddress=179.219.117.241 IpPort=53603",
    "host": "workstation-021",
    "source": "WinEventLog:Security",
    "sourcetype": "WinEventLog:Security",
    "index": "windows",
    "EventCode": "4776",
    "ComputerName": "WORKSTATION-021",
    "AccountName": "user014",
    "AccountDomain": "CONTOSO",
    "LogonType": "4",
    "src_ip": "197.195.179.151"
  },
  {
    "_time": 1700008346,
    "_raw": "EventID=4769 ComputerName=WORKSTATION-004 AccountName=user014 AccountDomain=CORP LogonType=5 IpAddress=220.42.145.154 IpPort=58483",
    "host": "workstation-004",
    "source": "WinEventLog:Security",
    "sourcetype": "WinEventLog:Security",
    "index": "windows",
    "EventCode": "4769",
    "ComputerName": "WORKSTATION-004",
    "AccountName": "user014",
    "AccountDomain": "CORP",
    "LogonType": "5",
    "src_ip": "66.96.2.182"
  },
  {
    "_time": 1700007728,
    "_raw": "EventID=4624 ComputerName=WORKSTATION-019 AccountName=user017 AccountDomain=CORP LogonType=2 IpAddress=53.161.209.93 IpPort=8009",
    "host": "workstation-019",
    "source": "WinEventLog:Security",
    "sourcetype": "WinEventLog:Security",
    "index": "windows",
    "EventCode": "4624",
    "ComputerName": "WORKSTATION-019",
    "AccountName": "user017",
    "AccountDomain": "CORP",
    "LogonType": "2",
    "src_ip": "172.16.150.65"
  },
  {
    "_time": 1700002907,
    "_raw": "EventID=4768 ComputerName=WORKSTATION-014 AccountName=user019 AccountDomain=ACME LogonType=4 IpAddress=102.104.211.142 IpPort=52390",
    "host": "workstation-014",
    "source": "WinEventLog:Security",
    "sourcetype": "WinEventLog:Security",
    "index": "windows",
    "EventCode": "4768",
    "ComputerName": "WORKSTATION-014",
    "AccountName": "user019",
    "AccountDomain": "ACME",
    "LogonType": "4",
    "src_ip": "46.189.247.65"
  },
  {
    "_time": 1700003240,
    "_raw": "EventID=4769 ComputerName=WORKSTATION-012 AccountName=user013 AccountDomain=CONTOSO LogonType=2 IpAddress=115.82.51.55 IpPort=34338",
    "host": "workstation-012",
    "source": "WinEventLog:Security",
    "sourcetype": "WinEventLog:Security",
    "index": "windows",
    "EventCode": "4769",
    "ComputerName": "WORKSTATION-012",
    "AccountName": "user013",
    "AccountDomain": "CONTOSO",
    "LogonType": "2",
    "src_ip": "87.26.82.100"
  },
  {
    "_time": 1700006825,
    "_raw": "EventID=4624 ComputerName=WORKSTATION-026 AccountName=user003 AccountDomain=CORP LogonType=10 IpAddress=17.134.113.95 IpPort=6269",
    "host": "workstation-026",
    "source": "WinEventLog:Security",
    "sourcetype": "WinEventLog:Security",
    "index": "windows",
    "EventCode": "4624",
    "ComputerName": "WORKSTATION-026",
    "AccountName": "user003",
    "AccountDomain": "CORP",
    "LogonType": "10",
    "src_ip": "186.196.205.158"
  },
  {
    "_time": 1700006846,
    "_raw": "EventID=4768 ComputerName=WORKSTATION-010 AccountName=SYSTEM AccountDomain=CORP LogonType=5 IpAddress=52.146.99.9 IpPort=52401",
    "host": "workstation-010",
    "source": "WinEventLog:Security",
    "sourcetype": "WinEventLog:Security",
    "index": "windows",
    "EventCode": "4768",
    "ComputerName": "WORKSTATION-010",
    "AccountName": "SYSTEM",
    "AccountDomain": "CORP",
    "LogonType": "5",
    "src_ip": "133.118.86.173"
  },
  {
    "_time": 1700000654,
    "_raw": "EventID=4672 ComputerName=WORKSTATION-008 AccountName=NETWORK SERVICE AccountDomain=CORP LogonType=2 IpAddress=200.204.180.172 IpPort=26920",
    "host": "workstation-008",
    "source": "WinEventLog:Security",
    "sourcetype": "WinEventLog:Security",
    "index": "windows",
    "EventCode": "4672",
    "ComputerName": "WORKSTATION-008",
    "AccountName": "NETWORK SERVICE",
    "AccountDomain": "CORP",
    "LogonType": "2",
    "src_ip": "52.7.35.236"
  },
  {
    "_time": 1700000984,
    "_raw": "EventID=4768 ComputerName=WORKSTATION-010 AccountName=user018 AccountDomain=CONTOSO LogonType=4 IpAddress=71.115.99.117 IpPort=61953",
    "host": "workstation-010",
    "source": "WinEventLog:Security",
    "sourcetype": "WinEventLog:Security",
    "index": "windows",
    "EventCode": "4768",
    "ComputerName": "WORKSTATION-010",
    "AccountName": "user018",
    "AccountDomain": "CONTOSO",
    "LogonType": "4",
    "src_ip": "2.133.89.105"
  },
  {
    "_time": 1700005593,
    "_raw": "EventID=4625 ComputerName=WORKSTATION-018 AccountName=user003 AccountDomain=CONTOSO LogonType=4 IpAddress=206.131.128.178 IpPort=30041",
    "host": "workstation-018",
    "source": "WinEventLog:Security",
    "sourcetype": "WinEventLog:Security",
    "index": "windows",
    "EventCode": "4625",
    "ComputerName": "WORKSTATION-018",
    "AccountName": "user003",
    "AccountDomain": "CONTOSO",
    "LogonType": "4",
    "src_ip": "145.247.124.194"
  },
  {
    "_time": 1700003630,
    "_raw": "EventID=4720 ComputerName=WORKSTATION-022 AccountName=user015 AccountDomain=CONTOSO LogonType=5 IpAddress=10.0.98.163 IpPort=52709",
    "host": "workstation-022",
    "source": "WinEventLog:Security",
    "sourcetype": "WinEventLog:Security",
    "index": "windows",
    "EventCode": "4720",
    "ComputerName": "WORKSTATION-022",
    "AccountName": "user015",
    "AccountDomain": "CONTOSO",
    "LogonType": "5",
    "src_ip": "174.117.161.106"
  },
  {
    "_time": 1700003972,
    "_raw": "EventID=4768 ComputerName=WORKSTATION-018 AccountName=user001 AccountDomain=CONTOSO LogonType=3 IpAddress=192.168.1.173.192 IpPort=54833",
    "host": "workstation-018",
    "source": "WinEventLog:Security",
    "sourcetype": "WinEventLog:Security",
    "index": "windows",
    "EventCode": "4768",
    "ComputerName": "WORKSTATION-018",
    "AccountName": "user001",
    "AccountDomain": "CONTOSO",
    "LogonType": "3",
    "src_ip": "142.91.243.81"
  },
  {
    "_time": 1700003984,
    "_raw": "EventID=4648 ComputerName=WORKSTATION-029 AccountName=user019 AccountDomain=ACME LogonType=3 IpAddress=52.120.123.224 IpPort=18417",
    "host": "workstation-029",
    "source": "WinEventLog:Security",
    "sourcetype": "WinEventLog:Security",
    "index": "windows",
    "EventCode": "4648",
    "ComputerName": "WORKSTATION-029",
    "AccountName": "user019",
    "AccountDomain": "ACME",
    "LogonType": "3",
    "src_ip": "10.0.214.64"
  },
  {
    "_time": 1700008991,
    "_raw": "EventID=4769 ComputerName=WORKSTATION-012 AccountName=user005 AccountDomain=CORP LogonType=2 IpAddress=170.252.3.196 IpPort=57194",
    "host": "workstation-012",
    "source": "WinEventLog:Security",
    "sourcetype": "WinEventLog:Security",
    "index": "windows",
    "EventCode": "4769",
    "ComputerName": "WORKSTATION-012",
    "AccountName": "user005",
    "AccountDomain": "CORP",
    "LogonType": "2",
    "src_ip": "11.246.190.159"
  },
  {
    "_time": 1700003674,
    "_raw": "EventID=4720 ComputerName=WORKSTATION-029 AccountName=user019 AccountDomain=ACME LogonType=3 IpAddress=131.143.203.57 IpPort=50187",
    "host": "workstation-029",
    "source": "WinEventLog:Security",
    "sourcetype": "WinEventLog:Security",
    "index": "windows",
    "EventCode": "4720",
    "ComputerName": "WORKSTATION-029",
    "AccountName": "user019",
    "AccountDomain": "ACME",
    "LogonType": "3",
    "src_ip": "14.216.244.241"
  },
  {
    "_time": 1700006030,
    "_raw": "EventID=4624 ComputerName=WORKSTATION-017 AccountName=user012 AccountDomain=ACME LogonType=3 IpAddress=31.235.161.177 IpPort=1575",
    "host": "workstation-017",
    "source": "WinEventLog:Security",
    "sourcetype": "WinEventLog:Security",
    "index": "windows",
    "EventCode": "4624",
    "ComputerName": "WORKSTATION-017",
    "AccountName": "user012",
    "AccountDomain": "ACME",
    "LogonType": "3",
    "src_ip": "10.0.98.149"
  },
  {
    "_time": 1700001344,
    "_raw": "EventID=4672 ComputerName=WORKSTATION-012 AccountName=SYSTEM AccountDomain=ACME LogonType=10 IpAddress=192.168.1.121.246 IpPort=41203",
    "host": "workstation-012",
    "source": "WinEventLog:Security",
    "sourcetype": "WinEventLog:Security",
    "index": "windows",
    "EventCode": "4672",
    "ComputerName": "WORKSTATION-012",
    "AccountName": "SYSTEM",
    "AccountDomain": "ACME",
    "LogonType": "10",
    "src_ip": "48.255.217.54"
  },
  {
    "_time": 1700004718,
    "_raw": "EventID=4672 ComputerName=WORKSTATION-012 AccountName=user013 AccountDomain=ACME LogonType=3 IpAddress=148.117.51.185 IpPort=18715",
    "host": "workstation-012",
    "source": "WinEventLog:Security",
    "sourcetype": "WinEventLog:Security",
    "index": "windows",
    "EventCode": "4672",
    "ComputerName": "WORKSTATION-012",
    "AccountName": "user013",
    "AccountDomain": "ACME",
    "LogonType": "3",
    "src_ip": "143.221.195.51"
  },
  {
    "_time": 1700001690,
    "_raw": "EventID=4634 ComputerName=WORKSTATION-016 AccountName=user001 AccountDomain=CORP LogonType=5 IpAddress=172.16.133.137 IpPort=48246",
    "host": "workstation-016",
    "source": "WinEventLog:Security",
    "sourcetype": "WinEventLog:Security",
    "index": "windows",
    "EventCode": "4634",
    "ComputerName": "WORKSTATION-016",
    "AccountName": "user001",
    "AccountDomain": "CORP",
    "LogonType": "5",
    "src_ip": "125.153.128.144"
  },
  {
    "_time": 1700009492,
    "_raw": "EventID=4769 ComputerName=WORKSTATION-002 AccountName=user013 AccountDomain=CORP LogonType=3 IpAddress=192.168.1.122.215 IpPort=42302",
    "host": "workstation-002",
    "source": "WinEventLog:Security",
    "sourcetype": "WinEventLog:Security",
    "index": "windows",
    "EventCode": "4769",
    "ComputerName": "WORKSTATION-002",
    "AccountName": "user013",
    "AccountDomain": "CORP",
    "LogonType": "3",
    "src_ip": "172.16.86.67"
  },
  {
    "_time": 1700004080,
    "_raw": "EventID=4672 ComputerName=WORKSTATION-018 AccountName=user018 AccountDomain=ACME LogonType=2 IpAddress=90.101.89.251 IpPort=52162",
    "host": "workstation-018",
    "source": "WinEventLog:Security",
    "sourcetype": "WinEventLog:Security",
    "index": "windows",
    "EventCode": "4672",
    "ComputerName": "WORKSTATION-018",
    "AccountName": "user018",
    "AccountDomain": "ACME",
    "LogonType": "2",
    "src_ip": "192.168.1.173.131"
  },
  {
    "_time": 1700005456,
    "_raw": "EventID=4720 ComputerName=WORKSTATION-029 AccountName=user003 AccountDomain=ACME LogonType=4 IpAddress=38.85.172.108 IpPort=42395",
    "host": "workstation-029",
    "source": "WinEventLog:Security",
    "sourcetype": "WinEventLog:Security",
    "index": "windows",
    "EventCode": "4720",
    "ComputerName": "WORKSTATION-029",
    "AccountName": "user003",
    "AccountDomain": "ACME",
    "LogonType": "4",
    "src_ip": "104.36.40.42"
  },
  {
    "_time": 1700003762,
    "_raw": "EventID=4648 ComputerName=WORKSTATION-011 AccountName=user011 AccountDomain=CONTOSO LogonType=4 IpAddress=102.138.227.200 IpPort=57568",
    "host": "workstation-011",
    "source": "WinEventLog:Security",
    "sourcetype": "WinEventLog:Security",
    "index": "windows",
    "EventCode": "4648",
    "ComputerName": "WORKSTATION-011",
    "AccountName": "user011",
    "AccountDomain": "CONTOSO",
    "LogonType": "4",
    "src_ip": "192.230.211.43"
  },
  {
    "_time": 1700002058,
    "_raw": "EventID=4624 ComputerName=WORKSTATION-005 AccountName=user008 AccountDomain=CONTOSO LogonType=2 IpAddress=192.168.1.27.25 IpPort=5204",
    "host": "workstation-005",
    "source": "WinEventLog:Security",
    "sourcetype": "WinEventLog:Security",
    "index": "windows",
    "EventCode": "4624",
    "ComputerName": "WORKSTATION-005",
    "AccountName": "user008",
    "AccountDomain": "CONTOSO",
    "LogonType": "2",
    "src_ip": "122.27.13.198"
  },
  {
    "_time": 1700004472,
    "_raw": "EventID=4768 ComputerName=WORKSTATION-025 AccountName=user003 AccountDomain=CORP LogonType=10 IpAddress=172.16.239.227 IpPort=26572",
    "host": "workstation-025",
    "source": "WinEventLog:Security",
    "sourcetype": "WinEventLog:Security",
    "index": "windows",
    "EventCode": "4768",
    "ComputerName": "WORKSTATION-025",
    "AccountName": "user003",
    "AccountDomain": "CORP",
    "LogonType": "10",
    "src_ip": "64.145.226.161"
  },
  {
    "_time": 1700001725,
    "_raw": "EventID=4634 ComputerName=WORKSTATION-017 AccountName=user006 AccountDomain=CORP LogonType=4 IpAddress=84.243.239.250 IpPort=58099",
    "host": "workstation-017",
    "source": "WinEventLog:Security",
    "sourcetype": "WinEventLog:Security",
    "index": "windows",
    "EventCode": "4634",
    "ComputerName": "WORKSTATION-017",
    "AccountName": "user006",
    "AccountDomain": "CORP",
    "LogonType": "4",
    "src_ip": "70.227.69.249"
  },
  {
    "_time": 1700007958,
    "_raw": "EventID=4768 ComputerName=WORKSTATION-006 AccountName=user019 AccountDomain=CONTOSO LogonType=10 IpAddress=164.158.177.124 IpPort=36391",
    "host": "workstation-006",
    "source": "WinEventLog:Security",
    "sourcetype": "WinEventLog:Security",
    "index": "windows",
    "EventCode": "4768",
    "ComputerName": "WORKSTATION-006",
    "AccountName": "user019",
    "AccountDomain": "CONTOSO",
    "LogonType": "10",
    "src_ip": "10.0.114.79"
  },
  {
    "_time": 1700004164,
    "_raw": "EventID=4688 ComputerName=WORKSTATION-009 AccountName=user005 AccountDomain=ACME LogonType=2 IpAddress=195.69.176.74 IpPort=31773",
    "host": "workstation-009",
    "source": "WinEventLog:Security",
    "sourcetype": "WinEventLog:Security",
    "index": "windows",
    "EventCode": "4688",
    "ComputerName": "WORKSTATION-009",
    "AccountName": "user005",
    "AccountDomain": "ACME",
    "LogonType": "2",
    "src_ip": "177.251.244.77"
  },
  {
    "_time": 1700000348,
    "_raw": "EventID=4688 ComputerName=WORKSTATION-026 AccountName=user010 AccountDomain=CONTOSO LogonType=2 IpAddress=49.210.223.102 IpPort=17401",
    "host": "workstation-026",
    "source": "WinEventLog:Security",
    "sourcetype": "WinEventLog:Security",
    "index": "windows",
    "EventCode": "4688",
    "ComputerName": "WORKSTATION-026",
    "AccountName": "user010",
    "AccountDomain": "CONTOSO",
    "LogonType": "2",
    "src_ip": "172.16.166.100"
  },
  {
    "_time": 1700009423,
    "_raw": "EventID=4688 ComputerName=WORKSTATION-008 AccountName=user009 AccountDomain=CORP LogonType=3 IpAddress=205.139.145.167 IpPort=49712",
    "host": "workstation-008",
    "source": "WinEventLog:Security",
    "sourcetype": "WinEventLog:Security",
    "index": "windows",
    "EventCode": "4688",
    "ComputerName": "WORKSTATION-008",
    "AccountName": "user009",
    "AccountDomain": "CORP",
    "LogonType": "3",
    "src_ip": "69.211.96.219"
  },
  {
    "_time": 1700001050,
    "_raw": "EventID=4634 ComputerName=WORKSTATION-005 AccountName=user010 AccountDomain=CORP LogonType=5 IpAddress=70.251.96.83 IpPort=2295",
    "host": "workstation-005",
    "source": "WinEventLog:Security",
    "sourcetype": "WinEventLog:Security",
    "index": "windows",
    "EventCode": "4634",
    "ComputerName": "WORKSTATION-005",
    "AccountName": "user010",
    "AccountDomain": "CORP",
    "LogonType": "5",
    "src_ip": "172.16.6.48"
  },
  {
    "_time": 1700001404,
    "_raw": "EventID=4663 ComputerName=WORKSTATION-009 AccountName=user005 AccountDomain=CONTOSO LogonType=2 IpAddress=10.0.4.127 IpPort=15257",
    "host": "workstation-009",
    "source": "WinEventLog:Security",
    "sourcetype": "WinEventLog:Security",
    "index": "windows",
    "EventCode": "4663",
    "ComputerName": "WORKSTATION-009",
    "AccountName": "user005",
    "AccountDomain": "CONTOSO",
    "LogonType": "2",
    "src_ip": "80.255.190.119"
  },
  {
    "_time": 1700008096,
    "_raw": "EventID=4624 ComputerName=WORKSTATION-011 AccountName=user003 AccountDomain=CORP LogonType=4 IpAddress=19.240.92.50 IpPort=59724",
    "host": "workstation-011",
    "source": "WinEventLog:Security",
    "sourcetype": "WinEventLog:Security",
    "index": "windows",
    "EventCode": "4624",
    "ComputerName": "WORKSTATION-011",
    "AccountName": "user003",
    "AccountDomain": "CORP",
    "LogonType": "4",
    "src_ip": "210.195.6.32"
  },
  {
    "_time": 1700008825,
    "_raw": "EventID=4648 ComputerName=WORKSTATION-013 AccountName=user015 AccountDomain=CORP LogonType=2 IpAddress=172.16.198.25 IpPort=35177",
    "host": "workstation-013",
    "source": "WinEventLog:Security",
    "sourcetype": "WinEventLog:Security",
    "index": "windows",
    "EventCode": "4648",
    "ComputerName": "WORKSTATION-013",
    "AccountName": "user015",
    "AccountDomain": "CORP",
    "LogonType": "2",
    "src_ip": "54.242.199.175"
  },
  {
    "_time": 1700003540,
    "_raw": "EventID=4672 ComputerName=WORKSTATION-006 AccountName=NETWORK SERVICE AccountDomain=CONTOSO LogonType=10 IpAddress=65.246.152.51 IpPort=24644",
    "host": "workstation-006",
    "source": "WinEventLog:Security",
    "sourcetype": "WinEventLog:Security",
    "index": "windows",
    "EventCode": "4672",
    "ComputerName": "WORKSTATION-006",
    "AccountName": "NETWORK SERVICE",
    "AccountDomain": "CONTOSO",
    "LogonType": "10",
    "src_ip": "222.111.57.61"
  },
  {
    "_time": 1700007455,
    "_raw": "EventID=4688 ComputerName=WORKSTATION-011 AccountName=user001 AccountDomain=CORP LogonType=10 IpAddress=10.0.3.249 IpPort=3776",
    "host": "workstation-011",
    "source": "WinEventLog:Security",
    "sourcetype": "WinEventLog:Security",
    "index": "windows",
    "EventCode": "4688",
    "ComputerName": "WORKSTATION-011",
    "AccountName": "user001",
    "AccountDomain": "CORP",
    "LogonType": "10",
    "src_ip": "177.243.79.96"
  },
  {
    "_time": 1700008900,
    "_raw": "EventID=4625 ComputerName=WORKSTATION-008 AccountName=user006 AccountDomain=ACME LogonType=10 IpAddress=195.30.30.92 IpPort=43266",
    "host": "workstation-008",
    "source": "WinEventLog:Security",
    "sourcetype": "WinEventLog:Security",
    "index": "windows",
    "EventCode": "4625",
    "ComputerName": "WORKSTATION-008",
    "AccountName": "user006",
    "AccountDomain": "ACME",
    "LogonType": "10",
    "src_ip": "172.16.203.28"
  },
  {
    "_time": 1700001785,
    "_raw": "EventID=4720 ComputerName=WORKSTATION-008 AccountName=user011 AccountDomain=CONTOSO LogonType=4 IpAddress=113.98.10.177 IpPort=25781",
    "host": "workstation-008",
    "source": "WinEventLog:Security",
    "sourcetype": "WinEventLog:Security",
    "index": "windows",
    "EventCode": "4720",
    "ComputerName": "WORKSTATION-008",
    "AccountName": "user011",
    "AccountDomain": "CONTOSO",
    "LogonType": "4",
    "src_ip": "35.128.20.125"
  },
  {
    "_time": 1700008234,
    "_raw": "EventID=4720 ComputerName=WORKSTATION-018 AccountName=user010 AccountDomain=CONTOSO LogonType=5 IpAddress=10.0.140.90 IpPort=22236",
    "host": "workstation-018",
    "source": "WinEventLog:Security",
    "sourcetype": "WinEventLog:Security",
    "index": "windows",
    "EventCode": "4720",
    "ComputerName": "WORKSTATION-018",
    "AccountName": "user010",
    "AccountDomain": "CONTOSO",
    "LogonType": "5",
    "src_ip": "71.82.35.136"
  },
  {
    "_time": 1700001795,
    "_raw": "EventID=4720 ComputerName=WORKSTATION-010 AccountName=user009 AccountDomain=CONTOSO LogonType=5 IpAddress=172.16.130.98 IpPort=49104",
    "host": "workstation-010",
    "source": "WinEventLog:Security",
    "sourcetype": "WinEventLog:Security",
    "index": "windows",
    "EventCode": "4720",
    "ComputerName": "WORKSTATION-010",
    "AccountName": "user009",
    "AccountDomain": "CONTOSO",
    "LogonType": "5",
    "src_ip": "10.0.159.220"
  },
  {
    "_time": 1700004320,
    "_raw": "EventID=4769 ComputerName=WORKSTATION-008 AccountName=user011 AccountDomain=CONTOSO LogonType=10 IpAddress=49.254.78.157 IpPort=19579",
    "host": "workstation-008",
    "source": "WinEventLog:Security",
    "sourcetype": "WinEventLog:Security",
    "index": "windows",
    "EventCode": "4769",
    "ComputerName": "WORKSTATION-008",
    "AccountName": "user011",
    "AccountDomain": "CONTOSO",
    "LogonType": "10",
    "src_ip": "165.164.56.25"
  },
  {
    "_time": 1700006137,
    "_raw": "EventID=4776 ComputerName=WORKSTATION-003 AccountName=user002 AccountDomain=CORP LogonType=2 IpAddress=192.168.1.50.26 IpPort=3109",
    "host": "workstation-003",
    "source": "WinEventLog:Security",
    "sourcetype": "WinEventLog:Security",
    "index": "windows",
    "EventCode": "4776",
    "ComputerName": "WORKSTATION-003",
    "AccountName": "user002",
    "AccountDomain": "CORP",
    "LogonType": "2",
    "src_ip": "215.198.250.135"
  },
  {
    "_time": 1700007240,
    "_raw": "EventID=4769 ComputerName=WORKSTATION-009 AccountName=user002 AccountDomain=ACME LogonType=10 IpAddress=4.106.251.238 IpPort=59335",
    "host": "workstation-009",
    "source": "WinEventLog:Security",
    "sourcetype": "WinEventLog:Security",
    "index": "windows",
    "EventCode": "4769",
    "ComputerName": "WORKSTATION-009",
    "AccountName": "user002",
    "AccountDomain": "ACME",
    "LogonType": "10",
    "src_ip": "120.31.184.143"
  },
  {
    "_time": 1700008712,
    "_raw": "EventID=4688 ComputerName=WORKSTATION-027 AccountName=user012 AccountDomain=CONTOSO LogonType=10 IpAddress=10.0.188.19 IpPort=55710",
    "host": "workstation-027",
    "source": "WinEventLog:Security",
    "sourcetype": "WinEventLog:Security",
    "index": "windows",
    "EventCode": "4688",
    "ComputerName": "WORKSTATION-027",
    "AccountName": "user012",
    "AccountDomain": "CONTOSO",
    "LogonType": "10",
    "src_ip": "56.49.51.186"
  },
  {
    "_time": 1700002912,
    "_raw": "EventID=4768 ComputerName=WORKSTATION-013 AccountName=user007 AccountDomain=CORP LogonType=3 IpAddress=46.212.54.197 IpPort=42876",
    "host": "workstation-013",
    "source": "WinEventLog:Security",
    "sourcetype": "WinEventLog:Security",
    "index": "windows",
    "EventCode": "4768",
    "ComputerName": "WORKSTATION-013",
    "AccountName": "user007",
    "AccountDomain": "CORP",
    "LogonType": "3",
    "src_ip": "173.234.218.227"
  },
  {
    "_time": 1700001460,
    "_raw": "EventID=4634 ComputerName=WORKSTATION-026 AccountName=user006 AccountDomain=CONTOSO LogonType=10 IpAddress=41.226.180.232 IpPort=21677",
    "host": "workstation-026",
    "source": "WinEventLog:Security",
    "sourcetype": "WinEventLog:Security",
    "index": "windows",
    "EventCode": "4634",
    "ComputerName": "WORKSTATION-026",
    "AccountName": "user006",
    "AccountDomain": "CONTOSO",
    "LogonType": "10",
    "src_ip": "84.190.211.196"
  },
  {
    "_time": 1700007686,
    "_raw": "EventID=4688 ComputerName=WORKSTATION-027 AccountName=user011 AccountDomain=CONTOSO LogonType=10 IpAddress=97.130.184.247 IpPort=30672",
    "host": "workstation-027",
    "source": "WinEventLog:Security",
    "sourcetype": "WinEventLog:Security",
    "index": "windows",
    "EventCode": "4688",
    "ComputerName": "WORKSTATION-027",
    "AccountName": "user011",
    "AccountDomain": "CONTOSO",
    "LogonType": "10",
    "src_ip": "102.0.17.252"
  },
  {
    "_time": 1700003670,
    "_raw": "EventID=4769 ComputerName=WORKSTATION-001 AccountName=user017 AccountDomain=CORP LogonType=2 IpAddress=57.109.161.6 IpPort=51586",
    "host": "workstation-001",
    "source": "WinEventLog:Security",
    "sourcetype": "WinEventLog:Security",
    "index": "windows",
    "EventCode": "4769",
    "ComputerName": "WORKSTATION-001",
    "AccountName": "user017",
    "AccountDomain": "CORP",
    "LogonType": "2",
    "src_ip": "177.141.79.25"
  },
  {
    "_time": 1700000736,
    "_raw": "EventID=4720 ComputerName=WORKSTATION-012 AccountName=user005 AccountDomain=CORP LogonType=4 IpAddress=64.119.131.208 IpPort=20704",
    "host": "workstation-012",
    "source": "WinEventLog:Security",
    "sourcetype": "WinEventLog:Security",
    "index": "windows",
    "EventCode": "4720",
    "ComputerName": "WORKSTATION-012",
    "AccountName": "user005",
    "AccountDomain": "CORP",
    "LogonType": "4",
    "src_ip": "192.168.1.146.235"
  },
  {
    "_time": 1700002583,
    "_raw": "EventID=4625 ComputerName=WORKSTATION-024 AccountName=user011 AccountDomain=ACME LogonType=5 IpAddress=177.48.153.10 IpPort=48917",
    "host": "workstation-024",
    "source": "WinEventLog:Security",
    "sourcetype": "WinEventLog:Security",
    "index": "windows",
    "EventCode": "4625",
    "ComputerName": "WORKSTATION-024",
    "AccountName": "user011",
    "AccountDomain": "ACME",
    "LogonType": "5",
    "src_ip": "98.40.28.236"
  },
  {
    "_time": 1700009250,
    "_raw": "EventID=4672 ComputerName=WORKSTATION-012 AccountName=user014 AccountDomain=ACME LogonType=3 IpAddress=218.5.195.14 IpPort=20998",
    "host": "workstation-012",
    "source": "WinEventLog:Security",
    "sourcetype": "WinEventLog:Security",
    "index": "windows",
    "EventCode": "4672",
    "ComputerName": "WORKSTATION-012",
    "AccountName": "user014",
    "AccountDomain": "ACME",
    "LogonType": "3",
    "src_ip": "82.76.167.129"
  },
  {
    "_time": 1700008533,
    "_raw": "EventID=4648 ComputerName=WORKSTATION-005 AccountName=user002 AccountDomain=CONTOSO LogonType=5 IpAddress=193.46.113.111 IpPort=20015",
    "host": "workstation-005",
    "source": "WinEventLog:Security",
    "sourcetype": "WinEventLog:Security",
    "index": "windows",
    "EventCode": "4648",
    "ComputerName": "WORKSTATION-005",
    "AccountName": "user002",
    "AccountDomain": "CONTOSO",
    "LogonType": "5",
    "src_ip": "38.67.172.22"
  },
  {
    "_time": 1700005952,
    "_raw": "EventID=4769 ComputerName=WORKSTATION-024 AccountName=user002 AccountDomain=CONTOSO LogonType=4 IpAddress=172.16.112.199 IpPort=46759",
    "host": "workstation-024",
    "source": "WinEventLog:Security",
    "sourcetype": "WinEventLog:Security",
    "index": "windows",
    "EventCode": "4769",
    "ComputerName": "WORKSTATION-024",
    "AccountName": "user002",
    "AccountDomain": "CONTOSO",
    "LogonType": "4",
    "src_ip": "10.0.124.144"
  },
  {
    "_time": 1700002611,
    "_raw": "EventID=4720 ComputerName=WORKSTATION-013 AccountName=NETWORK SERVICE AccountDomain=CONTOSO LogonType=10 IpAddress=189.126.124.19 IpPort=18473",
    "host": "workstation-013",
    "source": "WinEventLog:Security",
    "sourcetype": "WinEventLog:Security",
    "index": "windows",
    "EventCode": "4720",
    "ComputerName": "WORKSTATION-013",
    "AccountName": "NETWORK SERVICE",
    "AccountDomain": "CONTOSO",
    "LogonType": "10",
    "src_ip": "83.45.57.172"
  },
  {
    "_time": 1700005236,
    "_raw": "EventID=4688 ComputerName=WORKSTATION-012 AccountName=user012 AccountDomain=CORP LogonType=4 IpAddress=7.156.86.253 IpPort=23943",
    "host": "workstation-012",
    "source": "WinEventLog:Security",
    "sourcetype": "WinEventLog:Security",
    "index": "windows",
    "EventCode": "4688",
    "ComputerName": "WORKSTATION-012",
    "AccountName": "user012",
    "AccountDomain": "CORP",
    "LogonType": "4",
    "src_ip": "206.226.74.113"
  },
  {
    "_time": 1700000750,
    "_raw": "EventID=4648 ComputerName=WORKSTATION-007 AccountName=LOCAL SERVICE AccountDomain=ACME LogonType=2 IpAddress=10.0.63.243 IpPort=41722",
    "host": "workstation-007",
    "source": "WinEventLog:Security",
    "sourcetype": "WinEventLog:Security",
    "index": "windows",
    "EventCode": "4648",
    "ComputerName": "WORKSTATION-007",
    "AccountName": "LOCAL SERVICE",
    "AccountDomain": "ACME",
    "LogonType": "2",
    "src_ip": "223.147.7.88"
  },
  {
    "_time": 1700008648,
    "_raw": "EventID=4625 ComputerName=WORKSTATION-010 AccountName=user015 AccountDomain=ACME LogonType=4 IpAddress=172.16.55.53 IpPort=36834",
    "host": "workstation-010",
    "source": "WinEventLog:Security",
    "sourcetype": "WinEventLog:Security",
    "index": "windows",
    "EventCode": "4625",
    "ComputerName": "WORKSTATION-010",
    "AccountName": "user015",
    "AccountDomain": "ACME",
    "LogonType": "4",
    "src_ip": "67.247.72.178"
  },
  {
    "_time": 1700008671,
    "_raw": "EventID=4776 ComputerName=WORKSTATION-001 AccountName=user013 AccountDomain=CONTOSO LogonType=10 IpAddress=10.0.16.73 IpPort=14176",
    "host": "workstation-001",
    "source": "WinEventLog:Security",
    "sourcetype": "WinEventLog:Security",
    "index": "windows",
    "EventCode": "4776",
    "ComputerName": "WORKSTATION-001",
    "AccountName": "user013",
    "AccountDomain": "CONTOSO",
    "LogonType": "10",
    "src_ip": "159.138.27.120"
  },
  {
    "_time": 1700007938,
    "_raw": "EventID=4624 ComputerName=WORKSTATION-003 AccountName=user013 AccountDomain=CONTOSO LogonType=4 IpAddress=5.149.197.60 IpPort=65235",
    "host": "workstation-003",
    "source": "WinEventLog:Security",
    "sourcetype": "WinEventLog:Security",
    "index": "windows",
    "EventCode": "4624",
    "ComputerName": "WORKSTATION-003",
    "AccountName": "user013",
    "AccountDomain": "CONTOSO",
    "LogonType": "4",
    "src_ip": "182.50.161.125"
  },
  {
    "_time": 1700010612,
    "_raw": "EventID=4769 ComputerName=WORKSTATION-018 AccountName=user003 AccountDomain=CORP LogonType=10 IpAddress=144.11.20.64 IpPort=61465",
    "host": "workstation-018",
    "source": "WinEventLog:Security",
    "sourcetype": "WinEventLog:Security",
    "index": "windows",
    "EventCode": "4769",
    "ComputerName": "WORKSTATION-018",
    "AccountName": "user003",
    "AccountDomain": "CORP",
    "LogonType": "10",
    "src_ip": "86.250.201.191"
  },
  {
    "_time": 1700002280,
    "_raw": "EventID=4624 ComputerName=WORKSTATION-012 AccountName=LOCAL SERVICE AccountDomain=ACME LogonType=4 IpAddress=172.16.71.208 IpPort=5087",
    "host": "workstation-012",
    "source": "WinEventLog:Security",
    "sourcetype": "WinEventLog:Security",
    "index": "windows",
    "EventCode": "4624",
    "ComputerName": "WORKSTATION-012",
    "AccountName": "LOCAL SERVICE",
    "AccountDomain": "ACME",
    "LogonType": "4",
    "src_ip": "100.15.143.58"
  },
  {
    "_time": 1700001905,
    "_raw": "EventID=4672 ComputerName=WORKSTATION-029 AccountName=user013 AccountDomain=CONTOSO LogonType=2 IpAddress=134.116.213.62 IpPort=38569",
    "host": "workstation-029",
    "source": "WinEventLog:Security",
    "sourcetype": "WinEventLog:Security",
    "index": "windows",
    "EventCode": "4672",
    "ComputerName": "WORKSTATION-029",
    "AccountName": "user013",
    "AccountDomain": "CONTOSO",
    "LogonType": "2",
    "src_ip": "192.168.1.233.155"
  },
  {
    "_time": 1700004202,
    "_raw": "EventID=4720 ComputerName=WORKSTATION-018 AccountName=user005 AccountDomain=CORP LogonType=3 IpAddress=176.103.70.80 IpPort=46147",
    "host": "workstation-018",
    "source": "WinEventLog:Security",
    "sourcetype": "WinEventLog:Security",
    "index": "windows",
    "EventCode": "4720",
    "ComputerName": "WORKSTATION-018",
    "AccountName": "user005",
    "AccountDomain": "CORP",
    "LogonType": "3",
    "src_ip": "135.69.220.233"
  },
  {
    "_time": 1700009575,
    "_raw": "EventID=4634 ComputerName=WORKSTATION-021 AccountName=user019 AccountDomain=CORP LogonType=2 IpAddress=185.60.94.82 IpPort=56042",
    "host": "workstation-021",
    "source": "WinEventLog:Security",
    "sourcetype": "WinEventLog:Security",
    "index": "windows",
    "EventCode": "4634",
    "ComputerName": "WORKSTATION-021",
    "AccountName": "user019",
    "AccountDomain": "CORP",
    "LogonType": "2",
    "src_ip": "187.15.163.226"
  },
  {
    "_time": 1700005376,
    "_raw": "EventID=4688 ComputerName=WORKSTATION-010 AccountName=user015 AccountDomain=CONTOSO LogonType=4 IpAddress=10.0.28.34 IpPort=13131",
    "host": "workstation-010",
    "source": "WinEventLog:Security",
    "sourcetype": "WinEventLog:Security",
    "index": "windows",
    "EventCode": "4688",
    "ComputerName": "WORKSTATION-010",
    "AccountName": "user015",
    "AccountDomain": "CONTOSO",
    "LogonType": "4",
    "src_ip": "172.16.158.69"
  },
  {
    "_time": 1700007700,
    "_raw": "EventID=4769 ComputerName=WORKSTATION-020 AccountName=user008 AccountDomain=CONTOSO LogonType=3 IpAddress=92.40.244.35 IpPort=33944",
    "host": "workstation-020",
    "source": "WinEventLog:Security",
    "sourcetype": "WinEventLog:Security",
    "index": "windows",
    "EventCode": "4769",
    "ComputerName": "WORKSTATION-020",
    "AccountName": "user008",
    "AccountDomain": "CONTOSO",
    "LogonType": "3",
    "src_ip": "121.191.94.219"
  },
  {
    "_time": 1700005018,
    "_raw": "EventID=4720 ComputerName=WORKSTATION-016 AccountName=user005 AccountDomain=CORP LogonType=3 IpAddress=10.0.237.70 IpPort=63296",
    "host": "workstation-016",
    "source": "WinEventLog:Security",
    "sourcetype": "WinEventLog:Security",
    "index": "windows",
    "EventCode": "4720",
    "ComputerName": "WORKSTATION-016",
    "AccountName": "user005",
    "AccountDomain": "CORP",
    "LogonType": "3",
    "src_ip": "191.103.104.17"
  },
  {
    "_time": 1700002322,
    "_raw": "EventID=4720 ComputerName=WORKSTATION-028 AccountName=SYSTEM AccountDomain=ACME LogonType=4 IpAddress=64.218.207.199 IpPort=3765",
    "host": "workstation-028",
    "source": "WinEventLog:Security",
    "sourcetype": "WinEventLog:Security",
    "index": "windows",
    "EventCode": "4720",
    "ComputerName": "WORKSTATION-028",
    "AccountName": "SYSTEM",
    "AccountDomain": "ACME",
    "LogonType": "4",
    "src_ip": "212.194.160.101"
  },
  {
    "_time": 1700007760,
    "_raw": "EventID=4769 ComputerName=WORKSTATION-020 AccountName=user018 AccountDomain=CONTOSO LogonType=2 IpAddress=116.233.21.225 IpPort=17127",
    "host": "workstation-020",
    "source": "WinEventLog:Security",
    "sourcetype": "WinEventLog:Security",
    "index": "windows",
    "EventCode": "4769",
    "ComputerName": "WORKSTATION-020",
    "AccountName": "user018",
    "AccountDomain": "CONTOSO",
    "LogonType": "2",
    "src_ip": "102.20.198.133"
  },
  {
    "_time": 1700009725,
    "_raw": "EventID=4776 ComputerName=WORKSTATION-002 AccountName=user007 AccountDomain=ACME LogonType=5 IpAddress=199.146.236.43 IpPort=28710",
    "host": "workstation-002",
    "source": "WinEventLog:Security",
    "sourcetype": "WinEventLog:Security",
    "index": "windows",
    "EventCode": "4776",
    "ComputerName": "WORKSTATION-002",
    "AccountName": "user007",
    "AccountDomain": "ACME",
    "LogonType": "5",
    "src_ip": "10.0.177.133"
  },
  {
    "_time": 1700011310,
    "_raw": "EventID=4634 ComputerName=WORKSTATION-015 AccountName=NETWORK SERVICE AccountDomain=ACME LogonType=10 IpAddress=172.16.241.229 IpPort=46644",
    "host": "workstation-015",
    "source": "WinEventLog:Security",
    "sourcetype": "WinEventLog:Security",
    "index": "windows",
    "EventCode": "4634",
    "ComputerName": "WORKSTATION-015",
    "AccountName": "NETWORK SERVICE",
    "AccountDomain": "ACME",
    "LogonType": "10",
    "src_ip": "101.211.165.116"
  },
  {
    "_time": 1700000391,
    "_raw": "EventID=4634 ComputerName=WORKSTATION-015 AccountName=user019 AccountDomain=CONTOSO LogonType=5 IpAddress=192.168.1.178.167 IpPort=60475",
    "host": "workstation-015",
    "source": "WinEventLog:Security",
    "sourcetype": "WinEventLog:Security",
    "index": "windows",
    "EventCode": "4634",
    "ComputerName": "WORKSTATION-015",
    "AccountName": "user019",
    "AccountDomain": "CONTOSO",
    "LogonType": "5",
    "src_ip": "42.63.46.30"
  },
  {
    "_time": 1700009016,
    "_raw": "EventID=4720 ComputerName=WORKSTATION-021 AccountName=user012 AccountDomain=CORP LogonType=5 IpAddress=131.81.193.141 IpPort=25967",
    "host": "workstation-021",
    "source": "WinEventLog:Security",
    "sourcetype": "WinEventLog:Security",
    "index": "windows",
    "EventCode": "4720",
    "ComputerName": "WORKSTATION-021",
    "AccountName": "user012",
    "AccountDomain": "CORP",
    "LogonType": "5",
    "src_ip": "10.0.234.86"
  },
  {
    "_time": 1700007467,
    "_raw": "EventID=4776 ComputerName=WORKSTATION-028 AccountName=user005 AccountDomain=CORP LogonType=3 IpAddress=14.214.157.80 IpPort=48875",
    "host": "workstation-028",
    "source": "WinEventLog:Security",
    "sourcetype": "WinEventLog:Security",
    "index": "windows",
    "EventCode": "4776",
    "ComputerName": "WORKSTATION-028",
    "AccountName": "user005",
    "AccountDomain": "CORP",
    "LogonType": "3",
    "src_ip": "115.147.92.31"
  },
  {
    "_time": 1700011426,
    "_raw": "EventID=4634 ComputerName=WORKSTATION-007 AccountName=user001 AccountDomain=CONTOSO LogonType=2 IpAddress=219.255.2.156 IpPort=58872",
    "host": "workstation-007",
    "source": "WinEventLog:Security",
    "sourcetype": "WinEventLog:Security",
    "index": "windows",
    "EventCode": "4634",
    "ComputerName": "WORKSTATION-007",
    "AccountName": "user001",
    "AccountDomain": "CONTOSO",
    "LogonType": "2",
    "src_ip": "56.243.232.105"
  },
  {
    "_time": 1700005925,
    "_raw": "EventID=4625 ComputerName=WORKSTATION-020 AccountName=SYSTEM AccountDomain=CORP LogonType=10 IpAddress=172.16.143.210 IpPort=55107",
    "host": "workstation-020",
    "source": "WinEventLog:Security",
    "sourcetype": "WinEventLog:Security",
    "index": "windows",
    "EventCode": "4625",
    "ComputerName": "WORKSTATION-020",
    "AccountName": "SYSTEM",
    "AccountDomain": "CORP",
    "LogonType": "10",
    "src_ip": "10.0.38.15"
  },
  {
    "_time": 1700008316,
    "_raw": "EventID=4672 ComputerName=WORKSTATION-002 AccountName=user005 AccountDomain=CORP LogonType=10 IpAddress=77.169.44.13 IpPort=8160",
    "host": "workstation-002",
    "source": "WinEventLog:Security",
    "sourcetype": "WinEventLog:Security",
    "index": "windows",
    "EventCode": "4672",
    "ComputerName": "WORKSTATION-002",
    "AccountName": "user005",
    "AccountDomain": "CORP",
    "LogonType": "10",
    "src_ip": "46.82.145.157"
  },
  {
    "_time": 1700008734,
    "_raw": "EventID=4769 ComputerName=WORKSTATION-019 AccountName=user018 AccountDomain=CORP LogonType=10 IpAddress=10.47.153.83 IpPort=25178",
    "host": "workstation-019",
    "source": "WinEventLog:Security",
    "sourcetype": "WinEventLog:Security",
    "index": "windows",
    "EventCode": "4769",
    "ComputerName": "WORKSTATION-019",
    "AccountName": "user018",
    "AccountDomain": "CORP",
    "LogonType": "10",
    "src_ip": "210.34.218.216"
  },
  {
    "_time": 1700007164,
    "_raw": "EventID=4625 ComputerName=WORKSTATION-010 AccountName=user016 AccountDomain=CORP LogonType=4 IpAddress=106.107.107.157 IpPort=4837",
    "host": "workstation-010",
    "source": "WinEventLog:Security",
    "sourcetype": "WinEventLog:Security",
    "index": "windows",
    "EventCode": "4625",
    "ComputerName": "WORKSTATION-010",
    "AccountName": "user016",
    "AccountDomain": "CORP",
    "LogonType": "4",
    "src_ip": "172.16.251.162"
  },
  {
    "_time": 1700006783,
    "_raw": "EventID=4625 ComputerName=WORKSTATION-016 AccountName=SYSTEM AccountDomain=CONTOSO LogonType=5 IpAddress=82.132.181.238 IpPort=9524",
    "host": "workstation-016",
    "source": "WinEventLog:Security",
    "sourcetype": "WinEventLog:Security",
    "index": "windows",
    "EventCode": "4625",
    "ComputerName": "WORKSTATION-016",
    "AccountName": "SYSTEM",
    "AccountDomain": "CONTOSO",
    "LogonType": "5",
    "src_ip": "128.254.252.207"
  },
  {
    "_time": 1700002400,
    "_raw": "EventID=4769 ComputerName=WORKSTATION-008 AccountName=user010 AccountDomain=CORP LogonType=2 IpAddress=172.16.204.31 IpPort=49354",
    "host": "workstation-008",
    "source": "WinEventLog:Security",
    "sourcetype": "WinEventLog:Security",
    "index": "windows",
    "EventCode": "4769",
    "ComputerName": "WORKSTATION-008",
    "AccountName": "user010",
    "AccountDomain": "CORP",
    "LogonType": "2",
    "src_ip": "205.212.211.12"
  },
  {
    "_time": 1700004411,
    "_raw": "EventID=4672 ComputerName=WORKSTATION-018 AccountName=NETWORK SERVICE AccountDomain=CORP LogonType=3 IpAddress=66.34.157.77 IpPort=34230",
    "host": "workstation-018",
    "source": "WinEventLog:Security",
    "sourcetype": "WinEventLog:Security",
    "index": "windows",
    "EventCode": "4672",
    "ComputerName": "WORKSTATION-018",
    "AccountName": "NETWORK SERVICE",
    "AccountDomain": "CORP",
    "LogonType": "3",
    "src_ip": "197.3.58.176"
  },
  {
    "_time": 1700004422,
    "_raw": "EventID=4672 ComputerName=WORKSTATION-013 AccountName=user019 AccountDomain=CONTOSO LogonType=3 IpAddress=192.168.1.237.173 IpPort=32422",
    "host": "workstation-013",
    "source": "WinEventLog:Security",
    "sourcetype": "WinEventLog:Security",
    "index": "windows",
    "EventCode": "4672",
    "ComputerName": "WORKSTATION-013",
    "AccountName": "user019",
    "AccountDomain": "CONTOSO",
    "LogonType": "3",
    "src_ip": "205.18.69.124"
  },
  {
    "_time": 1700002015,
    "_raw": "EventID=4776 ComputerName=WORKSTATION-015 AccountName=user018 AccountDomain=ACME LogonType=5 IpAddress=15.153.161.143 IpPort=36143",
    "host": "workstation-015",
    "source": "WinEventLog:Security",
    "sourcetype": "WinEventLog:Security",
    "index": "windows",
    "EventCode": "4776",
    "ComputerName": "WORKSTATION-015",
    "AccountName": "user018",
    "AccountDomain": "ACME",
    "LogonType": "5",
    "src_ip": "172.16.176.85"
  },
