  {
    "_time": 1700011312,
    "_raw": "EventID=4688 ComputerName=WORKSTATION-016 AccountName=user014 AccountDomain=CONTOSO LogonType=4 IpAddress=172.16.236.63 IpPort=26136",
    "host": "workstation-016",
    "source": "WinEventLog:Security",
    "sourcetype": "WinEventLog:Security",
    "index": "windows",
    "EventCode": "4688",
    "ComputerName": "WORKSTATION-016",
    "AccountName": "user014",
    "AccountDomain": "CONTOSO",
    "LogonType": "4",
    "src_ip": "128.252.117.99"
  },
  {
    "_time": 1700002124,
    "_raw": "EventID=4769 ComputerName=WORKSTATION-023 AccountName=user014 AccountDomain=CONTOSO LogonType=3 IpAddress=61.185.1.53 IpPort=56768",
    "host": "workstation-023",
    "source": "WinEventLog:Security",
    "sourcetype": "WinEventLog:Security",
    "index": "windows",
    "EventCode": "4769",
    "ComputerName": "WORKSTATION-023",
    "AccountName": "user014",
    "AccountDomain": "CONTOSO",
    "LogonType": "3",
    "src_ip": "172.16.122.246"
  },
  {
    "_time": 1700003545,
    "_raw": "EventID=4625 ComputerName=WORKSTATION-002 AccountName=user012 AccountDomain=ACME LogonType=4 IpAddress=214.215.124.54 IpPort=55276",
    "host": "workstation-002",
    "source": "WinEventLog:Security",
    "sourcetype": "WinEventLog:Security",
    "index": "windows",
    "EventCode": "4625",
    "ComputerName": "WORKSTATION-002",
    "AccountName": "user012",
    "AccountDomain": "ACME",
    "LogonType": "4",
    "src_ip": "172.16.36.31"
  },
  {
    "_time": 1700016330,
    "_raw": "EventID=4634 ComputerName=WORKSTATION-013 AccountName=user001 AccountDomain=CONTOSO LogonType=4 IpAddress=10.0.170.149 IpPort=5858",
    "host": "workstation-013",
    "source": "WinEventLog:Security",
    "sourcetype": "WinEventLog:Security",
    "index": "windows",
    "EventCode": "4634",
    "ComputerName": "WORKSTATION-013",
    "AccountName": "user001",
    "AccountDomain": "CONTOSO",
    "LogonType": "4",
    "src_ip": "153.80.15.38"
  },
  {
    "_time": 1700008532,
    "_raw": "EventID=4634 ComputerName=WORKSTATION-003 AccountName=user008 AccountDomain=CORP LogonType=10 IpAddress=107.76.93.121 IpPort=49753",
    "host": "workstation-003",
    "source": "WinEventLog:Security",
    "sourcetype": "WinEventLog:Security",
    "index": "windows",
    "EventCode": "4634",
    "ComputerName": "WORKSTATION-003",
    "AccountName": "user008",
    "AccountDomain": "CORP",
    "LogonType": "10",
    "src_ip": "172.16.179.243"
  },
  {
    "_time": 1700007120,
    "_raw": "EventID=4720 ComputerName=WORKSTATION-014 AccountName=user011 AccountDomain=ACME LogonType=2 IpAddress=10.0.16.226 IpPort=43127",
    "host": "workstation-014",
    "source": "WinEventLog:Security",
    "sourcetype": "WinEventLog:Security",
    "index": "windows",
    "EventCode": "4720",
    "ComputerName": "WORKSTATION-014",
    "AccountName": "user011",
    "AccountDomain": "ACME",
    "LogonType": "2",
    "src_ip": "10.0.129.42"
  },
  {
    "_time": 1700000713,
    "_raw": "EventID=4688 ComputerName=WORKSTATION-027 AccountName=user014 AccountDomain=CONTOSO LogonType=10 IpAddress=67.156.116.109 IpPort=62067",
    "host": "workstation-027",
    "source": "WinEventLog:Security",
    "sourcetype": "WinEventLog:Security",
    "index": "windows",
    "EventCode": "4688",
    "ComputerName": "WORKSTATION-027",
    "AccountName": "user014",
    "AccountDomain": "CONTOSO",
    "LogonType": "10",
    "src_ip": "10.0.134.97"
  },
  {
    "_time": 1700003570,
    "_raw": "EventID=4648 ComputerName=WORKSTATION-013 AccountName=SYSTEM AccountDomain=CORP LogonType=5 IpAddress=172.16.250.144 IpPort=40678",
    "host": "workstation-013",
    "source": "WinEventLog:Security",
    "sourcetype": "WinEventLog:Security",
    "index": "windows",
    "EventCode": "4648",
    "ComputerName": "WORKSTATION-013",
    "AccountName": "SYSTEM",
    "AccountDomain": "CORP",
    "LogonType": "5",
    "src_ip": "210.239.244.81"
  },
  {
    "_time": 1700015015,
    "_raw": "EventID=4776 ComputerName=WORKSTATION-013 AccountName=user013 AccountDomain=CORP LogonType=4 IpAddress=50.138.55.27 IpPort=6123",
    "host": "workstation-013",
    "source": "WinEventLog:Security",
    "sourcetype": "WinEventLog:Security",
    "index": "windows",
    "EventCode": "4776",
    "ComputerName": "WORKSTATION-013",
    "AccountName": "user013",
    "AccountDomain": "CORP",
    "LogonType": "4",
    "src_ip": "200.171.14.62"
  },
  {
    "_time": 1700007160,
    "_raw": "EventID=4634 ComputerName=WORKSTATION-018 AccountName=user004 AccountDomain=CORP LogonType=10 IpAddress=192.168.1.49.142 IpPort=14244",
    "host": "workstation-018",
    "source": "WinEventLog:Security",
    "sourcetype": "WinEventLog:Security",
    "index": "windows",
    "EventCode": "4634",
    "ComputerName": "WORKSTATION-018",
    "AccountName": "user004",
    "AccountDomain": "CORP",
    "LogonType": "10",
    "src_ip": "9.123.137.22"
  },
  {
    "_time": 1700013623,
    "_raw": "EventID=4769 ComputerName=WORKSTATION-002 AccountName=user019 AccountDomain=ACME LogonType=2 IpAddress=80.4.182.193 IpPort=19531",
    "host": "workstation-002",
    "source": "WinEventLog:Security",
    "sourcetype": "WinEventLog:Security",
    "index": "windows",
    "EventCode": "4769",
    "ComputerName": "WORKSTATION-002",
    "AccountName": "user019",
    "AccountDomain": "ACME",
    "LogonType": "2",
    "src_ip": "129.99.161.193"
  },
  {
    "_time": 1700009334,
    "_raw": "EventID=4672 ComputerName=WORKSTATION-005 AccountName=LOCAL SERVICE AccountDomain=CORP LogonType=5 IpAddress=129.51.76.7 IpPort=39505",
    "host": "workstation-005",
    "source": "WinEventLog:Security",
    "sourcetype": "WinEventLog:Security",
    "index": "windows",
    "EventCode": "4672",
    "ComputerName": "WORKSTATION-005",
    "AccountName": "LOCAL SERVICE",
    "AccountDomain": "CORP",
    "LogonType": "5",
    "src_ip": "123.19.148.42"
  },
  {
    "_time": 1700003595,
    "_raw": "EventID=4776 ComputerName=WORKSTATION-015 AccountName=user003 AccountDomain=CONTOSO LogonType=3 IpAddress=207.72.82.247 IpPort=33898",
    "host": "workstation-015",
    "source": "WinEventLog:Security",
    "sourcetype": "WinEventLog:Security",
    "index": "windows",
    "EventCode": "4776",
    "ComputerName": "WORKSTATION-015",
    "AccountName": "user003",
    "AccountDomain": "CONTOSO",
    "LogonType": "3",
    "src_ip": "187.174.229.202"
  },
  {
    "_time": 1700003600,
    "_raw": "EventID=4672 ComputerName=WORKSTATION-010 AccountName=user012 AccountDomain=CONTOSO LogonType=2 IpAddress=199.198.122.54 IpPort=41026",
    "host": "workstation-010",
    "source": "WinEventLog:Security",
    "sourcetype": "WinEventLog:Security",
    "index": "windows",
    "EventCode": "4672",
    "ComputerName": "WORKSTATION-010",
    "AccountName": "user012",
    "AccountDomain": "CONTOSO",
    "LogonType": "2",
    "src_ip": "40.254.49.207"
  },
  {
    "_time": 1700000721,
    "_raw": "EventID=4634 ComputerName=WORKSTATION-025 AccountName=user010 AccountDomain=CONTOSO LogonType=5 IpAddress=192.168.1.44.240 IpPort=20396",
    "host": "workstation-025",
    "source": "WinEventLog:Security",
    "sourcetype": "WinEventLog:Security",
    "index": "windows",
    "EventCode": "4634",
    "ComputerName": "WORKSTATION-025",
    "AccountName": "user010",
    "AccountDomain": "CONTOSO",
    "LogonType": "5",
    "src_ip": "192.168.1.148.94"
  },
  {
    "_time": 1700008664,
    "_raw": "EventID=4625 ComputerName=WORKSTATION-003 AccountName=user006 AccountDomain=CONTOSO LogonType=4 IpAddress=66.226.71.241 IpPort=9148",
    "host": "workstation-003",
    "source": "WinEventLog:Security",
    "sourcetype": "WinEventLog:Security",
    "index": "windows",
    "EventCode": "4625",
    "ComputerName": "WORKSTATION-003",
    "AccountName": "user006",
    "AccountDomain": "CONTOSO",
    "LogonType": "4",
    "src_ip": "125.20.186.220"
  },
  {
    "_time": 1700007230,
    "_raw": "EventID=4688 ComputerName=WORKSTATION-014 AccountName=SYSTEM AccountDomain=CONTOSO LogonType=5 IpAddress=217.160.191.22 IpPort=45732",
    "host": "workstation-014",
    "source": "WinEventLog:Security",
    "sourcetype": "WinEventLog:Security",
    "index": "windows",
    "EventCode": "4688",
    "ComputerName": "WORKSTATION-014",
    "AccountName": "SYSTEM",
    "AccountDomain": "CONTOSO",
    "LogonType": "5",
    "src_ip": "116.134.21.159"
  },
  {
    "_time": 1700015204,
    "_raw": "EventID=4624 ComputerName=WORKSTATION-024 AccountName=user008 AccountDomain=CONTOSO LogonType=2 IpAddress=10.0.75.97 IpPort=11392",
    "host": "workstation-024",
    "source": "WinEventLog:Security",
    "sourcetype": "WinEventLog:Security",
    "index": "windows",
    "EventCode": "4624",
    "ComputerName": "WORKSTATION-024",
    "AccountName": "user008",
    "AccountDomain": "CONTOSO",
    "LogonType": "2",
    "src_ip": "219.37.114.100"
  },
  {
    "_time": 1700020300,
    "_raw": "EventID=4720 ComputerName=WORKSTATION-022 AccountName=user003 AccountDomain=ACME LogonType=5 IpAddress=210.238.55.22 IpPort=12838",
    "host": "workstation-022",
    "source": "WinEventLog:Security",
    "sourcetype": "WinEventLog:Security",
    "index": "windows",
    "EventCode": "4720",
    "ComputerName": "WORKSTATION-022",
    "AccountName": "user003",
    "AccountDomain": "ACME",
    "LogonType": "5",
    "src_ip": "102.221.102.103"
  },
  {
    "_time": 1700007986,
    "_raw": "EventID=4625 ComputerName=WORKSTATION-011 AccountName=user011 AccountDomain=CONTOSO LogonType=3 IpAddress=122.58.142.117 IpPort=3532",
    "host": "workstation-011",
    "source": "WinEventLog:Security",
    "sourcetype": "WinEventLog:Security",
    "index": "windows",
    "EventCode": "4625",
    "ComputerName": "WORKSTATION-011",
    "AccountName": "user011",
    "AccountDomain": "CONTOSO",
    "LogonType": "3",
    "src_ip": "121.74.109.82"
  },
  {
    "_time": 1700013813,
    "_raw": "EventID=4624 ComputerName=WORKSTATION-020 AccountName=user013 AccountDomain=CORP LogonType=5 IpAddress=55.27.108.223 IpPort=2527",
    "host": "workstation-020",
    "source": "WinEventLog:Security",
    "sourcetype": "WinEventLog:Security",
    "index": "windows",
    "EventCode": "4624",
    "ComputerName": "WORKSTATION-020",
    "AccountName": "user013",
    "AccountDomain": "CORP",
    "LogonType": "5",
    "src_ip": "176.216.138.65"
  },
  {
    "_time": 1700015288,
    "_raw": "EventID=4634 ComputerName=WORKSTATION-003 AccountName=user005 AccountDomain=CORP LogonType=5 IpAddress=172.16.116.224 IpPort=28530",
    "host": "workstation-003",
    "source": "WinEventLog:Security",
    "sourcetype": "WinEventLog:Security",
    "index": "windows",
    "EventCode": "4634",
    "ComputerName": "WORKSTATION-003",
    "AccountName": "user005",
    "AccountDomain": "CORP",
    "LogonType": "5",
    "src_ip": "172.132.94.213"
  },
  {
    "_time": 1700001458,
    "_raw": "EventID=4625 ComputerName=WORKSTATION-029 AccountName=user014 AccountDomain=ACME LogonType=3 IpAddress=192.168.1.124.122 IpPort=36118",
    "host": "workstation-029",
    "source": "WinEventLog:Security",
    "sourcetype": "WinEventLog:Security",
    "index": "windows",
    "EventCode": "4625",
    "ComputerName": "WORKSTATION-029",
    "AccountName": "user014",
    "AccountDomain": "ACME",
    "LogonType": "3",
    "src_ip": "42.223.181.234"
  },
  {
    "_time": 1700016790,
    "_raw": "EventID=4769 ComputerName=WORKSTATION-013 AccountName=user001 AccountDomain=CONTOSO LogonType=3 IpAddress=172.16.149.158 IpPort=10501",
    "host": "workstation-013",
    "source": "WinEventLog:Security",
    "sourcetype": "WinEventLog:Security",
    "index": "windows",
    "EventCode": "4769",
    "ComputerName": "WORKSTATION-013",
    "AccountName": "user001",
    "AccountDomain": "CONTOSO",
    "LogonType": "3",
    "src_ip": "211.162.7.39"
  },
  {
    "_time": 1700021199,
    "_raw": "EventID=4720 ComputerName=WORKSTATION-030 AccountName=user005 AccountDomain=ACME LogonType=2 IpAddress=173.208.134.134 IpPort=48359",
    "host": "workstation-030",
    "source": "WinEventLog:Security",
    "sourcetype": "WinEventLog:Security",
    "index": "windows",
    "EventCode": "4720",
    "ComputerName": "WORKSTATION-030",
    "AccountName": "user005",
    "AccountDomain": "ACME",
    "LogonType": "2",
    "src_ip": "192.168.1.242.214"
  },
  {
    "_time": 1700020496,
    "_raw": "EventID=4634 ComputerName=WORKSTATION-021 AccountName=user015 AccountDomain=CONTOSO LogonType=2 IpAddress=172.16.251.49 IpPort=28560",
    "host": "workstation-021",
    "source": "WinEventLog:Security",
    "sourcetype": "WinEventLog:Security",
    "index": "windows",
    "EventCode": "4634",
    "ComputerName": "WORKSTATION-021",
    "AccountName": "user015",
    "AccountDomain": "CONTOSO",
    "LogonType": "2",
    "src_ip": "199.85.193.56"
  },
  {
    "_time": 1700008796,
    "_raw": "EventID=4648 ComputerName=WORKSTATION-007 AccountName=LOCAL SERVICE AccountDomain=CONTOSO LogonType=4 IpAddress=5.154.157.129 IpPort=54701",
    "host": "workstation-007",
    "source": "WinEventLog:Security",
    "sourcetype": "WinEventLog:Security",
    "index": "windows",
    "EventCode": "4648",
    "ComputerName": "WORKSTATION-007",
    "AccountName": "LOCAL SERVICE",
    "AccountDomain": "CONTOSO",
    "LogonType": "4",
    "src_ip": "180.255.233.106"
  },
  {
    "_time": 1700010276,
    "_raw": "EventID=4672 ComputerName=WORKSTATION-012 AccountName=user018 AccountDomain=ACME LogonType=4 IpAddress=10.0.118.110 IpPort=25476",
    "host": "workstation-012",
    "source": "WinEventLog:Security",
    "sourcetype": "WinEventLog:Security",
    "index": "windows",
    "EventCode": "4672",
    "ComputerName": "WORKSTATION-012",
    "AccountName": "user018",
    "AccountDomain": "ACME",
    "LogonType": "4",
    "src_ip": "172.16.42.139"
  },
  {
    "_time": 1700010290,
    "_raw": "EventID=4688 ComputerName=WORKSTATION-010 AccountName=LOCAL SERVICE AccountDomain=CONTOSO LogonType=5 IpAddress=180.50.44.207 IpPort=55893",
    "host": "workstation-010",
    "source": "WinEventLog:Security",
    "sourcetype": "WinEventLog:Security",
    "index": "windows",
    "EventCode": "4688",
    "ComputerName": "WORKSTATION-010",
    "AccountName": "LOCAL SERVICE",
    "AccountDomain": "CONTOSO",
    "LogonType": "5",
    "src_ip": "172.16.5.158"
  },
  {
    "_time": 1700022080,
    "_raw": "EventID=4688 ComputerName=WORKSTATION-004 AccountName=user016 AccountDomain=CONTOSO LogonType=10 IpAddress=192.168.1.129.149 IpPort=53837",
    "host": "workstation-004",
    "source": "WinEventLog:Security",
    "sourcetype": "WinEventLog:Security",
    "index": "windows",
    "EventCode": "4688",
    "ComputerName": "WORKSTATION-004",
    "AccountName": "user016",
    "AccountDomain": "CONTOSO",
    "LogonType": "10",
    "src_ip": "192.168.1.219.108"
  },
  {
    "_time": 1700005159,
    "_raw": "EventID=4648 ComputerName=WORKSTATION-025 AccountName=user015 AccountDomain=CONTOSO LogonType=2 IpAddress=192.168.1.244.32 IpPort=24001",
    "host": "workstation-025",
    "source": "WinEventLog:Security",
    "sourcetype": "WinEventLog:Security",
    "index": "windows",
    "EventCode": "4648",
    "ComputerName": "WORKSTATION-025",
    "AccountName": "user015",
    "AccountDomain": "CONTOSO",
    "LogonType": "2",
    "src_ip": "119.211.202.2"
  },
  {
    "_time": 1700008856,
    "_raw": "EventID=4648 ComputerName=WORKSTATION-017 AccountName=user010 AccountDomain=ACME LogonType=4 IpAddress=204.212.123.2 IpPort=60018",
    "host": "workstation-017",
    "source": "WinEventLog:Security",
    "sourcetype": "WinEventLog:Security",
    "index": "windows",
    "EventCode": "4648",
    "ComputerName": "WORKSTATION-017",
    "AccountName": "user010",
    "AccountDomain": "ACME",
    "LogonType": "4",
    "src_ip": "9.7.13.40"
  },
  {
    "_time": 1700019214,
    "_raw": "EventID=4672 ComputerName=WORKSTATION-027 AccountName=user017 AccountDomain=CONTOSO LogonType=4 IpAddress=147.220.123.143 IpPort=64822",
    "host": "workstation-027",
    "source": "WinEventLog:Security",
    "sourcetype": "WinEventLog:Security",
    "index": "windows",
    "EventCode": "4672",
    "ComputerName": "WORKSTATION-027",
    "AccountName": "user017",
    "AccountDomain": "CONTOSO",
    "LogonType": "4",
    "src_ip": "158.201.26.206"
  },
  {
    "_time": 1700022200,
    "_raw": "EventID=4769 ComputerName=WORKSTATION-014 AccountName=user005 AccountDomain=CONTOSO LogonType=3 IpAddress=82.81.223.60 IpPort=7549",
    "host": "workstation-014",
    "source": "WinEventLog:Security",
    "sourcetype": "WinEventLog:Security",
    "index": "windows",
    "EventCode": "4769",
    "ComputerName": "WORKSTATION-014",
    "AccountName": "user005",
    "AccountDomain": "CONTOSO",
    "LogonType": "3",
    "src_ip": "33.60.200.216"
  },
  {
    "_time": 1700018525,
    "_raw": "EventID=4776 ComputerName=WORKSTATION-030 AccountName=user009 AccountDomain=CONTOSO LogonType=4 IpAddress=10.0.7.112 IpPort=1780",
    "host": "workstation-030",
    "source": "WinEventLog:Security",
    "sourcetype": "WinEventLog:Security",
    "index": "windows",
    "EventCode": "4776",
    "ComputerName": "WORKSTATION-030",
    "AccountName": "user009",
    "AccountDomain": "CONTOSO",
    "LogonType": "4",
    "src_ip": "152.78.14.159"
  },
  {
    "_time": 1700017066,
    "_raw": "EventID=4768 ComputerName=WORKSTATION-030 AccountName=user003 AccountDomain=CONTOSO LogonType=2 IpAddress=34.232.183.48 IpPort=16734",
    "host": "workstation-030",
    "source": "WinEventLog:Security",
    "sourcetype": "WinEventLog:Security",
    "index": "windows",
    "EventCode": "4768",
    "ComputerName": "WORKSTATION-030",
    "AccountName": "user003",
    "AccountDomain": "CONTOSO",
    "LogonType": "2",
    "src_ip": "57.152.99.138"
  },
  {
    "_time": 1700020061,
    "_raw": "EventID=4648 ComputerName=WORKSTATION-024 AccountName=user013 AccountDomain=ACME LogonType=2 IpAddress=10.0.161.6 IpPort=42861",
    "host": "workstation-024",
    "source": "WinEventLog:Security",
    "sourcetype": "WinEventLog:Security",
    "index": "windows",
    "EventCode": "4648",
    "ComputerName": "WORKSTATION-024",
    "AccountName": "user013",
    "AccountDomain": "ACME",
    "LogonType": "2",
    "src_ip": "222.52.56.118"
  },
  {
    "_time": 1700022320,
    "_raw": "EventID=4769 ComputerName=WORKSTATION-004 AccountName=user004 AccountDomain=CORP LogonType=4 IpAddress=24.39.253.217 IpPort=24708",
    "host": "workstation-004",
    "source": "WinEventLog:Security",
    "sourcetype": "WinEventLog:Security",
    "index": "windows",
    "EventCode": "4769",
    "ComputerName": "WORKSTATION-004",
    "AccountName": "user004",
    "AccountDomain": "CORP",
    "LogonType": "4",
    "src_ip": "54.200.51.126"
  },
  {
    "_time": 1700019370,
    "_raw": "EventID=4624 ComputerName=WORKSTATION-014 AccountName=user003 AccountDomain=ACME LogonType=2 IpAddress=192.168.1.97.228 IpPort=21575",
    "host": "workstation-014",
    "source": "WinEventLog:Security",
    "sourcetype": "WinEventLog:Security",
    "index": "windows",
    "EventCode": "4624",
    "ComputerName": "WORKSTATION-014",
    "AccountName": "user003",
    "AccountDomain": "ACME",
    "LogonType": "2",
    "src_ip": "116.82.92.77"
  },
  {
    "_time": 1700000746,
    "_raw": "EventID=4634 ComputerName=WORKSTATION-022 AccountName=user019 AccountDomain=CONTOSO LogonType=2 IpAddress=192.168.1.89.124 IpPort=41263",
    "host": "workstation-022",
    "source": "WinEventLog:Security",
    "sourcetype": "WinEventLog:Security",
    "index": "windows",
    "EventCode": "4634",
    "ComputerName": "WORKSTATION-022",
    "AccountName": "user019",
    "AccountDomain": "CONTOSO",
    "LogonType": "2",
    "src_ip": "2.81.130.238"
  },
  {
    "_time": 1700002988,
    "_raw": "EventID=4648 ComputerName=WORKSTATION-020 AccountName=user001 AccountDomain=CONTOSO LogonType=10 IpAddress=40.110.186.30 IpPort=59912",
    "host": "workstation-020",
    "source": "WinEventLog:Security",
    "sourcetype": "WinEventLog:Security",
    "index": "windows",
    "EventCode": "4648",
    "ComputerName": "WORKSTATION-020",
    "AccountName": "user001",
    "AccountDomain": "CONTOSO",
    "LogonType": "10",
    "src_ip": "192.168.1.36.57"
  },
  {
    "_time": 1700002244,
    "_raw": "EventID=4634 ComputerName=WORKSTATION-009 AccountName=user009 AccountDomain=ACME LogonType=2 IpAddress=142.150.239.191 IpPort=54043",
    "host": "workstation-009",
    "source": "WinEventLog:Security",
    "sourcetype": "WinEventLog:Security",
    "index": "windows",
    "EventCode": "4634",
    "ComputerName": "WORKSTATION-009",
    "AccountName": "user009",
    "AccountDomain": "ACME",
    "LogonType": "2",
    "src_ip": "132.204.98.65"
  },
  {
    "_time": 1700004494,
    "_raw": "EventID=4648 ComputerName=WORKSTATION-022 AccountName=user009 AccountDomain=ACME LogonType=10 IpAddress=151.159.84.204 IpPort=14513",
    "host": "workstation-022",
    "source": "WinEventLog:Security",
    "sourcetype": "WinEventLog:Security",
    "index": "windows",
    "EventCode": "4648",
    "ComputerName": "WORKSTATION-022",
    "AccountName": "user009",
    "AccountDomain": "ACME",
    "LogonType": "10",
    "src_ip": "125.221.228.109"
  },
  {
    "_time": 1700015000,
    "_raw": "EventID=4663 ComputerName=WORKSTATION-027 AccountName=user011 AccountDomain=CONTOSO LogonType=10 IpAddress=52.180.191.230 IpPort=42488",
    "host": "workstation-027",
    "source": "WinEventLog:Security",
    "sourcetype": "WinEventLog:Security",
    "index": "windows",
    "EventCode": "4663",
    "ComputerName": "WORKSTATION-027",
    "AccountName": "user011",
    "AccountDomain": "CONTOSO",
    "LogonType": "10",
    "src_ip": "116.85.17.246"
  },
  {
    "_time": 1700012767,
    "_raw": "EventID=4663 ComputerName=WORKSTATION-019 AccountName=user014 AccountDomain=ACME LogonType=10 IpAddress=8.58.92.208 IpPort=22171",
    "host": "workstation-019",
    "source": "WinEventLog:Security",
    "sourcetype": "WinEventLog:Security",
    "index": "windows",
    "EventCode": "4663",
    "ComputerName": "WORKSTATION-019",
    "AccountName": "user014",
    "AccountDomain": "ACME",
    "LogonType": "10",
    "src_ip": "48.183.125.19"
  },
  {
    "_time": 1700005264,
    "_raw": "EventID=4776 ComputerName=WORKSTATION-012 AccountName=user012 AccountDomain=CORP LogonType=2 IpAddress=172.16.3.184 IpPort=22576",
    "host": "workstation-012",
    "source": "WinEventLog:Security",
    "sourcetype": "WinEventLog:Security",
    "index": "windows",
    "EventCode": "4776",
    "ComputerName": "WORKSTATION-012",
    "AccountName": "user012",
    "AccountDomain": "CORP",
    "LogonType": "2",
    "src_ip": "172.16.204.83"
  },
  {
    "_time": 1700021837,
    "_raw": "EventID=4648 ComputerName=WORKSTATION-018 AccountName=user003 AccountDomain=ACME LogonType=10 IpAddress=10.0.27.144 IpPort=19246",
    "host": "workstation-018",
    "source": "WinEventLog:Security",
    "sourcetype": "WinEventLog:Security",
    "index": "windows",
    "EventCode": "4648",
    "ComputerName": "WORKSTATION-018",
    "AccountName": "user003",
    "AccountDomain": "ACME",
    "LogonType": "10",
    "src_ip": "207.38.215.175"
  },
  {
    "_time": 1700018850,
    "_raw": "EventID=4688 ComputerName=WORKSTATION-011 AccountName=user011 AccountDomain=CORP LogonType=2 IpAddress=128.23.140.108 IpPort=8839",
    "host": "workstation-011",
    "source": "WinEventLog:Security",
    "sourcetype": "WinEventLog:Security",
    "index": "windows",
    "EventCode": "4688",
    "ComputerName": "WORKSTATION-011",
    "AccountName": "user011",
    "AccountDomain": "CORP",
    "LogonType": "2",
    "src_ip": "10.0.154.84"
  },
  {
    "_time": 1700014345,
    "_raw": "EventID=4688 ComputerName=WORKSTATION-008 AccountName=user019 AccountDomain=CORP LogonType=2 IpAddress=220.2.236.73 IpPort=9613",
    "host": "workstation-008",
    "source": "WinEventLog:Security",
    "sourcetype": "WinEventLog:Security",
    "index": "windows",
    "EventCode": "4688",
    "ComputerName": "WORKSTATION-008",
    "AccountName": "user019",
    "AccountDomain": "CORP",
    "LogonType": "2",
    "src_ip": "104.18.20.87"
  },
  {
    "_time": 1700015876,
    "_raw": "EventID=4624 ComputerName=WORKSTATION-003 AccountName=user016 AccountDomain=CORP LogonType=4 IpAddress=192.168.1.103.21 IpPort=37491",
    "host": "workstation-003",
    "source": "WinEventLog:Security",
    "sourcetype": "WinEventLog:Security",
    "index": "windows",
    "EventCode": "4624",
    "ComputerName": "WORKSTATION-003",
    "AccountName": "user016",
    "AccountDomain": "CORP",
    "LogonType": "4",
    "src_ip": "127.24.201.77"
  },
  {
    "_time": 1700017411,
    "_raw": "EventID=4720 ComputerName=WORKSTATION-016 AccountName=NETWORK SERVICE AccountDomain=CORP LogonType=10 IpAddress=10.0.13.212 IpPort=1705",
    "host": "workstation-016",
    "source": "WinEventLog:Security",
    "sourcetype": "WinEventLog:Security",
    "index": "windows",
    "EventCode": "4720",
    "ComputerName": "WORKSTATION-016",
    "AccountName": "NETWORK SERVICE",
    "AccountDomain": "CORP",
    "LogonType": "10",
    "src_ip": "192.168.1.221.177"
  },
  {
    "_time": 1700018192,
    "_raw": "EventID=4688 ComputerName=WORKSTATION-008 AccountName=user006 AccountDomain=CORP LogonType=4 IpAddress=138.2.26.67 IpPort=58913",
    "host": "workstation-008",
    "source": "WinEventLog:Security",
    "sourcetype": "WinEventLog:Security",
    "index": "windows",
    "EventCode": "4688",
    "ComputerName": "WORKSTATION-008",
    "AccountName": "user006",
    "AccountDomain": "CORP",
    "LogonType": "4",
    "src_ip": "29.24.155.20"
  },
  {
    "_time": 1700006831,
    "_raw": "EventID=4672 ComputerName=WORKSTATION-023 AccountName=SYSTEM AccountDomain=ACME LogonType=3 IpAddress=150.235.61.33 IpPort=21951",
    "host": "workstation-023",
    "source": "WinEventLog:Security",
    "sourcetype": "WinEventLog:Security",
    "index": "windows",
    "EventCode": "4672",
    "ComputerName": "WORKSTATION-023",
    "AccountName": "SYSTEM",
    "AccountDomain": "ACME",
    "LogonType": "3",
    "src_ip": "193.211.228.172"
  },
  {
    "_time": 1700003040,
    "_raw": "EventID=4768 ComputerName=WORKSTATION-017 AccountName=user008 AccountDomain=CONTOSO LogonType=5 IpAddress=83.247.115.24 IpPort=18313",
    "host": "workstation-017",
    "source": "WinEventLog:Security",
    "sourcetype": "WinEventLog:Security",
    "index": "windows",
    "EventCode": "4768",
    "ComputerName": "WORKSTATION-017",
    "AccountName": "user008",
    "AccountDomain": "CONTOSO",
    "LogonType": "5",
    "src_ip": "183.42.180.143"
  },
  {
    "_time": 1700020547,
    "_raw": "EventID=4648 ComputerName=WORKSTATION-022 AccountName=NETWORK SERVICE AccountDomain=CONTOSO LogonType=2 IpAddress=192.168.1.16.55 IpPort=1884",
    "host": "workstation-022",
    "source": "WinEventLog:Security",
    "sourcetype": "WinEventLog:Security",
    "index": "windows",
    "EventCode": "4648",
    "ComputerName": "WORKSTATION-022",
    "AccountName": "NETWORK SERVICE",
    "AccountDomain": "CONTOSO",
    "LogonType": "2",
    "src_ip": "120.197.96.125"
  },
  {
    "_time": 1700003048,
    "_raw": "EventID=4672 ComputerName=WORKSTATION-007 AccountName=user019 AccountDomain=CONTOSO LogonType=4 IpAddress=80.232.78.218 IpPort=34087",
    "host": "workstation-007",
    "source": "WinEventLog:Security",
    "sourcetype": "WinEventLog:Security",
    "index": "windows",
    "EventCode": "4672",
    "ComputerName": "WORKSTATION-007",
    "AccountName": "user019",
    "AccountDomain": "CONTOSO",
    "LogonType": "4",
    "src_ip": "10.0.57.235"
  },
  {
    "_time": 1700009156,
    "_raw": "EventID=4688 ComputerName=WORKSTATION-015 AccountName=SYSTEM AccountDomain=CONTOSO LogonType=5 IpAddress=192.168.1.109.43 IpPort=45999",
    "host": "workstation-015",
    "source": "WinEventLog:Security",
    "sourcetype": "WinEventLog:Security",
    "index": "windows",
    "EventCode": "4688",
    "ComputerName": "WORKSTATION-015",
    "AccountName": "SYSTEM",
    "AccountDomain": "CONTOSO",
    "LogonType": "5",
    "src_ip": "223.52.75.119"
  },
  {
    "_time": 1700022156,
    "_raw": "EventID=4625 ComputerName=WORKSTATION-024 AccountName=user004 AccountDomain=CORP LogonType=5 IpAddress=10.0.122.170 IpPort=35816",
    "host": "workstation-024",
    "source": "WinEventLog:Security",
    "sourcetype": "WinEventLog:Security",
    "index": "windows",
    "EventCode": "4625",
    "ComputerName": "WORKSTATION-024",
    "AccountName": "user004",
    "AccountDomain": "CORP",
    "LogonType": "5",
    "src_ip": "68.60.43.91"
  },
  {
    "_time": 1700010710,
    "_raw": "EventID=4648 ComputerName=WORKSTATION-005 AccountName=user013 AccountDomain=CONTOSO LogonType=10 IpAddress=113.139.189.26 IpPort=4244",
    "host": "workstation-005",
    "source": "WinEventLog:Security",
    "sourcetype": "WinEventLog:Security",
    "index": "windows",
    "EventCode": "4648",
    "ComputerName": "WORKSTATION-005",
    "AccountName": "user013",
    "AccountDomain": "CONTOSO",
    "LogonType": "10",
    "src_ip": "188.216.99.76"
  },
  {
    "_time": 1700005362,
    "_raw": "EventID=4688 ComputerName=WORKSTATION-006 AccountName=SYSTEM AccountDomain=ACME LogonType=10 IpAddress=111.55.25.166 IpPort=17338",
    "host": "workstation-006",
    "source": "WinEventLog:Security",
    "sourcetype": "WinEventLog:Security",
    "index": "windows",
    "EventCode": "4688",
    "ComputerName": "WORKSTATION-006",
    "AccountName": "SYSTEM",
    "AccountDomain": "ACME",
    "LogonType": "10",
    "src_ip": "57.58.27.230"
  },
  {
    "_time": 1700001534,
    "_raw": "EventID=4769 ComputerName=WORKSTATION-009 AccountName=user008 AccountDomain=CORP LogonType=2 IpAddress=172.16.180.184 IpPort=27537",
    "host": "workstation-009",
    "source": "WinEventLog:Security",
    "sourcetype": "WinEventLog:Security",
    "index": "windows",
    "EventCode": "4769",
    "ComputerName": "WORKSTATION-009",
    "AccountName": "user008",
    "AccountDomain": "CORP",
    "LogonType": "2",
    "src_ip": "26.112.137.127"
  },
  {
    "_time": 1700005376,
    "_raw": "EventID=4634 ComputerName=WORKSTATION-026 AccountName=user007 AccountDomain=ACME LogonType=4 IpAddress=74.1.48.48 IpPort=34004",
    "host": "workstation-026",
    "source": "WinEventLog:Security",
    "sourcetype": "WinEventLog:Security",
    "index": "windows",
    "EventCode": "4634",
    "ComputerName": "WORKSTATION-026",
    "AccountName": "user007",
    "AccountDomain": "ACME",
    "LogonType": "4",
    "src_ip": "160.244.156.219"
  },
  {
    "_time": 1700023070,
    "_raw": "EventID=4648 ComputerName=WORKSTATION-006 AccountName=user011 AccountDomain=CONTOSO LogonType=3 IpAddress=192.168.1.37.247 IpPort=1858",
    "host": "workstation-006",
    "source": "WinEventLog:Security",
    "sourcetype": "WinEventLog:Security",
    "index": "windows",
    "EventCode": "4648",
    "ComputerName": "WORKSTATION-006",
    "AccountName": "user011",
    "AccountDomain": "CONTOSO",
    "LogonType": "3",
    "src_ip": "110.171.10.46"
  },
  {
    "_time": 1700006930,
    "_raw": "EventID=4625 ComputerName=WORKSTATION-006 AccountName=LOCAL SERVICE AccountDomain=CORP LogonType=4 IpAddress=150.0.250.224 IpPort=17244",
    "host": "workstation-006",
    "source": "WinEventLog:Security",
    "sourcetype": "WinEventLog:Security",
    "index": "windows",
    "EventCode": "4625",
    "ComputerName": "WORKSTATION-006",
    "AccountName": "LOCAL SERVICE",
    "AccountDomain": "CORP",
    "LogonType": "4",
    "src_ip": "12.8.148.214"
  },
  {
    "_time": 1700006168,
    "_raw": "EventID=4768 ComputerName=WORKSTATION-017 AccountName=user006 AccountDomain=CORP LogonType=2 IpAddress=189.171.231.126 IpPort=49180",
    "host": "workstation-017",
    "source": "WinEventLog:Security",
    "sourcetype": "WinEventLog:Security",
    "index": "windows",
    "EventCode": "4768",
    "ComputerName": "WORKSTATION-017",
    "AccountName": "user006",
    "AccountDomain": "CORP",
    "LogonType": "2",
    "src_ip": "140.131.249.65"
  },
  {
    "_time": 1700009264,
    "_raw": "EventID=4720 ComputerName=WORKSTATION-001 AccountName=user012 AccountDomain=ACME LogonType=4 IpAddress=199.247.57.70 IpPort=45967",
    "host": "workstation-001",
    "source": "WinEventLog:Security",
    "sourcetype": "WinEventLog:Security",
    "index": "windows",
    "EventCode": "4720",
    "ComputerName": "WORKSTATION-001",
    "AccountName": "user012",
    "AccountDomain": "ACME",
    "LogonType": "4",
    "src_ip": "164.10.75.251"
  },
  {
    "_time": 1700010822,
    "_raw": "EventID=4648 ComputerName=WORKSTATION-022 AccountName=user005 AccountDomain=ACME LogonType=2 IpAddress=172.16.179.250 IpPort=29251",
    "host": "workstation-022",
    "source": "WinEventLog:Security",
    "sourcetype": "WinEventLog:Security",
    "index": "windows",
    "EventCode": "4648",
    "ComputerName": "WORKSTATION-022",
    "AccountName": "user005",
    "AccountDomain": "ACME",
    "LogonType": "2",
    "src_ip": "191.45.99.236"
  },
  {
    "_time": 1700010062,
    "_raw": "EventID=4776 ComputerName=WORKSTATION-004 AccountName=user009 AccountDomain=CONTOSO LogonType=10 IpAddress=116.89.135.234 IpPort=45527",
    "host": "workstation-004",
    "source": "WinEventLog:Security",
    "sourcetype": "WinEventLog:Security",
    "index": "windows",
    "EventCode": "4776",
    "ComputerName": "WORKSTATION-004",
    "AccountName": "user009",
    "AccountDomain": "CONTOSO",
    "LogonType": "10",
    "src_ip": "85.200.213.242"
  },
  {
    "_time": 1700006975,
    "_raw": "EventID=4663 ComputerName=WORKSTATION-007 AccountName=user002 AccountDomain=CONTOSO LogonType=4 IpAddress=32.221.232.146 IpPort=64472",
    "host": "workstation-007",
    "source": "WinEventLog:Security",
    "sourcetype": "WinEventLog:Security",
    "index": "windows",
    "EventCode": "4663",
    "ComputerName": "WORKSTATION-007",
    "AccountName": "user002",
    "AccountDomain": "CONTOSO",
    "LogonType": "4",
    "src_ip": "89.147.56.249"
  },
  {
    "_time": 1700000776,
    "_raw": "EventID=4720 ComputerName=WORKSTATION-030 AccountName=LOCAL SERVICE AccountDomain=CORP LogonType=3 IpAddress=75.83.155.125 IpPort=19915",
    "host": "workstation-030",
    "source": "WinEventLog:Security",
    "sourcetype": "WinEventLog:Security",
    "index": "windows",
    "EventCode": "4720",
    "ComputerName": "WORKSTATION-030",
    "AccountName": "LOCAL SERVICE",
    "AccountDomain": "CORP",
    "LogonType": "3",
    "src_ip": "192.168.1.4.117"
  },
  {
    "_time": 1700001554,
    "_raw": "EventID=4648 ComputerName=WORKSTATION-010 AccountName=user019 AccountDomain=CORP LogonType=5 IpAddress=111.180.0.13 IpPort=17501",
    "host": "workstation-010",
    "source": "WinEventLog:Security",
    "sourcetype": "WinEventLog:Security",
    "index": "windows",
    "EventCode": "4648",
    "ComputerName": "WORKSTATION-010",
    "AccountName": "user019",
    "AccountDomain": "CORP",
    "LogonType": "5",
    "src_ip": "192.168.1.202.220"
  },
  {
    "_time": 1700013226,
    "_raw": "EventID=4776 ComputerName=WORKSTATION-025 AccountName=user018 AccountDomain=CORP LogonType=4 IpAddress=172.16.51.111 IpPort=39377",
    "host": "workstation-025",
    "source": "WinEventLog:Security",
    "sourcetype": "WinEventLog:Security",
    "index": "windows",
    "EventCode": "4776",
    "ComputerName": "WORKSTATION-025",
    "AccountName": "user018",
    "AccountDomain": "CORP",
    "LogonType": "4",
    "src_ip": "75.112.16.122"
  },
  {
    "_time": 1700023370,
    "_raw": "EventID=4672 ComputerName=WORKSTATION-008 AccountName=LOCAL SERVICE AccountDomain=CONTOSO LogonType=5 IpAddress=26.133.154.153 IpPort=21388",
    "host": "workstation-008",
    "source": "WinEventLog:Security",
    "sourcetype": "WinEventLog:Security",
    "index": "windows",
    "EventCode": "4672",
    "ComputerName": "WORKSTATION-008",
    "AccountName": "LOCAL SERVICE",
    "AccountDomain": "CONTOSO",
    "LogonType": "5",
    "src_ip": "192.168.1.174.225"
  },
  {
    "_time": 1700008580,
    "_raw": "EventID=4769 ComputerName=WORKSTATION-005 AccountName=LOCAL SERVICE AccountDomain=CORP LogonType=3 IpAddress=52.154.156.22 IpPort=20510",
    "host": "workstation-005",
    "source": "WinEventLog:Security",
    "sourcetype": "WinEventLog:Security",
    "index": "windows",
    "EventCode": "4769",
    "ComputerName": "WORKSTATION-005",
    "AccountName": "LOCAL SERVICE",
    "AccountDomain": "CORP",
    "LogonType": "3",
    "src_ip": "161.236.93.97"
  },
  {
    "_time": 1700020306,
    "_raw": "EventID=4688 ComputerName=WORKSTATION-004 AccountName=user005 AccountDomain=CONTOSO LogonType=4 IpAddress=176.183.239.91 IpPort=29051",
    "host": "workstation-004",
    "source": "WinEventLog:Security",
    "sourcetype": "WinEventLog:Security",
    "index": "windows",
    "EventCode": "4688",
    "ComputerName": "WORKSTATION-004",
    "AccountName": "user005",
    "AccountDomain": "CONTOSO",
    "LogonType": "4",
    "src_ip": "106.236.14.234"
  },
  {
    "_time": 1700014076,
    "_raw": "EventID=4624 ComputerName=WORKSTATION-025 AccountName=user014 AccountDomain=CORP LogonType=10 IpAddress=202.124.191.33 IpPort=41714",
    "host": "workstation-025",
    "source": "WinEventLog:Security",
    "sourcetype": "WinEventLog:Security",
    "index": "windows",
    "EventCode": "4624",
    "ComputerName": "WORKSTATION-025",
    "AccountName": "user014",
    "AccountDomain": "CORP",
    "LogonType": "10",
    "src_ip": "145.150.27.194"
  },
  {
    "_time": 1700021924,
    "_raw": "EventID=4688 ComputerName=WORKSTATION-005 AccountName=user013 AccountDomain=CONTOSO LogonType=5 IpAddress=133.235.27.22 IpPort=4608",
    "host": "workstation-005",
    "source": "WinEventLog:Security",
    "sourcetype": "WinEventLog:Security",
    "index": "windows",
    "EventCode": "4688",
    "ComputerName": "WORKSTATION-005",
    "AccountName": "user013",
    "AccountDomain": "CONTOSO",
    "LogonType": "5",
    "src_ip": "172.16.28.86"
  },
  {
    "_time": 1700015680,
    "_raw": "EventID=4625 ComputerName=WORKSTATION-027 AccountName=user010 AccountDomain=CONTOSO LogonType=4 IpAddress=32.27.104.133 IpPort=10471",
    "host": "workstation-027",
    "source": "WinEventLog:Security",
    "sourcetype": "WinEventLog:Security",
    "index": "windows",
    "EventCode": "4625",
    "ComputerName": "WORKSTATION-027",
    "AccountName": "user010",
    "AccountDomain": "CONTOSO",
    "LogonType": "4",
    "src_ip": "127.69.114.230"
  },
  {
    "_time": 1700017270,
    "_raw": "EventID=4776 ComputerName=WORKSTATION-028 AccountName=user005 AccountDomain=ACME LogonType=4 IpAddress=2.248.102.30 IpPort=5424",
    "host": "workstation-028",
    "source": "WinEventLog:Security",
    "sourcetype": "WinEventLog:Security",
    "index": "windows",
    "EventCode": "4776",
    "ComputerName": "WORKSTATION-028",
    "AccountName": "user005",
    "AccountDomain": "ACME",
    "LogonType": "4",
    "src_ip": "172.16.226.31"
  },
  {
    "_time": 1700013362,
    "_raw": "EventID=4625 ComputerName=WORKSTATION-008 AccountName=user007 AccountDomain=CORP LogonType=2 IpAddress=114.200.28.238 IpPort=9007",
    "host": "workstation-008",
    "source": "WinEventLog:Security",
    "sourcetype": "WinEventLog:Security",
    "index": "windows",
    "EventCode": "4625",
    "ComputerName": "WORKSTATION-008",
    "AccountName": "user007",
    "AccountDomain": "CORP",
    "LogonType": "2",
    "src_ip": "192.168.1.252.48"
  },
  {
    "_time": 1700021249,
    "_raw": "EventID=4648 ComputerName=WORKSTATION-027 AccountName=user018 AccountDomain=ACME LogonType=5 IpAddress=158.63.221.38 IpPort=42717",
    "host": "workstation-027",
    "source": "WinEventLog:Security",
    "sourcetype": "WinEventLog:Security",
    "index": "windows",
    "EventCode": "4648",
    "ComputerName": "WORKSTATION-027",
    "AccountName": "user018",
    "AccountDomain": "ACME",
    "LogonType": "5",
    "src_ip": "10.0.210.191"
  },
  {
    "_time": 1700017336,
    "_raw": "EventID=4648 ComputerName=WORKSTATION-006 AccountName=user017 AccountDomain=CONTOSO LogonType=10 IpAddress=192.168.1.75.75 IpPort=44771",
    "host": "workstation-006",
    "source": "WinEventLog:Security",
    "sourcetype": "WinEventLog:Security",
    "index": "windows",
    "EventCode": "4648",
    "ComputerName": "WORKSTATION-006",
    "AccountName": "user017",
    "AccountDomain": "CONTOSO",
    "LogonType": "10",
    "src_ip": "172.16.127.95"
  },
  {
    "_time": 1700017358,
    "_raw": "EventID=4663 ComputerName=WORKSTATION-013 AccountName=user013 AccountDomain=CONTOSO LogonType=5 IpAddress=109.75.14.73 IpPort=30979",
    "host": "workstation-013",
    "source": "WinEventLog:Security",
    "sourcetype": "WinEventLog:Security",
    "index": "windows",
    "EventCode": "4663",
    "ComputerName": "WORKSTATION-013",
    "AccountName": "user013",
    "AccountDomain": "CONTOSO",
    "LogonType": "5",
    "src_ip": "192.168.1.3.149"
  },
  {
    "_time": 1700007900,
    "_raw": "EventID=4624 ComputerName=WORKSTATION-021 AccountName=NETWORK SERVICE AccountDomain=CONTOSO LogonType=5 IpAddress=192.168.1.247.36 IpPort=31688",
    "host": "workstation-021",
    "source": "WinEventLog:Security",
    "sourcetype": "WinEventLog:Security",
    "index": "windows",
    "EventCode": "4624",
    "ComputerName": "WORKSTATION-021",
    "AccountName": "NETWORK SERVICE",
    "AccountDomain": "CONTOSO",
    "LogonType": "5",
    "src_ip": "118.141.4.252"
  },
  {
    "_time": 1700004746,
    "_raw": "EventID=4672 ComputerName=WORKSTATION-017 AccountName=user017 AccountDomain=CORP LogonType=10 IpAddress=17.89.77.91 IpPort=44011",
    "host": "workstation-017",
    "source": "WinEventLog:Security",
    "sourcetype": "WinEventLog:Security",
    "index": "windows",
    "EventCode": "4672",
    "ComputerName": "WORKSTATION-017",
    "AccountName": "user017",
    "AccountDomain": "CORP",
    "LogonType": "10",
    "src_ip": "87.235.71.72"
  },
  {
    "_time": 1700020592,
    "_raw": "EventID=4776 ComputerName=WORKSTATION-010 AccountName=user013 AccountDomain=CORP LogonType=5 IpAddress=121.92.132.34 IpPort=46752",
    "host": "workstation-010",
    "source": "WinEventLog:Security",
    "sourcetype": "WinEventLog:Security",
    "index": "windows",
    "EventCode": "4776",
    "ComputerName": "WORKSTATION-010",
    "AccountName": "user013",
    "AccountDomain": "CORP",
    "LogonType": "5",
    "src_ip": "149.178.206.18"
  },
  {
    "_time": 1700001586,
    "_raw": "EventID=4624 ComputerName=WORKSTATION-028 AccountName=user006 AccountDomain=CORP LogonType=2 IpAddress=174.243.165.195 IpPort=16197",
    "host": "workstation-028",
    "source": "WinEventLog:Security",
    "sourcetype": "WinEventLog:Security",
    "index": "windows",
    "EventCode": "4624",
    "ComputerName": "WORKSTATION-028",
    "AccountName": "user006",
    "AccountDomain": "CORP",
    "LogonType": "2",
    "src_ip": "207.121.53.231"
  },
  {
    "_time": 1700023026,
    "_raw": "EventID=4634 ComputerName=WORKSTATION-024 AccountName=user013 AccountDomain=ACME LogonType=2 IpAddress=30.19.37.114 IpPort=51051",
    "host": "workstation-024",
    "source": "WinEventLog:Security",
    "sourcetype": "WinEventLog:Security",
    "index": "windows",
    "EventCode": "4634",
    "ComputerName": "WORKSTATION-024",
    "AccountName": "user013",
    "AccountDomain": "ACME",
    "LogonType": "2",
    "src_ip": "162.15.89.83"
  },
  {
    "_time": 1700003180,
    "_raw": "EventID=4720 ComputerName=WORKSTATION-013 AccountName=user005 AccountDomain=CONTOSO LogonType=10 IpAddress=192.168.1.126.113 IpPort=45513",
    "host": "workstation-013",
    "source": "WinEventLog:Security",
    "sourcetype": "WinEventLog:Security",
    "index": "windows",
    "EventCode": "4720",
    "ComputerName": "WORKSTATION-013",
    "AccountName": "user005",
    "AccountDomain": "CONTOSO",
    "LogonType": "10",
    "src_ip": "10.0.190.42"
  },
  {
    "_time": 1700011144,
    "_raw": "EventID=4768 ComputerName=WORKSTATION-026 AccountName=user007 AccountDomain=CORP LogonType=2 IpAddress=172.49.104.9 IpPort=54108",
    "host": "workstation-026",
    "source": "WinEventLog:Security",
    "sourcetype": "WinEventLog:Security",
    "index": "windows",
    "EventCode": "4768",
    "ComputerName": "WORKSTATION-026",
    "AccountName": "user007",
    "AccountDomain": "CORP",
    "LogonType": "2",
    "src_ip": "10.0.93.199"
  },
  {
    "_time": 1700011158,
    "_raw": "EventID=4769 ComputerName=WORKSTATION-018 AccountName=user003 AccountDomain=ACME LogonType=10 IpAddress=214.106.242.129 IpPort=24099",
    "host": "workstation-018",
    "source": "WinEventLog:Security",
    "sourcetype": "WinEventLog:Security",
    "index": "windows",
    "EventCode": "4769",
    "ComputerName": "WORKSTATION-018",
    "AccountName": "user003",
    "AccountDomain": "ACME",
    "LogonType": "10",
    "src_ip": "144.70.34.113"
  },
  {
    "_time": 1700011172,
    "_raw": "EventID=4776 ComputerName=WORKSTATION-013 AccountName=user003 AccountDomain=CONTOSO LogonType=3 IpAddress=77.51.60.128 IpPort=16134",
    "host": "workstation-013",
    "source": "WinEventLog:Security",
    "sourcetype": "WinEventLog:Security",
    "index": "windows",
    "EventCode": "4776",
    "ComputerName": "WORKSTATION-013",
    "AccountName": "user003",
    "AccountDomain": "CONTOSO",
    "LogonType": "3",
    "src_ip": "172.16.85.6"
  },
  {
    "_time": 1700006392,
    "_raw": "EventID=4663 ComputerName=WORKSTATION-030 AccountName=user009 AccountDomain=ACME LogonType=4 IpAddress=10.0.248.74 IpPort=5924",
    "host": "workstation-030",
    "source": "WinEventLog:Security",
    "sourcetype": "WinEventLog:Security",
    "index": "windows",
    "EventCode": "4663",
    "ComputerName": "WORKSTATION-030",
    "AccountName": "user009",
    "AccountDomain": "ACME",
    "LogonType": "4",
    "src_ip": "62.159.204.159"
  },
  {
    "_time": 1700001600,
    "_raw": "EventID=4768 ComputerName=WORKSTATION-023 AccountName=user004 AccountDomain=CONTOSO LogonType=4 IpAddress=9.173.215.67 IpPort=14164",
    "host": "workstation-023",
    "source": "WinEventLog:Security",
    "sourcetype": "WinEventLog:Security",
    "index": "windows",
    "EventCode": "4768",
    "ComputerName": "WORKSTATION-023",
    "AccountName": "user004",
    "AccountDomain": "CONTOSO",
    "LogonType": "4",
    "src_ip": "196.30.71.53"
  },
  {
    "_time": 1700014418,
    "_raw": "EventID=4672 ComputerName=WORKSTATION-030 AccountName=LOCAL SERVICE AccountDomain=CORP LogonType=5 IpAddress=172.16.232.157 IpPort=47101",
    "host": "workstation-030",
    "source": "WinEventLog:Security",
    "sourcetype": "WinEventLog:Security",
    "index": "windows",
    "EventCode": "4672",
    "ComputerName": "WORKSTATION-030",
    "AccountName": "LOCAL SERVICE",
    "AccountDomain": "CORP",
    "LogonType": "5",
    "src_ip": "207.18.177.252"
  },
  {
    "_time": 1700002406,
    "_raw": "EventID=4688 ComputerName=WORKSTATION-020 AccountName=SYSTEM AccountDomain=CORP LogonType=5 IpAddress=70.21.53.10 IpPort=33568",
    "host": "workstation-020",
    "source": "WinEventLog:Security",
    "sourcetype": "WinEventLog:Security",
    "index": "windows",
    "EventCode": "4688",
    "ComputerName": "WORKSTATION-020",
    "AccountName": "SYSTEM",
    "AccountDomain": "CORP",
    "LogonType": "5",
    "src_ip": "167.179.220.123"
  },
  {
    "_time": 1700008030,
    "_raw": "EventID=4648 ComputerName=WORKSTATION-001 AccountName=user002 AccountDomain=CORP LogonType=10 IpAddress=98.9.246.14 IpPort=26394",
    "host": "workstation-001",
    "source": "WinEventLog:Security",
    "sourcetype": "WinEventLog:Security",
    "index": "windows",
    "EventCode": "4648",
    "ComputerName": "WORKSTATION-001",
    "AccountName": "user002",
    "AccountDomain": "CORP",
    "LogonType": "10",
    "src_ip": "179.64.220.180"
  },
  {
    "_time": 1700011256,
    "_raw": "EventID=4768 ComputerName=WORKSTATION-005 AccountName=user004 AccountDomain=ACME LogonType=10 IpAddress=95.180.99.88 IpPort=29632",
    "host": "workstation-005",
    "source": "WinEventLog:Security",
    "sourcetype": "WinEventLog:Security",
    "index": "windows",
    "EventCode": "4768",
    "ComputerName": "WORKSTATION-005",
    "AccountName": "user004",
    "AccountDomain": "ACME",
    "LogonType": "10",
    "src_ip": "61.118.47.151"
  },
  {
    "_time": 1700000805,
    "_raw": "EventID=4648 ComputerName=WORKSTATION-014 AccountName=user018 AccountDomain=CONTOSO LogonType=2 IpAddress=64.29.39.15 IpPort=9328",
    "host": "workstation-014",
    "source": "WinEventLog:Security",
    "sourcetype": "WinEventLog:Security",
    "index": "windows",
    "EventCode": "4648",
    "ComputerName": "WORKSTATION-014",
    "AccountName": "user018",
    "AccountDomain": "CONTOSO",
    "LogonType": "2",
    "src_ip": "73.22.160.90"
  },
  {
    "_time": 1700016120,
    "_raw": "EventID=4776 ComputerName=WORKSTATION-029 AccountName=user008 AccountDomain=ACME LogonType=10 IpAddress=169.62.39.20 IpPort=17421",
    "host": "workstation-029",
    "source": "WinEventLog:Security",
    "sourcetype": "WinEventLog:Security",
    "index": "windows",
    "EventCode": "4776",
    "ComputerName": "WORKSTATION-029",
    "AccountName": "user008",
    "AccountDomain": "ACME",
    "LogonType": "10",
    "src_ip": "53.253.182.230"
  },
  {
    "_time": 1700024210,
    "_raw": "EventID=4648 ComputerName=WORKSTATION-015 AccountName=user010 AccountDomain=ACME LogonType=4 IpAddress=63.136.163.179 IpPort=36506",
    "host": "workstation-015",
    "source": "WinEventLog:Security",
    "sourcetype": "WinEventLog:Security",
    "index": "windows",
    "EventCode": "4648",
    "ComputerName": "WORKSTATION-015",
    "AccountName": "user010",
    "AccountDomain": "ACME",
    "LogonType": "4",
    "src_ip": "14.177.210.181"
  },
