  {
    "_time": 1700010504,
    "_raw": "EventID=4672 ComputerName=WORKSTATION-003 AccountName=user005 AccountDomain=ACME LogonType=4 IpAddress=161.84.199.48 IpPort=40030",
    "host": "workstation-003",
    "source": "WinEventLog:Security",
    "sourcetype": "WinEventLog:Security",
    "index": "windows",
    "EventCode": "4672",
    "ComputerName": "WORKSTATION-003",
    "AccountName": "user005",
    "AccountDomain": "ACME",
    "LogonType": "4",
    "src_ip": "192.168.1.181.220"
  },
  {
    "_time": 1700004455,
    "_raw": "EventID=4624 ComputerName=WORKSTATION-009 AccountName=user014 AccountDomain=CORP LogonType=3 IpAddress=213.154.110.135 IpPort=20836",
    "host": "workstation-009",
    "source": "WinEventLog:Security",
    "sourcetype": "WinEventLog:Security",
    "index": "windows",
    "EventCode": "4624",
    "ComputerName": "WORKSTATION-009",
    "AccountName": "user014",
    "AccountDomain": "CORP",
    "LogonType": "3",
    "src_ip": "192.168.1.201.10"
  },
  {
    "_time": 1700010150,
    "_raw": "EventID=4648 ComputerName=WORKSTATION-030 AccountName=user003 AccountDomain=ACME LogonType=2 IpAddress=129.78.97.88 IpPort=61555",
    "host": "workstation-030",
    "source": "WinEventLog:Security",
    "sourcetype": "WinEventLog:Security",
    "index": "windows",
    "EventCode": "4648",
    "ComputerName": "WORKSTATION-030",
    "AccountName": "user003",
    "AccountDomain": "ACME",
    "LogonType": "2",
    "src_ip": "135.158.167.37"
  },
  {
    "_time": 1700010175,
    "_raw": "EventID=4625 ComputerName=WORKSTATION-027 AccountName=user017 AccountDomain=CONTOSO LogonType=3 IpAddress=118.198.59.2 IpPort=21404",
    "host": "workstation-027",
    "source": "WinEventLog:Security",
    "sourcetype": "WinEventLog:Security",
    "index": "windows",
    "EventCode": "4625",
    "ComputerName": "WORKSTATION-027",
    "AccountName": "user017",
    "AccountDomain": "CONTOSO",
    "LogonType": "3",
    "src_ip": "176.44.170.120"
  },
  {
    "_time": 1700011832,
    "_raw": "EventID=4624 ComputerName=WORKSTATION-004 AccountName=user017 AccountDomain=CONTOSO LogonType=4 IpAddress=192.168.1.164.229 IpPort=14776",
    "host": "workstation-004",
    "source": "WinEventLog:Security",
    "sourcetype": "WinEventLog:Security",
    "index": "windows",
    "EventCode": "4624",
    "ComputerName": "WORKSTATION-004",
    "AccountName": "user017",
    "AccountDomain": "CONTOSO",
    "LogonType": "4",
    "src_ip": "50.146.141.137"
  },
  {
    "_time": 1700004499,
    "_raw": "EventID=4720 ComputerName=WORKSTATION-022 AccountName=user004 AccountDomain=ACME LogonType=3 IpAddress=10.0.246.160 IpPort=37699",
    "host": "workstation-022",
    "source": "WinEventLog:Security",
    "sourcetype": "WinEventLog:Security",
    "index": "windows",
    "EventCode": "4720",
    "ComputerName": "WORKSTATION-022",
    "AccountName": "user004",
    "AccountDomain": "ACME",
    "LogonType": "3",
    "src_ip": "53.179.163.70"
  },
  {
    "_time": 1700002050,
    "_raw": "EventID=4663 ComputerName=WORKSTATION-019 AccountName=user008 AccountDomain=CORP LogonType=4 IpAddress=87.227.25.34 IpPort=2924",
    "host": "workstation-019",
    "source": "WinEventLog:Security",
    "sourcetype": "WinEventLog:Security",
    "index": "windows",
    "EventCode": "4663",
    "ComputerName": "WORKSTATION-019",
    "AccountName": "user008",
    "AccountDomain": "CORP",
    "LogonType": "4",
    "src_ip": "173.25.54.99"
  },
  {
    "_time": 1700000822,
    "_raw": "EventID=4625 ComputerName=WORKSTATION-014 AccountName=user013 AccountDomain=CORP LogonType=10 IpAddress=162.228.182.80 IpPort=22803",
    "host": "workstation-014",
    "source": "WinEventLog:Security",
    "sourcetype": "WinEventLog:Security",
    "index": "windows",
    "EventCode": "4625",
    "ComputerName": "WORKSTATION-014",
    "AccountName": "user013",
    "AccountDomain": "CORP",
    "LogonType": "10",
    "src_ip": "183.40.238.146"
  },
  {
    "_time": 1700002060,
    "_raw": "EventID=4625 ComputerName=WORKSTATION-027 AccountName=user015 AccountDomain=CORP LogonType=4 IpAddress=182.238.240.60 IpPort=63115",
    "host": "workstation-027",
    "source": "WinEventLog:Security",
    "sourcetype": "WinEventLog:Security",
    "index": "windows",
    "EventCode": "4625",
    "ComputerName": "WORKSTATION-027",
    "AccountName": "user015",
    "AccountDomain": "CORP",
    "LogonType": "4",
    "src_ip": "172.16.67.234"
  },
  {
    "_time": 1700004956,
    "_raw": "EventID=4688 ComputerName=WORKSTATION-006 AccountName=LOCAL SERVICE AccountDomain=ACME LogonType=5 IpAddress=17.243.57.90 IpPort=32392",
    "host": "workstation-006",
    "source": "WinEventLog:Security",
    "sourcetype": "WinEventLog:Security",
    "index": "windows",
    "EventCode": "4688",
    "ComputerName": "WORKSTATION-006",
    "AccountName": "LOCAL SERVICE",
    "AccountDomain": "ACME",
    "LogonType": "5",
    "src_ip": "44.144.178.155"
  },
  {
    "_time": 1700007866,
    "_raw": "EventID=4634 ComputerName=WORKSTATION-017 AccountName=user004 AccountDomain=ACME LogonType=2 IpAddress=167.36.154.137 IpPort=31234",
    "host": "workstation-017",
    "source": "WinEventLog:Security",
    "sourcetype": "WinEventLog:Security",
    "index": "windows",
    "EventCode": "4634",
    "ComputerName": "WORKSTATION-017",
    "AccountName": "user004",
    "AccountDomain": "ACME",
    "LogonType": "2",
    "src_ip": "106.122.124.141"
  },
  {
    "_time": 1700002490,
    "_raw": "EventID=4720 ComputerName=WORKSTATION-013 AccountName=user003 AccountDomain=ACME LogonType=10 IpAddress=112.175.120.45 IpPort=44448",
    "host": "workstation-013",
    "source": "WinEventLog:Security",
    "sourcetype": "WinEventLog:Security",
    "index": "windows",
    "EventCode": "4720",
    "ComputerName": "WORKSTATION-013",
    "AccountName": "user003",
    "AccountDomain": "ACME",
    "LogonType": "10",
    "src_ip": "190.249.58.152"
  },
  {
    "_time": 1700008320,
    "_raw": "EventID=4720 ComputerName=WORKSTATION-011 AccountName=user018 AccountDomain=CORP LogonType=3 IpAddress=104.35.55.176 IpPort=54374",
    "host": "workstation-011",
    "source": "WinEventLog:Security",
    "sourcetype": "WinEventLog:Security",
    "index": "windows",
    "EventCode": "4720",
    "ComputerName": "WORKSTATION-011",
    "AccountName": "user018",
    "AccountDomain": "CORP",
    "LogonType": "3",
    "src_ip": "210.194.167.127"
  },
  {
    "_time": 1700008757,
    "_raw": "EventID=4776 ComputerName=WORKSTATION-002 AccountName=user003 AccountDomain=CORP LogonType=10 IpAddress=163.0.75.170 IpPort=10803",
    "host": "workstation-002",
    "source": "WinEventLog:Security",
    "sourcetype": "WinEventLog:Security",
    "index": "windows",
    "EventCode": "4776",
    "ComputerName": "WORKSTATION-002",
    "AccountName": "user003",
    "AccountDomain": "CORP",
    "LogonType": "10",
    "src_ip": "75.199.228.51"
  },
  {
    "_time": 1700002926,
    "_raw": "EventID=4776 ComputerName=WORKSTATION-029 AccountName=user011 AccountDomain=ACME LogonType=4 IpAddress=112.176.45.150 IpPort=1556",
    "host": "workstation-029",
    "source": "WinEventLog:Security",
    "sourcetype": "WinEventLog:Security",
    "index": "windows",
    "EventCode": "4776",
    "ComputerName": "WORKSTATION-029",
    "AccountName": "user011",
    "AccountDomain": "ACME",
    "LogonType": "4",
    "src_ip": "131.206.65.219"
  },
  {
    "_time": 1700004190,
    "_raw": "EventID=4624 ComputerName=WORKSTATION-012 AccountName=user018 AccountDomain=CORP LogonType=10 IpAddress=92.56.144.222 IpPort=3067",
    "host": "workstation-012",
    "source": "WinEventLog:Security",
    "sourcetype": "WinEventLog:Security",
    "index": "windows",
    "EventCode": "4624",
    "ComputerName": "WORKSTATION-012",
    "AccountName": "user018",
    "AccountDomain": "CORP",
    "LogonType": "10",
    "src_ip": "172.16.152.101"
  },
  {
    "_time": 1700008820,
    "_raw": "EventID=4672 ComputerName=WORKSTATION-023 AccountName=user013 AccountDomain=ACME LogonType=5 IpAddress=170.88.243.36 IpPort=13359",
    "host": "workstation-023",
    "source": "WinEventLog:Security",
    "sourcetype": "WinEventLog:Security",
    "index": "windows",
    "EventCode": "4672",
    "ComputerName": "WORKSTATION-023",
    "AccountName": "user013",
    "AccountDomain": "ACME",
    "LogonType": "5",
    "src_ip": "216.184.213.40"
  },
  {
    "_time": 1700004210,
    "_raw": "EventID=4776 ComputerName=WORKSTATION-005 AccountName=user005 AccountDomain=CORP LogonType=2 IpAddress=192.168.1.169.112 IpPort=64919",
    "host": "workstation-005",
    "source": "WinEventLog:Security",
    "sourcetype": "WinEventLog:Security",
    "index": "windows",
    "EventCode": "4776",
    "ComputerName": "WORKSTATION-005",
    "AccountName": "user005",
    "AccountDomain": "CORP",
    "LogonType": "2",
    "src_ip": "22.70.212.221"
  },
  {
    "_time": 1700006330,
    "_raw": "EventID=4769 ComputerName=WORKSTATION-030 AccountName=user014 AccountDomain=CONTOSO LogonType=5 IpAddress=142.230.196.91 IpPort=15818",
    "host": "workstation-030",
    "source": "WinEventLog:Security",
    "sourcetype": "WinEventLog:Security",
    "index": "windows",
    "EventCode": "4769",
    "ComputerName": "WORKSTATION-030",
    "AccountName": "user014",
    "AccountDomain": "CONTOSO",
    "LogonType": "5",
    "src_ip": "172.16.2.148"
  },
  {
    "_time": 1700006768,
    "_raw": "EventID=4648 ComputerName=WORKSTATION-023 AccountName=user017 AccountDomain=ACME LogonType=10 IpAddress=9.19.247.181 IpPort=25179",
    "host": "workstation-023",
    "source": "WinEventLog:Security",
    "sourcetype": "WinEventLog:Security",
    "index": "windows",
    "EventCode": "4648",
    "ComputerName": "WORKSTATION-023",
    "AccountName": "user017",
    "AccountDomain": "ACME",
    "LogonType": "10",
    "src_ip": "192.168.1.247.177"
  },
  {
    "_time": 1700001272,
    "_raw": "EventID=4634 ComputerName=WORKSTATION-024 AccountName=user017 AccountDomain=ACME LogonType=10 IpAddress=172.16.23.63 IpPort=31986",
    "host": "workstation-024",
    "source": "WinEventLog:Security",
    "sourcetype": "WinEventLog:Security",
    "index": "windows",
    "EventCode": "4634",
    "ComputerName": "WORKSTATION-024",
    "AccountName": "user017",
    "AccountDomain": "ACME",
    "LogonType": "10",
    "src_ip": "170.39.159.157"
  },
  {
    "_time": 1700000850,
    "_raw": "EventID=4672 ComputerName=WORKSTATION-018 AccountName=user001 AccountDomain=ACME LogonType=10 IpAddress=147.169.215.91 IpPort=63976",
    "host": "workstation-018",
    "source": "WinEventLog:Security",
    "sourcetype": "WinEventLog:Security",
    "index": "windows",
    "EventCode": "4672",
    "ComputerName": "WORKSTATION-018",
    "AccountName": "user001",
    "AccountDomain": "ACME",
    "LogonType": "10",
    "src_ip": "76.148.85.10"
  },
  {
    "_time": 1700009798,
    "_raw": "EventID=4769 ComputerName=WORKSTATION-024 AccountName=user010 AccountDomain=CONTOSO LogonType=4 IpAddress=192.168.1.149.44 IpPort=38566",
    "host": "workstation-024",
    "source": "WinEventLog:Security",
    "sourcetype": "WinEventLog:Security",
    "index": "windows",
    "EventCode": "4769",
    "ComputerName": "WORKSTATION-024",
    "AccountName": "user010",
    "AccountDomain": "CONTOSO",
    "LogonType": "4",
    "src_ip": "192.168.1.208.189"
  },
  {
    "_time": 1700008540,
    "_raw": "EventID=4624 ComputerName=WORKSTATION-010 AccountName=user016 AccountDomain=CORP LogonType=10 IpAddress=192.168.1.65.34 IpPort=41380",
    "host": "workstation-010",
    "source": "WinEventLog:Security",
    "sourcetype": "WinEventLog:Security",
    "index": "windows",
    "EventCode": "4624",
    "ComputerName": "WORKSTATION-010",
    "AccountName": "user016",
    "AccountDomain": "CORP",
    "LogonType": "10",
    "src_ip": "192.168.1.4.190"
  },
  {
    "_time": 1700001712,
    "_raw": "EventID=4769 ComputerName=WORKSTATION-006 AccountName=user019 AccountDomain=CONTOSO LogonType=5 IpAddress=45.133.120.125 IpPort=12873",
    "host": "workstation-006",
    "source": "WinEventLog:Security",
    "sourcetype": "WinEventLog:Security",
    "index": "windows",
    "EventCode": "4769",
    "ComputerName": "WORKSTATION-006",
    "AccountName": "user019",
    "AccountDomain": "CONTOSO",
    "LogonType": "5",
    "src_ip": "221.16.175.252"
  },
  {
    "_time": 1700001287,
    "_raw": "EventID=4634 ComputerName=WORKSTATION-020 AccountName=user005 AccountDomain=ACME LogonType=5 IpAddress=192.168.1.186.164 IpPort=11987",
    "host": "workstation-020",
    "source": "WinEventLog:Security",
    "sourcetype": "WinEventLog:Security",
    "index": "windows",
    "EventCode": "4634",
    "ComputerName": "WORKSTATION-020",
    "AccountName": "user005",
    "AccountDomain": "ACME",
    "LogonType": "5",
    "src_ip": "172.16.216.89"
  },
  {
    "_time": 1700000860,
    "_raw": "EventID=4776 ComputerName=WORKSTATION-009 AccountName=user004 AccountDomain=CORP LogonType=5 IpAddress=78.243.119.98 IpPort=45818",
    "host": "workstation-009",
    "source": "WinEventLog:Security",
    "sourcetype": "WinEventLog:Security",
    "index": "windows",
    "EventCode": "4776",
    "ComputerName": "WORKSTATION-009",
    "AccountName": "user004",
    "AccountDomain": "CORP",
    "LogonType": "5",
    "src_ip": "122.134.74.136"
  },
  {
    "_time": 1700012068,
    "_raw": "EventID=4688 ComputerName=WORKSTATION-001 AccountName=user010 AccountDomain=ACME LogonType=4 IpAddress=175.21.49.235 IpPort=35842",
    "host": "workstation-001",
    "source": "WinEventLog:Security",
    "sourcetype": "WinEventLog:Security",
    "index": "windows",
    "EventCode": "4688",
    "ComputerName": "WORKSTATION-001",
    "AccountName": "user010",
    "AccountDomain": "ACME",
    "LogonType": "4",
    "src_ip": "217.221.139.86"
  },
  {
    "_time": 1700003888,
    "_raw": "EventID=4663 ComputerName=WORKSTATION-026 AccountName=user004 AccountDomain=ACME LogonType=10 IpAddress=198.123.99.134 IpPort=23136",
    "host": "workstation-026",
    "source": "WinEventLog:Security",
    "sourcetype": "WinEventLog:Security",
    "index": "windows",
    "EventCode": "4663",
    "ComputerName": "WORKSTATION-026",
    "AccountName": "user004",
    "AccountDomain": "ACME",
    "LogonType": "10",
    "src_ip": "47.160.5.173"
  },
  {
    "_time": 1700000433,
    "_raw": "EventID=4625 ComputerName=WORKSTATION-001 AccountName=user014 AccountDomain=CORP LogonType=2 IpAddress=90.112.145.65 IpPort=13677",
    "host": "workstation-001",
    "source": "WinEventLog:Security",
    "sourcetype": "WinEventLog:Security",
    "index": "windows",
    "EventCode": "4625",
    "ComputerName": "WORKSTATION-001",
    "AccountName": "user014",
    "AccountDomain": "CORP",
    "LogonType": "2",
    "src_ip": "172.16.24.15"
  },
  {
    "_time": 1700008680,
    "_raw": "EventID=4776 ComputerName=WORKSTATION-029 AccountName=user007 AccountDomain=CONTOSO LogonType=2 IpAddress=31.44.66.97 IpPort=44041",
    "host": "workstation-029",
    "source": "WinEventLog:Security",
    "sourcetype": "WinEventLog:Security",
    "index": "windows",
    "EventCode": "4776",
    "ComputerName": "WORKSTATION-029",
    "AccountName": "user007",
    "AccountDomain": "CONTOSO",
    "LogonType": "2",
    "src_ip": "166.94.56.179"
  },
  {
    "_time": 1700002610,
    "_raw": "EventID=4663 ComputerName=WORKSTATION-010 AccountName=user015 AccountDomain=CONTOSO LogonType=5 IpAddress=71.218.165.66 IpPort=11638",
    "host": "workstation-010",
    "source": "WinEventLog:Security",
    "sourcetype": "WinEventLog:Security",
    "index": "windows",
    "EventCode": "4663",
    "ComputerName": "WORKSTATION-010",
    "AccountName": "user015",
    "AccountDomain": "CONTOSO",
    "LogonType": "5",
    "src_ip": "71.31.195.100"
  },
  {
    "_time": 1700004796,
    "_raw": "EventID=4624 ComputerName=WORKSTATION-009 AccountName=user009 AccountDomain=CORP LogonType=2 IpAddress=52.201.91.166 IpPort=33271",
    "host": "workstation-009",
    "source": "WinEventLog:Security",
    "sourcetype": "WinEventLog:Security",
    "index": "windows",
    "EventCode": "4624",
    "ComputerName": "WORKSTATION-009",
    "AccountName": "user009",
    "AccountDomain": "CORP",
    "LogonType": "2",
    "src_ip": "172.16.197.111"
  },
  {
    "_time": 1700003059,
    "_raw": "EventID=4769 ComputerName=WORKSTATION-021 AccountName=user004 AccountDomain=ACME LogonType=4 IpAddress=10.0.19.147 IpPort=48704",
    "host": "workstation-021",
    "source": "WinEventLog:Security",
    "sourcetype": "WinEventLog:Security",
    "index": "windows",
    "EventCode": "4769",
    "ComputerName": "WORKSTATION-021",
    "AccountName": "user004",
    "AccountDomain": "ACME",
    "LogonType": "4",
    "src_ip": "192.168.1.5.230"
  },
  {
    "_time": 1700007008,
    "_raw": "EventID=4634 ComputerName=WORKSTATION-021 AccountName=NETWORK SERVICE AccountDomain=CORP LogonType=5 IpAddress=172.16.85.232 IpPort=26670",
    "host": "workstation-021",
    "source": "WinEventLog:Security",
    "sourcetype": "WinEventLog:Security",
    "index": "windows",
    "EventCode": "4634",
    "ComputerName": "WORKSTATION-021",
    "AccountName": "NETWORK SERVICE",
    "AccountDomain": "CORP",
    "LogonType": "5",
    "src_ip": "132.251.244.112"
  },
  {
    "_time": 1700005707,
    "_raw": "EventID=4625 ComputerName=WORKSTATION-018 AccountName=user008 AccountDomain=CORP LogonType=5 IpAddress=172.16.240.254 IpPort=24546",
    "host": "workstation-018",
    "source": "WinEventLog:Security",
    "sourcetype": "WinEventLog:Security",
    "index": "windows",
    "EventCode": "4625",
    "ComputerName": "WORKSTATION-018",
    "AccountName": "user008",
    "AccountDomain": "CORP",
    "LogonType": "5",
    "src_ip": "78.205.28.162"
  },
  {
    "_time": 1700009240,
    "_raw": "EventID=4625 ComputerName=WORKSTATION-012 AccountName=user018 AccountDomain=ACME LogonType=5 IpAddress=75.103.90.142 IpPort=3601",
    "host": "workstation-012",
    "source": "WinEventLog:Security",
    "sourcetype": "WinEventLog:Security",
    "index": "windows",
    "EventCode": "4625",
    "ComputerName": "WORKSTATION-012",
    "AccountName": "user018",
    "AccountDomain": "ACME",
    "LogonType": "5",
    "src_ip": "170.97.153.179"
  },
  {
    "_time": 1700005733,
    "_raw": "EventID=4625 ComputerName=WORKSTATION-021 AccountName=user012 AccountDomain=ACME LogonType=5 IpAddress=36.18.98.7 IpPort=48192",
    "host": "workstation-021",
    "source": "WinEventLog:Security",
    "sourcetype": "WinEventLog:Security",
    "index": "windows",
    "EventCode": "4625",
    "ComputerName": "WORKSTATION-021",
    "AccountName": "user012",
    "AccountDomain": "ACME",
    "LogonType": "5",
    "src_ip": "62.250.199.17"
  },
  {
    "_time": 1700011492,
    "_raw": "EventID=4768 ComputerName=WORKSTATION-021 AccountName=user010 AccountDomain=ACME LogonType=5 IpAddress=5.18.173.15 IpPort=23156",
    "host": "workstation-021",
    "source": "WinEventLog:Security",
    "sourcetype": "WinEventLog:Security",
    "index": "windows",
    "EventCode": "4768",
    "ComputerName": "WORKSTATION-021",
    "AccountName": "user010",
    "AccountDomain": "ACME",
    "LogonType": "5",
    "src_ip": "11.207.60.55"
  },
  {
    "_time": 1700011518,
    "_raw": "EventID=4776 ComputerName=WORKSTATION-022 AccountName=user017 AccountDomain=ACME LogonType=10 IpAddress=172.16.60.237 IpPort=5744",
    "host": "workstation-022",
    "source": "WinEventLog:Security",
    "sourcetype": "WinEventLog:Security",
    "index": "windows",
    "EventCode": "4776",
    "ComputerName": "WORKSTATION-022",
    "AccountName": "user017",
    "AccountDomain": "ACME",
    "LogonType": "10",
    "src_ip": "10.0.126.168"
  },
  {
    "_time": 1700000444,
    "_raw": "EventID=4720 ComputerName=WORKSTATION-030 AccountName=SYSTEM AccountDomain=CORP LogonType=3 IpAddress=172.16.13.232 IpPort=21165",
    "host": "workstation-030",
    "source": "WinEventLog:Security",
    "sourcetype": "WinEventLog:Security",
    "index": "windows",
    "EventCode": "4720",
    "ComputerName": "WORKSTATION-030",
    "AccountName": "SYSTEM",
    "AccountDomain": "CORP",
    "LogonType": "3",
    "src_ip": "25.233.87.214"
  },
  {
    "_time": 1700008455,
    "_raw": "EventID=4625 ComputerName=WORKSTATION-027 AccountName=user004 AccountDomain=CORP LogonType=10 IpAddress=57.32.103.110 IpPort=23132",
    "host": "workstation-027",
    "source": "WinEventLog:Security",
    "sourcetype": "WinEventLog:Security",
    "index": "windows",
    "EventCode": "4625",
    "ComputerName": "WORKSTATION-027",
    "AccountName": "user004",
    "AccountDomain": "CORP",
    "LogonType": "10",
    "src_ip": "189.205.166.31"
  },
  {
    "_time": 1700009812,
    "_raw": "EventID=4769 ComputerName=WORKSTATION-018 AccountName=user005 AccountDomain=ACME LogonType=2 IpAddress=86.32.61.71 IpPort=10280",
    "host": "workstation-018",
    "source": "WinEventLog:Security",
    "sourcetype": "WinEventLog:Security",
    "index": "windows",
    "EventCode": "4769",
    "ComputerName": "WORKSTATION-018",
    "AccountName": "user005",
    "AccountDomain": "ACME",
    "LogonType": "2",
    "src_ip": "44.189.84.113"
  },
  {
    "_time": 1700003576,
    "_raw": "EventID=4769 ComputerName=WORKSTATION-002 AccountName=user005 AccountDomain=CORP LogonType=10 IpAddress=41.8.249.21 IpPort=1440",
    "host": "workstation-002",
    "source": "WinEventLog:Security",
    "sourcetype": "WinEventLog:Security",
    "index": "windows",
    "EventCode": "4769",
    "ComputerName": "WORKSTATION-002",
    "AccountName": "user005",
    "AccountDomain": "CORP",
    "LogonType": "10",
    "src_ip": "10.0.181.167"
  },
  {
    "_time": 1700008512,
    "_raw": "EventID=4663 ComputerName=WORKSTATION-014 AccountName=user016 AccountDomain=CONTOSO LogonType=3 IpAddress=192.168.1.134.116 IpPort=28026",
    "host": "workstation-014",
    "source": "WinEventLog:Security",
    "sourcetype": "WinEventLog:Security",
    "index": "windows",
    "EventCode": "4663",
    "ComputerName": "WORKSTATION-014",
    "AccountName": "user016",
    "AccountDomain": "CONTOSO",
    "LogonType": "3",
    "src_ip": "10.0.157.178"
  },
  {
    "_time": 1700000898,
    "_raw": "EventID=4769 ComputerName=WORKSTATION-006 AccountName=user016 AccountDomain=CONTOSO LogonType=4 IpAddress=2.120.98.31 IpPort=35771",
    "host": "workstation-006",
    "source": "WinEventLog:Security",
    "sourcetype": "WinEventLog:Security",
    "index": "windows",
    "EventCode": "4769",
    "ComputerName": "WORKSTATION-006",
    "AccountName": "user016",
    "AccountDomain": "CONTOSO",
    "LogonType": "4",
    "src_ip": "159.185.112.119"
  },
  {
    "_time": 1700011250,
    "_raw": "EventID=4776 ComputerName=WORKSTATION-022 AccountName=user007 AccountDomain=ACME LogonType=3 IpAddress=10.0.176.217 IpPort=64500",
    "host": "workstation-022",
    "source": "WinEventLog:Security",
    "sourcetype": "WinEventLog:Security",
    "index": "windows",
    "EventCode": "4776",
    "ComputerName": "WORKSTATION-022",
    "AccountName": "user007",
    "AccountDomain": "ACME",
    "LogonType": "3",
    "src_ip": "128.90.81.172"
  },
  {
    "_time": 1700013530,
    "_raw": "EventID=4624 ComputerName=WORKSTATION-002 AccountName=NETWORK SERVICE AccountDomain=ACME LogonType=3 IpAddress=86.232.22.27 IpPort=49547",
    "host": "workstation-002",
    "source": "WinEventLog:Security",
    "sourcetype": "WinEventLog:Security",
    "index": "windows",
    "EventCode": "4624",
    "ComputerName": "WORKSTATION-002",
    "AccountName": "NETWORK SERVICE",
    "AccountDomain": "ACME",
    "LogonType": "3",
    "src_ip": "172.16.46.41"
  },
  {
    "_time": 1700011752,
    "_raw": "EventID=4624 ComputerName=WORKSTATION-016 AccountName=user017 AccountDomain=CORP LogonType=3 IpAddress=152.166.214.51 IpPort=49985",
    "host": "workstation-016",
    "source": "WinEventLog:Security",
    "sourcetype": "WinEventLog:Security",
    "index": "windows",
    "EventCode": "4624",
    "ComputerName": "WORKSTATION-016",
    "AccountName": "user017",
    "AccountDomain": "CORP",
    "LogonType": "3",
    "src_ip": "84.117.56.84"
  },
  {
    "_time": 1700003624,
    "_raw": "EventID=4625 ComputerName=WORKSTATION-008 AccountName=user014 AccountDomain=CORP LogonType=3 IpAddress=172.16.125.14 IpPort=59383",
    "host": "workstation-008",
    "source": "WinEventLog:Security",
    "sourcetype": "WinEventLog:Security",
    "index": "windows",
    "EventCode": "4625",
    "ComputerName": "WORKSTATION-008",
    "AccountName": "user014",
    "AccountDomain": "CORP",
    "LogonType": "3",
    "src_ip": "56.232.91.100"
  },
  {
    "_time": 1700005448,
    "_raw": "EventID=4634 ComputerName=WORKSTATION-015 AccountName=user007 AccountDomain=CONTOSO LogonType=4 IpAddress=10.0.9.178 IpPort=38292",
    "host": "workstation-015",
    "source": "WinEventLog:Security",
    "sourcetype": "WinEventLog:Security",
    "index": "windows",
    "EventCode": "4634",
    "ComputerName": "WORKSTATION-015",
    "AccountName": "user007",
    "AccountDomain": "CONTOSO",
    "LogonType": "4",
    "src_ip": "10.0.29.219"
  },
  {
    "_time": 1700006825,
    "_raw": "EventID=4720 ComputerName=WORKSTATION-014 AccountName=user006 AccountDomain=ACME LogonType=4 IpAddress=203.87.117.23 IpPort=28004",
    "host": "workstation-014",
    "source": "WinEventLog:Security",
    "sourcetype": "WinEventLog:Security",
    "index": "windows",
    "EventCode": "4720",
    "ComputerName": "WORKSTATION-014",
    "AccountName": "user006",
    "AccountDomain": "ACME",
    "LogonType": "4",
    "src_ip": "126.110.242.215"
  },
  {
    "_time": 1700006840,
    "_raw": "EventID=4663 ComputerName=WORKSTATION-001 AccountName=user014 AccountDomain=CONTOSO LogonType=3 IpAddress=149.113.76.234 IpPort=38622",
    "host": "workstation-001",
    "source": "WinEventLog:Security",
    "sourcetype": "WinEventLog:Security",
    "index": "windows",
    "EventCode": "4663",
    "ComputerName": "WORKSTATION-001",
    "AccountName": "user014",
    "AccountDomain": "CONTOSO",
    "LogonType": "3",
    "src_ip": "107.22.20.254"
  },
  {
    "_time": 1700007312,
    "_raw": "EventID=4768 ComputerName=WORKSTATION-002 AccountName=user014 AccountDomain=CONTOSO LogonType=5 IpAddress=179.50.231.127 IpPort=16786",
    "host": "workstation-002",
    "source": "WinEventLog:Security",
    "sourcetype": "WinEventLog:Security",
    "index": "windows",
    "EventCode": "4768",
    "ComputerName": "WORKSTATION-002",
    "AccountName": "user014",
    "AccountDomain": "CONTOSO",
    "LogonType": "5",
    "src_ip": "10.0.178.188"
  },
  {
    "_time": 1700006412,
    "_raw": "EventID=4648 ComputerName=WORKSTATION-005 AccountName=user012 AccountDomain=ACME LogonType=2 IpAddress=172.16.79.42 IpPort=47115",
    "host": "workstation-005",
    "source": "WinEventLog:Security",
    "sourcetype": "WinEventLog:Security",
    "index": "windows",
    "EventCode": "4648",
    "ComputerName": "WORKSTATION-005",
    "AccountName": "user012",
    "AccountDomain": "ACME",
    "LogonType": "2",
    "src_ip": "147.12.232.119"
  },
  {
    "_time": 1700011475,
    "_raw": "EventID=4634 ComputerName=WORKSTATION-028 AccountName=user013 AccountDomain=CORP LogonType=5 IpAddress=1.36.197.229 IpPort=46293",
    "host": "workstation-028",
    "source": "WinEventLog:Security",
    "sourcetype": "WinEventLog:Security",
    "index": "windows",
    "EventCode": "4634",
    "ComputerName": "WORKSTATION-028",
    "AccountName": "user013",
    "AccountDomain": "CORP",
    "LogonType": "5",
    "src_ip": "9.151.218.193"
  },
  {
    "_time": 1700004140,
    "_raw": "EventID=4769 ComputerName=WORKSTATION-018 AccountName=user019 AccountDomain=CORP LogonType=2 IpAddress=86.28.186.228 IpPort=4403",
    "host": "workstation-018",
    "source": "WinEventLog:Security",
    "sourcetype": "WinEventLog:Security",
    "index": "windows",
    "EventCode": "4769",
    "ComputerName": "WORKSTATION-018",
    "AccountName": "user019",
    "AccountDomain": "CORP",
    "LogonType": "2",
    "src_ip": "192.168.1.120.159"
  },
  {
    "_time": 1700000922,
    "_raw": "EventID=4672 ComputerName=WORKSTATION-012 AccountName=user006 AccountDomain=CONTOSO LogonType=2 IpAddress=199.104.70.252 IpPort=22973",
    "host": "workstation-012",
    "source": "WinEventLog:Security",
    "sourcetype": "WinEventLog:Security",
    "index": "windows",
    "EventCode": "4672",
    "ComputerName": "WORKSTATION-012",
    "AccountName": "user006",
    "AccountDomain": "CONTOSO",
    "LogonType": "2",
    "src_ip": "10.0.167.123"
  },
  {
    "_time": 1700011088,
    "_raw": "EventID=4769 ComputerName=WORKSTATION-028 AccountName=user007 AccountDomain=CONTOSO LogonType=4 IpAddress=69.216.141.14 IpPort=5176",
    "host": "workstation-028",
    "source": "WinEventLog:Security",
    "sourcetype": "WinEventLog:Security",
    "index": "windows",
    "EventCode": "4769",
    "ComputerName": "WORKSTATION-028",
    "AccountName": "user007",
    "AccountDomain": "CONTOSO",
    "LogonType": "4",
    "src_ip": "116.248.62.121"
  },
  {
    "_time": 1700010649,
    "_raw": "EventID=4768 ComputerName=WORKSTATION-022 AccountName=user018 AccountDomain=ACME LogonType=10 IpAddress=173.33.96.229 IpPort=58956",
    "host": "workstation-022",
    "source": "WinEventLog:Security",
    "sourcetype": "WinEventLog:Security",
    "index": "windows",
    "EventCode": "4768",
    "ComputerName": "WORKSTATION-022",
    "AccountName": "user018",
    "AccountDomain": "ACME",
    "LogonType": "10",
    "src_ip": "21.200.91.74"
  },
  {
    "_time": 1700001392,
    "_raw": "EventID=4625 ComputerName=WORKSTATION-006 AccountName=user009 AccountDomain=CORP LogonType=3 IpAddress=53.11.150.107 IpPort=64566",
    "host": "workstation-006",
    "source": "WinEventLog:Security",
    "sourcetype": "WinEventLog:Security",
    "index": "windows",
    "EventCode": "4625",
    "ComputerName": "WORKSTATION-006",
    "AccountName": "user009",
    "AccountDomain": "CORP",
    "LogonType": "3",
    "src_ip": "34.242.177.108"
  },
  {
    "_time": 1700006975,
    "_raw": "EventID=4776 ComputerName=WORKSTATION-001 AccountName=user010 AccountDomain=CORP LogonType=2 IpAddress=60.171.210.149 IpPort=23489",
    "host": "workstation-001",
    "source": "WinEventLog:Security",
    "sourcetype": "WinEventLog:Security",
    "index": "windows",
    "EventCode": "4776",
    "ComputerName": "WORKSTATION-001",
    "AccountName": "user010",
    "AccountDomain": "CORP",
    "LogonType": "2",
    "src_ip": "202.167.248.152"
  },
  {
    "_time": 1700010252,
    "_raw": "EventID=4768 ComputerName=WORKSTATION-027 AccountName=user018 AccountDomain=ACME LogonType=4 IpAddress=203.156.87.203 IpPort=18063",
    "host": "workstation-027",
    "source": "WinEventLog:Security",
    "sourcetype": "WinEventLog:Security",
    "index": "windows",
    "EventCode": "4768",
    "ComputerName": "WORKSTATION-027",
    "AccountName": "user018",
    "AccountDomain": "ACME",
    "LogonType": "4",
    "src_ip": "192.168.1.249.74"
  },
  {
    "_time": 1700011675,
    "_raw": "EventID=4624 ComputerName=WORKSTATION-005 AccountName=user012 AccountDomain=ACME LogonType=3 IpAddress=42.146.93.250 IpPort=12516",
    "host": "workstation-005",
    "source": "WinEventLog:Security",
    "sourcetype": "WinEventLog:Security",
    "index": "windows",
    "EventCode": "4624",
    "ComputerName": "WORKSTATION-005",
    "AccountName": "user012",
    "AccountDomain": "ACME",
    "LogonType": "3",
    "src_ip": "178.78.82.61"
  },
  {
    "_time": 1700001872,
    "_raw": "EventID=4624 ComputerName=WORKSTATION-011 AccountName=user019 AccountDomain=CORP LogonType=4 IpAddress=53.17.162.251 IpPort=23558",
    "host": "workstation-011",
    "source": "WinEventLog:Security",
    "sourcetype": "WinEventLog:Security",
    "index": "windows",
    "EventCode": "4624",
    "ComputerName": "WORKSTATION-011",
    "AccountName": "user019",
    "AccountDomain": "CORP",
    "LogonType": "4",
    "src_ip": "192.168.1.139.250"
  },
  {
    "_time": 1700002814,
    "_raw": "EventID=4768 ComputerName=WORKSTATION-010 AccountName=user004 AccountDomain=CORP LogonType=5 IpAddress=118.163.79.2 IpPort=64603",
    "host": "workstation-010",
    "source": "WinEventLog:Security",
    "sourcetype": "WinEventLog:Security",
    "index": "windows",
    "EventCode": "4768",
    "ComputerName": "WORKSTATION-010",
    "AccountName": "user004",
    "AccountDomain": "CORP",
    "LogonType": "5",
    "src_ip": "130.169.151.122"
  },
  {
    "_time": 1700013630,
    "_raw": "EventID=4663 ComputerName=WORKSTATION-025 AccountName=user019 AccountDomain=CONTOSO LogonType=10 IpAddress=114.173.57.188 IpPort=32414",
    "host": "workstation-025",
    "source": "WinEventLog:Security",
    "sourcetype": "WinEventLog:Security",
    "index": "windows",
    "EventCode": "4663",
    "ComputerName": "WORKSTATION-025",
    "AccountName": "user019",
    "AccountDomain": "CONTOSO",
    "LogonType": "10",
    "src_ip": "36.59.157.7"
  },
  {
    "_time": 1700006123,
    "_raw": "EventID=4769 ComputerName=WORKSTATION-027 AccountName=user008 AccountDomain=ACME LogonType=2 IpAddress=156.99.113.201 IpPort=62343",
    "host": "workstation-027",
    "source": "WinEventLog:Security",
    "sourcetype": "WinEventLog:Security",
    "index": "windows",
    "EventCode": "4769",
    "ComputerName": "WORKSTATION-027",
    "AccountName": "user008",
    "AccountDomain": "ACME",
    "LogonType": "2",
    "src_ip": "51.11.42.138"
  },
  {
    "_time": 1700013216,
    "_raw": "EventID=4720 ComputerName=WORKSTATION-022 AccountName=LOCAL SERVICE AccountDomain=CORP LogonType=5 IpAddress=192.168.1.155.155 IpPort=34549",
    "host": "workstation-022",
    "source": "WinEventLog:Security",
    "sourcetype": "WinEventLog:Security",
    "index": "windows",
    "EventCode": "4720",
    "ComputerName": "WORKSTATION-022",
    "AccountName": "LOCAL SERVICE",
    "AccountDomain": "CORP",
    "LogonType": "5",
    "src_ip": "171.184.203.38"
  },
  {
    "_time": 1700010879,
    "_raw": "EventID=4688 ComputerName=WORKSTATION-012 AccountName=user013 AccountDomain=ACME LogonType=4 IpAddress=79.228.44.56 IpPort=48724",
    "host": "workstation-012",
    "source": "WinEventLog:Security",
    "sourcetype": "WinEventLog:Security",
    "index": "windows",
    "EventCode": "4688",
    "ComputerName": "WORKSTATION-012",
    "AccountName": "user013",
    "AccountDomain": "ACME",
    "LogonType": "4",
    "src_ip": "190.212.226.74"
  },
  {
    "_time": 1700002844,
    "_raw": "EventID=4688 ComputerName=WORKSTATION-024 AccountName=user014 AccountDomain=CORP LogonType=10 IpAddress=10.0.78.122 IpPort=57878",
    "host": "workstation-024",
    "source": "WinEventLog:Security",
    "sourcetype": "WinEventLog:Security",
    "index": "windows",
    "EventCode": "4688",
    "ComputerName": "WORKSTATION-024",
    "AccountName": "user014",
    "AccountDomain": "CORP",
    "LogonType": "10",
    "src_ip": "86.33.192.23"
  },
  {
    "_time": 1700000475,
    "_raw": "EventID=4688 ComputerName=WORKSTATION-021 AccountName=user009 AccountDomain=ACME LogonType=10 IpAddress=146.70.102.48 IpPort=55568",
    "host": "workstation-021",
    "source": "WinEventLog:Security",
    "sourcetype": "WinEventLog:Security",
    "index": "windows",
    "EventCode": "4688",
    "ComputerName": "WORKSTATION-021",
    "AccountName": "user009",
    "AccountDomain": "ACME",
    "LogonType": "10",
    "src_ip": "142.251.21.211"
  },
  {
    "_time": 1700012852,
    "_raw": "EventID=4663 ComputerName=WORKSTATION-027 AccountName=user019 AccountDomain=ACME LogonType=10 IpAddress=58.13.1.40 IpPort=18238",
    "host": "workstation-027",
    "source": "WinEventLog:Security",
    "sourcetype": "WinEventLog:Security",
    "index": "windows",
    "EventCode": "4663",
    "ComputerName": "WORKSTATION-027",
    "AccountName": "user019",
    "AccountDomain": "ACME",
    "LogonType": "10",
    "src_ip": "164.241.63.168"
  },
  {
    "_time": 1700010494,
    "_raw": "EventID=4663 ComputerName=WORKSTATION-014 AccountName=user006 AccountDomain=ACME LogonType=3 IpAddress=192.168.1.127.249 IpPort=5396",
    "host": "workstation-014",
    "source": "WinEventLog:Security",
    "sourcetype": "WinEventLog:Security",
    "index": "windows",
    "EventCode": "4663",
    "ComputerName": "WORKSTATION-014",
    "AccountName": "user006",
    "AccountDomain": "ACME",
    "LogonType": "3",
    "src_ip": "93.246.223.223"
  },
  {
    "_time": 1700004302,
    "_raw": "EventID=4776 ComputerName=WORKSTATION-022 AccountName=user016 AccountDomain=CONTOSO LogonType=4 IpAddress=148.8.132.42 IpPort=39143",
    "host": "workstation-022",
    "source": "WinEventLog:Security",
    "sourcetype": "WinEventLog:Security",
    "index": "windows",
    "EventCode": "4776",
    "ComputerName": "WORKSTATION-022",
    "AccountName": "user016",
    "AccountDomain": "CONTOSO",
    "LogonType": "4",
    "src_ip": "192.168.1.119.225"
  },
  {
    "_time": 1700011017,
    "_raw": "EventID=4634 ComputerName=WORKSTATION-012 AccountName=user006 AccountDomain=CORP LogonType=4 IpAddress=92.24.148.75 IpPort=35732",
    "host": "workstation-012",
    "source": "WinEventLog:Security",
    "sourcetype": "WinEventLog:Security",
    "index": "windows",
    "EventCode": "4634",
    "ComputerName": "WORKSTATION-012",
    "AccountName": "user006",
    "AccountDomain": "CORP",
    "LogonType": "4",
    "src_ip": "20.99.93.196"
  },
  {
    "_time": 1700001920,
    "_raw": "EventID=4769 ComputerName=WORKSTATION-025 AccountName=user006 AccountDomain=CONTOSO LogonType=4 IpAddress=176.154.138.176 IpPort=46765",
    "host": "workstation-025",
    "source": "WinEventLog:Security",
    "sourcetype": "WinEventLog:Security",
    "index": "windows",
    "EventCode": "4769",
    "ComputerName": "WORKSTATION-025",
    "AccountName": "user006",
    "AccountDomain": "CONTOSO",
    "LogonType": "4",
    "src_ip": "25.180.73.4"
  },
  {
    "_time": 1700002405,
    "_raw": "EventID=4768 ComputerName=WORKSTATION-010 AccountName=user012 AccountDomain=ACME LogonType=4 IpAddress=42.52.111.40 IpPort=34013",
    "host": "workstation-010",
    "source": "WinEventLog:Security",
    "sourcetype": "WinEventLog:Security",
    "index": "windows",
    "EventCode": "4768",
    "ComputerName": "WORKSTATION-010",
    "AccountName": "user012",
    "AccountDomain": "ACME",
    "LogonType": "4",
    "src_ip": "10.0.204.230"
  },
  {
    "_time": 1700008676,
    "_raw": "EventID=4769 ComputerName=WORKSTATION-023 AccountName=user017 AccountDomain=CONTOSO LogonType=10 IpAddress=206.58.213.118 IpPort=61057",
    "host": "workstation-023",
    "source": "WinEventLog:Security",
    "sourcetype": "WinEventLog:Security",
    "index": "windows",
    "EventCode": "4769",
    "ComputerName": "WORKSTATION-023",
    "AccountName": "user017",
    "AccountDomain": "CONTOSO",
    "LogonType": "10",
    "src_ip": "10.0.237.5"
  },
  {
    "_time": 1700007728,
    "_raw": "EventID=4672 ComputerName=WORKSTATION-010 AccountName=user012 AccountDomain=CORP LogonType=10 IpAddress=88.88.155.8 IpPort=49812",
    "host": "workstation-010",
    "source": "WinEventLog:Security",
    "sourcetype": "WinEventLog:Security",
    "index": "windows",
    "EventCode": "4672",
    "ComputerName": "WORKSTATION-010",
    "AccountName": "user012",
    "AccountDomain": "CORP",
    "LogonType": "10",
    "src_ip": "57.65.72.177"
  },
  {
    "_time": 1700003872,
    "_raw": "EventID=4663 ComputerName=WORKSTATION-005 AccountName=user007 AccountDomain=CORP LogonType=5 IpAddress=201.57.39.5 IpPort=51794",
    "host": "workstation-005",
    "source": "WinEventLog:Security",
    "sourcetype": "WinEventLog:Security",
    "index": "windows",
    "EventCode": "4663",
    "ComputerName": "WORKSTATION-005",
    "AccountName": "user007",
    "AccountDomain": "CORP",
    "LogonType": "5",
    "src_ip": "111.21.100.28"
  },
  {
    "_time": 1700000970,
    "_raw": "EventID=4776 ComputerName=WORKSTATION-017 AccountName=user019 AccountDomain=CORP LogonType=2 IpAddress=12.33.154.171 IpPort=1697",
    "host": "workstation-017",
    "source": "WinEventLog:Security",
    "sourcetype": "WinEventLog:Security",
    "index": "windows",
    "EventCode": "4776",
    "ComputerName": "WORKSTATION-017",
    "AccountName": "user019",
    "AccountDomain": "CORP",
    "LogonType": "2",
    "src_ip": "201.63.105.151"
  },
  {
    "_time": 1700014094,
    "_raw": "EventID=4648 ComputerName=WORKSTATION-006 AccountName=LOCAL SERVICE AccountDomain=ACME LogonType=2 IpAddress=172.16.242.72 IpPort=63204",
    "host": "workstation-006",
    "source": "WinEventLog:Security",
    "sourcetype": "WinEventLog:Security",
    "index": "windows",
    "EventCode": "4648",
    "ComputerName": "WORKSTATION-006",
    "AccountName": "LOCAL SERVICE",
    "AccountDomain": "ACME",
    "LogonType": "2",
    "src_ip": "91.82.123.130"
  },
  {
    "_time": 1700009253,
    "_raw": "EventID=4625 ComputerName=WORKSTATION-004 AccountName=user019 AccountDomain=CORP LogonType=3 IpAddress=73.87.2.250 IpPort=48560",
    "host": "workstation-004",
    "source": "WinEventLog:Security",
    "sourcetype": "WinEventLog:Security",
    "index": "windows",
    "EventCode": "4625",
    "ComputerName": "WORKSTATION-004",
    "AccountName": "user019",
    "AccountDomain": "CORP",
    "LogonType": "3",
    "src_ip": "10.0.236.130"
  },
  {
    "_time": 1700013664,
    "_raw": "EventID=4720 ComputerName=WORKSTATION-012 AccountName=user019 AccountDomain=CORP LogonType=2 IpAddress=192.168.1.252.98 IpPort=28817",
    "host": "workstation-012",
    "source": "WinEventLog:Security",
    "sourcetype": "WinEventLog:Security",
    "index": "windows",
    "EventCode": "4720",
    "ComputerName": "WORKSTATION-012",
    "AccountName": "user019",
    "AccountDomain": "CORP",
    "LogonType": "2",
    "src_ip": "10.0.105.29"
  },
  {
    "_time": 1700012225,
    "_raw": "EventID=4672 ComputerName=WORKSTATION-004 AccountName=user015 AccountDomain=CORP LogonType=3 IpAddress=93.147.20.22 IpPort=22527",
    "host": "workstation-004",
    "source": "WinEventLog:Security",
    "sourcetype": "WinEventLog:Security",
    "index": "windows",
    "EventCode": "4672",
    "ComputerName": "WORKSTATION-004",
    "AccountName": "user015",
    "AccountDomain": "CORP",
    "LogonType": "3",
    "src_ip": "99.145.233.154"
  },
  {
    "_time": 1700011760,
    "_raw": "EventID=4663 ComputerName=WORKSTATION-022 AccountName=user015 AccountDomain=CORP LogonType=5 IpAddress=192.168.1.49.220 IpPort=5585",
    "host": "workstation-022",
    "source": "WinEventLog:Security",
    "sourcetype": "WinEventLog:Security",
    "index": "windows",
    "EventCode": "4663",
    "ComputerName": "WORKSTATION-022",
    "AccountName": "user015",
    "AccountDomain": "CORP",
    "LogonType": "5",
    "src_ip": "206.243.188.46"
  },
  {
    "_time": 1700000491,
    "_raw": "EventID=4776 ComputerName=WORKSTATION-016 AccountName=LOCAL SERVICE AccountDomain=CORP LogonType=5 IpAddress=174.43.61.37 IpPort=26898",
    "host": "workstation-016",
    "source": "WinEventLog:Security",
    "sourcetype": "WinEventLog:Security",
    "index": "windows",
    "EventCode": "4776",
    "ComputerName": "WORKSTATION-016",
    "AccountName": "LOCAL SERVICE",
    "AccountDomain": "CORP",
    "LogonType": "5",
    "src_ip": "152.52.86.17"
  },
  {
    "_time": 1700005904,
    "_raw": "EventID=4648 ComputerName=WORKSTATION-011 AccountName=user007 AccountDomain=CONTOSO LogonType=2 IpAddress=192.168.1.186.128 IpPort=19276",
    "host": "workstation-011",
    "source": "WinEventLog:Security",
    "sourcetype": "WinEventLog:Security",
    "index": "windows",
    "EventCode": "4648",
    "ComputerName": "WORKSTATION-011",
    "AccountName": "user007",
    "AccountDomain": "CONTOSO",
    "LogonType": "2",
    "src_ip": "197.139.204.92"
  },
  {
    "_time": 1700007888,
    "_raw": "EventID=4776 ComputerName=WORKSTATION-020 AccountName=user013 AccountDomain=ACME LogonType=4 IpAddress=192.168.1.28.32 IpPort=17453",
    "host": "workstation-020",
    "source": "WinEventLog:Security",
    "sourcetype": "WinEventLog:Security",
    "index": "windows",
    "EventCode": "4776",
    "ComputerName": "WORKSTATION-020",
    "AccountName": "user013",
    "AccountDomain": "ACME",
    "LogonType": "4",
    "src_ip": "60.68.15.26"
  },
  {
    "_time": 1700011856,
    "_raw": "EventID=4624 ComputerName=WORKSTATION-027 AccountName=user003 AccountDomain=ACME LogonType=2 IpAddress=98.167.78.78 IpPort=41785",
    "host": "workstation-027",
    "source": "WinEventLog:Security",
    "sourcetype": "WinEventLog:Security",
    "index": "windows",
    "EventCode": "4624",
    "ComputerName": "WORKSTATION-027",
    "AccountName": "user003",
    "AccountDomain": "ACME",
    "LogonType": "2",
    "src_ip": "195.39.252.203"
  },
  {
    "_time": 1700007425,
    "_raw": "EventID=4648 ComputerName=WORKSTATION-010 AccountName=LOCAL SERVICE AccountDomain=ACME LogonType=10 IpAddress=192.168.1.208.221 IpPort=36448",
    "host": "workstation-010",
    "source": "WinEventLog:Security",
    "sourcetype": "WinEventLog:Security",
    "index": "windows",
    "EventCode": "4648",
    "ComputerName": "WORKSTATION-010",
    "AccountName": "LOCAL SERVICE",
    "AccountDomain": "ACME",
    "LogonType": "10",
    "src_ip": "196.16.220.226"
  },
  {
    "_time": 1700014880,
    "_raw": "EventID=4625 ComputerName=WORKSTATION-013 AccountName=user015 AccountDomain=ACME LogonType=5 IpAddress=9.90.155.227 IpPort=47296",
    "host": "workstation-013",
    "source": "WinEventLog:Security",
    "sourcetype": "WinEventLog:Security",
    "index": "windows",
    "EventCode": "4625",
    "ComputerName": "WORKSTATION-013",
    "AccountName": "user015",
    "AccountDomain": "ACME",
    "LogonType": "5",
    "src_ip": "192.168.1.35.80"
  },
  {
    "_time": 1700011431,
    "_raw": "EventID=4688 ComputerName=WORKSTATION-016 AccountName=user004 AccountDomain=CONTOSO LogonType=5 IpAddress=176.240.243.144 IpPort=57014",
    "host": "workstation-016",
    "source": "WinEventLog:Security",
    "sourcetype": "WinEventLog:Security",
    "index": "windows",
    "EventCode": "4688",
    "ComputerName": "WORKSTATION-016",
    "AccountName": "user004",
    "AccountDomain": "CONTOSO",
    "LogonType": "5",
    "src_ip": "10.0.101.68"
  },
  {
    "_time": 1700007968,
    "_raw": "EventID=4769 ComputerName=WORKSTATION-013 AccountName=SYSTEM AccountDomain=CONTOSO LogonType=4 IpAddress=8.23.65.215 IpPort=25037",
    "host": "workstation-013",
    "source": "WinEventLog:Security",
    "sourcetype": "WinEventLog:Security",
    "index": "windows",
    "EventCode": "4769",
    "ComputerName": "WORKSTATION-013",
    "AccountName": "SYSTEM",
    "AccountDomain": "CONTOSO",
    "LogonType": "4",
    "src_ip": "190.13.174.98"
  },
  {
    "_time": 1700001996,
    "_raw": "EventID=4688 ComputerName=WORKSTATION-012 AccountName=user012 AccountDomain=ACME LogonType=2 IpAddress=64.120.159.152 IpPort=6590",
    "host": "workstation-012",
    "source": "WinEventLog:Security",
    "sourcetype": "WinEventLog:Security",
    "index": "windows",
    "EventCode": "4688",
    "ComputerName": "WORKSTATION-012",
    "AccountName": "user012",
    "AccountDomain": "ACME",
    "LogonType": "2",
    "src_ip": "17.156.58.87"
  },
  {
    "_time": 1700003000,
    "_raw": "EventID=4624 ComputerName=WORKSTATION-018 AccountName=user011 AccountDomain=CORP LogonType=5 IpAddress=108.136.10.179 IpPort=31806",
    "host": "workstation-018",
    "source": "WinEventLog:Security",
    "sourcetype": "WinEventLog:Security",
    "index": "windows",
    "EventCode": "4624",
    "ComputerName": "WORKSTATION-018",
    "AccountName": "user011",
    "AccountDomain": "CORP",
    "LogonType": "5",
    "src_ip": "82.193.199.83"
  },
  {
    "_time": 1700009519,
    "_raw": "EventID=4625 ComputerName=WORKSTATION-026 AccountName=user016 AccountDomain=CORP LogonType=3 IpAddress=129.173.85.158 IpPort=20653",
    "host": "workstation-026",
    "source": "WinEventLog:Security",
    "sourcetype": "WinEventLog:Security",
    "index": "windows",
    "EventCode": "4625",
    "ComputerName": "WORKSTATION-026",
    "AccountName": "user016",
    "AccountDomain": "CORP",
    "LogonType": "3",
    "src_ip": "112.103.254.163"
  },
  {
    "_time": 1700014056,
    "_raw": "EventID=4625 ComputerName=WORKSTATION-027 AccountName=user018 AccountDomain=CORP LogonType=4 IpAddress=172.16.103.206 IpPort=15827",
    "host": "workstation-027",
    "source": "WinEventLog:Security",
    "sourcetype": "WinEventLog:Security",
    "index": "windows",
    "EventCode": "4625",
    "ComputerName": "WORKSTATION-027",
    "AccountName": "user018",
    "AccountDomain": "CORP",
    "LogonType": "4",
    "src_ip": "24.48.172.70"
  },
  {
    "_time": 1700001509,
    "_raw": "EventID=4769 ComputerName=WORKSTATION-026 AccountName=user017 AccountDomain=ACME LogonType=3 IpAddress=20.154.153.111 IpPort=44504",
    "host": "workstation-026",
    "source": "WinEventLog:Security",
    "sourcetype": "WinEventLog:Security",
    "index": "windows",
    "EventCode": "4769",
    "ComputerName": "WORKSTATION-026",
    "AccountName": "user017",
    "AccountDomain": "ACME",
    "LogonType": "3",
    "src_ip": "52.212.205.65"
  },
  {
    "_time": 1700010080,
    "_raw": "EventID=4768 ComputerName=WORKSTATION-015 AccountName=LOCAL SERVICE AccountDomain=CONTOSO LogonType=2 IpAddress=133.95.255.55 IpPort=44330",
    "host": "workstation-015",
    "source": "WinEventLog:Security",
    "sourcetype": "WinEventLog:Security",
    "index": "windows",
    "EventCode": "4768",
    "ComputerName": "WORKSTATION-015",
    "AccountName": "LOCAL SERVICE",
    "AccountDomain": "CONTOSO",
    "LogonType": "2",
    "src_ip": "191.239.137.240"
  },
