  {
    "_time": 1700010605,
    "_raw": "EventID=4768 ComputerName=WORKSTATION-026 AccountName=SYSTEM AccountDomain=ACME LogonType=2 IpAddress=94.236.75.62 IpPort=10885",
    "host": "workstation-026",
    "source": "WinEventLog:Security",
    "sourcetype": "WinEventLog:Security",
    "index": "windows",
    "EventCode": "4768",
    "ComputerName": "WORKSTATION-026",
    "AccountName": "SYSTEM",
    "AccountDomain": "ACME",
    "LogonType": "2",
    "src_ip": "196.153.222.106"
  },
  {
    "_time": 1700005566,
    "_raw": "EventID=4625 ComputerName=WORKSTATION-021 AccountName=user007 AccountDomain=ACME LogonType=4 IpAddress=66.120.207.62 IpPort=8466",
    "host": "workstation-021",
    "source": "WinEventLog:Security",
    "sourcetype": "WinEventLog:Security",
    "index": "windows",
    "EventCode": "4625",
    "ComputerName": "WORKSTATION-021",
    "AccountName": "user007",
    "AccountDomain": "ACME",
    "LogonType": "4",
    "src_ip": "10.0.63.205"
  },
  {
    "_time": 1700013689,
    "_raw": "EventID=4663 ComputerName=WORKSTATION-015 AccountName=user016 AccountDomain=CONTOSO LogonType=5 IpAddress=10.103.81.70 IpPort=9965",
    "host": "workstation-015",
    "source": "WinEventLog:Security",
    "sourcetype": "WinEventLog:Security",
    "index": "windows",
    "EventCode": "4663",
    "ComputerName": "WORKSTATION-015",
    "AccountName": "user016",
    "AccountDomain": "CONTOSO",
    "LogonType": "5",
    "src_ip": "192.168.1.169.141"
  },
  {
    "_time": 1700003048,
    "_raw": "EventID=4776 ComputerName=WORKSTATION-028 AccountName=user002 AccountDomain=CONTOSO LogonType=2 IpAddress=10.0.81.155 IpPort=20552",
    "host": "workstation-028",
    "source": "WinEventLog:Security",
    "sourcetype": "WinEventLog:Security",
    "index": "windows",
    "EventCode": "4776",
    "ComputerName": "WORKSTATION-028",
    "AccountName": "user002",
    "AccountDomain": "CONTOSO",
    "LogonType": "2",
    "src_ip": "105.186.46.102"
  },
  {
    "_time": 1700013743,
    "_raw": "EventID=4634 ComputerName=WORKSTATION-008 AccountName=user004 AccountDomain=CONTOSO LogonType=10 IpAddress=134.128.254.227 IpPort=6938",
    "host": "workstation-008",
    "source": "WinEventLog:Security",
    "sourcetype": "WinEventLog:Security",
    "index": "windows",
    "EventCode": "4634",
    "ComputerName": "WORKSTATION-008",
    "AccountName": "user004",
    "AccountDomain": "CONTOSO",
    "LogonType": "10",
    "src_ip": "10.0.198.207"
  },
  {
    "_time": 1700005610,
    "_raw": "EventID=4672 ComputerName=WORKSTATION-027 AccountName=user019 AccountDomain=CONTOSO LogonType=3 IpAddress=56.73.54.45 IpPort=15055",
    "host": "workstation-027",
    "source": "WinEventLog:Security",
    "sourcetype": "WinEventLog:Security",
    "index": "windows",
    "EventCode": "4672",
    "ComputerName": "WORKSTATION-027",
    "AccountName": "user019",
    "AccountDomain": "CONTOSO",
    "LogonType": "3",
    "src_ip": "113.209.130.221"
  },
  {
    "_time": 1700009709,
    "_raw": "EventID=4624 ComputerName=WORKSTATION-016 AccountName=user018 AccountDomain=ACME LogonType=2 IpAddress=109.243.126.247 IpPort=19225",
    "host": "workstation-016",
    "source": "WinEventLog:Security",
    "sourcetype": "WinEventLog:Security",
    "index": "windows",
    "EventCode": "4624",
    "ComputerName": "WORKSTATION-016",
    "AccountName": "user018",
    "AccountDomain": "ACME",
    "LogonType": "2",
    "src_ip": "38.185.243.184"
  },
  {
    "_time": 1700006144,
    "_raw": "EventID=4663 ComputerName=WORKSTATION-001 AccountName=NETWORK SERVICE AccountDomain=CONTOSO LogonType=2 IpAddress=202.122.129.142 IpPort=26235",
    "host": "workstation-001",
    "source": "WinEventLog:Security",
    "sourcetype": "WinEventLog:Security",
    "index": "windows",
    "EventCode": "4663",
    "ComputerName": "WORKSTATION-001",
    "AccountName": "NETWORK SERVICE",
    "AccountDomain": "CONTOSO",
    "LogonType": "2",
    "src_ip": "180.185.62.137"
  },
  {
    "_time": 1700014364,
    "_raw": "EventID=4648 ComputerName=WORKSTATION-028 AccountName=user015 AccountDomain=ACME LogonType=5 IpAddress=66.154.46.240 IpPort=54940",
    "host": "workstation-028",
    "source": "WinEventLog:Security",
    "sourcetype": "WinEventLog:Security",
    "index": "windows",
    "EventCode": "4648",
    "ComputerName": "WORKSTATION-028",
    "AccountName": "user015",
    "AccountDomain": "ACME",
    "LogonType": "5",
    "src_ip": "77.107.82.235"
  },
  {
    "_time": 1700007710,
    "_raw": "EventID=4776 ComputerName=WORKSTATION-011 AccountName=NETWORK SERVICE AccountDomain=ACME LogonType=4 IpAddress=211.251.241.189 IpPort=28087",
    "host": "workstation-011",
    "source": "WinEventLog:Security",
    "sourcetype": "WinEventLog:Security",
    "index": "windows",
    "EventCode": "4776",
    "ComputerName": "WORKSTATION-011",
    "AccountName": "NETWORK SERVICE",
    "AccountDomain": "ACME",
    "LogonType": "4",
    "src_ip": "86.216.51.212"
  },
  {
    "_time": 1700003090,
    "_raw": "EventID=4663 ComputerName=WORKSTATION-017 AccountName=user003 AccountDomain=ACME LogonType=10 IpAddress=141.167.232.178 IpPort=2816",
    "host": "workstation-017",
    "source": "WinEventLog:Security",
    "sourcetype": "WinEventLog:Security",
    "index": "windows",
    "EventCode": "4663",
    "ComputerName": "WORKSTATION-017",
    "AccountName": "user003",
    "AccountDomain": "ACME",
    "LogonType": "10",
    "src_ip": "165.94.227.203"
  },
  {
    "_time": 1700010836,
    "_raw": "EventID=4634 ComputerName=WORKSTATION-001 AccountName=user013 AccountDomain=CORP LogonType=4 IpAddress=22.56.80.64 IpPort=34864",
    "host": "workstation-001",
    "source": "WinEventLog:Security",
    "sourcetype": "WinEventLog:Security",
    "index": "windows",
    "EventCode": "4634",
    "ComputerName": "WORKSTATION-001",
    "AccountName": "user013",
    "AccountDomain": "CORP",
    "LogonType": "4",
    "src_ip": "197.66.210.203"
  },
  {
    "_time": 1700005687,
    "_raw": "EventID=4720 ComputerName=WORKSTATION-016 AccountName=user005 AccountDomain=ACME LogonType=10 IpAddress=205.144.101.22 IpPort=28188",
    "host": "workstation-016",
    "source": "WinEventLog:Security",
    "sourcetype": "WinEventLog:Security",
    "index": "windows",
    "EventCode": "4720",
    "ComputerName": "WORKSTATION-016",
    "AccountName": "user005",
    "AccountDomain": "ACME",
    "LogonType": "10",
    "src_ip": "101.193.114.6"
  },
  {
    "_time": 1700000518,
    "_raw": "EventID=4768 ComputerName=WORKSTATION-021 AccountName=SYSTEM AccountDomain=CONTOSO LogonType=2 IpAddress=51.134.86.13 IpPort=27306",
    "host": "workstation-021",
    "source": "WinEventLog:Security",
    "sourcetype": "WinEventLog:Security",
    "index": "windows",
    "EventCode": "4768",
    "ComputerName": "WORKSTATION-021",
    "AccountName": "SYSTEM",
    "AccountDomain": "CONTOSO",
    "LogonType": "2",
    "src_ip": "154.133.76.23"
  },
  {
    "_time": 1700006228,
    "_raw": "EventID=4634 ComputerName=WORKSTATION-019 AccountName=user004 AccountDomain=CORP LogonType=10 IpAddress=117.253.60.58 IpPort=47788",
    "host": "workstation-019",
    "source": "WinEventLog:Security",
    "sourcetype": "WinEventLog:Security",
    "index": "windows",
    "EventCode": "4634",
    "ComputerName": "WORKSTATION-019",
    "AccountName": "user004",
    "AccountDomain": "CORP",
    "LogonType": "10",
    "src_ip": "192.168.1.74.192"
  },
  {
    "_time": 1700008320,
    "_raw": "EventID=4688 ComputerName=WORKSTATION-005 AccountName=user014 AccountDomain=CORP LogonType=3 IpAddress=73.96.214.47 IpPort=27797",
    "host": "workstation-005",
    "source": "WinEventLog:Security",
    "sourcetype": "WinEventLog:Security",
    "index": "windows",
    "EventCode": "4688",
    "ComputerName": "WORKSTATION-005",
    "AccountName": "user014",
    "AccountDomain": "CORP",
    "LogonType": "3",
    "src_ip": "8.148.134.61"
  },
  {
    "_time": 1700010420,
    "_raw": "EventID=4720 ComputerName=WORKSTATION-030 AccountName=user008 AccountDomain=ACME LogonType=5 IpAddress=192.168.1.35.224 IpPort=22208",
    "host": "workstation-030",
    "source": "WinEventLog:Security",
    "sourcetype": "WinEventLog:Security",
    "index": "windows",
    "EventCode": "4720",
    "ComputerName": "WORKSTATION-030",
    "AccountName": "user008",
    "AccountDomain": "ACME",
    "LogonType": "5",
    "src_ip": "102.108.196.182"
  },
  {
    "_time": 1700007308,
    "_raw": "EventID=4769 ComputerName=WORKSTATION-009 AccountName=user003 AccountDomain=CORP LogonType=2 IpAddress=10.0.121.233 IpPort=24243",
    "host": "workstation-009",
    "source": "WinEventLog:Security",
    "sourcetype": "WinEventLog:Security",
    "index": "windows",
    "EventCode": "4769",
    "ComputerName": "WORKSTATION-009",
    "AccountName": "user003",
    "AccountDomain": "CORP",
    "LogonType": "2",
    "src_ip": "172.23.2.65"
  },
  {
    "_time": 1700008891,
    "_raw": "EventID=4769 ComputerName=WORKSTATION-013 AccountName=user010 AccountDomain=ACME LogonType=4 IpAddress=172.16.11.149 IpPort=12779",
    "host": "workstation-013",
    "source": "WinEventLog:Security",
    "sourcetype": "WinEventLog:Security",
    "index": "windows",
    "EventCode": "4769",
    "ComputerName": "WORKSTATION-013",
    "AccountName": "user010",
    "AccountDomain": "ACME",
    "LogonType": "4",
    "src_ip": "172.16.127.239"
  },
  {
    "_time": 1700005764,
    "_raw": "EventID=4720 ComputerName=WORKSTATION-005 AccountName=user003 AccountDomain=ACME LogonType=10 IpAddress=67.59.160.12 IpPort=65152",
    "host": "workstation-005",
    "source": "WinEventLog:Security",
    "sourcetype": "WinEventLog:Security",
    "index": "windows",
    "EventCode": "4720",
    "ComputerName": "WORKSTATION-005",
    "AccountName": "user003",
    "AccountDomain": "ACME",
    "LogonType": "10",
    "src_ip": "192.168.1.192.93"
  },
  {
    "_time": 1700015750,
    "_raw": "EventID=4688 ComputerName=WORKSTATION-010 AccountName=user009 AccountDomain=CONTOSO LogonType=10 IpAddress=43.161.251.196 IpPort=63286",
    "host": "workstation-010",
    "source": "WinEventLog:Security",
    "sourcetype": "WinEventLog:Security",
    "index": "windows",
    "EventCode": "4688",
    "ComputerName": "WORKSTATION-010",
    "AccountName": "user009",
    "AccountDomain": "CONTOSO",
    "LogonType": "10",
    "src_ip": "172.16.163.205"
  },
  {
    "_time": 1700007890,
    "_raw": "EventID=4624 ComputerName=WORKSTATION-007 AccountName=user005 AccountDomain=CORP LogonType=3 IpAddress=192.168.1.42.181 IpPort=31638",
    "host": "workstation-007",
    "source": "WinEventLog:Security",
    "sourcetype": "WinEventLog:Security",
    "index": "windows",
    "EventCode": "4624",
    "ComputerName": "WORKSTATION-007",
    "AccountName": "user005",
    "AccountDomain": "CORP",
    "LogonType": "3",
    "src_ip": "127.20.226.92"
  },
  {
    "_time": 1700012121,
    "_raw": "EventID=4768 ComputerName=WORKSTATION-016 AccountName=user015 AccountDomain=ACME LogonType=3 IpAddress=10.0.53.223 IpPort=19643",
    "host": "workstation-016",
    "source": "WinEventLog:Security",
    "sourcetype": "WinEventLog:Security",
    "index": "windows",
    "EventCode": "4768",
    "ComputerName": "WORKSTATION-016",
    "AccountName": "user015",
    "AccountDomain": "ACME",
    "LogonType": "3",
    "src_ip": "10.0.192.131"
  },
  {
    "_time": 1700014256,
    "_raw": "EventID=4663 ComputerName=WORKSTATION-019 AccountName=LOCAL SERVICE AccountDomain=CONTOSO LogonType=10 IpAddress=2.92.213.236 IpPort=6059",
    "host": "workstation-019",
    "source": "WinEventLog:Security",
    "sourcetype": "WinEventLog:Security",
    "index": "windows",
    "EventCode": "4663",
    "ComputerName": "WORKSTATION-019",
    "AccountName": "LOCAL SERVICE",
    "AccountDomain": "CONTOSO",
    "LogonType": "10",
    "src_ip": "192.168.1.174.25"
  },
  {
    "_time": 1700015341,
    "_raw": "EventID=4672 ComputerName=WORKSTATION-001 AccountName=user010 AccountDomain=CONTOSO LogonType=2 IpAddress=152.54.165.40 IpPort=2916",
    "host": "workstation-001",
    "source": "WinEventLog:Security",
    "sourcetype": "WinEventLog:Security",
    "index": "windows",
    "EventCode": "4672",
    "ComputerName": "WORKSTATION-001",
    "AccountName": "user010",
    "AccountDomain": "CONTOSO",
    "LogonType": "2",
    "src_ip": "172.16.169.123"
  },
  {
    "_time": 1700007950,
    "_raw": "EventID=4776 ComputerName=WORKSTATION-009 AccountName=SYSTEM AccountDomain=CONTOSO LogonType=4 IpAddress=168.231.166.243 IpPort=48966",
    "host": "workstation-009",
    "source": "WinEventLog:Security",
    "sourcetype": "WinEventLog:Security",
    "index": "windows",
    "EventCode": "4776",
    "ComputerName": "WORKSTATION-009",
    "AccountName": "SYSTEM",
    "AccountDomain": "CONTOSO",
    "LogonType": "4",
    "src_ip": "205.66.108.221"
  },
  {
    "_time": 1700001062,
    "_raw": "EventID=4776 ComputerName=WORKSTATION-010 AccountName=user011 AccountDomain=CORP LogonType=2 IpAddress=155.195.47.103 IpPort=17746",
    "host": "workstation-010",
    "source": "WinEventLog:Security",
    "sourcetype": "WinEventLog:Security",
    "index": "windows",
    "EventCode": "4776",
    "ComputerName": "WORKSTATION-010",
    "AccountName": "user011",
    "AccountDomain": "CORP",
    "LogonType": "2",
    "src_ip": "192.168.1.23.6"
  },
  {
    "_time": 1700014896,
    "_raw": "EventID=4648 ComputerName=WORKSTATION-006 AccountName=user013 AccountDomain=ACME LogonType=3 IpAddress=192.168.1.206.111 IpPort=49251",
    "host": "workstation-006",
    "source": "WinEventLog:Security",
    "sourcetype": "WinEventLog:Security",
    "index": "windows",
    "EventCode": "4648",
    "ComputerName": "WORKSTATION-006",
    "AccountName": "user013",
    "AccountDomain": "ACME",
    "LogonType": "3",
    "src_ip": "80.67.183.171"
  },
  {
    "_time": 1700002132,
    "_raw": "EventID=4672 ComputerName=WORKSTATION-017 AccountName=user007 AccountDomain=ACME LogonType=5 IpAddress=145.216.46.194 IpPort=28715",
    "host": "workstation-017",
    "source": "WinEventLog:Security",
    "sourcetype": "WinEventLog:Security",
    "index": "windows",
    "EventCode": "4672",
    "ComputerName": "WORKSTATION-017",
    "AccountName": "user007",
    "AccountDomain": "ACME",
    "LogonType": "5",
    "src_ip": "158.95.222.162"
  },
  {
    "_time": 1700007476,
    "_raw": "EventID=4625 ComputerName=WORKSTATION-002 AccountName=user017 AccountDomain=ACME LogonType=3 IpAddress=183.79.253.135 IpPort=42282",
    "host": "workstation-002",
    "source": "WinEventLog:Security",
    "sourcetype": "WinEventLog:Security",
    "index": "windows",
    "EventCode": "4625",
    "ComputerName": "WORKSTATION-002",
    "AccountName": "user017",
    "AccountDomain": "ACME",
    "LogonType": "3",
    "src_ip": "22.148.239.112"
  },
  {
    "_time": 1700001605,
    "_raw": "EventID=4720 ComputerName=WORKSTATION-010 AccountName=user005 AccountDomain=CORP LogonType=4 IpAddress=134.218.151.146 IpPort=4151",
    "host": "workstation-010",
    "source": "WinEventLog:Security",
    "sourcetype": "WinEventLog:Security",
    "index": "windows",
    "EventCode": "4720",
    "ComputerName": "WORKSTATION-010",
    "AccountName": "user005",
    "AccountDomain": "CORP",
    "LogonType": "4",
    "src_ip": "12.55.217.106"
  },
  {
    "_time": 1700002144,
    "_raw": "EventID=4720 ComputerName=WORKSTATION-022 AccountName=user019 AccountDomain=ACME LogonType=4 IpAddress=197.8.58.190 IpPort=44381",
    "host": "workstation-022",
    "source": "WinEventLog:Security",
    "sourcetype": "WinEventLog:Security",
    "index": "windows",
    "EventCode": "4720",
    "ComputerName": "WORKSTATION-022",
    "AccountName": "user019",
    "AccountDomain": "ACME",
    "LogonType": "4",
    "src_ip": "202.93.201.12"
  },
  {
    "_time": 1700001611,
    "_raw": "EventID=4688 ComputerName=WORKSTATION-029 AccountName=user010 AccountDomain=ACME LogonType=5 IpAddress=116.135.174.248 IpPort=61193",
    "host": "workstation-029",
    "source": "WinEventLog:Security",
    "sourcetype": "WinEventLog:Security",
    "index": "windows",
    "EventCode": "4688",
    "ComputerName": "WORKSTATION-029",
    "AccountName": "user010",
    "AccountDomain": "ACME",
    "LogonType": "5",
    "src_ip": "48.108.94.21"
  },
  {
    "_time": 1700012912,
    "_raw": "EventID=4769 ComputerName=WORKSTATION-009 AccountName=LOCAL SERVICE AccountDomain=CORP LogonType=10 IpAddress=192.168.1.30.4 IpPort=12278",
    "host": "workstation-009",
    "source": "WinEventLog:Security",
    "sourcetype": "WinEventLog:Security",
    "index": "windows",
    "EventCode": "4769",
    "ComputerName": "WORKSTATION-009",
    "AccountName": "LOCAL SERVICE",
    "AccountDomain": "CORP",
    "LogonType": "10",
    "src_ip": "118.207.249.78"
  },
  {
    "_time": 1700010780,
    "_raw": "EventID=4769 ComputerName=WORKSTATION-012 AccountName=LOCAL SERVICE AccountDomain=CONTOSO LogonType=5 IpAddress=23.64.69.4 IpPort=13528",
    "host": "workstation-012",
    "source": "WinEventLog:Security",
    "sourcetype": "WinEventLog:Security",
    "index": "windows",
    "EventCode": "4769",
    "ComputerName": "WORKSTATION-012",
    "AccountName": "LOCAL SERVICE",
    "AccountDomain": "CONTOSO",
    "LogonType": "5",
    "src_ip": "10.0.179.249"
  },
  {
    "_time": 1700003780,
    "_raw": "EventID=4624 ComputerName=WORKSTATION-007 AccountName=user016 AccountDomain=CONTOSO LogonType=3 IpAddress=161.97.44.78 IpPort=51468",
    "host": "workstation-007",
    "source": "WinEventLog:Security",
    "sourcetype": "WinEventLog:Security",
    "index": "windows",
    "EventCode": "4624",
    "ComputerName": "WORKSTATION-007",
    "AccountName": "user016",
    "AccountDomain": "CONTOSO",
    "LogonType": "3",
    "src_ip": "122.216.11.30"
  },
  {
    "_time": 1700003246,
    "_raw": "EventID=4634 ComputerName=WORKSTATION-024 AccountName=user015 AccountDomain=ACME LogonType=2 IpAddress=150.124.103.76 IpPort=38342",
    "host": "workstation-024",
    "source": "WinEventLog:Security",
    "sourcetype": "WinEventLog:Security",
    "index": "windows",
    "EventCode": "4634",
    "ComputerName": "WORKSTATION-024",
    "AccountName": "user015",
    "AccountDomain": "ACME",
    "LogonType": "2",
    "src_ip": "101.26.170.3"
  },
  {
    "_time": 1700002168,
    "_raw": "EventID=4776 ComputerName=WORKSTATION-028 AccountName=user014 AccountDomain=ACME LogonType=10 IpAddress=142.148.18.125 IpPort=27217",
    "host": "workstation-028",
    "source": "WinEventLog:Security",
    "sourcetype": "WinEventLog:Security",
    "index": "windows",
    "EventCode": "4776",
    "ComputerName": "WORKSTATION-028",
    "AccountName": "user014",
    "AccountDomain": "ACME",
    "LogonType": "10",
    "src_ip": "152.249.118.183"
  },
  {
    "_time": 1700001086,
    "_raw": "EventID=4768 ComputerName=WORKSTATION-001 AccountName=user014 AccountDomain=CONTOSO LogonType=10 IpAddress=172.16.107.228 IpPort=32044",
    "host": "workstation-001",
    "source": "WinEventLog:Security",
    "sourcetype": "WinEventLog:Security",
    "index": "windows",
    "EventCode": "4768",
    "ComputerName": "WORKSTATION-001",
    "AccountName": "user014",
    "AccountDomain": "CONTOSO",
    "LogonType": "10",
    "src_ip": "172.16.241.166"
  },
  {
    "_time": 1700006528,
    "_raw": "EventID=4720 ComputerName=WORKSTATION-023 AccountName=user014 AccountDomain=CORP LogonType=4 IpAddress=121.176.224.60 IpPort=34292",
    "host": "workstation-023",
    "source": "WinEventLog:Security",
    "sourcetype": "WinEventLog:Security",
    "index": "windows",
    "EventCode": "4720",
    "ComputerName": "WORKSTATION-023",
    "AccountName": "user014",
    "AccountDomain": "CORP",
    "LogonType": "4",
    "src_ip": "172.16.87.236"
  },
  {
    "_time": 1700010900,
    "_raw": "EventID=4776 ComputerName=WORKSTATION-015 AccountName=user005 AccountDomain=ACME LogonType=5 IpAddress=214.184.241.205 IpPort=64655",
    "host": "workstation-015",
    "source": "WinEventLog:Security",
    "sourcetype": "WinEventLog:Security",
    "index": "windows",
    "EventCode": "4776",
    "ComputerName": "WORKSTATION-015",
    "AccountName": "user005",
    "AccountDomain": "ACME",
    "LogonType": "5",
    "src_ip": "160.106.144.177"
  },
  {
    "_time": 1700013104,
    "_raw": "EventID=4625 ComputerName=WORKSTATION-022 AccountName=user016 AccountDomain=CORP LogonType=3 IpAddress=192.168.1.26.204 IpPort=28285",
    "host": "workstation-022",
    "source": "WinEventLog:Security",
    "sourcetype": "WinEventLog:Security",
    "index": "windows",
    "EventCode": "4625",
    "ComputerName": "WORKSTATION-022",
    "AccountName": "user016",
    "AccountDomain": "CORP",
    "LogonType": "3",
    "src_ip": "127.155.120.54"
  },
  {
    "_time": 1700009846,
    "_raw": "EventID=4624 ComputerName=WORKSTATION-001 AccountName=user012 AccountDomain=ACME LogonType=3 IpAddress=172.16.9.207 IpPort=5196",
    "host": "workstation-001",
    "source": "WinEventLog:Security",
    "sourcetype": "WinEventLog:Security",
    "index": "windows",
    "EventCode": "4624",
    "ComputerName": "WORKSTATION-001",
    "AccountName": "user012",
    "AccountDomain": "ACME",
    "LogonType": "3",
    "src_ip": "30.116.61.144"
  },
  {
    "_time": 1700004384,
    "_raw": "EventID=4720 ComputerName=WORKSTATION-009 AccountName=user011 AccountDomain=ACME LogonType=10 IpAddress=10.0.219.177 IpPort=58282",
    "host": "workstation-009",
    "source": "WinEventLog:Security",
    "sourcetype": "WinEventLog:Security",
    "index": "windows",
    "EventCode": "4720",
    "ComputerName": "WORKSTATION-009",
    "AccountName": "user011",
    "AccountDomain": "ACME",
    "LogonType": "10",
    "src_ip": "172.53.25.238"
  },
  {
    "_time": 1700008235,
    "_raw": "EventID=4720 ComputerName=WORKSTATION-027 AccountName=user004 AccountDomain=CORP LogonType=10 IpAddress=27.21.53.43 IpPort=42306",
    "host": "workstation-027",
    "source": "WinEventLog:Security",
    "sourcetype": "WinEventLog:Security",
    "index": "windows",
    "EventCode": "4720",
    "ComputerName": "WORKSTATION-027",
    "AccountName": "user004",
    "AccountDomain": "CORP",
    "LogonType": "10",
    "src_ip": "10.0.234.93"
  },
  {
    "_time": 1700003300,
    "_raw": "EventID=4663 ComputerName=WORKSTATION-023 AccountName=user015 AccountDomain=CONTOSO LogonType=2 IpAddress=192.168.1.86.210 IpPort=10053",
    "host": "workstation-023",
    "source": "WinEventLog:Security",
    "sourcetype": "WinEventLog:Security",
    "index": "windows",
    "EventCode": "4663",
    "ComputerName": "WORKSTATION-023",
    "AccountName": "user015",
    "AccountDomain": "CONTOSO",
    "LogonType": "2",
    "src_ip": "10.0.113.249"
  },
  {
    "_time": 1700007714,
    "_raw": "EventID=4624 ComputerName=WORKSTATION-008 AccountName=user016 AccountDomain=ACME LogonType=10 IpAddress=192.168.1.96.184 IpPort=50493",
    "host": "workstation-008",
    "source": "WinEventLog:Security",
    "sourcetype": "WinEventLog:Security",
    "index": "windows",
    "EventCode": "4624",
    "ComputerName": "WORKSTATION-008",
    "AccountName": "user016",
    "AccountDomain": "ACME",
    "LogonType": "10",
    "src_ip": "162.125.77.193"
  },
  {
    "_time": 1700013800,
    "_raw": "EventID=4768 ComputerName=WORKSTATION-014 AccountName=user008 AccountDomain=CORP LogonType=5 IpAddress=118.185.15.114 IpPort=10565",
    "host": "workstation-014",
    "source": "WinEventLog:Security",
    "sourcetype": "WinEventLog:Security",
    "index": "windows",
    "EventCode": "4768",
    "ComputerName": "WORKSTATION-014",
    "AccountName": "user008",
    "AccountDomain": "CORP",
    "LogonType": "5",
    "src_ip": "184.35.43.87"
  },
  {
    "_time": 1700006083,
    "_raw": "EventID=4688 ComputerName=WORKSTATION-025 AccountName=user006 AccountDomain=ACME LogonType=5 IpAddress=170.77.29.251 IpPort=42417",
    "host": "workstation-025",
    "source": "WinEventLog:Security",
    "sourcetype": "WinEventLog:Security",
    "index": "windows",
    "EventCode": "4688",
    "ComputerName": "WORKSTATION-025",
    "AccountName": "user006",
    "AccountDomain": "ACME",
    "LogonType": "5",
    "src_ip": "205.151.214.103"
  },
  {
    "_time": 1700016066,
    "_raw": "EventID=4776 ComputerName=WORKSTATION-023 AccountName=user018 AccountDomain=ACME LogonType=4 IpAddress=3.143.75.180 IpPort=27496",
    "host": "workstation-023",
    "source": "WinEventLog:Security",
    "sourcetype": "WinEventLog:Security",
    "index": "windows",
    "EventCode": "4776",
    "ComputerName": "WORKSTATION-023",
    "AccountName": "user018",
    "AccountDomain": "ACME",
    "LogonType": "4",
    "src_ip": "53.226.176.228"
  },
  {
    "_time": 1700014430,
    "_raw": "EventID=4776 ComputerName=WORKSTATION-013 AccountName=user007 AccountDomain=ACME LogonType=2 IpAddress=100.64.145.55 IpPort=7107",
    "host": "workstation-013",
    "source": "WinEventLog:Security",
    "sourcetype": "WinEventLog:Security",
    "index": "windows",
    "EventCode": "4776",
    "ComputerName": "WORKSTATION-013",
    "AccountName": "user007",
    "AccountDomain": "ACME",
    "LogonType": "2",
    "src_ip": "80.174.81.6"
  },
  {
    "_time": 1700000556,
    "_raw": "EventID=4768 ComputerName=WORKSTATION-019 AccountName=user009 AccountDomain=CORP LogonType=5 IpAddress=29.30.190.67 IpPort=42114",
    "host": "workstation-019",
    "source": "WinEventLog:Security",
    "sourcetype": "WinEventLog:Security",
    "index": "windows",
    "EventCode": "4768",
    "ComputerName": "WORKSTATION-019",
    "AccountName": "user009",
    "AccountDomain": "CORP",
    "LogonType": "5",
    "src_ip": "32.24.63.115"
  },
  {
    "_time": 1700005570,
    "_raw": "EventID=4769 ComputerName=WORKSTATION-024 AccountName=user001 AccountDomain=ACME LogonType=3 IpAddress=149.119.179.77 IpPort=19671",
    "host": "workstation-024",
    "source": "WinEventLog:Security",
    "sourcetype": "WinEventLog:Security",
    "index": "windows",
    "EventCode": "4769",
    "ComputerName": "WORKSTATION-024",
    "AccountName": "user001",
    "AccountDomain": "ACME",
    "LogonType": "3",
    "src_ip": "209.71.193.134"
  },
  {
    "_time": 1700013392,
    "_raw": "EventID=4648 ComputerName=WORKSTATION-004 AccountName=user011 AccountDomain=CONTOSO LogonType=3 IpAddress=93.232.50.38 IpPort=47662",
    "host": "workstation-004",
    "source": "WinEventLog:Security",
    "sourcetype": "WinEventLog:Security",
    "index": "windows",
    "EventCode": "4648",
    "ComputerName": "WORKSTATION-004",
    "AccountName": "user011",
    "AccountDomain": "CONTOSO",
    "LogonType": "3",
    "src_ip": "106.41.47.16"
  },
  {
    "_time": 1700007826,
    "_raw": "EventID=4634 ComputerName=WORKSTATION-016 AccountName=user007 AccountDomain=ACME LogonType=4 IpAddress=104.202.135.150 IpPort=33715",
    "host": "workstation-016",
    "source": "WinEventLog:Security",
    "sourcetype": "WinEventLog:Security",
    "index": "windows",
    "EventCode": "4634",
    "ComputerName": "WORKSTATION-016",
    "AccountName": "user007",
    "AccountDomain": "ACME",
    "LogonType": "4",
    "src_ip": "113.250.213.211"
  },
  {
    "_time": 1700003360,
    "_raw": "EventID=4634 ComputerName=WORKSTATION-017 AccountName=user005 AccountDomain=ACME LogonType=5 IpAddress=172.16.132.221 IpPort=35701",
    "host": "workstation-017",
    "source": "WinEventLog:Security",
    "sourcetype": "WinEventLog:Security",
    "index": "windows",
    "EventCode": "4634",
    "ComputerName": "WORKSTATION-017",
    "AccountName": "user005",
    "AccountDomain": "ACME",
    "LogonType": "5",
    "src_ip": "10.0.117.122"
  },
  {
    "_time": 1700001122,
    "_raw": "EventID=4634 ComputerName=WORKSTATION-018 AccountName=user012 AccountDomain=CORP LogonType=5 IpAddress=192.168.1.147.75 IpPort=3663",
    "host": "workstation-018",
    "source": "WinEventLog:Security",
    "sourcetype": "WinEventLog:Security",
    "index": "windows",
    "EventCode": "4634",
    "ComputerName": "WORKSTATION-018",
    "AccountName": "user012",
    "AccountDomain": "CORP",
    "LogonType": "5",
    "src_ip": "31.190.156.254"
  },
  {
    "_time": 1700006744,
    "_raw": "EventID=4663 ComputerName=WORKSTATION-010 AccountName=user016 AccountDomain=CORP LogonType=3 IpAddress=108.24.156.228 IpPort=19602",
    "host": "workstation-010",
    "source": "WinEventLog:Security",
    "sourcetype": "WinEventLog:Security",
    "index": "windows",
    "EventCode": "4663",
    "ComputerName": "WORKSTATION-010",
    "AccountName": "user016",
    "AccountDomain": "CORP",
    "LogonType": "3",
    "src_ip": "172.16.126.1"
  },
  {
    "_time": 1700002252,
    "_raw": "EventID=4768 ComputerName=WORKSTATION-012 AccountName=user003 AccountDomain=CORP LogonType=5 IpAddress=145.231.172.201 IpPort=25751",
    "host": "workstation-012",
    "source": "WinEventLog:Security",
    "sourcetype": "WinEventLog:Security",
    "index": "windows",
    "EventCode": "4768",
    "ComputerName": "WORKSTATION-012",
    "AccountName": "user003",
    "AccountDomain": "CORP",
    "LogonType": "5",
    "src_ip": "185.67.70.130"
  },
  {
    "_time": 1700011844,
    "_raw": "EventID=4720 ComputerName=WORKSTATION-025 AccountName=user015 AccountDomain=CONTOSO LogonType=3 IpAddress=84.45.209.100 IpPort=16282",
    "host": "workstation-025",
    "source": "WinEventLog:Security",
    "sourcetype": "WinEventLog:Security",
    "index": "windows",
    "EventCode": "4720",
    "ComputerName": "WORKSTATION-025",
    "AccountName": "user015",
    "AccountDomain": "CONTOSO",
    "LogonType": "3",
    "src_ip": "87.23.226.189"
  },
  {
    "_time": 1700005085,
    "_raw": "EventID=4776 ComputerName=WORKSTATION-003 AccountName=user006 AccountDomain=CONTOSO LogonType=10 IpAddress=198.158.63.165 IpPort=37681",
    "host": "workstation-003",
    "source": "WinEventLog:Security",
    "sourcetype": "WinEventLog:Security",
    "index": "windows",
    "EventCode": "4776",
    "ComputerName": "WORKSTATION-003",
    "AccountName": "user006",
    "AccountDomain": "CONTOSO",
    "LogonType": "10",
    "src_ip": "172.16.139.148"
  },
  {
    "_time": 1700014150,
    "_raw": "EventID=4624 ComputerName=WORKSTATION-019 AccountName=user017 AccountDomain=CORP LogonType=10 IpAddress=31.92.9.71 IpPort=52584",
    "host": "workstation-019",
    "source": "WinEventLog:Security",
    "sourcetype": "WinEventLog:Security",
    "index": "windows",
    "EventCode": "4624",
    "ComputerName": "WORKSTATION-019",
    "AccountName": "user017",
    "AccountDomain": "CORP",
    "LogonType": "10",
    "src_ip": "172.16.215.228"
  },
  {
    "_time": 1700010773,
    "_raw": "EventID=4720 ComputerName=WORKSTATION-003 AccountName=user018 AccountDomain=CONTOSO LogonType=5 IpAddress=126.11.174.112 IpPort=12853",
    "host": "workstation-003",
    "source": "WinEventLog:Security",
    "sourcetype": "WinEventLog:Security",
    "index": "windows",
    "EventCode": "4720",
    "ComputerName": "WORKSTATION-003",
    "AccountName": "user018",
    "AccountDomain": "CONTOSO",
    "LogonType": "5",
    "src_ip": "221.162.195.66"
  },
  {
    "_time": 1700001704,
    "_raw": "EventID=4625 ComputerName=WORKSTATION-004 AccountName=user018 AccountDomain=CORP LogonType=3 IpAddress=10.0.40.79 IpPort=63425",
    "host": "workstation-004",
    "source": "WinEventLog:Security",
    "sourcetype": "WinEventLog:Security",
    "index": "windows",
    "EventCode": "4625",
    "ComputerName": "WORKSTATION-004",
    "AccountName": "user018",
    "AccountDomain": "CORP",
    "LogonType": "3",
    "src_ip": "44.30.166.47"
  },
  {
    "_time": 1700000569,
    "_raw": "EventID=4624 ComputerName=WORKSTATION-010 AccountName=user013 AccountDomain=CORP LogonType=3 IpAddress=83.132.192.242 IpPort=55270",
    "host": "workstation-010",
    "source": "WinEventLog:Security",
    "sourcetype": "WinEventLog:Security",
    "index": "windows",
    "EventCode": "4624",
    "ComputerName": "WORKSTATION-010",
    "AccountName": "user013",
    "AccountDomain": "CORP",
    "LogonType": "3",
    "src_ip": "14.103.122.193"
  },
  {
    "_time": 1700011400,
    "_raw": "EventID=4769 ComputerName=WORKSTATION-008 AccountName=user016 AccountDomain=CONTOSO LogonType=5 IpAddress=69.31.162.119 IpPort=37273",
    "host": "workstation-008",
    "source": "WinEventLog:Security",
    "sourcetype": "WinEventLog:Security",
    "index": "windows",
    "EventCode": "4769",
    "ComputerName": "WORKSTATION-008",
    "AccountName": "user016",
    "AccountDomain": "CONTOSO",
    "LogonType": "5",
    "src_ip": "124.14.208.163"
  },
  {
    "_time": 1700004568,
    "_raw": "EventID=4624 ComputerName=WORKSTATION-009 AccountName=user018 AccountDomain=CONTOSO LogonType=2 IpAddress=172.16.167.202 IpPort=9253",
    "host": "workstation-009",
    "source": "WinEventLog:Security",
    "sourcetype": "WinEventLog:Security",
    "index": "windows",
    "EventCode": "4624",
    "ComputerName": "WORKSTATION-009",
    "AccountName": "user018",
    "AccountDomain": "CONTOSO",
    "LogonType": "2",
    "src_ip": "105.228.42.217"
  },
  {
    "_time": 1700012012,
    "_raw": "EventID=4768 ComputerName=WORKSTATION-007 AccountName=user005 AccountDomain=ACME LogonType=3 IpAddress=138.216.231.11 IpPort=1089",
    "host": "workstation-007",
    "source": "WinEventLog:Security",
    "sourcetype": "WinEventLog:Security",
    "index": "windows",
    "EventCode": "4768",
    "ComputerName": "WORKSTATION-007",
    "AccountName": "user005",
    "AccountDomain": "ACME",
    "LogonType": "3",
    "src_ip": "213.148.85.1"
  },
  {
    "_time": 1700001146,
    "_raw": "EventID=4720 ComputerName=WORKSTATION-009 AccountName=SYSTEM AccountDomain=ACME LogonType=5 IpAddress=216.108.144.12 IpPort=11602",
    "host": "workstation-009",
    "source": "WinEventLog:Security",
    "sourcetype": "WinEventLog:Security",
    "index": "windows",
    "EventCode": "4720",
    "ComputerName": "WORKSTATION-009",
    "AccountName": "SYSTEM",
    "AccountDomain": "ACME",
    "LogonType": "5",
    "src_ip": "145.35.153.23"
  },
  {
    "_time": 1700007462,
    "_raw": "EventID=4625 ComputerName=WORKSTATION-027 AccountName=user005 AccountDomain=CONTOSO LogonType=4 IpAddress=54.162.175.163 IpPort=18152",
    "host": "workstation-027",
    "source": "WinEventLog:Security",
    "sourcetype": "WinEventLog:Security",
    "index": "windows",
    "EventCode": "4625",
    "ComputerName": "WORKSTATION-027",
    "AccountName": "user005",
    "AccountDomain": "CONTOSO",
    "LogonType": "4",
    "src_ip": "182.231.139.63"
  },
  {
    "_time": 1700012650,
    "_raw": "EventID=4672 ComputerName=WORKSTATION-011 AccountName=user007 AccountDomain=ACME LogonType=4 IpAddress=172.16.35.166 IpPort=61465",
    "host": "workstation-011",
    "source": "WinEventLog:Security",
    "sourcetype": "WinEventLog:Security",
    "index": "windows",
    "EventCode": "4672",
    "ComputerName": "WORKSTATION-011",
    "AccountName": "user007",
    "AccountDomain": "ACME",
    "LogonType": "4",
    "src_ip": "192.168.1.2.231"
  },
  {
    "_time": 1700000576,
    "_raw": "EventID=4776 ComputerName=WORKSTATION-006 AccountName=user014 AccountDomain=CONTOSO LogonType=5 IpAddress=138.41.39.138 IpPort=3052",
    "host": "workstation-006",
    "source": "WinEventLog:Security",
    "sourcetype": "WinEventLog:Security",
    "index": "windows",
    "EventCode": "4776",
    "ComputerName": "WORKSTATION-006",
    "AccountName": "user014",
    "AccountDomain": "CONTOSO",
    "LogonType": "5",
    "src_ip": "209.227.63.91"
  },
  {
    "_time": 1700015579,
    "_raw": "EventID=4688 ComputerName=WORKSTATION-027 AccountName=SYSTEM AccountDomain=ACME LogonType=3 IpAddress=208.4.63.119 IpPort=25303",
    "host": "workstation-027",
    "source": "WinEventLog:Security",
    "sourcetype": "WinEventLog:Security",
    "index": "windows",
    "EventCode": "4688",
    "ComputerName": "WORKSTATION-027",
    "AccountName": "SYSTEM",
    "AccountDomain": "ACME",
    "LogonType": "3",
    "src_ip": "114.4.113.191"
  },
  {
    "_time": 1700000578,
    "_raw": "EventID=4663 ComputerName=WORKSTATION-022 AccountName=user012 AccountDomain=CORP LogonType=10 IpAddress=207.113.119.251 IpPort=33386",
    "host": "workstation-022",
    "source": "WinEventLog:Security",
    "sourcetype": "WinEventLog:Security",
    "index": "windows",
    "EventCode": "4663",
    "ComputerName": "WORKSTATION-022",
    "AccountName": "user012",
    "AccountDomain": "CORP",
    "LogonType": "10",
    "src_ip": "10.143.252.232"
  },
  {
    "_time": 1700013317,
    "_raw": "EventID=4769 ComputerName=WORKSTATION-007 AccountName=user001 AccountDomain=CORP LogonType=5 IpAddress=192.168.1.146.129 IpPort=33399",
    "host": "workstation-007",
    "source": "WinEventLog:Security",
    "sourcetype": "WinEventLog:Security",
    "index": "windows",
    "EventCode": "4769",
    "ComputerName": "WORKSTATION-007",
    "AccountName": "user001",
    "AccountDomain": "CORP",
    "LogonType": "5",
    "src_ip": "10.0.169.190"
  },
  {
    "_time": 1700011020,
    "_raw": "EventID=4776 ComputerName=WORKSTATION-022 AccountName=SYSTEM AccountDomain=CONTOSO LogonType=2 IpAddress=191.33.65.67 IpPort=62206",
    "host": "workstation-022",
    "source": "WinEventLog:Security",
    "sourcetype": "WinEventLog:Security",
    "index": "windows",
    "EventCode": "4776",
    "ComputerName": "WORKSTATION-022",
    "AccountName": "SYSTEM",
    "AccountDomain": "CONTOSO",
    "LogonType": "2",
    "src_ip": "59.140.98.218"
  },
  {
    "_time": 1700012782,
    "_raw": "EventID=4624 ComputerName=WORKSTATION-023 AccountName=LOCAL SERVICE AccountDomain=CONTOSO LogonType=4 IpAddress=117.1.218.165 IpPort=45136",
    "host": "workstation-023",
    "source": "WinEventLog:Security",
    "sourcetype": "WinEventLog:Security",
    "index": "windows",
    "EventCode": "4624",
    "ComputerName": "WORKSTATION-023",
    "AccountName": "LOCAL SERVICE",
    "AccountDomain": "CONTOSO",
    "LogonType": "4",
    "src_ip": "14.165.221.217"
  },
  {
    "_time": 1700008148,
    "_raw": "EventID=4663 ComputerName=WORKSTATION-004 AccountName=LOCAL SERVICE AccountDomain=CONTOSO LogonType=5 IpAddress=195.22.114.13 IpPort=19238",
    "host": "workstation-004",
    "source": "WinEventLog:Security",
    "sourcetype": "WinEventLog:Security",
    "index": "windows",
    "EventCode": "4663",
    "ComputerName": "WORKSTATION-004",
    "AccountName": "LOCAL SERVICE",
    "AccountDomain": "CONTOSO",
    "LogonType": "5",
    "src_ip": "137.229.161.2"
  },
  {
    "_time": 1700007579,
    "_raw": "EventID=4648 ComputerName=WORKSTATION-011 AccountName=user003 AccountDomain=CONTOSO LogonType=3 IpAddress=109.38.127.51 IpPort=11803",
    "host": "workstation-011",
    "source": "WinEventLog:Security",
    "sourcetype": "WinEventLog:Security",
    "index": "windows",
    "EventCode": "4648",
    "ComputerName": "WORKSTATION-011",
    "AccountName": "user003",
    "AccountDomain": "CONTOSO",
    "LogonType": "3",
    "src_ip": "17.49.14.123"
  },
  {
    "_time": 1700008176,
    "_raw": "EventID=4624 ComputerName=WORKSTATION-019 AccountName=NETWORK SERVICE AccountDomain=ACME LogonType=3 IpAddress=10.0.246.88 IpPort=55583",
    "host": "workstation-019",
    "source": "WinEventLog:Security",
    "sourcetype": "WinEventLog:Security",
    "index": "windows",
    "EventCode": "4624",
    "ComputerName": "WORKSTATION-019",
    "AccountName": "NETWORK SERVICE",
    "AccountDomain": "ACME",
    "LogonType": "3",
    "src_ip": "192.168.1.134.204"
  },
  {
    "_time": 1700004680,
    "_raw": "EventID=4625 ComputerName=WORKSTATION-025 AccountName=SYSTEM AccountDomain=CONTOSO LogonType=2 IpAddress=149.63.43.250 IpPort=5001",
    "host": "workstation-025",
    "source": "WinEventLog:Security",
    "sourcetype": "WinEventLog:Security",
    "index": "windows",
    "EventCode": "4625",
    "ComputerName": "WORKSTATION-025",
    "AccountName": "SYSTEM",
    "AccountDomain": "CONTOSO",
    "LogonType": "2",
    "src_ip": "97.160.33.201"
  },
  {
    "_time": 1700002930,
    "_raw": "EventID=4624 ComputerName=WORKSTATION-030 AccountName=user015 AccountDomain=CORP LogonType=10 IpAddress=17.52.28.144 IpPort=4445",
    "host": "workstation-030",
    "source": "WinEventLog:Security",
    "sourcetype": "WinEventLog:Security",
    "index": "windows",
    "EventCode": "4624",
    "ComputerName": "WORKSTATION-030",
    "AccountName": "user015",
    "AccountDomain": "CORP",
    "LogonType": "10",
    "src_ip": "192.168.1.103.25"
  },
  {
    "_time": 1700011740,
    "_raw": "EventID=4688 ComputerName=WORKSTATION-008 AccountName=SYSTEM AccountDomain=CONTOSO LogonType=2 IpAddress=119.219.51.87 IpPort=43682",
    "host": "workstation-008",
    "source": "WinEventLog:Security",
    "sourcetype": "WinEventLog:Security",
    "index": "windows",
    "EventCode": "4688",
    "ComputerName": "WORKSTATION-008",
    "AccountName": "SYSTEM",
    "AccountDomain": "CONTOSO",
    "LogonType": "2",
    "src_ip": "201.13.232.133"
  },
  {
    "_time": 1700006468,
    "_raw": "EventID=4769 ComputerName=WORKSTATION-007 AccountName=user004 AccountDomain=CORP LogonType=10 IpAddress=152.99.64.164 IpPort=34375",
    "host": "workstation-007",
    "source": "WinEventLog:Security",
    "sourcetype": "WinEventLog:Security",
    "index": "windows",
    "EventCode": "4769",
    "ComputerName": "WORKSTATION-007",
    "AccountName": "user004",
    "AccountDomain": "CORP",
    "LogonType": "10",
    "src_ip": "192.168.1.124.186"
  },
  {
    "_time": 1700011780,
    "_raw": "EventID=4720 ComputerName=WORKSTATION-006 AccountName=user008 AccountDomain=CORP LogonType=2 IpAddress=172.16.112.132 IpPort=63921",
    "host": "workstation-006",
    "source": "WinEventLog:Security",
    "sourcetype": "WinEventLog:Security",
    "index": "windows",
    "EventCode": "4720",
    "ComputerName": "WORKSTATION-006",
    "AccountName": "user008",
    "AccountDomain": "CORP",
    "LogonType": "2",
    "src_ip": "92.159.74.38"
  },
  {
    "_time": 1700009440,
    "_raw": "EventID=4663 ComputerName=WORKSTATION-020 AccountName=user011 AccountDomain=ACME LogonType=2 IpAddress=169.74.29.61 IpPort=34257",
    "host": "workstation-020",
    "source": "WinEventLog:Security",
    "sourcetype": "WinEventLog:Security",
    "index": "windows",
    "EventCode": "4663",
    "ComputerName": "WORKSTATION-020",
    "AccountName": "user011",
    "AccountDomain": "ACME",
    "LogonType": "2",
    "src_ip": "144.27.216.89"
  },
  {
    "_time": 1700004137,
    "_raw": "EventID=4648 ComputerName=WORKSTATION-021 AccountName=user007 AccountDomain=CORP LogonType=3 IpAddress=178.239.169.219 IpPort=38930",
    "host": "workstation-021",
    "source": "WinEventLog:Security",
    "sourcetype": "WinEventLog:Security",
    "index": "windows",
    "EventCode": "4648",
    "ComputerName": "WORKSTATION-021",
    "AccountName": "user007",
    "AccountDomain": "CORP",
    "LogonType": "3",
    "src_ip": "86.153.214.85"
  },
  {
    "_time": 1700003552,
    "_raw": "EventID=4625 ComputerName=WORKSTATION-015 AccountName=user002 AccountDomain=ACME LogonType=2 IpAddress=178.117.238.160 IpPort=14992",
    "host": "workstation-015",
    "source": "WinEventLog:Security",
    "sourcetype": "WinEventLog:Security",
    "index": "windows",
    "EventCode": "4625",
    "ComputerName": "WORKSTATION-015",
    "AccountName": "user002",
    "AccountDomain": "ACME",
    "LogonType": "2",
    "src_ip": "172.16.197.244"
  },
  {
    "_time": 1700016011,
    "_raw": "EventID=4672 ComputerName=WORKSTATION-026 AccountName=user013 AccountDomain=CORP LogonType=3 IpAddress=2.185.5.19 IpPort=24478",
    "host": "workstation-026",
    "source": "WinEventLog:Security",
    "sourcetype": "WinEventLog:Security",
    "index": "windows",
    "EventCode": "4672",
    "ComputerName": "WORKSTATION-026",
    "AccountName": "user013",
    "AccountDomain": "CORP",
    "LogonType": "3",
    "src_ip": "10.0.37.75"
  },
  {
    "_time": 1700008910,
    "_raw": "EventID=4648 ComputerName=WORKSTATION-021 AccountName=user019 AccountDomain=ACME LogonType=2 IpAddress=192.168.1.45.57 IpPort=59048",
    "host": "workstation-021",
    "source": "WinEventLog:Security",
    "sourcetype": "WinEventLog:Security",
    "index": "windows",
    "EventCode": "4648",
    "ComputerName": "WORKSTATION-021",
    "AccountName": "user019",
    "AccountDomain": "ACME",
    "LogonType": "2",
    "src_ip": "10.0.87.217"
  },
  {
    "_time": 1700010710,
    "_raw": "EventID=4648 ComputerName=WORKSTATION-006 AccountName=user007 AccountDomain=CORP LogonType=4 IpAddress=6.70.194.168 IpPort=52627",
    "host": "workstation-006",
    "source": "WinEventLog:Security",
    "sourcetype": "WinEventLog:Security",
    "index": "windows",
    "EventCode": "4648",
    "ComputerName": "WORKSTATION-006",
    "AccountName": "user007",
    "AccountDomain": "CORP",
    "LogonType": "4",
    "src_ip": "87.107.156.117"
  },
  {
    "_time": 1700004768,
    "_raw": "EventID=4672 ComputerName=WORKSTATION-026 AccountName=user012 AccountDomain=CONTOSO LogonType=10 IpAddress=160.222.33.31 IpPort=10489",
    "host": "workstation-026",
    "source": "WinEventLog:Security",
    "sourcetype": "WinEventLog:Security",
    "index": "windows",
    "EventCode": "4672",
    "ComputerName": "WORKSTATION-026",
    "AccountName": "user012",
    "AccountDomain": "CONTOSO",
    "LogonType": "10",
    "src_ip": "34.97.98.137"
  },
  {
    "_time": 1700007761,
    "_raw": "EventID=4672 ComputerName=WORKSTATION-011 AccountName=SYSTEM AccountDomain=ACME LogonType=3 IpAddress=196.96.150.203 IpPort=10760",
    "host": "workstation-011",
    "source": "WinEventLog:Security",
    "sourcetype": "WinEventLog:Security",
    "index": "windows",
    "EventCode": "4672",
    "ComputerName": "WORKSTATION-011",
    "AccountName": "SYSTEM",
    "AccountDomain": "ACME",
    "LogonType": "3",
    "src_ip": "14.143.64.218"
  },
  {
    "_time": 1700010166,
    "_raw": "EventID=4769 ComputerName=WORKSTATION-029 AccountName=user016 AccountDomain=CORP LogonType=2 IpAddress=203.33.85.131 IpPort=26459",
    "host": "workstation-029",
    "source": "WinEventLog:Security",
    "sourcetype": "WinEventLog:Security",
    "index": "windows",
    "EventCode": "4769",
    "ComputerName": "WORKSTATION-029",
    "AccountName": "user016",
    "AccountDomain": "CORP",
    "LogonType": "2",
    "src_ip": "166.191.255.133"
  },
  {
    "_time": 1700008985,
    "_raw": "EventID=4634 ComputerName=WORKSTATION-011 AccountName=user012 AccountDomain=CONTOSO LogonType=5 IpAddress=127.242.137.149 IpPort=27300",
    "host": "workstation-011",
    "source": "WinEventLog:Security",
    "sourcetype": "WinEventLog:Security",
    "index": "windows",
    "EventCode": "4634",
    "ComputerName": "WORKSTATION-011",
    "AccountName": "user012",
    "AccountDomain": "CONTOSO",
    "LogonType": "5",
    "src_ip": "203.18.106.57"
  },
  {
    "_time": 1700017400,
    "_raw": "EventID=4648 ComputerName=WORKSTATION-015 AccountName=user008 AccountDomain=ACME LogonType=4 IpAddress=97.80.191.66 IpPort=37104",
    "host": "workstation-015",
    "source": "WinEventLog:Security",
    "sourcetype": "WinEventLog:Security",
    "index": "windows",
    "EventCode": "4648",
    "ComputerName": "WORKSTATION-015",
    "AccountName": "user008",
    "AccountDomain": "ACME",
    "LogonType": "4",
    "src_ip": "10.0.76.114"
  },
  {
    "_time": 1700010217,
    "_raw": "EventID=4672 ComputerName=WORKSTATION-008 AccountName=user019 AccountDomain=CORP LogonType=10 IpAddress=110.230.239.111 IpPort=27825",
    "host": "workstation-008",
    "source": "WinEventLog:Security",
    "sourcetype": "WinEventLog:Security",
    "index": "windows",
    "EventCode": "4672",
    "ComputerName": "WORKSTATION-008",
    "AccountName": "user019",
    "AccountDomain": "CORP",
    "LogonType": "10",
    "src_ip": "128.162.139.98"
  },
  {
    "_time": 1700000602,
    "_raw": "EventID=4634 ComputerName=WORKSTATION-015 AccountName=user008 AccountDomain=ACME LogonType=2 IpAddress=22.150.40.202 IpPort=19139",
    "host": "workstation-015",
    "source": "WinEventLog:Security",
    "sourcetype": "WinEventLog:Security",
    "index": "windows",
    "EventCode": "4634",
    "ComputerName": "WORKSTATION-015",
    "AccountName": "user008",
    "AccountDomain": "ACME",
    "LogonType": "2",
    "src_ip": "26.60.36.93"
  },
  {
    "_time": 1700001206,
    "_raw": "EventID=4768 ComputerName=WORKSTATION-007 AccountName=user011 AccountDomain=CORP LogonType=4 IpAddress=172.16.209.197 IpPort=45820",
    "host": "workstation-007",
    "source": "WinEventLog:Security",
    "sourcetype": "WinEventLog:Security",
    "index": "windows",
    "EventCode": "4768",
    "ComputerName": "WORKSTATION-007",
    "AccountName": "user011",
    "AccountDomain": "CORP",
    "LogonType": "4",
    "src_ip": "49.70.133.3"
  },
  {
    "_time": 1700015100,
    "_raw": "EventID=4663 ComputerName=WORKSTATION-010 AccountName=user012 AccountDomain=ACME LogonType=10 IpAddress=4.241.76.222 IpPort=27074",
    "host": "workstation-010",
    "source": "WinEventLog:Security",
    "sourcetype": "WinEventLog:Security",
    "index": "windows",
    "EventCode": "4663",
    "ComputerName": "WORKSTATION-010",
    "AccountName": "user012",
    "AccountDomain": "ACME",
    "LogonType": "10",
    "src_ip": "172.16.192.54"
  },
  {
    "_time": 1700009680,
    "_raw": "EventID=4648 ComputerName=WORKSTATION-017 AccountName=user019 AccountDomain=CONTOSO LogonType=5 IpAddress=22.160.96.110 IpPort=51495",
    "host": "workstation-017",
    "source": "WinEventLog:Security",
    "sourcetype": "WinEventLog:Security",
    "index": "windows",
    "EventCode": "4648",
    "ComputerName": "WORKSTATION-017",
    "AccountName": "user019",
    "AccountDomain": "CONTOSO",
    "LogonType": "5",
    "src_ip": "107.107.224.116"
  },
