[
  {
    "_time": 1700000000,
    "_raw": "EventID=4625 ComputerName=WORKSTATION-001 AccountName=user009 AccountDomain=CORP LogonType=3 IpAddress=174.44.216.9 IpPort=2976",
    "host": "workstation-001",
    "source": "WinEventLog:Security",
    "sourcetype": "WinEventLog:Security",
    "index": "windows",
    "EventCode": "4625",
    "ComputerName": "WORKSTATION-001",
    "AccountName": "user009",
    "AccountDomain": "CORP",
    "LogonType": "3",
    "src_ip": "10.0.130.155"
  },
  {
    "_time": 1700000001,
    "_raw": "EventID=4768 ComputerName=WORKSTATION-007 AccountName=NETWORK SERVICE AccountDomain=CONTOSO LogonType=5 IpAddress=172.16.72.208 IpPort=57994",
    "host": "workstation-007",
    "source": "WinEventLog:Security",
    "sourcetype": "WinEventLog:Security",
    "index": "windows",
    "EventCode": "4768",
    "ComputerName": "WORKSTATION-007",
    "AccountName": "NETWORK SERVICE",
    "AccountDomain": "CONTOSO",
    "LogonType": "5",
    "src_ip": "10.0.179.109"
  },
  {
    "_time": 1700000022,
    "_raw": "EventID=4663 ComputerName=WORKSTATION-005 AccountName=user007 AccountDomain=ACME LogonType=2 IpAddress=92.176.135.207 IpPort=3871",
    "host": "workstation-005",
    "source": "WinEventLog:Security",
    "sourcetype": "WinEventLog:Security",
    "index": "windows",
    "EventCode": "4663",
    "ComputerName": "WORKSTATION-005",
    "AccountName": "user007",
    "AccountDomain": "ACME",
    "LogonType": "2",
    "src_ip": "138.63.193.21"
  },
  {
    "_time": 1700000054,
    "_raw": "EventID=4663 ComputerName=WORKSTATION-027 AccountName=NETWORK SERVICE AccountDomain=CONTOSO LogonType=10 IpAddress=10.0.12.170 IpPort=15959",
    "host": "workstation-027",
    "source": "WinEventLog:Security",
    "sourcetype": "WinEventLog:Security",
    "index": "windows",
    "EventCode": "4663",
    "ComputerName": "WORKSTATION-027",
    "AccountName": "NETWORK SERVICE",
    "AccountDomain": "CONTOSO",
    "LogonType": "10",
    "src_ip": "21.119.51.98"
  },
  {
    "_time": 1700000036,
    "_raw": "EventID=4720 ComputerName=WORKSTATION-021 AccountName=user012 AccountDomain=CORP LogonType=4 IpAddress=192.168.1.180.240 IpPort=45820",
    "host": "workstation-021",
    "source": "WinEventLog:Security",
    "sourcetype": "WinEventLog:Security",
    "index": "windows",
    "EventCode": "4720",
    "ComputerName": "WORKSTATION-021",
    "AccountName": "user012",
    "AccountDomain": "CORP",
    "LogonType": "4",
    "src_ip": "156.87.125.42"
  },
  {
    "_time": 1700000075,
    "_raw": "EventID=4688 ComputerName=WORKSTATION-009 AccountName=NETWORK SERVICE AccountDomain=CONTOSO LogonType=3 IpAddress=216.28.117.211 IpPort=3127",
    "host": "workstation-009",
    "source": "WinEventLog:Security",
    "sourcetype": "WinEventLog:Security",
    "index": "windows",
    "EventCode": "4688",
    "ComputerName": "WORKSTATION-009",
    "AccountName": "NETWORK SERVICE",
    "AccountDomain": "CONTOSO",
    "LogonType": "3",
    "src_ip": "103.137.33.55"
  },
  {
    "_time": 1700000180,
    "_raw": "EventID=4769 ComputerName=WORKSTATION-029 AccountName=user011 AccountDomain=CORP LogonType=5 IpAddress=165.234.73.68 IpPort=10174",
    "host": "workstation-029",
    "source": "WinEventLog:Security",
    "sourcetype": "WinEventLog:Security",
    "index": "windows",
    "EventCode": "4769",
    "ComputerName": "WORKSTATION-029",
    "AccountName": "user011",
    "AccountDomain": "CORP",
    "LogonType": "5",
    "src_ip": "172.16.138.68"
  },
  {
    "_time": 1700000168,
    "_raw": "EventID=4769 ComputerName=WORKSTATION-014 AccountName=user019 AccountDomain=ACME LogonType=3 IpAddress=36.252.46.194 IpPort=4111",
    "host": "workstation-014",
    "source": "WinEventLog:Security",
    "sourcetype": "WinEventLog:Security",
    "index": "windows",
    "EventCode": "4769",
    "ComputerName": "WORKSTATION-014",
    "AccountName": "user019",
    "AccountDomain": "ACME",
    "LogonType": "3",
    "src_ip": "40.81.216.153"
  },
  {
    "_time": 1700000024,
    "_raw": "EventID=4688 ComputerName=WORKSTATION-013 AccountName=SYSTEM AccountDomain=ACME LogonType=4 IpAddress=221.5.58.175 IpPort=59009",
    "host": "workstation-013",
    "source": "WinEventLog:Security",
    "sourcetype": "WinEventLog:Security",
    "index": "windows",
    "EventCode": "4688",
    "ComputerName": "WORKSTATION-013",
    "AccountName": "SYSTEM",
    "AccountDomain": "ACME",
    "LogonType": "4",
    "src_ip": "69.174.57.76"
  },
  {
    "_time": 1700000126,
    "_raw": "EventID=4634 ComputerName=WORKSTATION-015 AccountName=user001 AccountDomain=CONTOSO LogonType=4 IpAddress=196.91.54.223 IpPort=42003",
    "host": "workstation-015",
    "source": "WinEventLog:Security",
    "sourcetype": "WinEventLog:Security",
    "index": "windows",
    "EventCode": "4634",
    "ComputerName": "WORKSTATION-015",
    "AccountName": "user001",
    "AccountDomain": "CONTOSO",
    "LogonType": "4",
    "src_ip": "172.16.130.156"
  },
  {
    "_time": 1700000070,
    "_raw": "EventID=4634 ComputerName=WORKSTATION-012 AccountName=user006 AccountDomain=CONTOSO LogonType=2 IpAddress=126.9.57.238 IpPort=24812",
    "host": "workstation-012",
    "source": "WinEventLog:Security",
    "sourcetype": "WinEventLog:Security",
    "index": "windows",
    "EventCode": "4634",
    "ComputerName": "WORKSTATION-012",
    "AccountName": "user006",
    "AccountDomain": "CONTOSO",
    "LogonType": "2",
    "src_ip": "213.157.122.15"
  },
  {
    "_time": 1700000088,
    "_raw": "EventID=4769 ComputerName=WORKSTATION-003 AccountName=user003 AccountDomain=CONTOSO LogonType=2 IpAddress=137.64.65.169 IpPort=32172",
    "host": "workstation-003",
    "source": "WinEventLog:Security",
    "sourcetype": "WinEventLog:Security",
    "index": "windows",
    "EventCode": "4769",
    "ComputerName": "WORKSTATION-003",
    "AccountName": "user003",
    "AccountDomain": "CONTOSO",
    "LogonType": "2",
    "src_ip": "43.135.216.247"
  },
  {
    "_time": 1700000084,
    "_raw": "EventID=4768 ComputerName=WORKSTATION-025 AccountName=user007 AccountDomain=CONTOSO LogonType=5 IpAddress=167.191.224.231 IpPort=34943",
    "host": "workstation-025",
    "source": "WinEventLog:Security",
    "sourcetype": "WinEventLog:Security",
    "index": "windows",
    "EventCode": "4768",
    "ComputerName": "WORKSTATION-025",
    "AccountName": "user007",
    "AccountDomain": "CONTOSO",
    "LogonType": "5",
    "src_ip": "64.115.32.87"
  },
  {
    "_time": 1700000013,
    "_raw": "EventID=4769 ComputerName=WORKSTATION-018 AccountName=user008 AccountDomain=CONTOSO LogonType=2 IpAddress=172.16.16.59 IpPort=5441",
    "host": "workstation-018",
    "source": "WinEventLog:Security",
    "sourcetype": "WinEventLog:Security",
    "index": "windows",
    "EventCode": "4769",
    "ComputerName": "WORKSTATION-018",
    "AccountName": "user008",
    "AccountDomain": "CONTOSO",
    "LogonType": "2",
    "src_ip": "221.169.36.132"
  },
  {
    "_time": 1700000112,
    "_raw": "EventID=4663 ComputerName=WORKSTATION-022 AccountName=user016 AccountDomain=CORP LogonType=3 IpAddress=147.242.124.201 IpPort=32020",
    "host": "workstation-022",
    "source": "WinEventLog:Security",
    "sourcetype": "WinEventLog:Security",
    "index": "windows",
    "EventCode": "4663",
    "ComputerName": "WORKSTATION-022",
    "AccountName": "user016",
    "AccountDomain": "CORP",
    "LogonType": "3",
    "src_ip": "49.48.49.169"
  },
  {
    "_time": 1700000210,
    "_raw": "EventID=4672 ComputerName=WORKSTATION-014 AccountName=user014 AccountDomain=ACME LogonType=2 IpAddress=166.50.31.104 IpPort=48748",
    "host": "workstation-014",
    "source": "WinEventLog:Security",
    "sourcetype": "WinEventLog:Security",
    "index": "windows",
    "EventCode": "4672",
    "ComputerName": "WORKSTATION-014",
    "AccountName": "user014",
    "AccountDomain": "ACME",
    "LogonType": "2",
    "src_ip": "221.55.127.50"
  },
  {
    "_time": 1700000112,
    "_raw": "EventID=4768 ComputerName=WORKSTATION-015 AccountName=user005 AccountDomain=ACME LogonType=4 IpAddress=20.226.50.13 IpPort=43762",
    "host": "workstation-015",
    "source": "WinEventLog:Security",
    "sourcetype": "WinEventLog:Security",
    "index": "windows",
    "EventCode": "4768",
    "ComputerName": "WORKSTATION-015",
    "AccountName": "user005",
    "AccountDomain": "ACME",
    "LogonType": "4",
    "src_ip": "215.7.47.238"
  },
  {
    "_time": 1700000425,
    "_raw": "EventID=4648 ComputerName=WORKSTATION-006 AccountName=user014 AccountDomain=ACME LogonType=3 IpAddress=16.84.194.1 IpPort=26610",
    "host": "workstation-006",
    "source": "WinEventLog:Security",
    "sourcetype": "WinEventLog:Security",
    "index": "windows",
    "EventCode": "4648",
    "ComputerName": "WORKSTATION-006",
    "AccountName": "user014",
    "AccountDomain": "ACME",
    "LogonType": "3",
    "src_ip": "192.168.1.74.109"
  },
  {
    "_time": 1700000414,
    "_raw": "EventID=4768 ComputerName=WORKSTATION-022 AccountName=user016 AccountDomain=CORP LogonType=4 IpAddress=10.0.149.189 IpPort=36557",
    "host": "workstation-022",
    "source": "WinEventLog:Security",
    "sourcetype": "WinEventLog:Security",
    "index": "windows",
    "EventCode": "4768",
    "ComputerName": "WORKSTATION-022",
    "AccountName": "user016",
    "AccountDomain": "CORP",
    "LogonType": "4",
    "src_ip": "192.168.1.15.13"
  },
  {
    "_time": 1700000361,
    "_raw": "EventID=4720 ComputerName=WORKSTATION-017 AccountName=user017 AccountDomain=CORP LogonType=10 IpAddress=10.0.18.153 IpPort=5477",
    "host": "workstation-017",
    "source": "WinEventLog:Security",
    "sourcetype": "WinEventLog:Security",
    "index": "windows",
    "EventCode": "4720",
    "ComputerName": "WORKSTATION-017",
    "AccountName": "user017",
    "AccountDomain": "CORP",
    "LogonType": "10",
    "src_ip": "61.206.61.242"
  },
  {
    "_time": 1700000580,
    "_raw": "EventID=4769 ComputerName=WORKSTATION-008 AccountName=user019 AccountDomain=CONTOSO LogonType=10 IpAddress=172.16.150.145 IpPort=35285",
    "host": "workstation-008",
    "source": "WinEventLog:Security",
    "sourcetype": "WinEventLog:Security",
    "index": "windows",
    "EventCode": "4769",
    "ComputerName": "WORKSTATION-008",
    "AccountName": "user019",
    "AccountDomain": "CONTOSO",
    "LogonType": "10",
    "src_ip": "67.104.160.62"
  },
  {
    "_time": 1700000189,
    "_raw": "EventID=4688 ComputerName=WORKSTATION-005 AccountName=LOCAL SERVICE AccountDomain=CONTOSO LogonType=5 IpAddress=193.37.4.118 IpPort=41732",
    "host": "workstation-005",
    "source": "WinEventLog:Security",
    "sourcetype": "WinEventLog:Security",
    "index": "windows",
    "EventCode": "4688",
    "ComputerName": "WORKSTATION-005",
    "AccountName": "LOCAL SERVICE",
    "AccountDomain": "CONTOSO",
    "LogonType": "5",
    "src_ip": "26.37.109.130"
  },
  {
    "_time": 1700000198,
    "_raw": "EventID=4634 ComputerName=WORKSTATION-030 AccountName=user012 AccountDomain=CORP LogonType=4 IpAddress=192.168.1.214.140 IpPort=47131",
    "host": "workstation-030",
    "source": "WinEventLog:Security",
    "sourcetype": "WinEventLog:Security",
    "index": "windows",
    "EventCode": "4634",
    "ComputerName": "WORKSTATION-030",
    "AccountName": "user012",
    "AccountDomain": "CORP",
    "LogonType": "4",
    "src_ip": "207.4.153.239"
  },
  {
    "_time": 1700000506,
    "_raw": "EventID=4625 ComputerName=WORKSTATION-029 AccountName=user005 AccountDomain=ACME LogonType=2 IpAddress=40.139.144.155 IpPort=14827",
    "host": "workstation-029",
    "source": "WinEventLog:Security",
    "sourcetype": "WinEventLog:Security",
    "index": "windows",
    "EventCode": "4625",
    "ComputerName": "WORKSTATION-029",
    "AccountName": "user005",
    "AccountDomain": "ACME",
    "LogonType": "2",
    "src_ip": "53.135.250.65"
  },
  {
    "_time": 1700000696,
    "_raw": "EventID=4624 ComputerName=WORKSTATION-003 AccountName=NETWORK SERVICE AccountDomain=ACME LogonType=2 IpAddress=10.0.164.251 IpPort=18191",
    "host": "workstation-003",
    "source": "WinEventLog:Security",
    "sourcetype": "WinEventLog:Security",
    "index": "windows",
    "EventCode": "4624",
    "ComputerName": "WORKSTATION-003",
    "AccountName": "NETWORK SERVICE",
    "AccountDomain": "ACME",
    "LogonType": "2",
    "src_ip": "192.168.1.142.181"
  },
  {
    "_time": 1700000350,
    "_raw": "EventID=4768 ComputerName=WORKSTATION-001 AccountName=user004 AccountDomain=CORP LogonType=3 IpAddress=214.189.75.111 IpPort=9376",
    "host": "workstation-001",
    "source": "WinEventLog:Security",
    "sourcetype": "WinEventLog:Security",
    "index": "windows",
    "EventCode": "4768",
    "ComputerName": "WORKSTATION-001",
    "AccountName": "user004",
    "AccountDomain": "CORP",
    "LogonType": "3",
    "src_ip": "192.168.1.231.239"
  },
  {
    "_time": 1700000676,
    "_raw": "EventID=4624 ComputerName=WORKSTATION-029 AccountName=user012 AccountDomain=CORP LogonType=3 IpAddress=91.208.79.237 IpPort=61964",
    "host": "workstation-029",
    "source": "WinEventLog:Security",
    "sourcetype": "WinEventLog:Security",
    "index": "windows",
    "EventCode": "4624",
    "ComputerName": "WORKSTATION-029",
    "AccountName": "user012",
    "AccountDomain": "CORP",
    "LogonType": "3",
    "src_ip": "10.0.250.205"
  },
  {
    "_time": 1700000702,
    "_raw": "EventID=4634 ComputerName=WORKSTATION-029 AccountName=user014 AccountDomain=CORP LogonType=4 IpAddress=106.127.136.41 IpPort=52625",
    "host": "workstation-029",
    "source": "WinEventLog:Security",
    "sourcetype": "WinEventLog:Security",
    "index": "windows",
    "EventCode": "4634",
    "ComputerName": "WORKSTATION-029",
    "AccountName": "user014",
    "AccountDomain": "CORP",
    "LogonType": "4",
    "src_ip": "98.19.240.57"
  },
  {
    "_time": 1700000196,
    "_raw": "EventID=4720 ComputerName=WORKSTATION-012 AccountName=user010 AccountDomain=CORP LogonType=2 IpAddress=103.168.142.222 IpPort=5573",
    "host": "workstation-012",
    "source": "WinEventLog:Security",
    "sourcetype": "WinEventLog:Security",
    "index": "windows",
    "EventCode": "4720",
    "ComputerName": "WORKSTATION-012",
    "AccountName": "user010",
    "AccountDomain": "CORP",
    "LogonType": "2",
    "src_ip": "72.179.204.174"
  },
  {
    "_time": 1700000783,
    "_raw": "EventID=4768 ComputerName=WORKSTATION-011 AccountName=user001 AccountDomain=CORP LogonType=3 IpAddress=68.19.55.153 IpPort=29503",
    "host": "workstation-011",
    "source": "WinEventLog:Security",
    "sourcetype": "WinEventLog:Security",
    "index": "windows",
    "EventCode": "4768",
    "ComputerName": "WORKSTATION-011",
    "AccountName": "user001",
    "AccountDomain": "CORP",
    "LogonType": "3",
    "src_ip": "202.160.223.156"
  },
  {
    "_time": 1700000510,
    "_raw": "EventID=4625 ComputerName=WORKSTATION-013 AccountName=user019 AccountDomain=CORP LogonType=2 IpAddress=1.100.186.111 IpPort=5609",
    "host": "workstation-013",
    "source": "WinEventLog:Security",
    "sourcetype": "WinEventLog:Security",
    "index": "windows",
    "EventCode": "4625",
    "ComputerName": "WORKSTATION-013",
    "AccountName": "user019",
    "AccountDomain": "CORP",
    "LogonType": "2",
    "src_ip": "85.160.63.185"
  },
  {
    "_time": 1700000899,
    "_raw": "EventID=4663 ComputerName=WORKSTATION-017 AccountName=user010 AccountDomain=CONTOSO LogonType=4 IpAddress=76.65.98.108 IpPort=44600",
    "host": "workstation-017",
    "source": "WinEventLog:Security",
    "sourcetype": "WinEventLog:Security",
    "index": "windows",
    "EventCode": "4663",
    "ComputerName": "WORKSTATION-017",
    "AccountName": "user010",
    "AccountDomain": "CONTOSO",
    "LogonType": "4",
    "src_ip": "174.89.154.104"
  },
  {
    "_time": 1700000576,
    "_raw": "EventID=4624 ComputerName=WORKSTATION-010 AccountName=user010 AccountDomain=CORP LogonType=10 IpAddress=83.238.226.114 IpPort=45301",
    "host": "workstation-010",
    "source": "WinEventLog:Security",
    "sourcetype": "WinEventLog:Security",
    "index": "windows",
    "EventCode": "4624",
    "ComputerName": "WORKSTATION-010",
    "AccountName": "user010",
    "AccountDomain": "CORP",
    "LogonType": "10",
    "src_ip": "192.168.1.204.231"
  },
  {
    "_time": 1700000858,
    "_raw": "EventID=4634 ComputerName=WORKSTATION-022 AccountName=user003 AccountDomain=ACME LogonType=10 IpAddress=210.120.158.58 IpPort=53882",
    "host": "workstation-022",
    "source": "WinEventLog:Security",
    "sourcetype": "WinEventLog:Security",
    "index": "windows",
    "EventCode": "4634",
    "ComputerName": "WORKSTATION-022",
    "AccountName": "user003",
    "AccountDomain": "ACME",
    "LogonType": "10",
    "src_ip": "10.0.12.63"
  },
  {
    "_time": 1700000544,
    "_raw": "EventID=4769 ComputerName=WORKSTATION-028 AccountName=user003 AccountDomain=ACME LogonType=10 IpAddress=172.16.99.127 IpPort=27215",
    "host": "workstation-028",
    "source": "WinEventLog:Security",
    "sourcetype": "WinEventLog:Security",
    "index": "windows",
    "EventCode": "4769",
    "ComputerName": "WORKSTATION-028",
    "AccountName": "user003",
    "AccountDomain": "ACME",
    "LogonType": "10",
    "src_ip": "172.16.177.2"
  },
  {
    "_time": 1700001015,
    "_raw": "EventID=4625 ComputerName=WORKSTATION-025 AccountName=user014 AccountDomain=CORP LogonType=10 IpAddress=143.127.62.117 IpPort=9762",
    "host": "workstation-025",
    "source": "WinEventLog:Security",
    "sourcetype": "WinEventLog:Security",
    "index": "windows",
    "EventCode": "4625",
    "ComputerName": "WORKSTATION-025",
    "AccountName": "user014",
    "AccountDomain": "CORP",
    "LogonType": "10",
    "src_ip": "171.162.226.157"
  },
  {
    "_time": 1700000972,
    "_raw": "EventID=4768 ComputerName=WORKSTATION-014 AccountName=user018 AccountDomain=ACME LogonType=5 IpAddress=193.126.141.197 IpPort=51989",
    "host": "workstation-014",
    "source": "WinEventLog:Security",
    "sourcetype": "WinEventLog:Security",
    "index": "windows",
    "EventCode": "4768",
    "ComputerName": "WORKSTATION-014",
    "AccountName": "user018",
    "AccountDomain": "ACME",
    "LogonType": "5",
    "src_ip": "161.122.140.113"
  },
  {
    "_time": 1700000111,
    "_raw": "EventID=4663 ComputerName=WORKSTATION-008 AccountName=user009 AccountDomain=ACME LogonType=10 IpAddress=10.0.60.99 IpPort=46502",
    "host": "workstation-008",
    "source": "WinEventLog:Security",
    "sourcetype": "WinEventLog:Security",
    "index": "windows",
    "EventCode": "4663",
    "ComputerName": "WORKSTATION-008",
    "AccountName": "user009",
    "AccountDomain": "ACME",
    "LogonType": "10",
    "src_ip": "10.0.17.107"
  },
  {
    "_time": 1700000532,
    "_raw": "EventID=4672 ComputerName=WORKSTATION-018 AccountName=user015 AccountDomain=ACME LogonType=3 IpAddress=100.10.194.123 IpPort=1410",
    "host": "workstation-018",
    "source": "WinEventLog:Security",
    "sourcetype": "WinEventLog:Security",
    "index": "windows",
    "EventCode": "4672",
    "ComputerName": "WORKSTATION-018",
    "AccountName": "user015",
    "AccountDomain": "ACME",
    "LogonType": "3",
    "src_ip": "77.199.214.138"
  },
  {
    "_time": 1700000936,
    "_raw": "EventID=4768 ComputerName=WORKSTATION-026 AccountName=SYSTEM AccountDomain=CORP LogonType=3 IpAddress=192.168.1.8.100 IpPort=23052",
    "host": "workstation-026",
    "source": "WinEventLog:Security",
    "sourcetype": "WinEventLog:Security",
    "index": "windows",
    "EventCode": "4768",
    "ComputerName": "WORKSTATION-026",
    "AccountName": "SYSTEM",
    "AccountDomain": "CORP",
    "LogonType": "3",
    "src_ip": "205.207.84.216"
  },
  {
    "_time": 1700000600,
    "_raw": "EventID=4634 ComputerName=WORKSTATION-020 AccountName=user018 AccountDomain=CORP LogonType=10 IpAddress=7.42.219.35 IpPort=57833",
    "host": "workstation-020",
    "source": "WinEventLog:Security",
    "sourcetype": "WinEventLog:Security",
    "index": "windows",
    "EventCode": "4634",
    "ComputerName": "WORKSTATION-020",
    "AccountName": "user018",
    "AccountDomain": "CORP",
    "LogonType": "10",
    "src_ip": "13.133.194.84"
  },
  {
    "_time": 1700000287,
    "_raw": "EventID=4720 ComputerName=WORKSTATION-011 AccountName=user011 AccountDomain=ACME LogonType=5 IpAddress=10.0.121.5 IpPort=50112",
    "host": "workstation-011",
    "source": "WinEventLog:Security",
    "sourcetype": "WinEventLog:Security",
    "index": "windows",
    "EventCode": "4720",
    "ComputerName": "WORKSTATION-011",
    "AccountName": "user011",
    "AccountDomain": "ACME",
    "LogonType": "5",
    "src_ip": "90.114.35.200"
  },
  {
    "_time": 1700000882,
    "_raw": "EventID=4624 ComputerName=WORKSTATION-025 AccountName=user001 AccountDomain=CORP LogonType=2 IpAddress=62.64.242.172 IpPort=8520",
    "host": "workstation-025",
    "source": "WinEventLog:Security",
    "sourcetype": "WinEventLog:Security",
    "index": "windows",
    "EventCode": "4624",
    "ComputerName": "WORKSTATION-025",
    "AccountName": "user001",
    "AccountDomain": "CORP",
    "LogonType": "2",
    "src_ip": "56.238.131.197"
  },
  {
    "_time": 1700000516,
    "_raw": "EventID=4634 ComputerName=WORKSTATION-020 AccountName=SYSTEM AccountDomain=CONTOSO LogonType=2 IpAddress=42.159.55.149 IpPort=2706",
    "host": "workstation-020",
    "source": "WinEventLog:Security",
    "sourcetype": "WinEventLog:Security",
    "index": "windows",
    "EventCode": "4634",
    "ComputerName": "WORKSTATION-020",
    "AccountName": "SYSTEM",
    "AccountDomain": "CONTOSO",
    "LogonType": "2",
    "src_ip": "148.192.203.242"
  },
  {
    "_time": 1700001012,
    "_raw": "EventID=4648 ComputerName=WORKSTATION-003 AccountName=user019 AccountDomain=CONTOSO LogonType=3 IpAddress=192.168.1.218.176 IpPort=40372",
    "host": "workstation-003",
    "source": "WinEventLog:Security",
    "sourcetype": "WinEventLog:Security",
    "index": "windows",
    "EventCode": "4648",
    "ComputerName": "WORKSTATION-003",
    "AccountName": "user019",
    "AccountDomain": "CONTOSO",
    "LogonType": "3",
    "src_ip": "204.21.177.137"
  },
  {
    "_time": 1700000630,
    "_raw": "EventID=4776 ComputerName=WORKSTATION-012 AccountName=user003 AccountDomain=CONTOSO LogonType=4 IpAddress=192.168.1.211.126 IpPort=7940",
    "host": "workstation-012",
    "source": "WinEventLog:Security",
    "sourcetype": "WinEventLog:Security",
    "index": "windows",
    "EventCode": "4776",
    "ComputerName": "WORKSTATION-012",
    "AccountName": "user003",
    "AccountDomain": "CONTOSO",
    "LogonType": "4",
    "src_ip": "93.235.78.112"
  },
  {
    "_time": 1700000276,
    "_raw": "EventID=4768 ComputerName=WORKSTATION-021 AccountName=user009 AccountDomain=CONTOSO LogonType=5 IpAddress=212.137.165.219 IpPort=17112",
    "host": "workstation-021",
    "source": "WinEventLog:Security",
    "sourcetype": "WinEventLog:Security",
    "index": "windows",
    "EventCode": "4768",
    "ComputerName": "WORKSTATION-021",
    "AccountName": "user009",
    "AccountDomain": "CONTOSO",
    "LogonType": "5",
    "src_ip": "23.142.230.63"
  },
  {
    "_time": 1700001175,
    "_raw": "EventID=4720 ComputerName=WORKSTATION-019 AccountName=SYSTEM AccountDomain=CONTOSO LogonType=4 IpAddress=192.168.1.47.125 IpPort=14925",
    "host": "workstation-019",
    "source": "WinEventLog:Security",
    "sourcetype": "WinEventLog:Security",
    "index": "windows",
    "EventCode": "4720",
    "ComputerName": "WORKSTATION-019",
    "AccountName": "SYSTEM",
    "AccountDomain": "CONTOSO",
    "LogonType": "4",
    "src_ip": "67.174.143.226"
  },
  {
    "_time": 1700000960,
    "_raw": "EventID=4663 ComputerName=WORKSTATION-018 AccountName=user001 AccountDomain=CONTOSO LogonType=2 IpAddress=192.168.1.126.143 IpPort=50711",
    "host": "workstation-018",
    "source": "WinEventLog:Security",
    "sourcetype": "WinEventLog:Security",
    "index": "windows",
    "EventCode": "4663",
    "ComputerName": "WORKSTATION-018",
    "AccountName": "user001",
    "AccountDomain": "CONTOSO",
    "LogonType": "2",
    "src_ip": "192.168.1.166.183"
  },
  {
    "_time": 1700000784,
    "_raw": "EventID=4720 ComputerName=WORKSTATION-026 AccountName=user001 AccountDomain=CORP LogonType=3 IpAddress=63.156.188.122 IpPort=37296",
    "host": "workstation-026",
    "source": "WinEventLog:Security",
    "sourcetype": "WinEventLog:Security",
    "index": "windows",
    "EventCode": "4720",
    "ComputerName": "WORKSTATION-026",
    "AccountName": "user001",
    "AccountDomain": "CORP",
    "LogonType": "3",
    "src_ip": "109.169.180.180"
  },
  {
    "_time": 1700000750,
    "_raw": "EventID=4663 ComputerName=WORKSTATION-010 AccountName=user009 AccountDomain=CORP LogonType=3 IpAddress=191.94.98.56 IpPort=49429",
    "host": "workstation-010",
    "source": "WinEventLog:Security",
    "sourcetype": "WinEventLog:Security",
    "index": "windows",
    "EventCode": "4663",
    "ComputerName": "WORKSTATION-010",
    "AccountName": "user009",
    "AccountDomain": "CORP",
    "LogonType": "3",
    "src_ip": "186.144.51.214"
  },
  {
    "_time": 1700000357,
    "_raw": "EventID=4663 ComputerName=WORKSTATION-008 AccountName=user012 AccountDomain=CORP LogonType=2 IpAddress=33.140.23.250 IpPort=4597",
    "host": "workstation-008",
    "source": "WinEventLog:Security",
    "sourcetype": "WinEventLog:Security",
    "index": "windows",
    "EventCode": "4663",
    "ComputerName": "WORKSTATION-008",
    "AccountName": "user012",
    "AccountDomain": "CORP",
    "LogonType": "2",
    "src_ip": "179.64.251.27"
  },
  {
    "_time": 1700001456,
    "_raw": "EventID=4624 ComputerName=WORKSTATION-019 AccountName=user010 AccountDomain=ACME LogonType=5 IpAddress=14.129.244.30 IpPort=54902",
    "host": "workstation-019",
    "source": "WinEventLog:Security",
    "sourcetype": "WinEventLog:Security",
    "index": "windows",
    "EventCode": "4624",
    "ComputerName": "WORKSTATION-019",
    "AccountName": "user010",
    "AccountDomain": "ACME",
    "LogonType": "5",
    "src_ip": "192.168.1.19.148"
  },
  {
    "_time": 1700001113,
    "_raw": "EventID=4776 ComputerName=WORKSTATION-002 AccountName=user005 AccountDomain=CORP LogonType=4 IpAddress=10.0.31.143 IpPort=51122",
    "host": "workstation-002",
    "source": "WinEventLog:Security",
    "sourcetype": "WinEventLog:Security",
    "index": "windows",
    "EventCode": "4776",
    "ComputerName": "WORKSTATION-002",
    "AccountName": "user005",
    "AccountDomain": "CORP",
    "LogonType": "4",
    "src_ip": "153.115.194.116"
  },
  {
    "_time": 1700001620,
    "_raw": "EventID=4720 ComputerName=WORKSTATION-010 AccountName=user019 AccountDomain=ACME LogonType=10 IpAddress=157.50.106.161 IpPort=14853",
    "host": "workstation-010",
    "source": "WinEventLog:Security",
    "sourcetype": "WinEventLog:Security",
    "index": "windows",
    "EventCode": "4720",
    "ComputerName": "WORKSTATION-010",
    "AccountName": "user019",
    "AccountDomain": "ACME",
    "LogonType": "10",
    "src_ip": "10.0.41.62"
  },
  {
    "_time": 1700000330,
    "_raw": "EventID=4768 ComputerName=WORKSTATION-003 AccountName=user006 AccountDomain=CORP LogonType=5 IpAddress=121.149.16.60 IpPort=19905",
    "host": "workstation-003",
    "source": "WinEventLog:Security",
    "sourcetype": "WinEventLog:Security",
    "index": "windows",
    "EventCode": "4768",
    "ComputerName": "WORKSTATION-003",
    "AccountName": "user006",
    "AccountDomain": "CORP",
    "LogonType": "5",
    "src_ip": "180.232.36.176"
  },
  {
    "_time": 1700000448,
    "_raw": "EventID=4663 ComputerName=WORKSTATION-026 AccountName=NETWORK SERVICE AccountDomain=CONTOSO LogonType=3 IpAddress=140.115.76.233 IpPort=18432",
    "host": "workstation-026",
    "source": "WinEventLog:Security",
    "sourcetype": "WinEventLog:Security",
    "index": "windows",
    "EventCode": "4663",
    "ComputerName": "WORKSTATION-026",
    "AccountName": "NETWORK SERVICE",
    "AccountDomain": "CONTOSO",
    "LogonType": "3",
    "src_ip": "19.30.84.203"
  },
  {
    "_time": 1700000570,
    "_raw": "EventID=4769 ComputerName=WORKSTATION-024 AccountName=user019 AccountDomain=ACME LogonType=2 IpAddress=78.206.139.129 IpPort=36412",
    "host": "workstation-024",
    "source": "WinEventLog:Security",
    "sourcetype": "WinEventLog:Security",
    "index": "windows",
    "EventCode": "4769",
    "ComputerName": "WORKSTATION-024",
    "AccountName": "user019",
    "AccountDomain": "ACME",
    "LogonType": "2",
    "src_ip": "21.20.221.189"
  },
  {
    "_time": 1700000638,
    "_raw": "EventID=4769 ComputerName=WORKSTATION-009 AccountName=user001 AccountDomain=CORP LogonType=10 IpAddress=6.137.20.196 IpPort=50586",
    "host": "workstation-009",
    "source": "WinEventLog:Security",
    "sourcetype": "WinEventLog:Security",
    "index": "windows",
    "EventCode": "4769",
    "ComputerName": "WORKSTATION-009",
    "AccountName": "user001",
    "AccountDomain": "CORP",
    "LogonType": "10",
    "src_ip": "172.16.167.114"
  },
  {
    "_time": 1700001770,
    "_raw": "EventID=4663 ComputerName=WORKSTATION-006 AccountName=user019 AccountDomain=ACME LogonType=5 IpAddress=121.178.209.86 IpPort=22064",
    "host": "workstation-006",
    "source": "WinEventLog:Security",
    "sourcetype": "WinEventLog:Security",
    "index": "windows",
    "EventCode": "4663",
    "ComputerName": "WORKSTATION-006",
    "AccountName": "user019",
    "AccountDomain": "ACME",
    "LogonType": "5",
    "src_ip": "220.82.168.106"
  },
  {
    "_time": 1700001380,
    "_raw": "EventID=4720 ComputerName=WORKSTATION-010 AccountName=LOCAL SERVICE AccountDomain=ACME LogonType=2 IpAddress=81.129.165.30 IpPort=64606",
    "host": "workstation-010",
    "source": "WinEventLog:Security",
    "sourcetype": "WinEventLog:Security",
    "index": "windows",
    "EventCode": "4720",
    "ComputerName": "WORKSTATION-010",
    "AccountName": "LOCAL SERVICE",
    "AccountDomain": "ACME",
    "LogonType": "2",
    "src_ip": "222.0.236.106"
  },
  {
    "_time": 1700000122,
    "_raw": "EventID=4648 ComputerName=WORKSTATION-017 AccountName=user012 AccountDomain=CONTOSO LogonType=5 IpAddress=53.136.67.238 IpPort=19900",
    "host": "workstation-017",
    "source": "WinEventLog:Security",
    "sourcetype": "WinEventLog:Security",
    "index": "windows",
    "EventCode": "4648",
    "ComputerName": "WORKSTATION-017",
    "AccountName": "user012",
    "AccountDomain": "CONTOSO",
    "LogonType": "5",
    "src_ip": "179.248.62.8"
  },
  {
    "_time": 1700001302,
    "_raw": "EventID=4769 ComputerName=WORKSTATION-026 AccountName=user008 AccountDomain=CONTOSO LogonType=4 IpAddress=142.208.47.58 IpPort=56166",
    "host": "workstation-026",
    "source": "WinEventLog:Security",
    "sourcetype": "WinEventLog:Security",
    "index": "windows",
    "EventCode": "4769",
    "ComputerName": "WORKSTATION-026",
    "AccountName": "user008",
    "AccountDomain": "CONTOSO",
    "LogonType": "4",
    "src_ip": "119.60.78.128"
  },
  {
    "_time": 1700001890,
    "_raw": "EventID=4663 ComputerName=WORKSTATION-017 AccountName=user009 AccountDomain=ACME LogonType=5 IpAddress=172.16.38.99 IpPort=13515",
    "host": "workstation-017",
    "source": "WinEventLog:Security",
    "sourcetype": "WinEventLog:Security",
    "index": "windows",
    "EventCode": "4663",
    "ComputerName": "WORKSTATION-017",
    "AccountName": "user009",
    "AccountDomain": "ACME",
    "LogonType": "5",
    "src_ip": "131.69.35.71"
  },
  {
    "_time": 1700001600,
    "_raw": "EventID=4688 ComputerName=WORKSTATION-011 AccountName=user017 AccountDomain=ACME LogonType=4 IpAddress=215.250.76.115 IpPort=36320",
    "host": "workstation-011",
    "source": "WinEventLog:Security",
    "sourcetype": "WinEventLog:Security",
    "index": "windows",
    "EventCode": "4688",
    "ComputerName": "WORKSTATION-011",
    "AccountName": "user017",
    "AccountDomain": "ACME",
    "LogonType": "4",
    "src_ip": "86.193.233.239"
  },
  {
    "_time": 1700000715,
    "_raw": "EventID=4648 ComputerName=WORKSTATION-023 AccountName=user008 AccountDomain=CONTOSO LogonType=3 IpAddress=106.22.162.191 IpPort=32020",
    "host": "workstation-023",
    "source": "WinEventLog:Security",
    "sourcetype": "WinEventLog:Security",
    "index": "windows",
    "EventCode": "4648",
    "ComputerName": "WORKSTATION-023",
    "AccountName": "user008",
    "AccountDomain": "CONTOSO",
    "LogonType": "3",
    "src_ip": "208.195.197.254"
  },
  {
    "_time": 1700001452,
    "_raw": "EventID=4776 ComputerName=WORKSTATION-005 AccountName=user016 AccountDomain=CORP LogonType=10 IpAddress=85.51.225.26 IpPort=35492",
    "host": "workstation-005",
    "source": "WinEventLog:Security",
    "sourcetype": "WinEventLog:Security",
    "index": "windows",
    "EventCode": "4776",
    "ComputerName": "WORKSTATION-005",
    "AccountName": "user016",
    "AccountDomain": "CORP",
    "LogonType": "10",
    "src_ip": "4.73.209.223"
  },
  {
    "_time": 1700001407,
    "_raw": "EventID=4634 ComputerName=WORKSTATION-003 AccountName=user016 AccountDomain=ACME LogonType=10 IpAddress=167.41.168.219 IpPort=45218",
    "host": "workstation-003",
    "source": "WinEventLog:Security",
    "sourcetype": "WinEventLog:Security",
    "index": "windows",
    "EventCode": "4634",
    "ComputerName": "WORKSTATION-003",
    "AccountName": "user016",
    "AccountDomain": "ACME",
    "LogonType": "10",
    "src_ip": "98.162.249.224"
  },
  {
    "_time": 1700001224,
    "_raw": "EventID=4624 ComputerName=WORKSTATION-020 AccountName=user003 AccountDomain=CORP LogonType=4 IpAddress=192.46.222.251 IpPort=7475",
    "host": "workstation-020",
    "source": "WinEventLog:Security",
    "sourcetype": "WinEventLog:Security",
    "index": "windows",
    "EventCode": "4624",
    "ComputerName": "WORKSTATION-020",
    "AccountName": "user003",
    "AccountDomain": "CORP",
    "LogonType": "4",
    "src_ip": "181.51.227.43"
  },
  {
    "_time": 1700001587,
    "_raw": "EventID=4663 ComputerName=WORKSTATION-029 AccountName=user001 AccountDomain=CORP LogonType=2 IpAddress=192.168.1.111.38 IpPort=17027",
    "host": "workstation-029",
    "source": "WinEventLog:Security",
    "sourcetype": "WinEventLog:Security",
    "index": "windows",
    "EventCode": "4663",
    "ComputerName": "WORKSTATION-029",
    "AccountName": "user001",
    "AccountDomain": "CORP",
    "LogonType": "2",
    "src_ip": "145.92.87.45"
  },
  {
    "_time": 1700000210,
    "_raw": "EventID=4769 ComputerName=WORKSTATION-028 AccountName=user013 AccountDomain=CONTOSO LogonType=3 IpAddress=150.73.118.119 IpPort=42829",
    "host": "workstation-028",
    "source": "WinEventLog:Security",
    "sourcetype": "WinEventLog:Security",
    "index": "windows",
    "EventCode": "4769",
    "ComputerName": "WORKSTATION-028",
    "AccountName": "user013",
    "AccountDomain": "CONTOSO",
    "LogonType": "3",
    "src_ip": "192.168.1.171.3"
  },
  {
    "_time": 1700002059,
    "_raw": "EventID=4720 ComputerName=WORKSTATION-029 AccountName=user010 AccountDomain=CONTOSO LogonType=3 IpAddress=192.168.1.253.151 IpPort=20629",
    "host": "workstation-029",
    "source": "WinEventLog:Security",
    "sourcetype": "WinEventLog:Security",
    "index": "windows",
    "EventCode": "4720",
    "ComputerName": "WORKSTATION-029",
    "AccountName": "user010",
    "AccountDomain": "CONTOSO",
    "LogonType": "3",
    "src_ip": "109.128.233.217"
  },
  {
    "_time": 1700000720,
    "_raw": "EventID=4648 ComputerName=WORKSTATION-013 AccountName=user016 AccountDomain=CORP LogonType=5 IpAddress=148.151.151.6 IpPort=65114",
    "host": "workstation-013",
    "source": "WinEventLog:Security",
    "sourcetype": "WinEventLog:Security",
    "index": "windows",
    "EventCode": "4648",
    "ComputerName": "WORKSTATION-013",
    "AccountName": "user016",
    "AccountDomain": "CORP",
    "LogonType": "5",
    "src_ip": "102.140.4.145"
  },
  {
    "_time": 1700002044,
    "_raw": "EventID=4776 ComputerName=WORKSTATION-025 AccountName=user002 AccountDomain=CONTOSO LogonType=5 IpAddress=74.117.180.57 IpPort=42745",
    "host": "workstation-025",
    "source": "WinEventLog:Security",
    "sourcetype": "WinEventLog:Security",
    "index": "windows",
    "EventCode": "4776",
    "ComputerName": "WORKSTATION-025",
    "AccountName": "user002",
    "AccountDomain": "CONTOSO",
    "LogonType": "5",
    "src_ip": "192.168.1.174.194"
  },
  {
    "_time": 1700001776,
    "_raw": "EventID=4776 ComputerName=WORKSTATION-022 AccountName=user005 AccountDomain=CONTOSO LogonType=2 IpAddress=113.17.186.188 IpPort=9636",
    "host": "workstation-022",
    "source": "WinEventLog:Security",
    "sourcetype": "WinEventLog:Security",
    "index": "windows",
    "EventCode": "4776",
    "ComputerName": "WORKSTATION-022",
    "AccountName": "user005",
    "AccountDomain": "CONTOSO",
    "LogonType": "2",
    "src_ip": "192.168.1.84.192"
  },
  {
    "_time": 1700001050,
    "_raw": "EventID=4634 ComputerName=WORKSTATION-007 AccountName=user005 AccountDomain=CONTOSO LogonType=10 IpAddress=70.84.131.234 IpPort=55070",
    "host": "workstation-007",
    "source": "WinEventLog:Security",
    "sourcetype": "WinEventLog:Security",
    "index": "windows",
    "EventCode": "4634",
    "ComputerName": "WORKSTATION-007",
    "AccountName": "user005",
    "AccountDomain": "CONTOSO",
    "LogonType": "10",
    "src_ip": "207.151.173.206"
  },
  {
    "_time": 1700000304,
    "_raw": "EventID=4720 ComputerName=WORKSTATION-003 AccountName=user005 AccountDomain=CORP LogonType=5 IpAddress=206.187.46.203 IpPort=26882",
    "host": "workstation-003",
    "source": "WinEventLog:Security",
    "sourcetype": "WinEventLog:Security",
    "index": "windows",
    "EventCode": "4720",
    "ComputerName": "WORKSTATION-003",
    "AccountName": "user005",
    "AccountDomain": "CORP",
    "LogonType": "5",
    "src_ip": "172.16.32.117"
  },
  {
    "_time": 1700000924,
    "_raw": "EventID=4776 ComputerName=WORKSTATION-024 AccountName=LOCAL SERVICE AccountDomain=ACME LogonType=5 IpAddress=96.55.119.121 IpPort=2664",
    "host": "workstation-024",
    "source": "WinEventLog:Security",
    "sourcetype": "WinEventLog:Security",
    "index": "windows",
    "EventCode": "4776",
    "ComputerName": "WORKSTATION-024",
    "AccountName": "LOCAL SERVICE",
    "AccountDomain": "ACME",
    "LogonType": "5",
    "src_ip": "144.167.113.166"
  },
  {
    "_time": 1700000234,
    "_raw": "EventID=4776 ComputerName=WORKSTATION-027 AccountName=user015 AccountDomain=CONTOSO LogonType=5 IpAddress=10.0.243.10 IpPort=20970",
    "host": "workstation-027",
    "source": "WinEventLog:Security",
    "sourcetype": "WinEventLog:Security",
    "index": "windows",
    "EventCode": "4776",
    "ComputerName": "WORKSTATION-027",
    "AccountName": "user015",
    "AccountDomain": "CONTOSO",
    "LogonType": "5",
    "src_ip": "30.49.120.228"
  },
  {
    "_time": 1700001422,
    "_raw": "EventID=4634 ComputerName=WORKSTATION-013 AccountName=user015 AccountDomain=ACME LogonType=10 IpAddress=191.79.212.168 IpPort=7513",
    "host": "workstation-013",
    "source": "WinEventLog:Security",
    "sourcetype": "WinEventLog:Security",
    "index": "windows",
    "EventCode": "4634",
    "ComputerName": "WORKSTATION-013",
    "AccountName": "user015",
    "AccountDomain": "ACME",
    "LogonType": "10",
    "src_ip": "158.208.143.9"
  },
  {
    "_time": 1700001840,
    "_raw": "EventID=4672 ComputerName=WORKSTATION-007 AccountName=user015 AccountDomain=ACME LogonType=4 IpAddress=172.16.95.140 IpPort=60117",
    "host": "workstation-007",
    "source": "WinEventLog:Security",
    "sourcetype": "WinEventLog:Security",
    "index": "windows",
    "EventCode": "4672",
    "ComputerName": "WORKSTATION-007",
    "AccountName": "user015",
    "AccountDomain": "ACME",
    "LogonType": "4",
    "src_ip": "92.31.203.71"
  },
  {
    "_time": 1700000567,
    "_raw": "EventID=4625 ComputerName=WORKSTATION-028 AccountName=user015 AccountDomain=CORP LogonType=3 IpAddress=153.10.25.202 IpPort=22880",
    "host": "workstation-028",
    "source": "WinEventLog:Security",
    "sourcetype": "WinEventLog:Security",
    "index": "windows",
    "EventCode": "4625",
    "ComputerName": "WORKSTATION-028",
    "AccountName": "user015",
    "AccountDomain": "CORP",
    "LogonType": "3",
    "src_ip": "10.0.202.145"
  },
  {
    "_time": 1700000574,
    "_raw": "EventID=4625 ComputerName=WORKSTATION-027 AccountName=user018 AccountDomain=CORP LogonType=3 IpAddress=60.168.75.202 IpPort=60041",
    "host": "workstation-027",
    "source": "WinEventLog:Security",
    "sourcetype": "WinEventLog:Security",
    "index": "windows",
    "EventCode": "4625",
    "ComputerName": "WORKSTATION-027",
    "AccountName": "user018",
    "AccountDomain": "CORP",
    "LogonType": "3",
    "src_ip": "71.74.66.139"
  },
  {
    "_time": 1700000747,
    "_raw": "EventID=4634 ComputerName=WORKSTATION-004 AccountName=LOCAL SERVICE AccountDomain=CORP LogonType=2 IpAddress=202.121.165.5 IpPort=12443",
    "host": "workstation-004",
    "source": "WinEventLog:Security",
    "sourcetype": "WinEventLog:Security",
    "index": "windows",
    "EventCode": "4634",
    "ComputerName": "WORKSTATION-004",
    "AccountName": "LOCAL SERVICE",
    "AccountDomain": "CORP",
    "LogonType": "2",
    "src_ip": "10.0.190.108"
  },
  {
    "_time": 1700001428,
    "_raw": "EventID=4625 ComputerName=WORKSTATION-024 AccountName=user003 AccountDomain=ACME LogonType=4 IpAddress=28.231.113.243 IpPort=41335",
    "host": "workstation-024",
    "source": "WinEventLog:Security",
    "sourcetype": "WinEventLog:Security",
    "index": "windows",
    "EventCode": "4625",
    "ComputerName": "WORKSTATION-024",
    "AccountName": "user003",
    "AccountDomain": "ACME",
    "LogonType": "4",
    "src_ip": "172.16.134.78"
  },
  {
    "_time": 1700001275,
    "_raw": "EventID=4776 ComputerName=WORKSTATION-001 AccountName=user002 AccountDomain=ACME LogonType=5 IpAddress=126.227.37.231 IpPort=6318",
    "host": "workstation-001",
    "source": "WinEventLog:Security",
    "sourcetype": "WinEventLog:Security",
    "index": "windows",
    "EventCode": "4776",
    "ComputerName": "WORKSTATION-001",
    "AccountName": "user002",
    "AccountDomain": "ACME",
    "LogonType": "5",
    "src_ip": "38.33.64.71"
  },
  {
    "_time": 1700001720,
    "_raw": "EventID=4776 ComputerName=WORKSTATION-019 AccountName=user018 AccountDomain=CONTOSO LogonType=5 IpAddress=136.150.232.130 IpPort=40701",
    "host": "workstation-019",
    "source": "WinEventLog:Security",
    "sourcetype": "WinEventLog:Security",
    "index": "windows",
    "EventCode": "4776",
    "ComputerName": "WORKSTATION-019",
    "AccountName": "user018",
    "AccountDomain": "CONTOSO",
    "LogonType": "5",
    "src_ip": "204.58.110.111"
  },
  {
    "_time": 1700001305,
    "_raw": "EventID=4648 ComputerName=WORKSTATION-014 AccountName=user011 AccountDomain=ACME LogonType=5 IpAddress=81.218.160.171 IpPort=17728",
    "host": "workstation-014",
    "source": "WinEventLog:Security",
    "sourcetype": "WinEventLog:Security",
    "index": "windows",
    "EventCode": "4648",
    "ComputerName": "WORKSTATION-014",
    "AccountName": "user011",
    "AccountDomain": "ACME",
    "LogonType": "5",
    "src_ip": "40.242.34.24"
  },
  {
    "_time": 1700002376,
    "_raw": "EventID=4625 ComputerName=WORKSTATION-003 AccountName=user014 AccountDomain=CORP LogonType=4 IpAddress=143.30.168.172 IpPort=9034",
    "host": "workstation-003",
    "source": "WinEventLog:Security",
    "sourcetype": "WinEventLog:Security",
    "index": "windows",
    "EventCode": "4625",
    "ComputerName": "WORKSTATION-003",
    "AccountName": "user014",
    "AccountDomain": "CORP",
    "LogonType": "4",
    "src_ip": "171.216.26.248"
  },
  {
    "_time": 1700000890,
    "_raw": "EventID=4769 ComputerName=WORKSTATION-010 AccountName=user012 AccountDomain=CORP LogonType=10 IpAddress=172.16.124.58 IpPort=56551",
    "host": "workstation-010",
    "source": "WinEventLog:Security",
    "sourcetype": "WinEventLog:Security",
    "index": "windows",
    "EventCode": "4769",
    "ComputerName": "WORKSTATION-010",
    "AccountName": "user012",
    "AccountDomain": "CORP",
    "LogonType": "10",
    "src_ip": "172.16.95.30"
  },
  {
    "_time": 1700002250,
    "_raw": "EventID=4663 ComputerName=WORKSTATION-019 AccountName=user008 AccountDomain=ACME LogonType=10 IpAddress=165.13.136.8 IpPort=12847",
    "host": "workstation-019",
    "source": "WinEventLog:Security",
    "sourcetype": "WinEventLog:Security",
    "index": "windows",
    "EventCode": "4663",
    "ComputerName": "WORKSTATION-019",
    "AccountName": "user008",
    "AccountDomain": "ACME",
    "LogonType": "10",
    "src_ip": "192.168.1.236.87"
  },
  {
    "_time": 1700001092,
    "_raw": "EventID=4624 ComputerName=WORKSTATION-006 AccountName=user005 AccountDomain=CONTOSO LogonType=5 IpAddress=172.16.163.249 IpPort=3033",
    "host": "workstation-006",
    "source": "WinEventLog:Security",
    "sourcetype": "WinEventLog:Security",
    "index": "windows",
    "EventCode": "4624",
    "ComputerName": "WORKSTATION-006",
    "AccountName": "user005",
    "AccountDomain": "CONTOSO",
    "LogonType": "5",
    "src_ip": "172.16.56.97"
  },
  {
    "_time": 1700001288,
    "_raw": "EventID=4720 ComputerName=WORKSTATION-011 AccountName=user006 AccountDomain=ACME LogonType=4 IpAddress=146.43.26.40 IpPort=11340",
    "host": "workstation-011",
    "source": "WinEventLog:Security",
    "sourcetype": "WinEventLog:Security",
    "index": "windows",
    "EventCode": "4720",
    "ComputerName": "WORKSTATION-011",
    "AccountName": "user006",
    "AccountDomain": "ACME",
    "LogonType": "4",
    "src_ip": "13.41.139.114"
  },
  {
    "_time": 1700002046,
    "_raw": "EventID=4688 ComputerName=WORKSTATION-016 AccountName=SYSTEM AccountDomain=ACME LogonType=4 IpAddress=172.16.30.89 IpPort=29198",
    "host": "workstation-016",
    "source": "WinEventLog:Security",
    "sourcetype": "WinEventLog:Security",
    "index": "windows",
    "EventCode": "4688",
    "ComputerName": "WORKSTATION-016",
    "AccountName": "SYSTEM",
    "AccountDomain": "ACME",
    "LogonType": "4",
    "src_ip": "172.16.174.152"
  },
  {
    "_time": 1700001504,
    "_raw": "EventID=4768 ComputerName=WORKSTATION-022 AccountName=user010 AccountDomain=CORP LogonType=5 IpAddress=15.3.104.78 IpPort=62976",
    "host": "workstation-022",
    "source": "WinEventLog:Security",
    "sourcetype": "WinEventLog:Security",
    "index": "windows",
    "EventCode": "4768",
    "ComputerName": "WORKSTATION-022",
    "AccountName": "user010",
    "AccountDomain": "CORP",
    "LogonType": "5",
    "src_ip": "10.0.196.66"
  },
  {
    "_time": 1700000950,
    "_raw": "EventID=4672 ComputerName=WORKSTATION-004 AccountName=user001 AccountDomain=ACME LogonType=5 IpAddress=192.168.1.137.181 IpPort=16104",
    "host": "workstation-004",
    "source": "WinEventLog:Security",
    "sourcetype": "WinEventLog:Security",
    "index": "windows",
    "EventCode": "4672",
    "ComputerName": "WORKSTATION-004",
    "AccountName": "user001",
    "AccountDomain": "ACME",
    "LogonType": "5",
    "src_ip": "214.181.36.102"
  },
  {
    "_time": 1700002688,
    "_raw": "EventID=4624 ComputerName=WORKSTATION-014 AccountName=user001 AccountDomain=ACME LogonType=4 IpAddress=147.207.213.75 IpPort=8572",
    "host": "workstation-014",
    "source": "WinEventLog:Security",
    "sourcetype": "WinEventLog:Security",
    "index": "windows",
    "EventCode": "4624",
    "ComputerName": "WORKSTATION-014",
    "AccountName": "user001",
    "AccountDomain": "ACME",
    "LogonType": "4",
    "src_ip": "84.87.235.213"
  },
  {
    "_time": 1700002231,
    "_raw": "EventID=4672 ComputerName=WORKSTATION-003 AccountName=user014 AccountDomain=CORP LogonType=5 IpAddress=135.40.202.223 IpPort=21358",
    "host": "workstation-003",
    "source": "WinEventLog:Security",
    "sourcetype": "WinEventLog:Security",
    "index": "windows",
    "EventCode": "4672",
    "ComputerName": "WORKSTATION-003",
    "AccountName": "user014",
    "AccountDomain": "CORP",
    "LogonType": "5",
    "src_ip": "57.170.86.20"
  },
  {
    "_time": 1700001666,
    "_raw": "EventID=4776 ComputerName=WORKSTATION-004 AccountName=user017 AccountDomain=CONTOSO LogonType=4 IpAddress=210.75.120.27 IpPort=10621",
    "host": "workstation-004",
    "source": "WinEventLog:Security",
    "sourcetype": "WinEventLog:Security",
    "index": "windows",
    "EventCode": "4776",
    "ComputerName": "WORKSTATION-004",
    "AccountName": "user017",
    "AccountDomain": "CONTOSO",
    "LogonType": "4",
    "src_ip": "10.0.155.40"
  },
  {
    "_time": 1700002475,
    "_raw": "EventID=4776 ComputerName=WORKSTATION-003 AccountName=user006 AccountDomain=CONTOSO LogonType=5 IpAddress=195.229.165.222 IpPort=64657",
    "host": "workstation-003",
    "source": "WinEventLog:Security",
    "sourcetype": "WinEventLog:Security",
    "index": "windows",
    "EventCode": "4776",
    "ComputerName": "WORKSTATION-003",
    "AccountName": "user006",
    "AccountDomain": "CONTOSO",
    "LogonType": "5",
    "src_ip": "39.225.34.121"
  },
  {
    "_time": 1700001500,
    "_raw": "EventID=4776 ComputerName=WORKSTATION-010 AccountName=user009 AccountDomain=CONTOSO LogonType=4 IpAddress=80.236.231.10 IpPort=4752",
    "host": "workstation-010",
    "source": "WinEventLog:Security",
    "sourcetype": "WinEventLog:Security",
    "index": "windows",
    "EventCode": "4776",
    "ComputerName": "WORKSTATION-010",
    "AccountName": "user009",
    "AccountDomain": "CONTOSO",
    "LogonType": "4",
    "src_ip": "74.39.46.158"
  },
